CRITICAL - 2022-11-24 20:23:33 --> Undefined variable $city
in APPPATH\Views\Admin\profile.php on line 16.
 1 APPPATH\Views\Admin\profile.php(16): CodeIgniter\Debug\Exceptions->errorHandler(2, 'Undefined variable $city', 'APPPATH\\Views\\Admin\\profile.php', 16)
 2 SYSTEMPATH\View\View.php(213): include('APPPATH\\Views\\Admin\\profile.php')
 3 SYSTEMPATH\View\View.php(216): CodeIgniter\View\View->CodeIgniter\View\{closure}()
 4 SYSTEMPATH\Common.php(1134): CodeIgniter\View\View->render('Admin/profile.php', [], true)
 5 APPPATH\Controllers\Admin.php(24): view('Admin/profile.php', [...])
 6 SYSTEMPATH\CodeIgniter.php(927): App\Controllers\Admin->profile()
 7 SYSTEMPATH\CodeIgniter.php(482): CodeIgniter\CodeIgniter->runController(Object(App\Controllers\Admin))
 8 SYSTEMPATH\CodeIgniter.php(351): CodeIgniter\CodeIgniter->handleRequest(null, Object(Config\Cache), false)
 9 FCPATH\index.php(67): CodeIgniter\CodeIgniter->run()
10 SYSTEMPATH\Commands\Server\rewrite.php(46): require_once('FCPATH\\index.php')
CRITICAL - 2022-11-24 20:24:54 --> Undefined variable $city
in APPPATH\Views\Admin\profile.php on line 16.
 1 APPPATH\Views\Admin\profile.php(16): CodeIgniter\Debug\Exceptions->errorHandler(2, 'Undefined variable $city', 'APPPATH\\Views\\Admin\\profile.php', 16)
 2 SYSTEMPATH\View\View.php(213): include('APPPATH\\Views\\Admin\\profile.php')
 3 SYSTEMPATH\View\View.php(216): CodeIgniter\View\View->CodeIgniter\View\{closure}()
 4 SYSTEMPATH\Common.php(1134): CodeIgniter\View\View->render('Admin/profile.php', [], true)
 5 APPPATH\Controllers\Admin.php(24): view('Admin/profile.php', [...])
 6 SYSTEMPATH\CodeIgniter.php(927): App\Controllers\Admin->profile()
 7 SYSTEMPATH\CodeIgniter.php(482): CodeIgniter\CodeIgniter->runController(Object(App\Controllers\Admin))
 8 SYSTEMPATH\CodeIgniter.php(351): CodeIgniter\CodeIgniter->handleRequest(null, Object(Config\Cache), false)
 9 FCPATH\index.php(67): CodeIgniter\CodeIgniter->run()
10 SYSTEMPATH\Commands\Server\rewrite.php(46): require_once('FCPATH\\index.php')
CRITICAL - 2022-11-24 21:04:49 --> Undefined variable $i
in APPPATH\Views\Admin\profile.php on line 16.
 1 APPPATH\Views\Admin\profile.php(16): CodeIgniter\Debug\Exceptions->errorHandler(2, 'Undefined variable $i', 'APPPATH\\Views\\Admin\\profile.php', 16)
 2 SYSTEMPATH\View\View.php(213): include('APPPATH\\Views\\Admin\\profile.php')
 3 SYSTEMPATH\View\View.php(216): CodeIgniter\View\View->CodeIgniter\View\{closure}()
 4 SYSTEMPATH\Common.php(1134): CodeIgniter\View\View->render('Admin/profile.php', [], true)
 5 APPPATH\Controllers\Admin.php(31): view('Admin/profile.php', [...])
 6 SYSTEMPATH\CodeIgniter.php(927): App\Controllers\Admin->profile()
 7 SYSTEMPATH\CodeIgniter.php(482): CodeIgniter\CodeIgniter->runController(Object(App\Controllers\Admin))
 8 SYSTEMPATH\CodeIgniter.php(351): CodeIgniter\CodeIgniter->handleRequest(null, Object(Config\Cache), false)
 9 FCPATH\index.php(67): CodeIgniter\CodeIgniter->run()
10 SYSTEMPATH\Commands\Server\rewrite.php(46): require_once('FCPATH\\index.php')
CRITICAL - 2022-11-24 21:05:07 --> Undefined array key 0
in APPPATH\Views\Admin\profile.php on line 16.
 1 APPPATH\Views\Admin\profile.php(16): CodeIgniter\Debug\Exceptions->errorHandler(2, 'Undefined array key 0', 'APPPATH\\Views\\Admin\\profile.php', 16)
 2 SYSTEMPATH\View\View.php(213): include('APPPATH\\Views\\Admin\\profile.php')
 3 SYSTEMPATH\View\View.php(216): CodeIgniter\View\View->CodeIgniter\View\{closure}()
 4 SYSTEMPATH\Common.php(1134): CodeIgniter\View\View->render('Admin/profile.php', [], true)
 5 APPPATH\Controllers\Admin.php(31): view('Admin/profile.php', [...])
 6 SYSTEMPATH\CodeIgniter.php(927): App\Controllers\Admin->profile()
 7 SYSTEMPATH\CodeIgniter.php(482): CodeIgniter\CodeIgniter->runController(Object(App\Controllers\Admin))
 8 SYSTEMPATH\CodeIgniter.php(351): CodeIgniter\CodeIgniter->handleRequest(null, Object(Config\Cache), false)
 9 FCPATH\index.php(67): CodeIgniter\CodeIgniter->run()
10 SYSTEMPATH\Commands\Server\rewrite.php(46): require_once('FCPATH\\index.php')
