CRITICAL - 2023-03-30 12:32:03 --> Undefined array key "id_tag"
in APPPATH\Models\TagModel.php on line 34.
 1 APPPATH\Models\TagModel.php(34): CodeIgniter\Debug\Exceptions->errorHandler(2, 'Undefined array key "id_tag"', 'APPPATH\\Models\\TagModel.php', 34)
 2 APPPATH\Controllers\News.php(325): App\Models\TagModel->getTagName([...])
 3 SYSTEMPATH\CodeIgniter.php(927): App\Controllers\News->list_publishes_home()
 4 SYSTEMPATH\CodeIgniter.php(482): CodeIgniter\CodeIgniter->runController(Object(App\Controllers\News))
 5 SYSTEMPATH\CodeIgniter.php(351): CodeIgniter\CodeIgniter->handleRequest(null, Object(Config\Cache), false)
 6 FCPATH\index.php(67): CodeIgniter\CodeIgniter->run()
 7 SYSTEMPATH\Commands\Server\rewrite.php(46): require_once('FCPATH\\index.php')
CRITICAL - 2023-03-30 14:34:47 --> Array to string conversion
in APPPATH\Views\Articles\list_article.php on line 62.
 1 APPPATH\Views\Articles\list_article.php(62): CodeIgniter\Debug\Exceptions->errorHandler(2, 'Array to string conversion', 'APPPATH\\Views\\Articles\\list_article.php', 62)
 2 SYSTEMPATH\View\View.php(213): include('APPPATH\\Views\\Articles\\list_article.php')
 3 SYSTEMPATH\View\View.php(216): CodeIgniter\View\View->CodeIgniter\View\{closure}()
 4 SYSTEMPATH\Common.php(1134): CodeIgniter\View\View->render('Articles/list_article.php', [], true)
 5 APPPATH\Controllers\News.php(241): view('Articles/list_article.php', [...])
 6 SYSTEMPATH\CodeIgniter.php(927): App\Controllers\News->list_articles_home()
 7 SYSTEMPATH\CodeIgniter.php(482): CodeIgniter\CodeIgniter->runController(Object(App\Controllers\News))
 8 SYSTEMPATH\CodeIgniter.php(351): CodeIgniter\CodeIgniter->handleRequest(null, Object(Config\Cache), false)
 9 FCPATH\index.php(67): CodeIgniter\CodeIgniter->run()
10 SYSTEMPATH\Commands\Server\rewrite.php(46): require_once('FCPATH\\index.php')
CRITICAL - 2023-03-30 14:36:32 --> Array to string conversion
in APPPATH\Views\Articles\list_article.php on line 55.
 1 APPPATH\Views\Articles\list_article.php(55): CodeIgniter\Debug\Exceptions->errorHandler(2, 'Array to string conversion', 'APPPATH\\Views\\Articles\\list_article.php', 55)
 2 SYSTEMPATH\View\View.php(213): include('APPPATH\\Views\\Articles\\list_article.php')
 3 SYSTEMPATH\View\View.php(216): CodeIgniter\View\View->CodeIgniter\View\{closure}()
 4 SYSTEMPATH\Common.php(1134): CodeIgniter\View\View->render('Articles/list_article.php', [], true)
 5 APPPATH\Controllers\News.php(241): view('Articles/list_article.php', [...])
 6 SYSTEMPATH\CodeIgniter.php(927): App\Controllers\News->list_articles_home()
 7 SYSTEMPATH\CodeIgniter.php(482): CodeIgniter\CodeIgniter->runController(Object(App\Controllers\News))
 8 SYSTEMPATH\CodeIgniter.php(351): CodeIgniter\CodeIgniter->handleRequest(null, Object(Config\Cache), false)
 9 FCPATH\index.php(67): CodeIgniter\CodeIgniter->run()
10 SYSTEMPATH\Commands\Server\rewrite.php(46): require_once('FCPATH\\index.php')
CRITICAL - 2023-03-30 17:01:24 --> Call to undefined method App\Models\UserModel::MapFormer
in SYSTEMPATH\Model.php on line 774.
 1 APPPATH\Controllers\Former.php(24): CodeIgniter\Model->__call('MapFormer', [...])
 2 SYSTEMPATH\CodeIgniter.php(927): App\Controllers\Former->list_former_home()
 3 SYSTEMPATH\CodeIgniter.php(482): CodeIgniter\CodeIgniter->runController(Object(App\Controllers\Former))
 4 SYSTEMPATH\CodeIgniter.php(351): CodeIgniter\CodeIgniter->handleRequest(null, Object(Config\Cache), false)
 5 FCPATH\index.php(67): CodeIgniter\CodeIgniter->run()
 6 SYSTEMPATH\Commands\Server\rewrite.php(46): require_once('FCPATH\\index.php')
CRITICAL - 2023-03-30 17:01:41 --> Undefined array key "id_tag"
in APPPATH\Models\TagModel.php on line 34.
 1 APPPATH\Models\TagModel.php(34): CodeIgniter\Debug\Exceptions->errorHandler(2, 'Undefined array key "id_tag"', 'APPPATH\\Models\\TagModel.php', 34)
 2 APPPATH\Controllers\News.php(325): App\Models\TagModel->getTagName([...])
 3 SYSTEMPATH\CodeIgniter.php(927): App\Controllers\News->list_publishes_home()
 4 SYSTEMPATH\CodeIgniter.php(482): CodeIgniter\CodeIgniter->runController(Object(App\Controllers\News))
 5 SYSTEMPATH\CodeIgniter.php(351): CodeIgniter\CodeIgniter->handleRequest(null, Object(Config\Cache), false)
 6 FCPATH\index.php(67): CodeIgniter\CodeIgniter->run()
 7 SYSTEMPATH\Commands\Server\rewrite.php(46): require_once('FCPATH\\index.php')
