CRITICAL - 2023-03-01 09:17:51 --> Undefined variable $right_json
in APPPATH\Views\Admin\list_privileges.php on line 51.
 1 APPPATH\Views\Admin\list_privileges.php(51): CodeIgniter\Debug\Exceptions->errorHandler(2, 'Undefined variable $right_json', 'APPPATH\\Views\\Admin\\list_privileges.php', 51)
 2 SYSTEMPATH\View\View.php(213): include('APPPATH\\Views\\Admin\\list_privileges.php')
 3 SYSTEMPATH\View\View.php(216): CodeIgniter\View\View->CodeIgniter\View\{closure}()
 4 SYSTEMPATH\Common.php(1134): CodeIgniter\View\View->render('Admin/list_privileges.php', [], true)
 5 APPPATH\Controllers\DashBoard.php(186): view('Admin/list_privileges.php', [...])
 6 SYSTEMPATH\CodeIgniter.php(927): App\Controllers\DashBoard->privileges()
 7 SYSTEMPATH\CodeIgniter.php(482): CodeIgniter\CodeIgniter->runController(Object(App\Controllers\DashBoard))
 8 SYSTEMPATH\CodeIgniter.php(351): CodeIgniter\CodeIgniter->handleRequest(null, Object(Config\Cache), false)
 9 FCPATH\index.php(67): CodeIgniter\CodeIgniter->run()
10 SYSTEMPATH\Commands\Server\rewrite.php(46): require_once('FCPATH\\index.php')
ERROR - 2023-03-01 12:50:01 --> Error connecting to the database: mysqli_sql_exception: Aucune connexion n’a pu être établie car l’ordinateur cible l’a expressément refusée in C:\xampp\htdocs\MaFormation\system\Database\MySQLi\Connection.php:171
Stack trace:
#0 C:\xampp\htdocs\MaFormation\system\Database\MySQLi\Connection.php(171): mysqli->real_connect('localhost', 'root', '', 'formation', 3306, '', 0)
#1 C:\xampp\htdocs\MaFormation\system\Database\BaseConnection.php(382): CodeIgniter\Database\MySQLi\Connection->connect(false)
#2 C:\xampp\htdocs\MaFormation\system\Database\BaseConnection.php(561): CodeIgniter\Database\BaseConnection->initialize()
#3 C:\xampp\htdocs\MaFormation\system\Database\BaseBuilder.php(1585): CodeIgniter\Database\BaseConnection->query('SELECT *\nFROM `...', Array, false)
#4 C:\xampp\htdocs\MaFormation\app\Controllers\Home.php(27): CodeIgniter\Database\BaseBuilder->get()
#5 C:\xampp\htdocs\MaFormation\app\Controllers\Home.php(99): App\Controllers\Home->home()
#6 C:\xampp\htdocs\MaFormation\system\CodeIgniter.php(927): App\Controllers\Home->index()
#7 C:\xampp\htdocs\MaFormation\system\CodeIgniter.php(482): CodeIgniter\CodeIgniter->runController(Object(App\Controllers\Home))
#8 C:\xampp\htdocs\MaFormation\system\CodeIgniter.php(351): CodeIgniter\CodeIgniter->handleRequest(NULL, Object(Config\Cache), false)
#9 C:\xampp\htdocs\MaFormation\public\index.php(67): CodeIgniter\CodeIgniter->run()
#10 C:\xampp\htdocs\MaFormation\system\Commands\Server\rewrite.php(46): require_once('C:\\xampp\\htdocs...')
#11 {main}

Next CodeIgniter\Database\Exceptions\DatabaseException: Aucune connexion n’a pu être établie car l’ordinateur cible l’a expressément refusée in C:\xampp\htdocs\MaFormation\system\Database\MySQLi\Connection.php:215
Stack trace:
#0 C:\xampp\htdocs\MaFormation\system\Database\BaseConnection.php(382): CodeIgniter\Database\MySQLi\Connection->connect(false)
#1 C:\xampp\htdocs\MaFormation\system\Database\BaseConnection.php(561): CodeIgniter\Database\BaseConnection->initialize()
#2 C:\xampp\htdocs\MaFormation\system\Database\BaseBuilder.php(1585): CodeIgniter\Database\BaseConnection->query('SELECT *\nFROM `...', Array, false)
#3 C:\xampp\htdocs\MaFormation\app\Controllers\Home.php(27): CodeIgniter\Database\BaseBuilder->get()
#4 C:\xampp\htdocs\MaFormation\app\Controllers\Home.php(99): App\Controllers\Home->home()
#5 C:\xampp\htdocs\MaFormation\system\CodeIgniter.php(927): App\Controllers\Home->index()
#6 C:\xampp\htdocs\MaFormation\system\CodeIgniter.php(482): CodeIgniter\CodeIgniter->runController(Object(App\Controllers\Home))
#7 C:\xampp\htdocs\MaFormation\system\CodeIgniter.php(351): CodeIgniter\CodeIgniter->handleRequest(NULL, Object(Config\Cache), false)
#8 C:\xampp\htdocs\MaFormation\public\index.php(67): CodeIgniter\CodeIgniter->run()
#9 C:\xampp\htdocs\MaFormation\system\Commands\Server\rewrite.php(46): require_once('C:\\xampp\\htdocs...')
#10 {main}
