CRITICAL - 2023-01-20 09:40:09 --> Undefined array key "url_image"
in FCPATH\php\functions\util.php on line 37.
 1 FCPATH\php\functions\util.php(37): CodeIgniter\Debug\Exceptions->errorHandler(2, 'Undefined array key "url_image"', 'FCPATH\\php\\functions\\util.php', 37)
 2 APPPATH\Views\Home\index.php(24): listCarousel([...])
 3 SYSTEMPATH\View\View.php(213): include('APPPATH\\Views\\Home\\index.php')
 4 SYSTEMPATH\View\View.php(216): CodeIgniter\View\View->CodeIgniter\View\{closure}()
 5 SYSTEMPATH\Common.php(1134): CodeIgniter\View\View->render('Home/index.php', [], true)
 6 APPPATH\Controllers\Home.php(101): view('Home/index.php', [...])
 7 SYSTEMPATH\CodeIgniter.php(927): App\Controllers\Home->index()
 8 SYSTEMPATH\CodeIgniter.php(482): CodeIgniter\CodeIgniter->runController(Object(App\Controllers\Home))
 9 SYSTEMPATH\CodeIgniter.php(351): CodeIgniter\CodeIgniter->handleRequest(null, Object(Config\Cache), false)
10 FCPATH\index.php(67): CodeIgniter\CodeIgniter->run()
11 SYSTEMPATH\Commands\Server\rewrite.php(46): require_once('FCPATH\\index.php')
CRITICAL - 2023-01-20 10:06:24 --> Object of class App\Controllers\User could not be converted to string
in APPPATH\Controllers\User.php on line 798.
 1 SYSTEMPATH\CodeIgniter.php(927): App\Controllers\User->parameters()
 2 SYSTEMPATH\CodeIgniter.php(482): CodeIgniter\CodeIgniter->runController(Object(App\Controllers\User))
 3 SYSTEMPATH\CodeIgniter.php(351): CodeIgniter\CodeIgniter->handleRequest(null, Object(Config\Cache), false)
 4 FCPATH\index.php(67): CodeIgniter\CodeIgniter->run()
 5 SYSTEMPATH\Commands\Server\rewrite.php(46): require_once('FCPATH\\index.php')
ERROR - 2023-01-20 12:40:33 --> mysqli_sql_exception: Unknown column 'id_training' in 'where clause' in D:\MaFormation\system\Database\MySQLi\Connection.php:292
Stack trace:
#0 D:\MaFormation\system\Database\MySQLi\Connection.php(292): mysqli->query('SELECT *\nFROM `...', 0)
#1 D:\MaFormation\system\Database\BaseConnection.php(666): CodeIgniter\Database\MySQLi\Connection->execute('SELECT *\nFROM `...')
#2 D:\MaFormation\system\Database\BaseConnection.php(593): CodeIgniter\Database\BaseConnection->simpleQuery('SELECT *\nFROM `...')
#3 D:\MaFormation\system\Database\BaseBuilder.php(1585): CodeIgniter\Database\BaseConnection->query('SELECT *\nFROM `...', Array, false)
#4 D:\MaFormation\app\Models\PageModel.php(59): CodeIgniter\Database\BaseBuilder->get()
#5 D:\MaFormation\app\Controllers\Training.php(128): App\Models\PageModel->getPageById('20')
#6 D:\MaFormation\system\CodeIgniter.php(927): App\Controllers\Training->view()
#7 D:\MaFormation\system\CodeIgniter.php(482): CodeIgniter\CodeIgniter->runController(Object(App\Controllers\Training))
#8 D:\MaFormation\system\CodeIgniter.php(351): CodeIgniter\CodeIgniter->handleRequest(NULL, Object(Config\Cache), false)
#9 D:\MaFormation\public\index.php(67): CodeIgniter\CodeIgniter->run()
#10 D:\MaFormation\system\Commands\Server\rewrite.php(46): require_once('D:\\MaFormation\\...')
#11 {main}
CRITICAL - 2023-01-20 12:40:33 --> Unknown column 'id_training' in 'where clause'
in SYSTEMPATH\Database\MySQLi\Connection.php on line 292.
 1 SYSTEMPATH\Database\MySQLi\Connection.php(292): mysqli->query('SELECT *
FROM `page`
WHERE `id_training` = \'20\'', 0)
 2 SYSTEMPATH\Database\BaseConnection.php(666): CodeIgniter\Database\MySQLi\Connection->execute('SELECT *
FROM `page`
WHERE `id_training` = \'20\'')
 3 SYSTEMPATH\Database\BaseConnection.php(593): CodeIgniter\Database\BaseConnection->simpleQuery('SELECT *
FROM `page`
WHERE `id_training` = \'20\'')
 4 SYSTEMPATH\Database\BaseBuilder.php(1585): CodeIgniter\Database\BaseConnection->query('SELECT *
FROM `page`
WHERE `id_training` = :id_training:', [...], false)
 5 APPPATH\Models\PageModel.php(59): CodeIgniter\Database\BaseBuilder->get()
 6 APPPATH\Controllers\Training.php(128): App\Models\PageModel->getPageById('20')
 7 SYSTEMPATH\CodeIgniter.php(927): App\Controllers\Training->view()
 8 SYSTEMPATH\CodeIgniter.php(482): CodeIgniter\CodeIgniter->runController(Object(App\Controllers\Training))
 9 SYSTEMPATH\CodeIgniter.php(351): CodeIgniter\CodeIgniter->handleRequest(null, Object(Config\Cache), false)
10 FCPATH\index.php(67): CodeIgniter\CodeIgniter->run()
11 SYSTEMPATH\Commands\Server\rewrite.php(46): require_once('FCPATH\\index.php')
ERROR - 2023-01-20 12:43:20 --> mysqli_sql_exception: Unknown column 'id_training' in 'where clause' in D:\MaFormation\system\Database\MySQLi\Connection.php:292
Stack trace:
#0 D:\MaFormation\system\Database\MySQLi\Connection.php(292): mysqli->query('SELECT *\nFROM `...', 0)
#1 D:\MaFormation\system\Database\BaseConnection.php(666): CodeIgniter\Database\MySQLi\Connection->execute('SELECT *\nFROM `...')
#2 D:\MaFormation\system\Database\BaseConnection.php(593): CodeIgniter\Database\BaseConnection->simpleQuery('SELECT *\nFROM `...')
#3 D:\MaFormation\system\Database\BaseBuilder.php(1585): CodeIgniter\Database\BaseConnection->query('SELECT *\nFROM `...', Array, false)
#4 D:\MaFormation\app\Models\PageModel.php(59): CodeIgniter\Database\BaseBuilder->get()
#5 D:\MaFormation\app\Controllers\Training.php(128): App\Models\PageModel->getPageById('20')
#6 D:\MaFormation\system\CodeIgniter.php(927): App\Controllers\Training->view()
#7 D:\MaFormation\system\CodeIgniter.php(482): CodeIgniter\CodeIgniter->runController(Object(App\Controllers\Training))
#8 D:\MaFormation\system\CodeIgniter.php(351): CodeIgniter\CodeIgniter->handleRequest(NULL, Object(Config\Cache), false)
#9 D:\MaFormation\public\index.php(67): CodeIgniter\CodeIgniter->run()
#10 D:\MaFormation\system\Commands\Server\rewrite.php(46): require_once('D:\\MaFormation\\...')
#11 {main}
CRITICAL - 2023-01-20 12:43:20 --> Unknown column 'id_training' in 'where clause'
in SYSTEMPATH\Database\MySQLi\Connection.php on line 292.
 1 SYSTEMPATH\Database\MySQLi\Connection.php(292): mysqli->query('SELECT *
FROM `page`
WHERE `id_training` = \'20\'', 0)
 2 SYSTEMPATH\Database\BaseConnection.php(666): CodeIgniter\Database\MySQLi\Connection->execute('SELECT *
FROM `page`
WHERE `id_training` = \'20\'')
 3 SYSTEMPATH\Database\BaseConnection.php(593): CodeIgniter\Database\BaseConnection->simpleQuery('SELECT *
FROM `page`
WHERE `id_training` = \'20\'')
 4 SYSTEMPATH\Database\BaseBuilder.php(1585): CodeIgniter\Database\BaseConnection->query('SELECT *
FROM `page`
WHERE `id_training` = :id_training:', [...], false)
 5 APPPATH\Models\PageModel.php(59): CodeIgniter\Database\BaseBuilder->get()
 6 APPPATH\Controllers\Training.php(128): App\Models\PageModel->getPageById('20')
 7 SYSTEMPATH\CodeIgniter.php(927): App\Controllers\Training->view()
 8 SYSTEMPATH\CodeIgniter.php(482): CodeIgniter\CodeIgniter->runController(Object(App\Controllers\Training))
 9 SYSTEMPATH\CodeIgniter.php(351): CodeIgniter\CodeIgniter->handleRequest(null, Object(Config\Cache), false)
10 FCPATH\index.php(67): CodeIgniter\CodeIgniter->run()
11 SYSTEMPATH\Commands\Server\rewrite.php(46): require_once('FCPATH\\index.php')
ERROR - 2023-01-20 12:47:54 --> mysqli_sql_exception: Unknown column 'id_pageraining' in 'where clause' in D:\MaFormation\system\Database\MySQLi\Connection.php:292
Stack trace:
#0 D:\MaFormation\system\Database\MySQLi\Connection.php(292): mysqli->query('SELECT *\nFROM `...', 0)
#1 D:\MaFormation\system\Database\BaseConnection.php(666): CodeIgniter\Database\MySQLi\Connection->execute('SELECT *\nFROM `...')
#2 D:\MaFormation\system\Database\BaseConnection.php(593): CodeIgniter\Database\BaseConnection->simpleQuery('SELECT *\nFROM `...')
#3 D:\MaFormation\system\Database\BaseBuilder.php(1585): CodeIgniter\Database\BaseConnection->query('SELECT *\nFROM `...', Array, false)
#4 D:\MaFormation\app\Models\PageModel.php(59): CodeIgniter\Database\BaseBuilder->get()
#5 D:\MaFormation\app\Controllers\Training.php(128): App\Models\PageModel->getPageById('20')
#6 D:\MaFormation\system\CodeIgniter.php(927): App\Controllers\Training->view()
#7 D:\MaFormation\system\CodeIgniter.php(482): CodeIgniter\CodeIgniter->runController(Object(App\Controllers\Training))
#8 D:\MaFormation\system\CodeIgniter.php(351): CodeIgniter\CodeIgniter->handleRequest(NULL, Object(Config\Cache), false)
#9 D:\MaFormation\public\index.php(67): CodeIgniter\CodeIgniter->run()
#10 D:\MaFormation\system\Commands\Server\rewrite.php(46): require_once('D:\\MaFormation\\...')
#11 {main}
CRITICAL - 2023-01-20 12:47:54 --> Unknown column 'id_pageraining' in 'where clause'
in SYSTEMPATH\Database\MySQLi\Connection.php on line 292.
 1 SYSTEMPATH\Database\MySQLi\Connection.php(292): mysqli->query('SELECT *
FROM `page`
WHERE `id_pageraining` = \'20\'', 0)
 2 SYSTEMPATH\Database\BaseConnection.php(666): CodeIgniter\Database\MySQLi\Connection->execute('SELECT *
FROM `page`
WHERE `id_pageraining` = \'20\'')
 3 SYSTEMPATH\Database\BaseConnection.php(593): CodeIgniter\Database\BaseConnection->simpleQuery('SELECT *
FROM `page`
WHERE `id_pageraining` = \'20\'')
 4 SYSTEMPATH\Database\BaseBuilder.php(1585): CodeIgniter\Database\BaseConnection->query('SELECT *
FROM `page`
WHERE `id_pageraining` = :id_pageraining:', [...], false)
 5 APPPATH\Models\PageModel.php(59): CodeIgniter\Database\BaseBuilder->get()
 6 APPPATH\Controllers\Training.php(128): App\Models\PageModel->getPageById('20')
 7 SYSTEMPATH\CodeIgniter.php(927): App\Controllers\Training->view()
 8 SYSTEMPATH\CodeIgniter.php(482): CodeIgniter\CodeIgniter->runController(Object(App\Controllers\Training))
 9 SYSTEMPATH\CodeIgniter.php(351): CodeIgniter\CodeIgniter->handleRequest(null, Object(Config\Cache), false)
10 FCPATH\index.php(67): CodeIgniter\CodeIgniter->run()
11 SYSTEMPATH\Commands\Server\rewrite.php(46): require_once('FCPATH\\index.php')
