ERROR - 2022-11-26 14:37:21 --> mysqli_sql_exception: Unknown column 'id' in 'where clause' in D:\MaFormation\system\Database\MySQLi\Connection.php:292
Stack trace:
#0 D:\MaFormation\system\Database\MySQLi\Connection.php(292): mysqli->query('SELECT *\nFROM `...', 0)
#1 D:\MaFormation\system\Database\BaseConnection.php(666): CodeIgniter\Database\MySQLi\Connection->execute('SELECT *\nFROM `...')
#2 D:\MaFormation\system\Database\BaseConnection.php(593): CodeIgniter\Database\BaseConnection->simpleQuery('SELECT *\nFROM `...')
#3 D:\MaFormation\system\Database\BaseBuilder.php(1585): CodeIgniter\Database\BaseConnection->query('SELECT *\nFROM `...', Array, false)
#4 D:\MaFormation\system\Model.php(250): CodeIgniter\Database\BaseBuilder->get()
#5 D:\MaFormation\system\BaseModel.php(623): CodeIgniter\Model->doFirst()
#6 D:\MaFormation\app\Controllers\Admin.php(24): CodeIgniter\BaseModel->first()
#7 D:\MaFormation\system\CodeIgniter.php(927): App\Controllers\Admin->profile()
#8 D:\MaFormation\system\CodeIgniter.php(482): CodeIgniter\CodeIgniter->runController(Object(App\Controllers\Admin))
#9 D:\MaFormation\system\CodeIgniter.php(351): CodeIgniter\CodeIgniter->handleRequest(NULL, Object(Config\Cache), false)
#10 D:\MaFormation\public\index.php(67): CodeIgniter\CodeIgniter->run()
#11 D:\MaFormation\system\Commands\Server\rewrite.php(46): require_once('D:\\MaFormation\\...')
#12 {main}
CRITICAL - 2022-11-26 14:37:21 --> Unknown column 'id' in 'where clause'
in SYSTEMPATH\Database\MySQLi\Connection.php on line 292.
 1 SYSTEMPATH\Database\MySQLi\Connection.php(292): mysqli->query('SELECT *
FROM `user`
WHERE `id` = 2
 LIMIT 1', 0)
 2 SYSTEMPATH\Database\BaseConnection.php(666): CodeIgniter\Database\MySQLi\Connection->execute('SELECT *
FROM `user`
WHERE `id` = 2
 LIMIT 1')
 3 SYSTEMPATH\Database\BaseConnection.php(593): CodeIgniter\Database\BaseConnection->simpleQuery('SELECT *
FROM `user`
WHERE `id` = 2
 LIMIT 1')
 4 SYSTEMPATH\Database\BaseBuilder.php(1585): CodeIgniter\Database\BaseConnection->query('SELECT *
FROM `user`
WHERE `id` = :id:
 LIMIT 1', [...], false)
 5 SYSTEMPATH\Model.php(250): CodeIgniter\Database\BaseBuilder->get()
 6 SYSTEMPATH\BaseModel.php(623): CodeIgniter\Model->doFirst()
 7 APPPATH\Controllers\Admin.php(24): CodeIgniter\BaseModel->first()
 8 SYSTEMPATH\CodeIgniter.php(927): App\Controllers\Admin->profile()
 9 SYSTEMPATH\CodeIgniter.php(482): CodeIgniter\CodeIgniter->runController(Object(App\Controllers\Admin))
10 SYSTEMPATH\CodeIgniter.php(351): CodeIgniter\CodeIgniter->handleRequest(null, Object(Config\Cache), false)
11 FCPATH\index.php(67): CodeIgniter\CodeIgniter->run()
12 SYSTEMPATH\Commands\Server\rewrite.php(46): require_once('FCPATH\\index.php')
ERROR - 2022-11-26 14:37:25 --> mysqli_sql_exception: Unknown column 'id' in 'where clause' in D:\MaFormation\system\Database\MySQLi\Connection.php:292
Stack trace:
#0 D:\MaFormation\system\Database\MySQLi\Connection.php(292): mysqli->query('SELECT *\nFROM `...', 0)
#1 D:\MaFormation\system\Database\BaseConnection.php(666): CodeIgniter\Database\MySQLi\Connection->execute('SELECT *\nFROM `...')
#2 D:\MaFormation\system\Database\BaseConnection.php(593): CodeIgniter\Database\BaseConnection->simpleQuery('SELECT *\nFROM `...')
#3 D:\MaFormation\system\Database\BaseBuilder.php(1585): CodeIgniter\Database\BaseConnection->query('SELECT *\nFROM `...', Array, false)
#4 D:\MaFormation\system\Model.php(250): CodeIgniter\Database\BaseBuilder->get()
#5 D:\MaFormation\system\BaseModel.php(623): CodeIgniter\Model->doFirst()
#6 D:\MaFormation\app\Controllers\Admin.php(24): CodeIgniter\BaseModel->first()
#7 D:\MaFormation\system\CodeIgniter.php(927): App\Controllers\Admin->profile()
#8 D:\MaFormation\system\CodeIgniter.php(482): CodeIgniter\CodeIgniter->runController(Object(App\Controllers\Admin))
#9 D:\MaFormation\system\CodeIgniter.php(351): CodeIgniter\CodeIgniter->handleRequest(NULL, Object(Config\Cache), false)
#10 D:\MaFormation\public\index.php(67): CodeIgniter\CodeIgniter->run()
#11 D:\MaFormation\system\Commands\Server\rewrite.php(46): require_once('D:\\MaFormation\\...')
#12 {main}
CRITICAL - 2022-11-26 14:37:25 --> Unknown column 'id' in 'where clause'
in SYSTEMPATH\Database\MySQLi\Connection.php on line 292.
 1 SYSTEMPATH\Database\MySQLi\Connection.php(292): mysqli->query('SELECT *
FROM `user`
WHERE `id` = 2
 LIMIT 1', 0)
 2 SYSTEMPATH\Database\BaseConnection.php(666): CodeIgniter\Database\MySQLi\Connection->execute('SELECT *
FROM `user`
WHERE `id` = 2
 LIMIT 1')
 3 SYSTEMPATH\Database\BaseConnection.php(593): CodeIgniter\Database\BaseConnection->simpleQuery('SELECT *
FROM `user`
WHERE `id` = 2
 LIMIT 1')
 4 SYSTEMPATH\Database\BaseBuilder.php(1585): CodeIgniter\Database\BaseConnection->query('SELECT *
FROM `user`
WHERE `id` = :id:
 LIMIT 1', [...], false)
 5 SYSTEMPATH\Model.php(250): CodeIgniter\Database\BaseBuilder->get()
 6 SYSTEMPATH\BaseModel.php(623): CodeIgniter\Model->doFirst()
 7 APPPATH\Controllers\Admin.php(24): CodeIgniter\BaseModel->first()
 8 SYSTEMPATH\CodeIgniter.php(927): App\Controllers\Admin->profile()
 9 SYSTEMPATH\CodeIgniter.php(482): CodeIgniter\CodeIgniter->runController(Object(App\Controllers\Admin))
10 SYSTEMPATH\CodeIgniter.php(351): CodeIgniter\CodeIgniter->handleRequest(null, Object(Config\Cache), false)
11 FCPATH\index.php(67): CodeIgniter\CodeIgniter->run()
12 SYSTEMPATH\Commands\Server\rewrite.php(46): require_once('FCPATH\\index.php')
CRITICAL - 2022-11-26 14:37:49 --> Attempt to read property "name" on array
in APPPATH\Controllers\Admin.php on line 40.
 1 APPPATH\Controllers\Admin.php(40): CodeIgniter\Debug\Exceptions->errorHandler(2, 'Attempt to read property "name" on array', 'APPPATH\\Controllers\\Admin.php', 40)
 2 SYSTEMPATH\CodeIgniter.php(927): App\Controllers\Admin->profile()
 3 SYSTEMPATH\CodeIgniter.php(482): CodeIgniter\CodeIgniter->runController(Object(App\Controllers\Admin))
 4 SYSTEMPATH\CodeIgniter.php(351): CodeIgniter\CodeIgniter->handleRequest(null, Object(Config\Cache), false)
 5 FCPATH\index.php(67): CodeIgniter\CodeIgniter->run()
 6 SYSTEMPATH\Commands\Server\rewrite.php(46): require_once('FCPATH\\index.php')
CRITICAL - 2022-11-26 15:05:52 --> Class "App\Models\CertificateModel" not found
in APPPATH\Controllers\Admin.php on line 27.
 1 SYSTEMPATH\CodeIgniter.php(927): App\Controllers\Admin->profile()
 2 SYSTEMPATH\CodeIgniter.php(482): CodeIgniter\CodeIgniter->runController(Object(App\Controllers\Admin))
 3 SYSTEMPATH\CodeIgniter.php(351): CodeIgniter\CodeIgniter->handleRequest(null, Object(Config\Cache), false)
 4 FCPATH\index.php(67): CodeIgniter\CodeIgniter->run()
 5 SYSTEMPATH\Commands\Server\rewrite.php(46): require_once('FCPATH\\index.php')
CRITICAL - 2022-11-26 15:06:43 --> Cannot use object of type App\Models\CertificateModel as array
in APPPATH\Controllers\Admin.php on line 31.
 1 SYSTEMPATH\CodeIgniter.php(927): App\Controllers\Admin->profile()
 2 SYSTEMPATH\CodeIgniter.php(482): CodeIgniter\CodeIgniter->runController(Object(App\Controllers\Admin))
 3 SYSTEMPATH\CodeIgniter.php(351): CodeIgniter\CodeIgniter->handleRequest(null, Object(Config\Cache), false)
 4 FCPATH\index.php(67): CodeIgniter\CodeIgniter->run()
 5 SYSTEMPATH\Commands\Server\rewrite.php(46): require_once('FCPATH\\index.php')
CRITICAL - 2022-11-26 15:12:34 --> Cannot use object of type App\Models\CertificateModel as array
in APPPATH\Controllers\Admin.php on line 31.
 1 SYSTEMPATH\CodeIgniter.php(927): App\Controllers\Admin->profile()
 2 SYSTEMPATH\CodeIgniter.php(482): CodeIgniter\CodeIgniter->runController(Object(App\Controllers\Admin))
 3 SYSTEMPATH\CodeIgniter.php(351): CodeIgniter\CodeIgniter->handleRequest(null, Object(Config\Cache), false)
 4 FCPATH\index.php(67): CodeIgniter\CodeIgniter->run()
 5 SYSTEMPATH\Commands\Server\rewrite.php(46): require_once('FCPATH\\index.php')
CRITICAL - 2022-11-26 15:13:00 --> Undefined array key "country"
in APPPATH\Controllers\Admin.php on line 50.
 1 APPPATH\Controllers\Admin.php(50): CodeIgniter\Debug\Exceptions->errorHandler(2, 'Undefined array key "country"', 'APPPATH\\Controllers\\Admin.php', 50)
 2 SYSTEMPATH\CodeIgniter.php(927): App\Controllers\Admin->profile()
 3 SYSTEMPATH\CodeIgniter.php(482): CodeIgniter\CodeIgniter->runController(Object(App\Controllers\Admin))
 4 SYSTEMPATH\CodeIgniter.php(351): CodeIgniter\CodeIgniter->handleRequest(null, Object(Config\Cache), false)
 5 FCPATH\index.php(67): CodeIgniter\CodeIgniter->run()
 6 SYSTEMPATH\Commands\Server\rewrite.php(46): require_once('FCPATH\\index.php')
CRITICAL - 2022-11-26 15:17:22 --> Trying to access array offset on value of type null
in APPPATH\Views\Admin\profile.php on line 29.
 1 APPPATH\Views\Admin\profile.php(29): CodeIgniter\Debug\Exceptions->errorHandler(2, 'Trying to access array offset on value of type null', 'APPPATH\\Views\\Admin\\profile.php', 29)
 2 SYSTEMPATH\View\View.php(213): include('APPPATH\\Views\\Admin\\profile.php')
 3 SYSTEMPATH\View\View.php(216): CodeIgniter\View\View->CodeIgniter\View\{closure}()
 4 SYSTEMPATH\Common.php(1134): CodeIgniter\View\View->render('Admin/profile.php', [], true)
 5 APPPATH\Controllers\Admin.php(58): view('Admin/profile.php', [...])
 6 SYSTEMPATH\CodeIgniter.php(927): App\Controllers\Admin->profile()
 7 SYSTEMPATH\CodeIgniter.php(482): CodeIgniter\CodeIgniter->runController(Object(App\Controllers\Admin))
 8 SYSTEMPATH\CodeIgniter.php(351): CodeIgniter\CodeIgniter->handleRequest(null, Object(Config\Cache), false)
 9 FCPATH\index.php(67): CodeIgniter\CodeIgniter->run()
10 SYSTEMPATH\Commands\Server\rewrite.php(46): require_once('FCPATH\\index.php')
CRITICAL - 2022-11-26 15:19:34 --> Object of class App\Models\UserHasCertificateModel could not be converted to int
in APPPATH\Controllers\Admin.php on line 29.
 1 APPPATH\Controllers\Admin.php(29): CodeIgniter\Debug\Exceptions->errorHandler(8, 'Object of class App\\Models\\UserHasCertificateModel could not be converted to int', 'APPPATH\\Controllers\\Admin.php', 29)
 2 SYSTEMPATH\CodeIgniter.php(927): App\Controllers\Admin->profile()
 3 SYSTEMPATH\CodeIgniter.php(482): CodeIgniter\CodeIgniter->runController(Object(App\Controllers\Admin))
 4 SYSTEMPATH\CodeIgniter.php(351): CodeIgniter\CodeIgniter->handleRequest(null, Object(Config\Cache), false)
 5 FCPATH\index.php(67): CodeIgniter\CodeIgniter->run()
 6 SYSTEMPATH\Commands\Server\rewrite.php(46): require_once('FCPATH\\index.php')
CRITICAL - 2022-11-26 15:20:56 --> Object of class App\Models\UserHasCertificateModel could not be converted to int
in APPPATH\Controllers\Admin.php on line 29.
 1 [internal function]: CodeIgniter\Debug\Exceptions->errorHandler(2, 'Object of class App\\Models\\UserHasCertificateModel could not be converted to int', 'APPPATH\\Controllers\\Admin.php', 29)
 2 APPPATH\Controllers\Admin.php(29): intval(Object(App\Models\UserHasCertificateModel))
 3 SYSTEMPATH\CodeIgniter.php(927): App\Controllers\Admin->profile()
 4 SYSTEMPATH\CodeIgniter.php(482): CodeIgniter\CodeIgniter->runController(Object(App\Controllers\Admin))
 5 SYSTEMPATH\CodeIgniter.php(351): CodeIgniter\CodeIgniter->handleRequest(null, Object(Config\Cache), false)
 6 FCPATH\index.php(67): CodeIgniter\CodeIgniter->run()
 7 SYSTEMPATH\Commands\Server\rewrite.php(46): require_once('FCPATH\\index.php')
CRITICAL - 2022-11-26 15:39:48 --> Object of class App\Models\UserHasCertificateModel could not be converted to string
in APPPATH\Controllers\Admin.php on line 27.
 1 SYSTEMPATH\CodeIgniter.php(927): App\Controllers\Admin->profile()
 2 SYSTEMPATH\CodeIgniter.php(482): CodeIgniter\CodeIgniter->runController(Object(App\Controllers\Admin))
 3 SYSTEMPATH\CodeIgniter.php(351): CodeIgniter\CodeIgniter->handleRequest(null, Object(Config\Cache), false)
 4 FCPATH\index.php(67): CodeIgniter\CodeIgniter->run()
 5 SYSTEMPATH\Commands\Server\rewrite.php(46): require_once('FCPATH\\index.php')
CRITICAL - 2022-11-26 15:42:34 --> Object of class App\Models\UserHasCertificateModel could not be converted to string
in APPPATH\Controllers\Admin.php on line 27.
 1 SYSTEMPATH\CodeIgniter.php(927): App\Controllers\Admin->profile()
 2 SYSTEMPATH\CodeIgniter.php(482): CodeIgniter\CodeIgniter->runController(Object(App\Controllers\Admin))
 3 SYSTEMPATH\CodeIgniter.php(351): CodeIgniter\CodeIgniter->handleRequest(null, Object(Config\Cache), false)
 4 FCPATH\index.php(67): CodeIgniter\CodeIgniter->run()
 5 SYSTEMPATH\Commands\Server\rewrite.php(46): require_once('FCPATH\\index.php')
CRITICAL - 2022-11-26 15:55:22 --> Undefined variable $firstname
in APPPATH\Views\Admin\profile.php on line 39.
 1 APPPATH\Views\Admin\profile.php(39): CodeIgniter\Debug\Exceptions->errorHandler(2, 'Undefined variable $firstname', 'APPPATH\\Views\\Admin\\profile.php', 39)
 2 SYSTEMPATH\View\View.php(213): include('APPPATH\\Views\\Admin\\profile.php')
 3 SYSTEMPATH\View\View.php(216): CodeIgniter\View\View->CodeIgniter\View\{closure}()
 4 SYSTEMPATH\Common.php(1134): CodeIgniter\View\View->render('Admin/profile.php', [], true)
 5 APPPATH\Controllers\Admin.php(66): view('Admin/profile.php', [...])
 6 SYSTEMPATH\CodeIgniter.php(927): App\Controllers\Admin->profile()
 7 SYSTEMPATH\CodeIgniter.php(482): CodeIgniter\CodeIgniter->runController(Object(App\Controllers\Admin))
 8 SYSTEMPATH\CodeIgniter.php(351): CodeIgniter\CodeIgniter->handleRequest(null, Object(Config\Cache), false)
 9 FCPATH\index.php(67): CodeIgniter\CodeIgniter->run()
10 SYSTEMPATH\Commands\Server\rewrite.php(46): require_once('FCPATH\\index.php')
CRITICAL - 2022-11-26 15:56:20 --> Attempt to read property "firstname" on array
in APPPATH\Views\Admin\profile.php on line 39.
 1 APPPATH\Views\Admin\profile.php(39): CodeIgniter\Debug\Exceptions->errorHandler(2, 'Attempt to read property "firstname" on array', 'APPPATH\\Views\\Admin\\profile.php', 39)
 2 SYSTEMPATH\View\View.php(213): include('APPPATH\\Views\\Admin\\profile.php')
 3 SYSTEMPATH\View\View.php(216): CodeIgniter\View\View->CodeIgniter\View\{closure}()
 4 SYSTEMPATH\Common.php(1134): CodeIgniter\View\View->render('Admin/profile.php', [], true)
 5 APPPATH\Controllers\Admin.php(66): view('Admin/profile.php', [...])
 6 SYSTEMPATH\CodeIgniter.php(927): App\Controllers\Admin->profile()
 7 SYSTEMPATH\CodeIgniter.php(482): CodeIgniter\CodeIgniter->runController(Object(App\Controllers\Admin))
 8 SYSTEMPATH\CodeIgniter.php(351): CodeIgniter\CodeIgniter->handleRequest(null, Object(Config\Cache), false)
 9 FCPATH\index.php(67): CodeIgniter\CodeIgniter->run()
10 SYSTEMPATH\Commands\Server\rewrite.php(46): require_once('FCPATH\\index.php')
CRITICAL - 2022-11-26 15:56:56 --> Attempt to read property "name" on array
in APPPATH\Views\Admin\profile.php on line 39.
 1 APPPATH\Views\Admin\profile.php(39): CodeIgniter\Debug\Exceptions->errorHandler(2, 'Attempt to read property "name" on array', 'APPPATH\\Views\\Admin\\profile.php', 39)
 2 SYSTEMPATH\View\View.php(213): include('APPPATH\\Views\\Admin\\profile.php')
 3 SYSTEMPATH\View\View.php(216): CodeIgniter\View\View->CodeIgniter\View\{closure}()
 4 SYSTEMPATH\Common.php(1134): CodeIgniter\View\View->render('Admin/profile.php', [], true)
 5 APPPATH\Controllers\Admin.php(66): view('Admin/profile.php', [...])
 6 SYSTEMPATH\CodeIgniter.php(927): App\Controllers\Admin->profile()
 7 SYSTEMPATH\CodeIgniter.php(482): CodeIgniter\CodeIgniter->runController(Object(App\Controllers\Admin))
 8 SYSTEMPATH\CodeIgniter.php(351): CodeIgniter\CodeIgniter->handleRequest(null, Object(Config\Cache), false)
 9 FCPATH\index.php(67): CodeIgniter\CodeIgniter->run()
10 SYSTEMPATH\Commands\Server\rewrite.php(46): require_once('FCPATH\\index.php')
CRITICAL - 2022-11-26 15:57:46 --> Attempt to read property "current_job" on array
in APPPATH\Views\Admin\profile.php on line 44.
 1 APPPATH\Views\Admin\profile.php(44): CodeIgniter\Debug\Exceptions->errorHandler(2, 'Attempt to read property "current_job" on array', 'APPPATH\\Views\\Admin\\profile.php', 44)
 2 SYSTEMPATH\View\View.php(213): include('APPPATH\\Views\\Admin\\profile.php')
 3 SYSTEMPATH\View\View.php(216): CodeIgniter\View\View->CodeIgniter\View\{closure}()
 4 SYSTEMPATH\Common.php(1134): CodeIgniter\View\View->render('Admin/profile.php', [], true)
 5 APPPATH\Controllers\Admin.php(66): view('Admin/profile.php', [...])
 6 SYSTEMPATH\CodeIgniter.php(927): App\Controllers\Admin->profile()
 7 SYSTEMPATH\CodeIgniter.php(482): CodeIgniter\CodeIgniter->runController(Object(App\Controllers\Admin))
 8 SYSTEMPATH\CodeIgniter.php(351): CodeIgniter\CodeIgniter->handleRequest(null, Object(Config\Cache), false)
 9 FCPATH\index.php(67): CodeIgniter\CodeIgniter->run()
10 SYSTEMPATH\Commands\Server\rewrite.php(46): require_once('FCPATH\\index.php')
ERROR - 2022-11-26 16:19:56 --> mysqli_sql_exception: Table 'formation.users' doesn't exist in D:\MaFormation\system\Database\MySQLi\Connection.php:292
Stack trace:
#0 D:\MaFormation\system\Database\MySQLi\Connection.php(292): mysqli->query('SELECT *\nFROM `...', 0)
#1 D:\MaFormation\system\Database\BaseConnection.php(666): CodeIgniter\Database\MySQLi\Connection->execute('SELECT *\nFROM `...')
#2 D:\MaFormation\system\Database\BaseConnection.php(593): CodeIgniter\Database\BaseConnection->simpleQuery('SELECT *\nFROM `...')
#3 D:\MaFormation\system\Database\BaseBuilder.php(1585): CodeIgniter\Database\BaseConnection->query('SELECT *\nFROM `...', Array, false)
#4 D:\MaFormation\app\Controllers\Admin.php(26): CodeIgniter\Database\BaseBuilder->get()
#5 D:\MaFormation\system\CodeIgniter.php(927): App\Controllers\Admin->profile()
#6 D:\MaFormation\system\CodeIgniter.php(482): CodeIgniter\CodeIgniter->runController(Object(App\Controllers\Admin))
#7 D:\MaFormation\system\CodeIgniter.php(351): CodeIgniter\CodeIgniter->handleRequest(NULL, Object(Config\Cache), false)
#8 D:\MaFormation\public\index.php(67): CodeIgniter\CodeIgniter->run()
#9 D:\MaFormation\system\Commands\Server\rewrite.php(46): require_once('D:\\MaFormation\\...')
#10 {main}
CRITICAL - 2022-11-26 16:19:56 --> Table 'formation.users' doesn't exist
in SYSTEMPATH\Database\MySQLi\Connection.php on line 292.
 1 SYSTEMPATH\Database\MySQLi\Connection.php(292): mysqli->query('SELECT *
FROM `users`
WHERE `id_user` = 2', 0)
 2 SYSTEMPATH\Database\BaseConnection.php(666): CodeIgniter\Database\MySQLi\Connection->execute('SELECT *
FROM `users`
WHERE `id_user` = 2')
 3 SYSTEMPATH\Database\BaseConnection.php(593): CodeIgniter\Database\BaseConnection->simpleQuery('SELECT *
FROM `users`
WHERE `id_user` = 2')
 4 SYSTEMPATH\Database\BaseBuilder.php(1585): CodeIgniter\Database\BaseConnection->query('SELECT *
FROM `users`
WHERE `id_user` = :id_user:', [...], false)
 5 APPPATH\Controllers\Admin.php(26): CodeIgniter\Database\BaseBuilder->get()
 6 SYSTEMPATH\CodeIgniter.php(927): App\Controllers\Admin->profile()
 7 SYSTEMPATH\CodeIgniter.php(482): CodeIgniter\CodeIgniter->runController(Object(App\Controllers\Admin))
 8 SYSTEMPATH\CodeIgniter.php(351): CodeIgniter\CodeIgniter->handleRequest(null, Object(Config\Cache), false)
 9 FCPATH\index.php(67): CodeIgniter\CodeIgniter->run()
10 SYSTEMPATH\Commands\Server\rewrite.php(46): require_once('FCPATH\\index.php')
CRITICAL - 2022-11-26 16:20:31 --> Cannot use object of type CodeIgniter\Database\MySQLi\Result as array
in APPPATH\Controllers\Admin.php on line 70.
 1 SYSTEMPATH\CodeIgniter.php(927): App\Controllers\Admin->profile()
 2 SYSTEMPATH\CodeIgniter.php(482): CodeIgniter\CodeIgniter->runController(Object(App\Controllers\Admin))
 3 SYSTEMPATH\CodeIgniter.php(351): CodeIgniter\CodeIgniter->handleRequest(null, Object(Config\Cache), false)
 4 FCPATH\index.php(67): CodeIgniter\CodeIgniter->run()
 5 SYSTEMPATH\Commands\Server\rewrite.php(46): require_once('FCPATH\\index.php')
CRITICAL - 2022-11-26 16:21:03 --> Cannot use object of type CodeIgniter\Database\MySQLi\Result as array
in APPPATH\Views\Admin\profile.php on line 39.
 1 SYSTEMPATH\View\View.php(213): include()
 2 SYSTEMPATH\View\View.php(216): CodeIgniter\View\View->CodeIgniter\View\{closure}()
 3 SYSTEMPATH\Common.php(1134): CodeIgniter\View\View->render('Admin/profile.php', [], true)
 4 APPPATH\Controllers\Admin.php(74): view('Admin/profile.php', [...])
 5 SYSTEMPATH\CodeIgniter.php(927): App\Controllers\Admin->profile()
 6 SYSTEMPATH\CodeIgniter.php(482): CodeIgniter\CodeIgniter->runController(Object(App\Controllers\Admin))
 7 SYSTEMPATH\CodeIgniter.php(351): CodeIgniter\CodeIgniter->handleRequest(null, Object(Config\Cache), false)
 8 FCPATH\index.php(67): CodeIgniter\CodeIgniter->run()
 9 SYSTEMPATH\Commands\Server\rewrite.php(46): require_once('FCPATH\\index.php')
CRITICAL - 2022-11-26 16:28:34 --> Undefined property: CodeIgniter\Database\MySQLi\Result::$firstname
in APPPATH\Views\Admin\profile.php on line 39.
 1 APPPATH\Views\Admin\profile.php(39): CodeIgniter\Debug\Exceptions->errorHandler(2, 'Undefined property: CodeIgniter\\Database\\MySQLi\\Result::$firstname', 'APPPATH\\Views\\Admin\\profile.php', 39)
 2 SYSTEMPATH\View\View.php(213): include('APPPATH\\Views\\Admin\\profile.php')
 3 SYSTEMPATH\View\View.php(216): CodeIgniter\View\View->CodeIgniter\View\{closure}()
 4 SYSTEMPATH\Common.php(1134): CodeIgniter\View\View->render('Admin/profile.php', [], true)
 5 APPPATH\Controllers\Admin.php(73): view('Admin/profile.php', [...])
 6 SYSTEMPATH\CodeIgniter.php(927): App\Controllers\Admin->profile()
 7 SYSTEMPATH\CodeIgniter.php(482): CodeIgniter\CodeIgniter->runController(Object(App\Controllers\Admin))
 8 SYSTEMPATH\CodeIgniter.php(351): CodeIgniter\CodeIgniter->handleRequest(null, Object(Config\Cache), false)
 9 FCPATH\index.php(67): CodeIgniter\CodeIgniter->run()
10 SYSTEMPATH\Commands\Server\rewrite.php(46): require_once('FCPATH\\index.php')
CRITICAL - 2022-11-26 16:30:44 --> Undefined property: CodeIgniter\Database\MySQLi\Result::$name
in APPPATH\Controllers\Admin.php on line 29.
 1 APPPATH\Controllers\Admin.php(29): CodeIgniter\Debug\Exceptions->errorHandler(2, 'Undefined property: CodeIgniter\\Database\\MySQLi\\Result::$name', 'APPPATH\\Controllers\\Admin.php', 29)
 2 SYSTEMPATH\CodeIgniter.php(927): App\Controllers\Admin->profile()
 3 SYSTEMPATH\CodeIgniter.php(482): CodeIgniter\CodeIgniter->runController(Object(App\Controllers\Admin))
 4 SYSTEMPATH\CodeIgniter.php(351): CodeIgniter\CodeIgniter->handleRequest(null, Object(Config\Cache), false)
 5 FCPATH\index.php(67): CodeIgniter\CodeIgniter->run()
 6 SYSTEMPATH\Commands\Server\rewrite.php(46): require_once('FCPATH\\index.php')
CRITICAL - 2022-11-26 16:34:17 --> Attempt to read property "name" on array
in APPPATH\Controllers\Admin.php on line 29.
 1 APPPATH\Controllers\Admin.php(29): CodeIgniter\Debug\Exceptions->errorHandler(2, 'Attempt to read property "name" on array', 'APPPATH\\Controllers\\Admin.php', 29)
 2 SYSTEMPATH\CodeIgniter.php(927): App\Controllers\Admin->profile()
 3 SYSTEMPATH\CodeIgniter.php(482): CodeIgniter\CodeIgniter->runController(Object(App\Controllers\Admin))
 4 SYSTEMPATH\CodeIgniter.php(351): CodeIgniter\CodeIgniter->handleRequest(null, Object(Config\Cache), false)
 5 FCPATH\index.php(67): CodeIgniter\CodeIgniter->run()
 6 SYSTEMPATH\Commands\Server\rewrite.php(46): require_once('FCPATH\\index.php')
CRITICAL - 2022-11-26 16:35:00 --> Undefined array key "name"
in APPPATH\Controllers\Admin.php on line 29.
 1 APPPATH\Controllers\Admin.php(29): CodeIgniter\Debug\Exceptions->errorHandler(2, 'Undefined array key "name"', 'APPPATH\\Controllers\\Admin.php', 29)
 2 SYSTEMPATH\CodeIgniter.php(927): App\Controllers\Admin->profile()
 3 SYSTEMPATH\CodeIgniter.php(482): CodeIgniter\CodeIgniter->runController(Object(App\Controllers\Admin))
 4 SYSTEMPATH\CodeIgniter.php(351): CodeIgniter\CodeIgniter->handleRequest(null, Object(Config\Cache), false)
 5 FCPATH\index.php(67): CodeIgniter\CodeIgniter->run()
 6 SYSTEMPATH\Commands\Server\rewrite.php(46): require_once('FCPATH\\index.php')
CRITICAL - 2022-11-26 16:35:20 --> Undefined array key "name"
in APPPATH\Controllers\Admin.php on line 29.
 1 APPPATH\Controllers\Admin.php(29): CodeIgniter\Debug\Exceptions->errorHandler(2, 'Undefined array key "name"', 'APPPATH\\Controllers\\Admin.php', 29)
 2 SYSTEMPATH\CodeIgniter.php(927): App\Controllers\Admin->profile()
 3 SYSTEMPATH\CodeIgniter.php(482): CodeIgniter\CodeIgniter->runController(Object(App\Controllers\Admin))
 4 SYSTEMPATH\CodeIgniter.php(351): CodeIgniter\CodeIgniter->handleRequest(null, Object(Config\Cache), false)
 5 FCPATH\index.php(67): CodeIgniter\CodeIgniter->run()
 6 SYSTEMPATH\Commands\Server\rewrite.php(46): require_once('FCPATH\\index.php')
CRITICAL - 2022-11-26 16:35:22 --> Undefined array key "name"
in APPPATH\Controllers\Admin.php on line 29.
 1 APPPATH\Controllers\Admin.php(29): CodeIgniter\Debug\Exceptions->errorHandler(2, 'Undefined array key "name"', 'APPPATH\\Controllers\\Admin.php', 29)
 2 SYSTEMPATH\CodeIgniter.php(927): App\Controllers\Admin->profile()
 3 SYSTEMPATH\CodeIgniter.php(482): CodeIgniter\CodeIgniter->runController(Object(App\Controllers\Admin))
 4 SYSTEMPATH\CodeIgniter.php(351): CodeIgniter\CodeIgniter->handleRequest(null, Object(Config\Cache), false)
 5 FCPATH\index.php(67): CodeIgniter\CodeIgniter->run()
 6 SYSTEMPATH\Commands\Server\rewrite.php(46): require_once('FCPATH\\index.php')
CRITICAL - 2022-11-26 16:35:23 --> Undefined array key "name"
in APPPATH\Controllers\Admin.php on line 29.
 1 APPPATH\Controllers\Admin.php(29): CodeIgniter\Debug\Exceptions->errorHandler(2, 'Undefined array key "name"', 'APPPATH\\Controllers\\Admin.php', 29)
 2 SYSTEMPATH\CodeIgniter.php(927): App\Controllers\Admin->profile()
 3 SYSTEMPATH\CodeIgniter.php(482): CodeIgniter\CodeIgniter->runController(Object(App\Controllers\Admin))
 4 SYSTEMPATH\CodeIgniter.php(351): CodeIgniter\CodeIgniter->handleRequest(null, Object(Config\Cache), false)
 5 FCPATH\index.php(67): CodeIgniter\CodeIgniter->run()
 6 SYSTEMPATH\Commands\Server\rewrite.php(46): require_once('FCPATH\\index.php')
CRITICAL - 2022-11-26 16:35:23 --> Undefined array key "name"
in APPPATH\Controllers\Admin.php on line 29.
 1 APPPATH\Controllers\Admin.php(29): CodeIgniter\Debug\Exceptions->errorHandler(2, 'Undefined array key "name"', 'APPPATH\\Controllers\\Admin.php', 29)
 2 SYSTEMPATH\CodeIgniter.php(927): App\Controllers\Admin->profile()
 3 SYSTEMPATH\CodeIgniter.php(482): CodeIgniter\CodeIgniter->runController(Object(App\Controllers\Admin))
 4 SYSTEMPATH\CodeIgniter.php(351): CodeIgniter\CodeIgniter->handleRequest(null, Object(Config\Cache), false)
 5 FCPATH\index.php(67): CodeIgniter\CodeIgniter->run()
 6 SYSTEMPATH\Commands\Server\rewrite.php(46): require_once('FCPATH\\index.php')
CRITICAL - 2022-11-26 16:35:23 --> Undefined array key "name"
in APPPATH\Controllers\Admin.php on line 29.
 1 APPPATH\Controllers\Admin.php(29): CodeIgniter\Debug\Exceptions->errorHandler(2, 'Undefined array key "name"', 'APPPATH\\Controllers\\Admin.php', 29)
 2 SYSTEMPATH\CodeIgniter.php(927): App\Controllers\Admin->profile()
 3 SYSTEMPATH\CodeIgniter.php(482): CodeIgniter\CodeIgniter->runController(Object(App\Controllers\Admin))
 4 SYSTEMPATH\CodeIgniter.php(351): CodeIgniter\CodeIgniter->handleRequest(null, Object(Config\Cache), false)
 5 FCPATH\index.php(67): CodeIgniter\CodeIgniter->run()
 6 SYSTEMPATH\Commands\Server\rewrite.php(46): require_once('FCPATH\\index.php')
CRITICAL - 2022-11-26 16:35:23 --> Undefined array key "name"
in APPPATH\Controllers\Admin.php on line 29.
 1 APPPATH\Controllers\Admin.php(29): CodeIgniter\Debug\Exceptions->errorHandler(2, 'Undefined array key "name"', 'APPPATH\\Controllers\\Admin.php', 29)
 2 SYSTEMPATH\CodeIgniter.php(927): App\Controllers\Admin->profile()
 3 SYSTEMPATH\CodeIgniter.php(482): CodeIgniter\CodeIgniter->runController(Object(App\Controllers\Admin))
 4 SYSTEMPATH\CodeIgniter.php(351): CodeIgniter\CodeIgniter->handleRequest(null, Object(Config\Cache), false)
 5 FCPATH\index.php(67): CodeIgniter\CodeIgniter->run()
 6 SYSTEMPATH\Commands\Server\rewrite.php(46): require_once('FCPATH\\index.php')
CRITICAL - 2022-11-26 16:35:24 --> Undefined array key "name"
in APPPATH\Controllers\Admin.php on line 29.
 1 APPPATH\Controllers\Admin.php(29): CodeIgniter\Debug\Exceptions->errorHandler(2, 'Undefined array key "name"', 'APPPATH\\Controllers\\Admin.php', 29)
 2 SYSTEMPATH\CodeIgniter.php(927): App\Controllers\Admin->profile()
 3 SYSTEMPATH\CodeIgniter.php(482): CodeIgniter\CodeIgniter->runController(Object(App\Controllers\Admin))
 4 SYSTEMPATH\CodeIgniter.php(351): CodeIgniter\CodeIgniter->handleRequest(null, Object(Config\Cache), false)
 5 FCPATH\index.php(67): CodeIgniter\CodeIgniter->run()
 6 SYSTEMPATH\Commands\Server\rewrite.php(46): require_once('FCPATH\\index.php')
CRITICAL - 2022-11-26 16:35:24 --> Undefined array key "name"
in APPPATH\Controllers\Admin.php on line 29.
 1 APPPATH\Controllers\Admin.php(29): CodeIgniter\Debug\Exceptions->errorHandler(2, 'Undefined array key "name"', 'APPPATH\\Controllers\\Admin.php', 29)
 2 SYSTEMPATH\CodeIgniter.php(927): App\Controllers\Admin->profile()
 3 SYSTEMPATH\CodeIgniter.php(482): CodeIgniter\CodeIgniter->runController(Object(App\Controllers\Admin))
 4 SYSTEMPATH\CodeIgniter.php(351): CodeIgniter\CodeIgniter->handleRequest(null, Object(Config\Cache), false)
 5 FCPATH\index.php(67): CodeIgniter\CodeIgniter->run()
 6 SYSTEMPATH\Commands\Server\rewrite.php(46): require_once('FCPATH\\index.php')
CRITICAL - 2022-11-26 16:35:25 --> Undefined array key "name"
in APPPATH\Controllers\Admin.php on line 29.
 1 APPPATH\Controllers\Admin.php(29): CodeIgniter\Debug\Exceptions->errorHandler(2, 'Undefined array key "name"', 'APPPATH\\Controllers\\Admin.php', 29)
 2 SYSTEMPATH\CodeIgniter.php(927): App\Controllers\Admin->profile()
 3 SYSTEMPATH\CodeIgniter.php(482): CodeIgniter\CodeIgniter->runController(Object(App\Controllers\Admin))
 4 SYSTEMPATH\CodeIgniter.php(351): CodeIgniter\CodeIgniter->handleRequest(null, Object(Config\Cache), false)
 5 FCPATH\index.php(67): CodeIgniter\CodeIgniter->run()
 6 SYSTEMPATH\Commands\Server\rewrite.php(46): require_once('FCPATH\\index.php')
CRITICAL - 2022-11-26 16:35:57 --> Undefined array key "name"
in APPPATH\Controllers\Admin.php on line 30.
 1 APPPATH\Controllers\Admin.php(30): CodeIgniter\Debug\Exceptions->errorHandler(2, 'Undefined array key "name"', 'APPPATH\\Controllers\\Admin.php', 30)
 2 SYSTEMPATH\CodeIgniter.php(927): App\Controllers\Admin->profile()
 3 SYSTEMPATH\CodeIgniter.php(482): CodeIgniter\CodeIgniter->runController(Object(App\Controllers\Admin))
 4 SYSTEMPATH\CodeIgniter.php(351): CodeIgniter\CodeIgniter->handleRequest(null, Object(Config\Cache), false)
 5 FCPATH\index.php(67): CodeIgniter\CodeIgniter->run()
 6 SYSTEMPATH\Commands\Server\rewrite.php(46): require_once('FCPATH\\index.php')
CRITICAL - 2022-11-26 16:37:15 --> Undefined array key "firstname"
in APPPATH\Views\Admin\profile.php on line 39.
 1 APPPATH\Views\Admin\profile.php(39): CodeIgniter\Debug\Exceptions->errorHandler(2, 'Undefined array key "firstname"', 'APPPATH\\Views\\Admin\\profile.php', 39)
 2 SYSTEMPATH\View\View.php(213): include('APPPATH\\Views\\Admin\\profile.php')
 3 SYSTEMPATH\View\View.php(216): CodeIgniter\View\View->CodeIgniter\View\{closure}()
 4 SYSTEMPATH\Common.php(1134): CodeIgniter\View\View->render('Admin/profile.php', [], true)
 5 APPPATH\Controllers\Admin.php(74): view('Admin/profile.php', [...])
 6 SYSTEMPATH\CodeIgniter.php(927): App\Controllers\Admin->profile()
 7 SYSTEMPATH\CodeIgniter.php(482): CodeIgniter\CodeIgniter->runController(Object(App\Controllers\Admin))
 8 SYSTEMPATH\CodeIgniter.php(351): CodeIgniter\CodeIgniter->handleRequest(null, Object(Config\Cache), false)
 9 FCPATH\index.php(67): CodeIgniter\CodeIgniter->run()
10 SYSTEMPATH\Commands\Server\rewrite.php(46): require_once('FCPATH\\index.php')
CRITICAL - 2022-11-26 16:39:12 --> Undefined array key "firstname"
in APPPATH\Views\Admin\profile.php on line 39.
 1 APPPATH\Views\Admin\profile.php(39): CodeIgniter\Debug\Exceptions->errorHandler(2, 'Undefined array key "firstname"', 'APPPATH\\Views\\Admin\\profile.php', 39)
 2 SYSTEMPATH\View\View.php(213): include('APPPATH\\Views\\Admin\\profile.php')
 3 SYSTEMPATH\View\View.php(216): CodeIgniter\View\View->CodeIgniter\View\{closure}()
 4 SYSTEMPATH\Common.php(1134): CodeIgniter\View\View->render('Admin/profile.php', [], true)
 5 APPPATH\Controllers\Admin.php(74): view('Admin/profile.php', [...])
 6 SYSTEMPATH\CodeIgniter.php(927): App\Controllers\Admin->profile()
 7 SYSTEMPATH\CodeIgniter.php(482): CodeIgniter\CodeIgniter->runController(Object(App\Controllers\Admin))
 8 SYSTEMPATH\CodeIgniter.php(351): CodeIgniter\CodeIgniter->handleRequest(null, Object(Config\Cache), false)
 9 FCPATH\index.php(67): CodeIgniter\CodeIgniter->run()
10 SYSTEMPATH\Commands\Server\rewrite.php(46): require_once('FCPATH\\index.php')
CRITICAL - 2022-11-26 16:40:16 --> Attempt to read property "name" on array
in APPPATH\Controllers\Admin.php on line 30.
 1 APPPATH\Controllers\Admin.php(30): CodeIgniter\Debug\Exceptions->errorHandler(2, 'Attempt to read property "name" on array', 'APPPATH\\Controllers\\Admin.php', 30)
 2 SYSTEMPATH\CodeIgniter.php(927): App\Controllers\Admin->profile()
 3 SYSTEMPATH\CodeIgniter.php(482): CodeIgniter\CodeIgniter->runController(Object(App\Controllers\Admin))
 4 SYSTEMPATH\CodeIgniter.php(351): CodeIgniter\CodeIgniter->handleRequest(null, Object(Config\Cache), false)
 5 FCPATH\index.php(67): CodeIgniter\CodeIgniter->run()
 6 SYSTEMPATH\Commands\Server\rewrite.php(46): require_once('FCPATH\\index.php')
CRITICAL - 2022-11-26 16:40:53 --> Undefined array key "name"
in APPPATH\Controllers\Admin.php on line 30.
 1 APPPATH\Controllers\Admin.php(30): CodeIgniter\Debug\Exceptions->errorHandler(2, 'Undefined array key "name"', 'APPPATH\\Controllers\\Admin.php', 30)
 2 SYSTEMPATH\CodeIgniter.php(927): App\Controllers\Admin->profile()
 3 SYSTEMPATH\CodeIgniter.php(482): CodeIgniter\CodeIgniter->runController(Object(App\Controllers\Admin))
 4 SYSTEMPATH\CodeIgniter.php(351): CodeIgniter\CodeIgniter->handleRequest(null, Object(Config\Cache), false)
 5 FCPATH\index.php(67): CodeIgniter\CodeIgniter->run()
 6 SYSTEMPATH\Commands\Server\rewrite.php(46): require_once('FCPATH\\index.php')
CRITICAL - 2022-11-26 16:41:15 --> Undefined array key "firstname"
in APPPATH\Views\Admin\profile.php on line 39.
 1 APPPATH\Views\Admin\profile.php(39): CodeIgniter\Debug\Exceptions->errorHandler(2, 'Undefined array key "firstname"', 'APPPATH\\Views\\Admin\\profile.php', 39)
 2 SYSTEMPATH\View\View.php(213): include('APPPATH\\Views\\Admin\\profile.php')
 3 SYSTEMPATH\View\View.php(216): CodeIgniter\View\View->CodeIgniter\View\{closure}()
 4 SYSTEMPATH\Common.php(1134): CodeIgniter\View\View->render('Admin/profile.php', [], true)
 5 APPPATH\Controllers\Admin.php(75): view('Admin/profile.php', [...])
 6 SYSTEMPATH\CodeIgniter.php(927): App\Controllers\Admin->profile()
 7 SYSTEMPATH\CodeIgniter.php(482): CodeIgniter\CodeIgniter->runController(Object(App\Controllers\Admin))
 8 SYSTEMPATH\CodeIgniter.php(351): CodeIgniter\CodeIgniter->handleRequest(null, Object(Config\Cache), false)
 9 FCPATH\index.php(67): CodeIgniter\CodeIgniter->run()
10 SYSTEMPATH\Commands\Server\rewrite.php(46): require_once('FCPATH\\index.php')
CRITICAL - 2022-11-26 16:48:11 --> Undefined array key "id_certficate"
in APPPATH\Controllers\Admin.php on line 35.
 1 APPPATH\Controllers\Admin.php(35): CodeIgniter\Debug\Exceptions->errorHandler(2, 'Undefined array key "id_certficate"', 'APPPATH\\Controllers\\Admin.php', 35)
 2 SYSTEMPATH\CodeIgniter.php(927): App\Controllers\Admin->profile()
 3 SYSTEMPATH\CodeIgniter.php(482): CodeIgniter\CodeIgniter->runController(Object(App\Controllers\Admin))
 4 SYSTEMPATH\CodeIgniter.php(351): CodeIgniter\CodeIgniter->handleRequest(null, Object(Config\Cache), false)
 5 FCPATH\index.php(67): CodeIgniter\CodeIgniter->run()
 6 SYSTEMPATH\Commands\Server\rewrite.php(46): require_once('FCPATH\\index.php')
ERROR - 2022-11-26 16:49:40 --> mysqli_sql_exception: Column 'id_certificate' in field list is ambiguous in D:\MaFormation\system\Database\MySQLi\Connection.php:292
Stack trace:
#0 D:\MaFormation\system\Database\MySQLi\Connection.php(292): mysqli->query('SELECT `id_cert...', 0)
#1 D:\MaFormation\system\Database\BaseConnection.php(666): CodeIgniter\Database\MySQLi\Connection->execute('SELECT `id_cert...')
#2 D:\MaFormation\system\Database\BaseConnection.php(593): CodeIgniter\Database\BaseConnection->simpleQuery('SELECT `id_cert...')
#3 D:\MaFormation\system\Database\BaseBuilder.php(1585): CodeIgniter\Database\BaseConnection->query('SELECT `id_cert...', Array, false)
#4 D:\MaFormation\app\Controllers\Admin.php(34): CodeIgniter\Database\BaseBuilder->get()
#5 D:\MaFormation\system\CodeIgniter.php(927): App\Controllers\Admin->profile()
#6 D:\MaFormation\system\CodeIgniter.php(482): CodeIgniter\CodeIgniter->runController(Object(App\Controllers\Admin))
#7 D:\MaFormation\system\CodeIgniter.php(351): CodeIgniter\CodeIgniter->handleRequest(NULL, Object(Config\Cache), false)
#8 D:\MaFormation\public\index.php(67): CodeIgniter\CodeIgniter->run()
#9 D:\MaFormation\system\Commands\Server\rewrite.php(46): require_once('D:\\MaFormation\\...')
#10 {main}
CRITICAL - 2022-11-26 16:49:40 --> Column 'id_certificate' in field list is ambiguous
in SYSTEMPATH\Database\MySQLi\Connection.php on line 292.
 1 SYSTEMPATH\Database\MySQLi\Connection.php(292): mysqli->query('SELECT `id_certificate`
FROM `user`
JOIN `user_has_certificate` ON `user_has_certificate`.`id_user` = `user`.`id_user`
JOIN `certificate` ON `user_has_certificate`.`id_certificate` = `certificate`.`id_certificate`', 0)
 2 SYSTEMPATH\Database\BaseConnection.php(666): CodeIgniter\Database\MySQLi\Connection->execute('SELECT `id_certificate`
FROM `user`
JOIN `user_has_certificate` ON `user_has_certificate`.`id_user` = `user`.`id_user`
JOIN `certificate` ON `user_has_certificate`.`id_certificate` = `certificate`.`id_certificate`')
 3 SYSTEMPATH\Database\BaseConnection.php(593): CodeIgniter\Database\BaseConnection->simpleQuery('SELECT `id_certificate`
FROM `user`
JOIN `user_has_certificate` ON `user_has_certificate`.`id_user` = `user`.`id_user`
JOIN `certificate` ON `user_has_certificate`.`id_certificate` = `certificate`.`id_certificate`')
 4 SYSTEMPATH\Database\BaseBuilder.php(1585): CodeIgniter\Database\BaseConnection->query('SELECT `id_certificate`
FROM `user`
JOIN `user_has_certificate` ON `user_has_certificate`.`id_user` = `user`.`id_user`
JOIN `certificate` ON `user_has_certificate`.`id_certificate` = `certificate`.`id_certificate`', [], false)
 5 APPPATH\Controllers\Admin.php(34): CodeIgniter\Database\BaseBuilder->get()
 6 SYSTEMPATH\CodeIgniter.php(927): App\Controllers\Admin->profile()
 7 SYSTEMPATH\CodeIgniter.php(482): CodeIgniter\CodeIgniter->runController(Object(App\Controllers\Admin))
 8 SYSTEMPATH\CodeIgniter.php(351): CodeIgniter\CodeIgniter->handleRequest(null, Object(Config\Cache), false)
 9 FCPATH\index.php(67): CodeIgniter\CodeIgniter->run()
10 SYSTEMPATH\Commands\Server\rewrite.php(46): require_once('FCPATH\\index.php')
ERROR - 2022-11-26 16:50:38 --> mysqli_sql_exception: Column 'name' in field list is ambiguous in D:\MaFormation\system\Database\MySQLi\Connection.php:292
Stack trace:
#0 D:\MaFormation\system\Database\MySQLi\Connection.php(292): mysqli->query('SELECT `name`\nF...', 0)
#1 D:\MaFormation\system\Database\BaseConnection.php(666): CodeIgniter\Database\MySQLi\Connection->execute('SELECT `name`\nF...')
#2 D:\MaFormation\system\Database\BaseConnection.php(593): CodeIgniter\Database\BaseConnection->simpleQuery('SELECT `name`\nF...')
#3 D:\MaFormation\system\Database\BaseBuilder.php(1585): CodeIgniter\Database\BaseConnection->query('SELECT `name`\nF...', Array, false)
#4 D:\MaFormation\app\Controllers\Admin.php(35): CodeIgniter\Database\BaseBuilder->get()
#5 D:\MaFormation\system\CodeIgniter.php(927): App\Controllers\Admin->profile()
#6 D:\MaFormation\system\CodeIgniter.php(482): CodeIgniter\CodeIgniter->runController(Object(App\Controllers\Admin))
#7 D:\MaFormation\system\CodeIgniter.php(351): CodeIgniter\CodeIgniter->handleRequest(NULL, Object(Config\Cache), false)
#8 D:\MaFormation\public\index.php(67): CodeIgniter\CodeIgniter->run()
#9 D:\MaFormation\system\Commands\Server\rewrite.php(46): require_once('D:\\MaFormation\\...')
#10 {main}
CRITICAL - 2022-11-26 16:50:38 --> Column 'name' in field list is ambiguous
in SYSTEMPATH\Database\MySQLi\Connection.php on line 292.
 1 SYSTEMPATH\Database\MySQLi\Connection.php(292): mysqli->query('SELECT `name`
FROM `user`
JOIN `user_has_certificate` ON `user_has_certificate`.`id_user` = `user`.`id_user`
JOIN `certificate` ON `user_has_certificate`.`id_certificate` = `certificate`.`id_certificate`', 0)
 2 SYSTEMPATH\Database\BaseConnection.php(666): CodeIgniter\Database\MySQLi\Connection->execute('SELECT `name`
FROM `user`
JOIN `user_has_certificate` ON `user_has_certificate`.`id_user` = `user`.`id_user`
JOIN `certificate` ON `user_has_certificate`.`id_certificate` = `certificate`.`id_certificate`')
 3 SYSTEMPATH\Database\BaseConnection.php(593): CodeIgniter\Database\BaseConnection->simpleQuery('SELECT `name`
FROM `user`
JOIN `user_has_certificate` ON `user_has_certificate`.`id_user` = `user`.`id_user`
JOIN `certificate` ON `user_has_certificate`.`id_certificate` = `certificate`.`id_certificate`')
 4 SYSTEMPATH\Database\BaseBuilder.php(1585): CodeIgniter\Database\BaseConnection->query('SELECT `name`
FROM `user`
JOIN `user_has_certificate` ON `user_has_certificate`.`id_user` = `user`.`id_user`
JOIN `certificate` ON `user_has_certificate`.`id_certificate` = `certificate`.`id_certificate`', [], false)
 5 APPPATH\Controllers\Admin.php(35): CodeIgniter\Database\BaseBuilder->get()
 6 SYSTEMPATH\CodeIgniter.php(927): App\Controllers\Admin->profile()
 7 SYSTEMPATH\CodeIgniter.php(482): CodeIgniter\CodeIgniter->runController(Object(App\Controllers\Admin))
 8 SYSTEMPATH\CodeIgniter.php(351): CodeIgniter\CodeIgniter->handleRequest(null, Object(Config\Cache), false)
 9 FCPATH\index.php(67): CodeIgniter\CodeIgniter->run()
10 SYSTEMPATH\Commands\Server\rewrite.php(46): require_once('FCPATH\\index.php')
CRITICAL - 2022-11-26 16:55:01 --> Undefined array key 0
in APPPATH\Controllers\Admin.php on line 58.
 1 APPPATH\Controllers\Admin.php(58): CodeIgniter\Debug\Exceptions->errorHandler(2, 'Undefined array key 0', 'APPPATH\\Controllers\\Admin.php', 58)
 2 SYSTEMPATH\CodeIgniter.php(927): App\Controllers\Admin->profile()
 3 SYSTEMPATH\CodeIgniter.php(482): CodeIgniter\CodeIgniter->runController(Object(App\Controllers\Admin))
 4 SYSTEMPATH\CodeIgniter.php(351): CodeIgniter\CodeIgniter->handleRequest(null, Object(Config\Cache), false)
 5 FCPATH\index.php(67): CodeIgniter\CodeIgniter->run()
 6 SYSTEMPATH\Commands\Server\rewrite.php(46): require_once('FCPATH\\index.php')
CRITICAL - 2022-11-26 16:55:11 --> Cannot access offset of type string on string
in APPPATH\Views\Admin\profile.php on line 29.
 1 SYSTEMPATH\View\View.php(213): include()
 2 SYSTEMPATH\View\View.php(216): CodeIgniter\View\View->CodeIgniter\View\{closure}()
 3 SYSTEMPATH\Common.php(1134): CodeIgniter\View\View->render('Admin/profile.php', [], true)
 4 APPPATH\Controllers\Admin.php(64): view('Admin/profile.php', [...])
 5 SYSTEMPATH\CodeIgniter.php(927): App\Controllers\Admin->profile()
 6 SYSTEMPATH\CodeIgniter.php(482): CodeIgniter\CodeIgniter->runController(Object(App\Controllers\Admin))
 7 SYSTEMPATH\CodeIgniter.php(351): CodeIgniter\CodeIgniter->handleRequest(null, Object(Config\Cache), false)
 8 FCPATH\index.php(67): CodeIgniter\CodeIgniter->run()
 9 SYSTEMPATH\Commands\Server\rewrite.php(46): require_once('FCPATH\\index.php')
CRITICAL - 2022-11-26 17:30:15 --> Unsupported operand types: string + string
in APPPATH\Views\Admin\util.php on line 7.
 1 APPPATH\Views\Admin\profile.php(50): ratings(3.8)
 2 SYSTEMPATH\View\View.php(213): include('APPPATH\\Views\\Admin\\profile.php')
 3 SYSTEMPATH\View\View.php(216): CodeIgniter\View\View->CodeIgniter\View\{closure}()
 4 SYSTEMPATH\Common.php(1134): CodeIgniter\View\View->render('Admin/profile.php', [], true)
 5 APPPATH\Controllers\Admin.php(64): view('Admin/profile.php', [...])
 6 SYSTEMPATH\CodeIgniter.php(927): App\Controllers\Admin->profile()
 7 SYSTEMPATH\CodeIgniter.php(482): CodeIgniter\CodeIgniter->runController(Object(App\Controllers\Admin))
 8 SYSTEMPATH\CodeIgniter.php(351): CodeIgniter\CodeIgniter->handleRequest(null, Object(Config\Cache), false)
 9 FCPATH\index.php(67): CodeIgniter\CodeIgniter->run()
10 SYSTEMPATH\Commands\Server\rewrite.php(46): require_once('FCPATH\\index.php')
CRITICAL - 2022-11-26 20:27:27 --> Undefined array key "bithday"
in APPPATH\Views\Admin\profile.php on line 74.
 1 APPPATH\Views\Admin\profile.php(74): CodeIgniter\Debug\Exceptions->errorHandler(2, 'Undefined array key "bithday"', 'APPPATH\\Views\\Admin\\profile.php', 74)
 2 SYSTEMPATH\View\View.php(213): include('APPPATH\\Views\\Admin\\profile.php')
 3 SYSTEMPATH\View\View.php(216): CodeIgniter\View\View->CodeIgniter\View\{closure}()
 4 SYSTEMPATH\Common.php(1134): CodeIgniter\View\View->render('Admin/profile.php', [], true)
 5 APPPATH\Controllers\Admin.php(64): view('Admin/profile.php', [...])
 6 SYSTEMPATH\CodeIgniter.php(927): App\Controllers\Admin->profile()
 7 SYSTEMPATH\CodeIgniter.php(482): CodeIgniter\CodeIgniter->runController(Object(App\Controllers\Admin))
 8 SYSTEMPATH\CodeIgniter.php(351): CodeIgniter\CodeIgniter->handleRequest(null, Object(Config\Cache), false)
 9 FCPATH\index.php(67): CodeIgniter\CodeIgniter->run()
10 SYSTEMPATH\Commands\Server\rewrite.php(46): require_once('FCPATH\\index.php')
CRITICAL - 2022-11-26 20:27:56 --> str_split(): Argument #2 ($length) must be of type int, string given
in APPPATH\Views\Admin\util.php on line 23.
 1 APPPATH\Views\Admin\util.php(23): str_split('1986-12-12', '-')
 2 APPPATH\Views\Admin\profile.php(74): dateFormat('1986-12-12')
 3 SYSTEMPATH\View\View.php(213): include('APPPATH\\Views\\Admin\\profile.php')
 4 SYSTEMPATH\View\View.php(216): CodeIgniter\View\View->CodeIgniter\View\{closure}()
 5 SYSTEMPATH\Common.php(1134): CodeIgniter\View\View->render('Admin/profile.php', [], true)
 6 APPPATH\Controllers\Admin.php(64): view('Admin/profile.php', [...])
 7 SYSTEMPATH\CodeIgniter.php(927): App\Controllers\Admin->profile()
 8 SYSTEMPATH\CodeIgniter.php(482): CodeIgniter\CodeIgniter->runController(Object(App\Controllers\Admin))
 9 SYSTEMPATH\CodeIgniter.php(351): CodeIgniter\CodeIgniter->handleRequest(null, Object(Config\Cache), false)
10 FCPATH\index.php(67): CodeIgniter\CodeIgniter->run()
11 SYSTEMPATH\Commands\Server\rewrite.php(46): require_once('FCPATH\\index.php')
ERROR - 2022-11-26 22:56:59 --> mysqli_sql_exception: Unknown column 'company.adress' in 'field list' in D:\MaFormation\system\Database\MySQLi\Connection.php:292
Stack trace:
#0 D:\MaFormation\system\Database\MySQLi\Connection.php(292): mysqli->query('SELECT `company...', 0)
#1 D:\MaFormation\system\Database\BaseConnection.php(666): CodeIgniter\Database\MySQLi\Connection->execute('SELECT `company...')
#2 D:\MaFormation\system\Database\BaseConnection.php(593): CodeIgniter\Database\BaseConnection->simpleQuery('SELECT `company...')
#3 D:\MaFormation\system\Database\BaseBuilder.php(1585): CodeIgniter\Database\BaseConnection->query('SELECT `company...', Array, false)
#4 D:\MaFormation\app\Controllers\Admin.php(46): CodeIgniter\Database\BaseBuilder->get()
#5 D:\MaFormation\system\CodeIgniter.php(927): App\Controllers\Admin->profile()
#6 D:\MaFormation\system\CodeIgniter.php(482): CodeIgniter\CodeIgniter->runController(Object(App\Controllers\Admin))
#7 D:\MaFormation\system\CodeIgniter.php(351): CodeIgniter\CodeIgniter->handleRequest(NULL, Object(Config\Cache), false)
#8 D:\MaFormation\public\index.php(67): CodeIgniter\CodeIgniter->run()
#9 D:\MaFormation\system\Commands\Server\rewrite.php(46): require_once('D:\\MaFormation\\...')
#10 {main}
CRITICAL - 2022-11-26 22:56:59 --> Unknown column 'company.adress' in 'field list'
in SYSTEMPATH\Database\MySQLi\Connection.php on line 292.
 1 SYSTEMPATH\Database\MySQLi\Connection.php(292): mysqli->query('SELECT `company`.`name`, `company`.`adress`, `company`.`city`, `company`.`cp`
FROM `user`
JOIN `user_has_company` ON `user_has_company`.`id_user` = `user`.`id_user`
JOIN `company` ON `user_has_company`.`id_company`=`company`.`id_company`', 0)
 2 SYSTEMPATH\Database\BaseConnection.php(666): CodeIgniter\Database\MySQLi\Connection->execute('SELECT `company`.`name`, `company`.`adress`, `company`.`city`, `company`.`cp`
FROM `user`
JOIN `user_has_company` ON `user_has_company`.`id_user` = `user`.`id_user`
JOIN `company` ON `user_has_company`.`id_company`=`company`.`id_company`')
 3 SYSTEMPATH\Database\BaseConnection.php(593): CodeIgniter\Database\BaseConnection->simpleQuery('SELECT `company`.`name`, `company`.`adress`, `company`.`city`, `company`.`cp`
FROM `user`
JOIN `user_has_company` ON `user_has_company`.`id_user` = `user`.`id_user`
JOIN `company` ON `user_has_company`.`id_company`=`company`.`id_company`')
 4 SYSTEMPATH\Database\BaseBuilder.php(1585): CodeIgniter\Database\BaseConnection->query('SELECT `company`.`name`, `company`.`adress`, `company`.`city`, `company`.`cp`
FROM `user`
JOIN `user_has_company` ON `user_has_company`.`id_user` = `user`.`id_user`
JOIN `company` ON `user_has_company`.`id_company`=`company`.`id_company`', [], false)
 5 APPPATH\Controllers\Admin.php(46): CodeIgniter\Database\BaseBuilder->get()
 6 SYSTEMPATH\CodeIgniter.php(927): App\Controllers\Admin->profile()
 7 SYSTEMPATH\CodeIgniter.php(482): CodeIgniter\CodeIgniter->runController(Object(App\Controllers\Admin))
 8 SYSTEMPATH\CodeIgniter.php(351): CodeIgniter\CodeIgniter->handleRequest(null, Object(Config\Cache), false)
 9 FCPATH\index.php(67): CodeIgniter\CodeIgniter->run()
10 SYSTEMPATH\Commands\Server\rewrite.php(46): require_once('FCPATH\\index.php')
ERROR - 2022-11-26 22:57:17 --> mysqli_sql_exception: Unknown column 'company.id_company' in 'on clause' in D:\MaFormation\system\Database\MySQLi\Connection.php:292
Stack trace:
#0 D:\MaFormation\system\Database\MySQLi\Connection.php(292): mysqli->query('SELECT `company...', 0)
#1 D:\MaFormation\system\Database\BaseConnection.php(666): CodeIgniter\Database\MySQLi\Connection->execute('SELECT `company...')
#2 D:\MaFormation\system\Database\BaseConnection.php(593): CodeIgniter\Database\BaseConnection->simpleQuery('SELECT `company...')
#3 D:\MaFormation\system\Database\BaseBuilder.php(1585): CodeIgniter\Database\BaseConnection->query('SELECT `company...', Array, false)
#4 D:\MaFormation\app\Controllers\Admin.php(46): CodeIgniter\Database\BaseBuilder->get()
#5 D:\MaFormation\system\CodeIgniter.php(927): App\Controllers\Admin->profile()
#6 D:\MaFormation\system\CodeIgniter.php(482): CodeIgniter\CodeIgniter->runController(Object(App\Controllers\Admin))
#7 D:\MaFormation\system\CodeIgniter.php(351): CodeIgniter\CodeIgniter->handleRequest(NULL, Object(Config\Cache), false)
#8 D:\MaFormation\public\index.php(67): CodeIgniter\CodeIgniter->run()
#9 D:\MaFormation\system\Commands\Server\rewrite.php(46): require_once('D:\\MaFormation\\...')
#10 {main}
CRITICAL - 2022-11-26 22:57:17 --> Unknown column 'company.id_company' in 'on clause'
in SYSTEMPATH\Database\MySQLi\Connection.php on line 292.
 1 SYSTEMPATH\Database\MySQLi\Connection.php(292): mysqli->query('SELECT `company`.`name`, `company`.`address`, `company`.`city`, `company`.`cp`
FROM `user`
JOIN `user_has_company` ON `user_has_company`.`id_user` = `user`.`id_user`
JOIN `company` ON `user_has_company`.`id_company`=`company`.`id_company`', 0)
 2 SYSTEMPATH\Database\BaseConnection.php(666): CodeIgniter\Database\MySQLi\Connection->execute('SELECT `company`.`name`, `company`.`address`, `company`.`city`, `company`.`cp`
FROM `user`
JOIN `user_has_company` ON `user_has_company`.`id_user` = `user`.`id_user`
JOIN `company` ON `user_has_company`.`id_company`=`company`.`id_company`')
 3 SYSTEMPATH\Database\BaseConnection.php(593): CodeIgniter\Database\BaseConnection->simpleQuery('SELECT `company`.`name`, `company`.`address`, `company`.`city`, `company`.`cp`
FROM `user`
JOIN `user_has_company` ON `user_has_company`.`id_user` = `user`.`id_user`
JOIN `company` ON `user_has_company`.`id_company`=`company`.`id_company`')
 4 SYSTEMPATH\Database\BaseBuilder.php(1585): CodeIgniter\Database\BaseConnection->query('SELECT `company`.`name`, `company`.`address`, `company`.`city`, `company`.`cp`
FROM `user`
JOIN `user_has_company` ON `user_has_company`.`id_user` = `user`.`id_user`
JOIN `company` ON `user_has_company`.`id_company`=`company`.`id_company`', [], false)
 5 APPPATH\Controllers\Admin.php(46): CodeIgniter\Database\BaseBuilder->get()
 6 SYSTEMPATH\CodeIgniter.php(927): App\Controllers\Admin->profile()
 7 SYSTEMPATH\CodeIgniter.php(482): CodeIgniter\CodeIgniter->runController(Object(App\Controllers\Admin))
 8 SYSTEMPATH\CodeIgniter.php(351): CodeIgniter\CodeIgniter->handleRequest(null, Object(Config\Cache), false)
 9 FCPATH\index.php(67): CodeIgniter\CodeIgniter->run()
10 SYSTEMPATH\Commands\Server\rewrite.php(46): require_once('FCPATH\\index.php')
CRITICAL - 2022-11-26 22:58:15 --> Undefined array key "adresse"
in APPPATH\Views\Admin\profile.php on line 19.
 1 APPPATH\Views\Admin\profile.php(19): CodeIgniter\Debug\Exceptions->errorHandler(2, 'Undefined array key "adresse"', 'APPPATH\\Views\\Admin\\profile.php', 19)
 2 SYSTEMPATH\View\View.php(213): include('APPPATH\\Views\\Admin\\profile.php')
 3 SYSTEMPATH\View\View.php(216): CodeIgniter\View\View->CodeIgniter\View\{closure}()
 4 SYSTEMPATH\Common.php(1134): CodeIgniter\View\View->render('Admin/profile.php', [], true)
 5 APPPATH\Controllers\Admin.php(74): view('Admin/profile.php', [...])
 6 SYSTEMPATH\CodeIgniter.php(927): App\Controllers\Admin->profile()
 7 SYSTEMPATH\CodeIgniter.php(482): CodeIgniter\CodeIgniter->runController(Object(App\Controllers\Admin))
 8 SYSTEMPATH\CodeIgniter.php(351): CodeIgniter\CodeIgniter->handleRequest(null, Object(Config\Cache), false)
 9 FCPATH\index.php(67): CodeIgniter\CodeIgniter->run()
10 SYSTEMPATH\Commands\Server\rewrite.php(46): require_once('FCPATH\\index.php')
CRITICAL - 2022-11-26 22:58:57 --> Undefined array key "name"
in APPPATH\Views\Admin\profile.php on line 18.
 1 APPPATH\Views\Admin\profile.php(18): CodeIgniter\Debug\Exceptions->errorHandler(2, 'Undefined array key "name"', 'APPPATH\\Views\\Admin\\profile.php', 18)
 2 SYSTEMPATH\View\View.php(213): include('APPPATH\\Views\\Admin\\profile.php')
 3 SYSTEMPATH\View\View.php(216): CodeIgniter\View\View->CodeIgniter\View\{closure}()
 4 SYSTEMPATH\Common.php(1134): CodeIgniter\View\View->render('Admin/profile.php', [], true)
 5 APPPATH\Controllers\Admin.php(74): view('Admin/profile.php', [...])
 6 SYSTEMPATH\CodeIgniter.php(927): App\Controllers\Admin->profile()
 7 SYSTEMPATH\CodeIgniter.php(482): CodeIgniter\CodeIgniter->runController(Object(App\Controllers\Admin))
 8 SYSTEMPATH\CodeIgniter.php(351): CodeIgniter\CodeIgniter->handleRequest(null, Object(Config\Cache), false)
 9 FCPATH\index.php(67): CodeIgniter\CodeIgniter->run()
10 SYSTEMPATH\Commands\Server\rewrite.php(46): require_once('FCPATH\\index.php')
