CRITICAL - 2022-12-19 13:46:23 --> Undefined array key "name"
in APPPATH\Views\Articles\list_article.php on line 13.
 1 APPPATH\Views\Articles\list_article.php(13): CodeIgniter\Debug\Exceptions->errorHandler(2, 'Undefined array key "name"', 'APPPATH\\Views\\Articles\\list_article.php', 13)
 2 SYSTEMPATH\View\View.php(213): include('APPPATH\\Views\\Articles\\list_article.php')
 3 SYSTEMPATH\View\View.php(216): CodeIgniter\View\View->CodeIgniter\View\{closure}()
 4 SYSTEMPATH\Common.php(1134): CodeIgniter\View\View->render('Articles/list_article.php', [], true)
 5 APPPATH\Controllers\News.php(137): view('Articles/list_article.php', [...])
 6 SYSTEMPATH\CodeIgniter.php(927): App\Controllers\News->list_articles_home()
 7 SYSTEMPATH\CodeIgniter.php(482): CodeIgniter\CodeIgniter->runController(Object(App\Controllers\News))
 8 SYSTEMPATH\CodeIgniter.php(351): CodeIgniter\CodeIgniter->handleRequest(null, Object(Config\Cache), false)
 9 FCPATH\index.php(67): CodeIgniter\CodeIgniter->run()
10 SYSTEMPATH\Commands\Server\rewrite.php(46): require_once('FCPATH\\index.php')
CRITICAL - 2022-12-19 16:32:48 --> require_once(util.php): Failed to open stream: No such file or directory
in APPPATH\Views\Articles\list_article.php on line 1.
 1 APPPATH\Views\Articles\list_article.php(1): CodeIgniter\Debug\Exceptions->errorHandler(2, 'require_once(util.php): Failed to open stream: No such file or directory', 'APPPATH\\Views\\Articles\\list_article.php', 1)
 2 APPPATH\Views\Articles\list_article.php(1): require_once()
 3 SYSTEMPATH\View\View.php(213): include('APPPATH\\Views\\Articles\\list_article.php')
 4 SYSTEMPATH\View\View.php(216): CodeIgniter\View\View->CodeIgniter\View\{closure}()
 5 SYSTEMPATH\Common.php(1134): CodeIgniter\View\View->render('Articles/list_article.php', [], true)
 6 APPPATH\Controllers\News.php(137): view('Articles/list_article.php', [...])
 7 SYSTEMPATH\CodeIgniter.php(927): App\Controllers\News->list_articles_home()
 8 SYSTEMPATH\CodeIgniter.php(482): CodeIgniter\CodeIgniter->runController(Object(App\Controllers\News))
 9 SYSTEMPATH\CodeIgniter.php(351): CodeIgniter\CodeIgniter->handleRequest(null, Object(Config\Cache), false)
10 FCPATH\index.php(67): CodeIgniter\CodeIgniter->run()
11 SYSTEMPATH\Commands\Server\rewrite.php(46): require_once('FCPATH\\index.php')
CRITICAL - 2022-12-19 16:47:18 --> Undefined array key 3
in FCPATH\php\functions\util.php on line 128.
 1 FCPATH\php\functions\util.php(128): CodeIgniter\Debug\Exceptions->errorHandler(2, 'Undefined array key 3', 'FCPATH\\php\\functions\\util.php', 128)
 2 APPPATH\Views\Articles\list_article.php(16): datetFormat('2022-12-12 00:31:56')
 3 SYSTEMPATH\View\View.php(213): include('APPPATH\\Views\\Articles\\list_article.php')
 4 SYSTEMPATH\View\View.php(216): CodeIgniter\View\View->CodeIgniter\View\{closure}()
 5 SYSTEMPATH\Common.php(1134): CodeIgniter\View\View->render('Articles/list_article.php', [], true)
 6 APPPATH\Controllers\News.php(137): view('Articles/list_article.php', [...])
 7 SYSTEMPATH\CodeIgniter.php(927): App\Controllers\News->list_articles_home()
 8 SYSTEMPATH\CodeIgniter.php(482): CodeIgniter\CodeIgniter->runController(Object(App\Controllers\News))
 9 SYSTEMPATH\CodeIgniter.php(351): CodeIgniter\CodeIgniter->handleRequest(null, Object(Config\Cache), false)
10 FCPATH\index.php(67): CodeIgniter\CodeIgniter->run()
11 SYSTEMPATH\Commands\Server\rewrite.php(46): require_once('FCPATH\\index.php')
CRITICAL - 2022-12-19 17:10:00 --> Undefined variable $listformers
in APPPATH\Views\Former\list_former_cv.php on line 6.
 1 APPPATH\Views\Former\list_former_cv.php(6): CodeIgniter\Debug\Exceptions->errorHandler(2, 'Undefined variable $listformers', 'APPPATH\\Views\\Former\\list_former_cv.php', 6)
 2 SYSTEMPATH\View\View.php(213): include('APPPATH\\Views\\Former\\list_former_cv.php')
 3 SYSTEMPATH\View\View.php(216): CodeIgniter\View\View->CodeIgniter\View\{closure}()
 4 SYSTEMPATH\Common.php(1134): CodeIgniter\View\View->render('Former/list_former_cv.php', [], true)
 5 APPPATH\Controllers\Former.php(139): view('Former/list_former_cv.php', [...])
 6 SYSTEMPATH\CodeIgniter.php(927): App\Controllers\Former->details_former_home()
 7 SYSTEMPATH\CodeIgniter.php(482): CodeIgniter\CodeIgniter->runController(Object(App\Controllers\Former))
 8 SYSTEMPATH\CodeIgniter.php(351): CodeIgniter\CodeIgniter->handleRequest(null, Object(Config\Cache), false)
 9 FCPATH\index.php(67): CodeIgniter\CodeIgniter->run()
10 SYSTEMPATH\Commands\Server\rewrite.php(46): require_once('FCPATH\\index.php')
CRITICAL - 2022-12-19 17:20:23 --> Undefined array key 0
in APPPATH\Controllers\News.php on line 154.
 1 APPPATH\Controllers\News.php(154): CodeIgniter\Debug\Exceptions->errorHandler(2, 'Undefined array key 0', 'APPPATH\\Controllers\\News.php', 154)
 2 SYSTEMPATH\CodeIgniter.php(927): App\Controllers\News->details_article_home()
 3 SYSTEMPATH\CodeIgniter.php(482): CodeIgniter\CodeIgniter->runController(Object(App\Controllers\News))
 4 SYSTEMPATH\CodeIgniter.php(351): CodeIgniter\CodeIgniter->handleRequest(null, Object(Config\Cache), false)
 5 FCPATH\index.php(67): CodeIgniter\CodeIgniter->run()
 6 SYSTEMPATH\Commands\Server\rewrite.php(46): require_once('FCPATH\\index.php')
CRITICAL - 2022-12-19 17:23:24 --> Undefined constant "App\Controllers\article"
in APPPATH\Controllers\News.php on line 153.
 1 SYSTEMPATH\CodeIgniter.php(927): App\Controllers\News->details_article_home()
 2 SYSTEMPATH\CodeIgniter.php(482): CodeIgniter\CodeIgniter->runController(Object(App\Controllers\News))
 3 SYSTEMPATH\CodeIgniter.php(351): CodeIgniter\CodeIgniter->handleRequest(null, Object(Config\Cache), false)
 4 FCPATH\index.php(67): CodeIgniter\CodeIgniter->run()
 5 SYSTEMPATH\Commands\Server\rewrite.php(46): require_once('FCPATH\\index.php')
CRITICAL - 2022-12-19 17:24:37 --> Call to undefined function dateFormat()
in APPPATH\Views\Articles\list_article_details.php on line 19.
 1 SYSTEMPATH\View\View.php(213): include()
 2 SYSTEMPATH\View\View.php(216): CodeIgniter\View\View->CodeIgniter\View\{closure}()
 3 SYSTEMPATH\Common.php(1134): CodeIgniter\View\View->render('Articles/list_article_details.php', [], true)
 4 APPPATH\Controllers\News.php(175): view('Articles/list_article_details.php', [...])
 5 SYSTEMPATH\CodeIgniter.php(927): App\Controllers\News->details_article_home()
 6 SYSTEMPATH\CodeIgniter.php(482): CodeIgniter\CodeIgniter->runController(Object(App\Controllers\News))
 7 SYSTEMPATH\CodeIgniter.php(351): CodeIgniter\CodeIgniter->handleRequest(null, Object(Config\Cache), false)
 8 FCPATH\index.php(67): CodeIgniter\CodeIgniter->run()
 9 SYSTEMPATH\Commands\Server\rewrite.php(46): require_once('FCPATH\\index.php')
CRITICAL - 2022-12-19 17:24:59 --> Undefined variable $articles
in APPPATH\Views\Articles\list_article_details.php on line 20.
 1 APPPATH\Views\Articles\list_article_details.php(20): CodeIgniter\Debug\Exceptions->errorHandler(2, 'Undefined variable $articles', 'APPPATH\\Views\\Articles\\list_article_details.php', 20)
 2 SYSTEMPATH\View\View.php(213): include('APPPATH\\Views\\Articles\\list_article_details.php')
 3 SYSTEMPATH\View\View.php(216): CodeIgniter\View\View->CodeIgniter\View\{closure}()
 4 SYSTEMPATH\Common.php(1134): CodeIgniter\View\View->render('Articles/list_article_details.php', [], true)
 5 APPPATH\Controllers\News.php(175): view('Articles/list_article_details.php', [...])
 6 SYSTEMPATH\CodeIgniter.php(927): App\Controllers\News->details_article_home()
 7 SYSTEMPATH\CodeIgniter.php(482): CodeIgniter\CodeIgniter->runController(Object(App\Controllers\News))
 8 SYSTEMPATH\CodeIgniter.php(351): CodeIgniter\CodeIgniter->handleRequest(null, Object(Config\Cache), false)
 9 FCPATH\index.php(67): CodeIgniter\CodeIgniter->run()
10 SYSTEMPATH\Commands\Server\rewrite.php(46): require_once('FCPATH\\index.php')
