CRITICAL - 2023-03-03 14:39:05 --> Undefined array key "image_url"
in APPPATH\Views\Home\result.php on line 85.
 1 APPPATH\Views\Home\result.php(85): CodeIgniter\Debug\Exceptions->errorHandler(2, 'Undefined array key "image_url"', 'APPPATH\\Views\\Home\\result.php', 85)
 2 SYSTEMPATH\View\View.php(213): include('APPPATH\\Views\\Home\\result.php')
 3 SYSTEMPATH\View\View.php(216): CodeIgniter\View\View->CodeIgniter\View\{closure}()
 4 SYSTEMPATH\Common.php(1134): CodeIgniter\View\View->render('Home/result.php', [], true)
 5 APPPATH\Controllers\Search.php(183): view('Home/result.php', [...])
 6 SYSTEMPATH\CodeIgniter.php(927): App\Controllers\Search->resultdata()
 7 SYSTEMPATH\CodeIgniter.php(482): CodeIgniter\CodeIgniter->runController(Object(App\Controllers\Search))
 8 SYSTEMPATH\CodeIgniter.php(351): CodeIgniter\CodeIgniter->handleRequest(null, Object(Config\Cache), false)
 9 FCPATH\index.php(67): CodeIgniter\CodeIgniter->run()
10 SYSTEMPATH\Commands\Server\rewrite.php(46): require_once('FCPATH\\index.php')
CRITICAL - 2023-03-03 16:51:48 --> Undefined array key "id_tag"
in APPPATH\Models\ArticleModel.php on line 307.
 1 APPPATH\Models\ArticleModel.php(307): CodeIgniter\Debug\Exceptions->errorHandler(2, 'Undefined array key "id_tag"', 'APPPATH\\Models\\ArticleModel.php', 307)
 2 APPPATH\Controllers\DashBoard.php(210): App\Models\ArticleModel->triTagArticle([...])
 3 SYSTEMPATH\CodeIgniter.php(927): App\Controllers\DashBoard->listarticles()
 4 SYSTEMPATH\CodeIgniter.php(482): CodeIgniter\CodeIgniter->runController(Object(App\Controllers\DashBoard))
 5 SYSTEMPATH\CodeIgniter.php(351): CodeIgniter\CodeIgniter->handleRequest(null, Object(Config\Cache), false)
 6 FCPATH\index.php(67): CodeIgniter\CodeIgniter->run()
 7 SYSTEMPATH\Commands\Server\rewrite.php(46): require_once('FCPATH\\index.php')
