CRITICAL - 2023-01-16 12:46:32 --> Undefined variable $headerColor
in APPPATH\Views\Admin\list_article_admin.php on line 5.
 1 APPPATH\Views\Admin\list_article_admin.php(5): CodeIgniter\Debug\Exceptions->errorHandler(2, 'Undefined variable $headerColor', 'APPPATH\\Views\\Admin\\list_article_admin.php', 5)
 2 SYSTEMPATH\View\View.php(213): include('APPPATH\\Views\\Admin\\list_article_admin.php')
 3 SYSTEMPATH\View\View.php(216): CodeIgniter\View\View->CodeIgniter\View\{closure}()
 4 SYSTEMPATH\Common.php(1134): CodeIgniter\View\View->render('Admin/list_article_admin.php', [], true)
 5 APPPATH\Controllers\DashBoard.php(328): view('Admin/list_article_admin.php', [...])
 6 SYSTEMPATH\CodeIgniter.php(927): App\Controllers\DashBoard->listarticles()
 7 SYSTEMPATH\CodeIgniter.php(482): CodeIgniter\CodeIgniter->runController(Object(App\Controllers\DashBoard))
 8 SYSTEMPATH\CodeIgniter.php(351): CodeIgniter\CodeIgniter->handleRequest(null, Object(Config\Cache), false)
 9 FCPATH\index.php(67): CodeIgniter\CodeIgniter->run()
10 SYSTEMPATH\Commands\Server\rewrite.php(46): require_once('FCPATH\\index.php')
CRITICAL - 2023-01-16 13:06:29 --> Undefined variable $headerColor
in APPPATH\Views\Admin\list_privileges.php on line 6.
 1 APPPATH\Views\Admin\list_privileges.php(6): CodeIgniter\Debug\Exceptions->errorHandler(2, 'Undefined variable $headerColor', 'APPPATH\\Views\\Admin\\list_privileges.php', 6)
 2 SYSTEMPATH\View\View.php(213): include('APPPATH\\Views\\Admin\\list_privileges.php')
 3 SYSTEMPATH\View\View.php(216): CodeIgniter\View\View->CodeIgniter\View\{closure}()
 4 SYSTEMPATH\Common.php(1134): CodeIgniter\View\View->render('Admin/list_privileges.php', [], true)
 5 APPPATH\Controllers\DashBoard.php(277): view('Admin/list_privileges.php', [...])
 6 SYSTEMPATH\CodeIgniter.php(927): App\Controllers\DashBoard->privileges()
 7 SYSTEMPATH\CodeIgniter.php(482): CodeIgniter\CodeIgniter->runController(Object(App\Controllers\DashBoard))
 8 SYSTEMPATH\CodeIgniter.php(351): CodeIgniter\CodeIgniter->handleRequest(null, Object(Config\Cache), false)
 9 FCPATH\index.php(67): CodeIgniter\CodeIgniter->run()
10 SYSTEMPATH\Commands\Server\rewrite.php(46): require_once('FCPATH\\index.php')
ERROR - 2023-01-16 13:43:21 --> mysqli_sql_exception: Unknown column 'media_id_media' in 'field list' in C:\xampp\htdocs\MaFormation\system\Database\MySQLi\Connection.php:292
Stack trace:
#0 C:\xampp\htdocs\MaFormation\system\Database\MySQLi\Connection.php(292): mysqli->query('INSERT INTO `ar...', 0)
#1 C:\xampp\htdocs\MaFormation\system\Database\BaseConnection.php(666): CodeIgniter\Database\MySQLi\Connection->execute('INSERT INTO `ar...')
#2 C:\xampp\htdocs\MaFormation\system\Database\BaseConnection.php(593): CodeIgniter\Database\BaseConnection->simpleQuery('INSERT INTO `ar...')
#3 C:\xampp\htdocs\MaFormation\system\Database\BaseBuilder.php(1916): CodeIgniter\Database\BaseConnection->query('INSERT INTO `ar...', Array, false)
#4 C:\xampp\htdocs\MaFormation\system\Model.php(279): CodeIgniter\Database\BaseBuilder->insert()
#5 C:\xampp\htdocs\MaFormation\system\BaseModel.php(749): CodeIgniter\Model->doInsert(Array)
#6 C:\xampp\htdocs\MaFormation\system\Model.php(667): CodeIgniter\BaseModel->insert(Array, true)
#7 C:\xampp\htdocs\MaFormation\app\Controllers\News.php(88): CodeIgniter\Model->insert(Array)
#8 C:\xampp\htdocs\MaFormation\system\CodeIgniter.php(927): App\Controllers\News->articles_edit()
#9 C:\xampp\htdocs\MaFormation\system\CodeIgniter.php(482): CodeIgniter\CodeIgniter->runController(Object(App\Controllers\News))
#10 C:\xampp\htdocs\MaFormation\system\CodeIgniter.php(351): CodeIgniter\CodeIgniter->handleRequest(NULL, Object(Config\Cache), false)
#11 C:\xampp\htdocs\MaFormation\public\index.php(67): CodeIgniter\CodeIgniter->run()
#12 C:\xampp\htdocs\MaFormation\system\Commands\Server\rewrite.php(46): require_once('C:\\xampp\\htdocs...')
#13 {main}
CRITICAL - 2023-01-16 13:43:21 --> Unknown column 'media_id_media' in 'field list'
in SYSTEMPATH\Database\MySQLi\Connection.php on line 292.
 1 SYSTEMPATH\Database\MySQLi\Connection.php(292): mysqli->query('INSERT INTO `article` (`subject`, `description`, `datetime`, `media_id_media`, `status`, `id_tag`) VALUES (\'Php sous Linux\', \'\', \'2023-01-16 13:43:21\', 0, 2, 27)', 0)
 2 SYSTEMPATH\Database\BaseConnection.php(666): CodeIgniter\Database\MySQLi\Connection->execute('INSERT INTO `article` (`subject`, `description`, `datetime`, `media_id_media`, `status`, `id_tag`) VALUES (\'Php sous Linux\', \'\', \'2023-01-16 13:43:21\', 0, 2, 27)')
 3 SYSTEMPATH\Database\BaseConnection.php(593): CodeIgniter\Database\BaseConnection->simpleQuery('INSERT INTO `article` (`subject`, `description`, `datetime`, `media_id_media`, `status`, `id_tag`) VALUES (\'Php sous Linux\', \'\', \'2023-01-16 13:43:21\', 0, 2, 27)')
 4 SYSTEMPATH\Database\BaseBuilder.php(1916): CodeIgniter\Database\BaseConnection->query('INSERT INTO `article` (`subject`, `description`, `datetime`, `media_id_media`, `status`, `id_tag`) VALUES (:subject:, :description:, :datetime:, :media_id_media:, :status:, :id_tag:)', [...], false)
 5 SYSTEMPATH\Model.php(279): CodeIgniter\Database\BaseBuilder->insert()
 6 SYSTEMPATH\BaseModel.php(749): CodeIgniter\Model->doInsert([...])
 7 SYSTEMPATH\Model.php(667): CodeIgniter\BaseModel->insert([...], true)
 8 APPPATH\Controllers\News.php(88): CodeIgniter\Model->insert([...])
 9 SYSTEMPATH\CodeIgniter.php(927): App\Controllers\News->articles_edit()
10 SYSTEMPATH\CodeIgniter.php(482): CodeIgniter\CodeIgniter->runController(Object(App\Controllers\News))
11 SYSTEMPATH\CodeIgniter.php(351): CodeIgniter\CodeIgniter->handleRequest(null, Object(Config\Cache), false)
12 FCPATH\index.php(67): CodeIgniter\CodeIgniter->run()
13 SYSTEMPATH\Commands\Server\rewrite.php(46): require_once('FCPATH\\index.php')
CRITICAL - 2023-01-16 16:12:04 --> Trying to access array offset on value of type null
in APPPATH\Controllers\Admin.php on line 199.
 1 APPPATH\Controllers\Admin.php(199): CodeIgniter\Debug\Exceptions->errorHandler(2, 'Trying to access array offset on value of type null', 'APPPATH\\Controllers\\Admin.php', 199)
 2 SYSTEMPATH\CodeIgniter.php(927): App\Controllers\Admin->add_admin()
 3 SYSTEMPATH\CodeIgniter.php(482): CodeIgniter\CodeIgniter->runController(Object(App\Controllers\Admin))
 4 SYSTEMPATH\CodeIgniter.php(351): CodeIgniter\CodeIgniter->handleRequest(null, Object(Config\Cache), false)
 5 FCPATH\index.php(67): CodeIgniter\CodeIgniter->run()
 6 SYSTEMPATH\Commands\Server\rewrite.php(46): require_once('FCPATH\\index.php')
CRITICAL - 2023-01-16 16:21:19 --> Trying to access array offset on value of type null
in APPPATH\Controllers\Admin.php on line 199.
 1 APPPATH\Controllers\Admin.php(199): CodeIgniter\Debug\Exceptions->errorHandler(2, 'Trying to access array offset on value of type null', 'APPPATH\\Controllers\\Admin.php', 199)
 2 SYSTEMPATH\CodeIgniter.php(927): App\Controllers\Admin->add_admin()
 3 SYSTEMPATH\CodeIgniter.php(482): CodeIgniter\CodeIgniter->runController(Object(App\Controllers\Admin))
 4 SYSTEMPATH\CodeIgniter.php(351): CodeIgniter\CodeIgniter->handleRequest(null, Object(Config\Cache), false)
 5 FCPATH\index.php(67): CodeIgniter\CodeIgniter->run()
 6 SYSTEMPATH\Commands\Server\rewrite.php(46): require_once('FCPATH\\index.php')
CRITICAL - 2023-01-16 16:23:57 --> Trying to access array offset on value of type null
in APPPATH\Controllers\Admin.php on line 199.
 1 APPPATH\Controllers\Admin.php(199): CodeIgniter\Debug\Exceptions->errorHandler(2, 'Trying to access array offset on value of type null', 'APPPATH\\Controllers\\Admin.php', 199)
 2 SYSTEMPATH\CodeIgniter.php(927): App\Controllers\Admin->add_admin()
 3 SYSTEMPATH\CodeIgniter.php(482): CodeIgniter\CodeIgniter->runController(Object(App\Controllers\Admin))
 4 SYSTEMPATH\CodeIgniter.php(351): CodeIgniter\CodeIgniter->handleRequest(null, Object(Config\Cache), false)
 5 FCPATH\index.php(67): CodeIgniter\CodeIgniter->run()
 6 SYSTEMPATH\Commands\Server\rewrite.php(46): require_once('FCPATH\\index.php')
CRITICAL - 2023-01-16 17:14:38 --> Undefined variable $headerColor
in APPPATH\Views\Admin\dashboard_publishes_admin.php on line 5.
 1 APPPATH\Views\Admin\dashboard_publishes_admin.php(5): CodeIgniter\Debug\Exceptions->errorHandler(2, 'Undefined variable $headerColor', 'APPPATH\\Views\\Admin\\dashboard_publishes_admin.php', 5)
 2 SYSTEMPATH\View\View.php(213): include('APPPATH\\Views\\Admin\\dashboard_publishes_admin.php')
 3 SYSTEMPATH\View\View.php(216): CodeIgniter\View\View->CodeIgniter\View\{closure}()
 4 SYSTEMPATH\Common.php(1134): CodeIgniter\View\View->render('Admin/dashboard_publishes_admin.php', [], true)
 5 APPPATH\Controllers\DashBoard.php(764): view('Admin/dashboard_publishes_admin.php', [...])
 6 SYSTEMPATH\CodeIgniter.php(927): App\Controllers\DashBoard->dashboard_publishes()
 7 SYSTEMPATH\CodeIgniter.php(482): CodeIgniter\CodeIgniter->runController(Object(App\Controllers\DashBoard))
 8 SYSTEMPATH\CodeIgniter.php(351): CodeIgniter\CodeIgniter->handleRequest(null, Object(Config\Cache), false)
 9 FCPATH\index.php(67): CodeIgniter\CodeIgniter->run()
10 SYSTEMPATH\Commands\Server\rewrite.php(46): require_once('FCPATH\\index.php')
CRITICAL - 2023-01-16 17:38:38 --> Undefined array key "user"
in APPPATH\Views\Admin\dashboard_publishes_admin.php on line 27.
 1 APPPATH\Views\Admin\dashboard_publishes_admin.php(27): CodeIgniter\Debug\Exceptions->errorHandler(2, 'Undefined array key "user"', 'APPPATH\\Views\\Admin\\dashboard_publishes_admin.php', 27)
 2 SYSTEMPATH\View\View.php(213): include('APPPATH\\Views\\Admin\\dashboard_publishes_admin.php')
 3 SYSTEMPATH\View\View.php(216): CodeIgniter\View\View->CodeIgniter\View\{closure}()
 4 SYSTEMPATH\Common.php(1134): CodeIgniter\View\View->render('Admin/dashboard_publishes_admin.php', [], true)
 5 APPPATH\Controllers\DashBoard.php(769): view('Admin/dashboard_publishes_admin.php', [...])
 6 SYSTEMPATH\CodeIgniter.php(927): App\Controllers\DashBoard->dashboard_publishes()
 7 SYSTEMPATH\CodeIgniter.php(482): CodeIgniter\CodeIgniter->runController(Object(App\Controllers\DashBoard))
 8 SYSTEMPATH\CodeIgniter.php(351): CodeIgniter\CodeIgniter->handleRequest(null, Object(Config\Cache), false)
 9 FCPATH\index.php(67): CodeIgniter\CodeIgniter->run()
10 SYSTEMPATH\Commands\Server\rewrite.php(46): require_once('FCPATH\\index.php')
CRITICAL - 2023-01-16 17:53:07 --> Undefined array key "user"
in APPPATH\Views\Admin\dashboard_publishes_admin.php on line 27.
 1 APPPATH\Views\Admin\dashboard_publishes_admin.php(27): CodeIgniter\Debug\Exceptions->errorHandler(2, 'Undefined array key "user"', 'APPPATH\\Views\\Admin\\dashboard_publishes_admin.php', 27)
 2 SYSTEMPATH\View\View.php(213): include('APPPATH\\Views\\Admin\\dashboard_publishes_admin.php')
 3 SYSTEMPATH\View\View.php(216): CodeIgniter\View\View->CodeIgniter\View\{closure}()
 4 SYSTEMPATH\Common.php(1134): CodeIgniter\View\View->render('Admin/dashboard_publishes_admin.php', [], true)
 5 APPPATH\Controllers\DashBoard.php(770): view('Admin/dashboard_publishes_admin.php', [...])
 6 SYSTEMPATH\CodeIgniter.php(927): App\Controllers\DashBoard->dashboard_publishes()
 7 SYSTEMPATH\CodeIgniter.php(482): CodeIgniter\CodeIgniter->runController(Object(App\Controllers\DashBoard))
 8 SYSTEMPATH\CodeIgniter.php(351): CodeIgniter\CodeIgniter->handleRequest(null, Object(Config\Cache), false)
 9 FCPATH\index.php(67): CodeIgniter\CodeIgniter->run()
10 SYSTEMPATH\Commands\Server\rewrite.php(46): require_once('FCPATH\\index.php')
CRITICAL - 2023-01-16 17:53:38 --> Undefined array key "article"
in APPPATH\Views\Admin\dashboard_publishes_admin.php on line 41.
 1 APPPATH\Views\Admin\dashboard_publishes_admin.php(41): CodeIgniter\Debug\Exceptions->errorHandler(2, 'Undefined array key "article"', 'APPPATH\\Views\\Admin\\dashboard_publishes_admin.php', 41)
 2 SYSTEMPATH\View\View.php(213): include('APPPATH\\Views\\Admin\\dashboard_publishes_admin.php')
 3 SYSTEMPATH\View\View.php(216): CodeIgniter\View\View->CodeIgniter\View\{closure}()
 4 SYSTEMPATH\Common.php(1134): CodeIgniter\View\View->render('Admin/dashboard_publishes_admin.php', [], true)
 5 APPPATH\Controllers\DashBoard.php(771): view('Admin/dashboard_publishes_admin.php', [...])
 6 SYSTEMPATH\CodeIgniter.php(927): App\Controllers\DashBoard->dashboard_publishes()
 7 SYSTEMPATH\CodeIgniter.php(482): CodeIgniter\CodeIgniter->runController(Object(App\Controllers\DashBoard))
 8 SYSTEMPATH\CodeIgniter.php(351): CodeIgniter\CodeIgniter->handleRequest(null, Object(Config\Cache), false)
 9 FCPATH\index.php(67): CodeIgniter\CodeIgniter->run()
10 SYSTEMPATH\Commands\Server\rewrite.php(46): require_once('FCPATH\\index.php')
CRITICAL - 2023-01-16 18:11:54 --> Undefined variable $i
in APPPATH\Views\Admin\dashboard_publishes_admin.php on line 56.
 1 APPPATH\Views\Admin\dashboard_publishes_admin.php(56): CodeIgniter\Debug\Exceptions->errorHandler(2, 'Undefined variable $i', 'APPPATH\\Views\\Admin\\dashboard_publishes_admin.php', 56)
 2 SYSTEMPATH\View\View.php(213): include('APPPATH\\Views\\Admin\\dashboard_publishes_admin.php')
 3 SYSTEMPATH\View\View.php(216): CodeIgniter\View\View->CodeIgniter\View\{closure}()
 4 SYSTEMPATH\Common.php(1134): CodeIgniter\View\View->render('Admin/dashboard_publishes_admin.php', [], true)
 5 APPPATH\Controllers\DashBoard.php(771): view('Admin/dashboard_publishes_admin.php', [...])
 6 SYSTEMPATH\CodeIgniter.php(927): App\Controllers\DashBoard->dashboard_publishes()
 7 SYSTEMPATH\CodeIgniter.php(482): CodeIgniter\CodeIgniter->runController(Object(App\Controllers\DashBoard))
 8 SYSTEMPATH\CodeIgniter.php(351): CodeIgniter\CodeIgniter->handleRequest(null, Object(Config\Cache), false)
 9 FCPATH\index.php(67): CodeIgniter\CodeIgniter->run()
10 SYSTEMPATH\Commands\Server\rewrite.php(46): require_once('FCPATH\\index.php')
CRITICAL - 2023-01-16 20:09:15 --> Undefined variable $listpublishes
in APPPATH\Views\Admin\dashboard_publishes_admin.php on line 15.
 1 APPPATH\Views\Admin\dashboard_publishes_admin.php(15): CodeIgniter\Debug\Exceptions->errorHandler(2, 'Undefined variable $listpublishes', 'APPPATH\\Views\\Admin\\dashboard_publishes_admin.php', 15)
 2 SYSTEMPATH\View\View.php(213): include('APPPATH\\Views\\Admin\\dashboard_publishes_admin.php')
 3 SYSTEMPATH\View\View.php(216): CodeIgniter\View\View->CodeIgniter\View\{closure}()
 4 SYSTEMPATH\Common.php(1134): CodeIgniter\View\View->render('Admin/dashboard_publishes_admin.php', [], true)
 5 APPPATH\Controllers\DashBoard.php(775): view('Admin/dashboard_publishes_admin.php', [...])
 6 SYSTEMPATH\CodeIgniter.php(927): App\Controllers\DashBoard->dashboard_publishes()
 7 SYSTEMPATH\CodeIgniter.php(482): CodeIgniter\CodeIgniter->runController(Object(App\Controllers\DashBoard))
 8 SYSTEMPATH\CodeIgniter.php(351): CodeIgniter\CodeIgniter->handleRequest(null, Object(Config\Cache), false)
 9 FCPATH\index.php(67): CodeIgniter\CodeIgniter->run()
10 SYSTEMPATH\Commands\Server\rewrite.php(46): require_once('FCPATH\\index.php')
CRITICAL - 2023-01-16 20:09:29 --> Undefined variable $listpublishes
in APPPATH\Views\Admin\dashboard_publishes_admin.php on line 15.
 1 APPPATH\Views\Admin\dashboard_publishes_admin.php(15): CodeIgniter\Debug\Exceptions->errorHandler(2, 'Undefined variable $listpublishes', 'APPPATH\\Views\\Admin\\dashboard_publishes_admin.php', 15)
 2 SYSTEMPATH\View\View.php(213): include('APPPATH\\Views\\Admin\\dashboard_publishes_admin.php')
 3 SYSTEMPATH\View\View.php(216): CodeIgniter\View\View->CodeIgniter\View\{closure}()
 4 SYSTEMPATH\Common.php(1134): CodeIgniter\View\View->render('Admin/dashboard_publishes_admin.php', [], true)
 5 APPPATH\Controllers\DashBoard.php(775): view('Admin/dashboard_publishes_admin.php', [...])
 6 SYSTEMPATH\CodeIgniter.php(927): App\Controllers\DashBoard->dashboard_publishes()
 7 SYSTEMPATH\CodeIgniter.php(482): CodeIgniter\CodeIgniter->runController(Object(App\Controllers\DashBoard))
 8 SYSTEMPATH\CodeIgniter.php(351): CodeIgniter\CodeIgniter->handleRequest(null, Object(Config\Cache), false)
 9 FCPATH\index.php(67): CodeIgniter\CodeIgniter->run()
10 SYSTEMPATH\Commands\Server\rewrite.php(46): require_once('FCPATH\\index.php')
CRITICAL - 2023-01-16 20:09:30 --> Undefined variable $listpublishes
in APPPATH\Views\Admin\dashboard_publishes_admin.php on line 15.
 1 APPPATH\Views\Admin\dashboard_publishes_admin.php(15): CodeIgniter\Debug\Exceptions->errorHandler(2, 'Undefined variable $listpublishes', 'APPPATH\\Views\\Admin\\dashboard_publishes_admin.php', 15)
 2 SYSTEMPATH\View\View.php(213): include('APPPATH\\Views\\Admin\\dashboard_publishes_admin.php')
 3 SYSTEMPATH\View\View.php(216): CodeIgniter\View\View->CodeIgniter\View\{closure}()
 4 SYSTEMPATH\Common.php(1134): CodeIgniter\View\View->render('Admin/dashboard_publishes_admin.php', [], true)
 5 APPPATH\Controllers\DashBoard.php(775): view('Admin/dashboard_publishes_admin.php', [...])
 6 SYSTEMPATH\CodeIgniter.php(927): App\Controllers\DashBoard->dashboard_publishes()
 7 SYSTEMPATH\CodeIgniter.php(482): CodeIgniter\CodeIgniter->runController(Object(App\Controllers\DashBoard))
 8 SYSTEMPATH\CodeIgniter.php(351): CodeIgniter\CodeIgniter->handleRequest(null, Object(Config\Cache), false)
 9 FCPATH\index.php(67): CodeIgniter\CodeIgniter->run()
10 SYSTEMPATH\Commands\Server\rewrite.php(46): require_once('FCPATH\\index.php')
CRITICAL - 2023-01-16 20:09:31 --> Undefined variable $listpublishes
in APPPATH\Views\Admin\dashboard_publishes_admin.php on line 15.
 1 APPPATH\Views\Admin\dashboard_publishes_admin.php(15): CodeIgniter\Debug\Exceptions->errorHandler(2, 'Undefined variable $listpublishes', 'APPPATH\\Views\\Admin\\dashboard_publishes_admin.php', 15)
 2 SYSTEMPATH\View\View.php(213): include('APPPATH\\Views\\Admin\\dashboard_publishes_admin.php')
 3 SYSTEMPATH\View\View.php(216): CodeIgniter\View\View->CodeIgniter\View\{closure}()
 4 SYSTEMPATH\Common.php(1134): CodeIgniter\View\View->render('Admin/dashboard_publishes_admin.php', [], true)
 5 APPPATH\Controllers\DashBoard.php(775): view('Admin/dashboard_publishes_admin.php', [...])
 6 SYSTEMPATH\CodeIgniter.php(927): App\Controllers\DashBoard->dashboard_publishes()
 7 SYSTEMPATH\CodeIgniter.php(482): CodeIgniter\CodeIgniter->runController(Object(App\Controllers\DashBoard))
 8 SYSTEMPATH\CodeIgniter.php(351): CodeIgniter\CodeIgniter->handleRequest(null, Object(Config\Cache), false)
 9 FCPATH\index.php(67): CodeIgniter\CodeIgniter->run()
10 SYSTEMPATH\Commands\Server\rewrite.php(46): require_once('FCPATH\\index.php')
CRITICAL - 2023-01-16 20:09:31 --> Undefined variable $listpublishes
in APPPATH\Views\Admin\dashboard_publishes_admin.php on line 15.
 1 APPPATH\Views\Admin\dashboard_publishes_admin.php(15): CodeIgniter\Debug\Exceptions->errorHandler(2, 'Undefined variable $listpublishes', 'APPPATH\\Views\\Admin\\dashboard_publishes_admin.php', 15)
 2 SYSTEMPATH\View\View.php(213): include('APPPATH\\Views\\Admin\\dashboard_publishes_admin.php')
 3 SYSTEMPATH\View\View.php(216): CodeIgniter\View\View->CodeIgniter\View\{closure}()
 4 SYSTEMPATH\Common.php(1134): CodeIgniter\View\View->render('Admin/dashboard_publishes_admin.php', [], true)
 5 APPPATH\Controllers\DashBoard.php(775): view('Admin/dashboard_publishes_admin.php', [...])
 6 SYSTEMPATH\CodeIgniter.php(927): App\Controllers\DashBoard->dashboard_publishes()
 7 SYSTEMPATH\CodeIgniter.php(482): CodeIgniter\CodeIgniter->runController(Object(App\Controllers\DashBoard))
 8 SYSTEMPATH\CodeIgniter.php(351): CodeIgniter\CodeIgniter->handleRequest(null, Object(Config\Cache), false)
 9 FCPATH\index.php(67): CodeIgniter\CodeIgniter->run()
10 SYSTEMPATH\Commands\Server\rewrite.php(46): require_once('FCPATH\\index.php')
CRITICAL - 2023-01-16 20:09:36 --> Undefined variable $listpublishes
in APPPATH\Views\Admin\dashboard_publishes_admin.php on line 15.
 1 APPPATH\Views\Admin\dashboard_publishes_admin.php(15): CodeIgniter\Debug\Exceptions->errorHandler(2, 'Undefined variable $listpublishes', 'APPPATH\\Views\\Admin\\dashboard_publishes_admin.php', 15)
 2 SYSTEMPATH\View\View.php(213): include('APPPATH\\Views\\Admin\\dashboard_publishes_admin.php')
 3 SYSTEMPATH\View\View.php(216): CodeIgniter\View\View->CodeIgniter\View\{closure}()
 4 SYSTEMPATH\Common.php(1134): CodeIgniter\View\View->render('Admin/dashboard_publishes_admin.php', [], true)
 5 APPPATH\Controllers\DashBoard.php(775): view('Admin/dashboard_publishes_admin.php', [...])
 6 SYSTEMPATH\CodeIgniter.php(927): App\Controllers\DashBoard->dashboard_publishes()
 7 SYSTEMPATH\CodeIgniter.php(482): CodeIgniter\CodeIgniter->runController(Object(App\Controllers\DashBoard))
 8 SYSTEMPATH\CodeIgniter.php(351): CodeIgniter\CodeIgniter->handleRequest(null, Object(Config\Cache), false)
 9 FCPATH\index.php(67): CodeIgniter\CodeIgniter->run()
10 SYSTEMPATH\Commands\Server\rewrite.php(46): require_once('FCPATH\\index.php')
CRITICAL - 2023-01-16 20:09:36 --> Undefined variable $listpublishes
in APPPATH\Views\Admin\dashboard_publishes_admin.php on line 15.
 1 APPPATH\Views\Admin\dashboard_publishes_admin.php(15): CodeIgniter\Debug\Exceptions->errorHandler(2, 'Undefined variable $listpublishes', 'APPPATH\\Views\\Admin\\dashboard_publishes_admin.php', 15)
 2 SYSTEMPATH\View\View.php(213): include('APPPATH\\Views\\Admin\\dashboard_publishes_admin.php')
 3 SYSTEMPATH\View\View.php(216): CodeIgniter\View\View->CodeIgniter\View\{closure}()
 4 SYSTEMPATH\Common.php(1134): CodeIgniter\View\View->render('Admin/dashboard_publishes_admin.php', [], true)
 5 APPPATH\Controllers\DashBoard.php(775): view('Admin/dashboard_publishes_admin.php', [...])
 6 SYSTEMPATH\CodeIgniter.php(927): App\Controllers\DashBoard->dashboard_publishes()
 7 SYSTEMPATH\CodeIgniter.php(482): CodeIgniter\CodeIgniter->runController(Object(App\Controllers\DashBoard))
 8 SYSTEMPATH\CodeIgniter.php(351): CodeIgniter\CodeIgniter->handleRequest(null, Object(Config\Cache), false)
 9 FCPATH\index.php(67): CodeIgniter\CodeIgniter->run()
10 SYSTEMPATH\Commands\Server\rewrite.php(46): require_once('FCPATH\\index.php')
CRITICAL - 2023-01-16 20:09:37 --> Undefined variable $headerColor
in APPPATH\Views\Admin\list_publishes_admin.php on line 5.
 1 APPPATH\Views\Admin\list_publishes_admin.php(5): CodeIgniter\Debug\Exceptions->errorHandler(2, 'Undefined variable $headerColor', 'APPPATH\\Views\\Admin\\list_publishes_admin.php', 5)
 2 SYSTEMPATH\View\View.php(213): include('APPPATH\\Views\\Admin\\list_publishes_admin.php')
 3 SYSTEMPATH\View\View.php(216): CodeIgniter\View\View->CodeIgniter\View\{closure}()
 4 SYSTEMPATH\Common.php(1134): CodeIgniter\View\View->render('Admin/list_publishes_admin.php', [], true)
 5 APPPATH\Controllers\DashBoard.php(407): view('Admin/list_publishes_admin.php', [...])
 6 SYSTEMPATH\CodeIgniter.php(927): App\Controllers\DashBoard->listpublishes()
 7 SYSTEMPATH\CodeIgniter.php(482): CodeIgniter\CodeIgniter->runController(Object(App\Controllers\DashBoard))
 8 SYSTEMPATH\CodeIgniter.php(351): CodeIgniter\CodeIgniter->handleRequest(null, Object(Config\Cache), false)
 9 FCPATH\index.php(67): CodeIgniter\CodeIgniter->run()
10 SYSTEMPATH\Commands\Server\rewrite.php(46): require_once('FCPATH\\index.php')
CRITICAL - 2023-01-16 20:09:47 --> Undefined variable $listpublishes
in APPPATH\Views\Admin\dashboard_publishes_admin.php on line 15.
 1 APPPATH\Views\Admin\dashboard_publishes_admin.php(15): CodeIgniter\Debug\Exceptions->errorHandler(2, 'Undefined variable $listpublishes', 'APPPATH\\Views\\Admin\\dashboard_publishes_admin.php', 15)
 2 SYSTEMPATH\View\View.php(213): include('APPPATH\\Views\\Admin\\dashboard_publishes_admin.php')
 3 SYSTEMPATH\View\View.php(216): CodeIgniter\View\View->CodeIgniter\View\{closure}()
 4 SYSTEMPATH\Common.php(1134): CodeIgniter\View\View->render('Admin/dashboard_publishes_admin.php', [], true)
 5 APPPATH\Controllers\DashBoard.php(775): view('Admin/dashboard_publishes_admin.php', [...])
 6 SYSTEMPATH\CodeIgniter.php(927): App\Controllers\DashBoard->dashboard_publishes()
 7 SYSTEMPATH\CodeIgniter.php(482): CodeIgniter\CodeIgniter->runController(Object(App\Controllers\DashBoard))
 8 SYSTEMPATH\CodeIgniter.php(351): CodeIgniter\CodeIgniter->handleRequest(null, Object(Config\Cache), false)
 9 FCPATH\index.php(67): CodeIgniter\CodeIgniter->run()
10 SYSTEMPATH\Commands\Server\rewrite.php(46): require_once('FCPATH\\index.php')
CRITICAL - 2023-01-16 20:12:43 --> Undefined variable $headerColor
in APPPATH\Views\Admin\list_publishes_admin.php on line 5.
 1 APPPATH\Views\Admin\list_publishes_admin.php(5): CodeIgniter\Debug\Exceptions->errorHandler(2, 'Undefined variable $headerColor', 'APPPATH\\Views\\Admin\\list_publishes_admin.php', 5)
 2 SYSTEMPATH\View\View.php(213): include('APPPATH\\Views\\Admin\\list_publishes_admin.php')
 3 SYSTEMPATH\View\View.php(216): CodeIgniter\View\View->CodeIgniter\View\{closure}()
 4 SYSTEMPATH\Common.php(1134): CodeIgniter\View\View->render('Admin/list_publishes_admin.php', [], true)
 5 APPPATH\Controllers\DashBoard.php(407): view('Admin/list_publishes_admin.php', [...])
 6 SYSTEMPATH\CodeIgniter.php(927): App\Controllers\DashBoard->listpublishes()
 7 SYSTEMPATH\CodeIgniter.php(482): CodeIgniter\CodeIgniter->runController(Object(App\Controllers\DashBoard))
 8 SYSTEMPATH\CodeIgniter.php(351): CodeIgniter\CodeIgniter->handleRequest(null, Object(Config\Cache), false)
 9 FCPATH\index.php(67): CodeIgniter\CodeIgniter->run()
10 SYSTEMPATH\Commands\Server\rewrite.php(46): require_once('FCPATH\\index.php')
CRITICAL - 2023-01-16 20:14:59 --> Undefined variable $headerColor
in APPPATH\Views\Admin\list_publishes_admin.php on line 5.
 1 APPPATH\Views\Admin\list_publishes_admin.php(5): CodeIgniter\Debug\Exceptions->errorHandler(2, 'Undefined variable $headerColor', 'APPPATH\\Views\\Admin\\list_publishes_admin.php', 5)
 2 SYSTEMPATH\View\View.php(213): include('APPPATH\\Views\\Admin\\list_publishes_admin.php')
 3 SYSTEMPATH\View\View.php(216): CodeIgniter\View\View->CodeIgniter\View\{closure}()
 4 SYSTEMPATH\Common.php(1134): CodeIgniter\View\View->render('Admin/list_publishes_admin.php', [], true)
 5 APPPATH\Controllers\DashBoard.php(408): view('Admin/list_publishes_admin.php', [...])
 6 SYSTEMPATH\CodeIgniter.php(927): App\Controllers\DashBoard->listpublishes()
 7 SYSTEMPATH\CodeIgniter.php(482): CodeIgniter\CodeIgniter->runController(Object(App\Controllers\DashBoard))
 8 SYSTEMPATH\CodeIgniter.php(351): CodeIgniter\CodeIgniter->handleRequest(null, Object(Config\Cache), false)
 9 FCPATH\index.php(67): CodeIgniter\CodeIgniter->run()
10 SYSTEMPATH\Commands\Server\rewrite.php(46): require_once('FCPATH\\index.php')
CRITICAL - 2023-01-16 20:15:01 --> Undefined variable $headerColor
in APPPATH\Views\Admin\list_publishes_admin.php on line 5.
 1 APPPATH\Views\Admin\list_publishes_admin.php(5): CodeIgniter\Debug\Exceptions->errorHandler(2, 'Undefined variable $headerColor', 'APPPATH\\Views\\Admin\\list_publishes_admin.php', 5)
 2 SYSTEMPATH\View\View.php(213): include('APPPATH\\Views\\Admin\\list_publishes_admin.php')
 3 SYSTEMPATH\View\View.php(216): CodeIgniter\View\View->CodeIgniter\View\{closure}()
 4 SYSTEMPATH\Common.php(1134): CodeIgniter\View\View->render('Admin/list_publishes_admin.php', [], true)
 5 APPPATH\Controllers\DashBoard.php(408): view('Admin/list_publishes_admin.php', [...])
 6 SYSTEMPATH\CodeIgniter.php(927): App\Controllers\DashBoard->listpublishes()
 7 SYSTEMPATH\CodeIgniter.php(482): CodeIgniter\CodeIgniter->runController(Object(App\Controllers\DashBoard))
 8 SYSTEMPATH\CodeIgniter.php(351): CodeIgniter\CodeIgniter->handleRequest(null, Object(Config\Cache), false)
 9 FCPATH\index.php(67): CodeIgniter\CodeIgniter->run()
10 SYSTEMPATH\Commands\Server\rewrite.php(46): require_once('FCPATH\\index.php')
CRITICAL - 2023-01-16 20:15:09 --> Undefined variable $headerColor
in APPPATH\Views\Admin\list_publishes_admin.php on line 5.
 1 APPPATH\Views\Admin\list_publishes_admin.php(5): CodeIgniter\Debug\Exceptions->errorHandler(2, 'Undefined variable $headerColor', 'APPPATH\\Views\\Admin\\list_publishes_admin.php', 5)
 2 SYSTEMPATH\View\View.php(213): include('APPPATH\\Views\\Admin\\list_publishes_admin.php')
 3 SYSTEMPATH\View\View.php(216): CodeIgniter\View\View->CodeIgniter\View\{closure}()
 4 SYSTEMPATH\Common.php(1134): CodeIgniter\View\View->render('Admin/list_publishes_admin.php', [], true)
 5 APPPATH\Controllers\DashBoard.php(408): view('Admin/list_publishes_admin.php', [...])
 6 SYSTEMPATH\CodeIgniter.php(927): App\Controllers\DashBoard->listpublishes()
 7 SYSTEMPATH\CodeIgniter.php(482): CodeIgniter\CodeIgniter->runController(Object(App\Controllers\DashBoard))
 8 SYSTEMPATH\CodeIgniter.php(351): CodeIgniter\CodeIgniter->handleRequest(null, Object(Config\Cache), false)
 9 FCPATH\index.php(67): CodeIgniter\CodeIgniter->run()
10 SYSTEMPATH\Commands\Server\rewrite.php(46): require_once('FCPATH\\index.php')
CRITICAL - 2023-01-16 20:15:34 --> Undefined variable $publishes
in APPPATH\Views\Admin\list_publishes_admin.php on line 15.
 1 APPPATH\Views\Admin\list_publishes_admin.php(15): CodeIgniter\Debug\Exceptions->errorHandler(2, 'Undefined variable $publishes', 'APPPATH\\Views\\Admin\\list_publishes_admin.php', 15)
 2 SYSTEMPATH\View\View.php(213): include('APPPATH\\Views\\Admin\\list_publishes_admin.php')
 3 SYSTEMPATH\View\View.php(216): CodeIgniter\View\View->CodeIgniter\View\{closure}()
 4 SYSTEMPATH\Common.php(1134): CodeIgniter\View\View->render('Admin/list_publishes_admin.php', [], true)
 5 APPPATH\Controllers\DashBoard.php(409): view('Admin/list_publishes_admin.php', [...])
 6 SYSTEMPATH\CodeIgniter.php(927): App\Controllers\DashBoard->listpublishes()
 7 SYSTEMPATH\CodeIgniter.php(482): CodeIgniter\CodeIgniter->runController(Object(App\Controllers\DashBoard))
 8 SYSTEMPATH\CodeIgniter.php(351): CodeIgniter\CodeIgniter->handleRequest(null, Object(Config\Cache), false)
 9 FCPATH\index.php(67): CodeIgniter\CodeIgniter->run()
10 SYSTEMPATH\Commands\Server\rewrite.php(46): require_once('FCPATH\\index.php')
CRITICAL - 2023-01-16 20:41:43 --> Undefined array key ""
in APPPATH\Views\Admin\dashboard_publishes_admin.php on line 42.
 1 APPPATH\Views\Admin\dashboard_publishes_admin.php(42): CodeIgniter\Debug\Exceptions->errorHandler(2, 'Undefined array key ""', 'APPPATH\\Views\\Admin\\dashboard_publishes_admin.php', 42)
 2 SYSTEMPATH\View\View.php(213): include('APPPATH\\Views\\Admin\\dashboard_publishes_admin.php')
 3 SYSTEMPATH\View\View.php(216): CodeIgniter\View\View->CodeIgniter\View\{closure}()
 4 SYSTEMPATH\Common.php(1134): CodeIgniter\View\View->render('Admin/dashboard_publishes_admin.php', [], true)
 5 APPPATH\Controllers\DashBoard.php(777): view('Admin/dashboard_publishes_admin.php', [...])
 6 SYSTEMPATH\CodeIgniter.php(927): App\Controllers\DashBoard->dashboard_publishes()
 7 SYSTEMPATH\CodeIgniter.php(482): CodeIgniter\CodeIgniter->runController(Object(App\Controllers\DashBoard))
 8 SYSTEMPATH\CodeIgniter.php(351): CodeIgniter\CodeIgniter->handleRequest(null, Object(Config\Cache), false)
 9 FCPATH\index.php(67): CodeIgniter\CodeIgniter->run()
10 SYSTEMPATH\Commands\Server\rewrite.php(46): require_once('FCPATH\\index.php')
