CRITICAL - 2022-12-02 09:56:23 --> Undefined variable $title
in APPPATH\Views\Admin\super_profile.php on line 44.
 1 APPPATH\Views\Admin\super_profile.php(44): CodeIgniter\Debug\Exceptions->errorHandler(2, 'Undefined variable $title', 'APPPATH\\Views\\Admin\\super_profile.php', 44)
 2 SYSTEMPATH\View\View.php(213): include('APPPATH\\Views\\Admin\\super_profile.php')
 3 SYSTEMPATH\View\View.php(216): CodeIgniter\View\View->CodeIgniter\View\{closure}()
 4 SYSTEMPATH\Common.php(1134): CodeIgniter\View\View->render('Admin/super_profile', [], true)
 5 APPPATH\Controllers\User.php(65): view('Admin/super_profile', [...])
 6 APPPATH\Controllers\User.php(52): App\Controllers\User->dispatch('3')
 7 SYSTEMPATH\CodeIgniter.php(927): App\Controllers\User->login()
 8 SYSTEMPATH\CodeIgniter.php(482): CodeIgniter\CodeIgniter->runController(Object(App\Controllers\User))
 9 SYSTEMPATH\CodeIgniter.php(351): CodeIgniter\CodeIgniter->handleRequest(null, Object(Config\Cache), false)
10 FCPATH\index.php(67): CodeIgniter\CodeIgniter->run()
11 SYSTEMPATH\Commands\Server\rewrite.php(46): require_once('FCPATH\\index.php')
CRITICAL - 2022-12-02 10:01:31 --> Undefined variable $title
in APPPATH\Views\Admin\super_profile.php on line 44.
 1 APPPATH\Views\Admin\super_profile.php(44): CodeIgniter\Debug\Exceptions->errorHandler(2, 'Undefined variable $title', 'APPPATH\\Views\\Admin\\super_profile.php', 44)
 2 SYSTEMPATH\View\View.php(213): include('APPPATH\\Views\\Admin\\super_profile.php')
 3 SYSTEMPATH\View\View.php(216): CodeIgniter\View\View->CodeIgniter\View\{closure}()
 4 SYSTEMPATH\Common.php(1134): CodeIgniter\View\View->render('Admin/super_profile', [], true)
 5 APPPATH\Controllers\User.php(65): view('Admin/super_profile', [...])
 6 APPPATH\Controllers\User.php(52): App\Controllers\User->dispatch('3')
 7 SYSTEMPATH\CodeIgniter.php(927): App\Controllers\User->login()
 8 SYSTEMPATH\CodeIgniter.php(482): CodeIgniter\CodeIgniter->runController(Object(App\Controllers\User))
 9 SYSTEMPATH\CodeIgniter.php(351): CodeIgniter\CodeIgniter->handleRequest(null, Object(Config\Cache), false)
10 FCPATH\index.php(67): CodeIgniter\CodeIgniter->run()
11 SYSTEMPATH\Commands\Server\rewrite.php(46): require_once('FCPATH\\index.php')
CRITICAL - 2022-12-02 10:02:42 --> Undefined variable $title
in APPPATH\Views\Admin\super_profile.php on line 44.
 1 APPPATH\Views\Admin\super_profile.php(44): CodeIgniter\Debug\Exceptions->errorHandler(2, 'Undefined variable $title', 'APPPATH\\Views\\Admin\\super_profile.php', 44)
 2 SYSTEMPATH\View\View.php(213): include('APPPATH\\Views\\Admin\\super_profile.php')
 3 SYSTEMPATH\View\View.php(216): CodeIgniter\View\View->CodeIgniter\View\{closure}()
 4 SYSTEMPATH\Common.php(1134): CodeIgniter\View\View->render('Admin/super_profile', [], true)
 5 APPPATH\Controllers\User.php(65): view('Admin/super_profile', [...])
 6 APPPATH\Controllers\User.php(52): App\Controllers\User->dispatch('3')
 7 SYSTEMPATH\CodeIgniter.php(927): App\Controllers\User->login()
 8 SYSTEMPATH\CodeIgniter.php(482): CodeIgniter\CodeIgniter->runController(Object(App\Controllers\User))
 9 SYSTEMPATH\CodeIgniter.php(351): CodeIgniter\CodeIgniter->handleRequest(null, Object(Config\Cache), false)
10 FCPATH\index.php(67): CodeIgniter\CodeIgniter->run()
11 SYSTEMPATH\Commands\Server\rewrite.php(46): require_once('FCPATH\\index.php')
CRITICAL - 2022-12-02 10:03:28 --> Undefined variable $user
in APPPATH\Views\Admin\super_profile.php on line 50.
 1 APPPATH\Views\Admin\super_profile.php(50): CodeIgniter\Debug\Exceptions->errorHandler(2, 'Undefined variable $user', 'APPPATH\\Views\\Admin\\super_profile.php', 50)
 2 SYSTEMPATH\View\View.php(213): include('APPPATH\\Views\\Admin\\super_profile.php')
 3 SYSTEMPATH\View\View.php(216): CodeIgniter\View\View->CodeIgniter\View\{closure}()
 4 SYSTEMPATH\Common.php(1134): CodeIgniter\View\View->render('Admin/super_profile', [], true)
 5 APPPATH\Controllers\User.php(65): view('Admin/super_profile', [...])
 6 APPPATH\Controllers\User.php(52): App\Controllers\User->dispatch('3')
 7 SYSTEMPATH\CodeIgniter.php(927): App\Controllers\User->login()
 8 SYSTEMPATH\CodeIgniter.php(482): CodeIgniter\CodeIgniter->runController(Object(App\Controllers\User))
 9 SYSTEMPATH\CodeIgniter.php(351): CodeIgniter\CodeIgniter->handleRequest(null, Object(Config\Cache), false)
10 FCPATH\index.php(67): CodeIgniter\CodeIgniter->run()
11 SYSTEMPATH\Commands\Server\rewrite.php(46): require_once('FCPATH\\index.php')
CRITICAL - 2022-12-02 10:10:46 --> Undefined variable $jobs
in APPPATH\Views\Admin\super_profile.php on line 64.
 1 APPPATH\Views\Admin\super_profile.php(64): CodeIgniter\Debug\Exceptions->errorHandler(2, 'Undefined variable $jobs', 'APPPATH\\Views\\Admin\\super_profile.php', 64)
 2 SYSTEMPATH\View\View.php(213): include('APPPATH\\Views\\Admin\\super_profile.php')
 3 SYSTEMPATH\View\View.php(216): CodeIgniter\View\View->CodeIgniter\View\{closure}()
 4 SYSTEMPATH\Common.php(1134): CodeIgniter\View\View->render('Admin/super_profile', [], true)
 5 APPPATH\Controllers\User.php(65): view('Admin/super_profile', [...])
 6 APPPATH\Controllers\User.php(51): App\Controllers\User->dispatch([...])
 7 SYSTEMPATH\CodeIgniter.php(927): App\Controllers\User->login()
 8 SYSTEMPATH\CodeIgniter.php(482): CodeIgniter\CodeIgniter->runController(Object(App\Controllers\User))
 9 SYSTEMPATH\CodeIgniter.php(351): CodeIgniter\CodeIgniter->handleRequest(null, Object(Config\Cache), false)
10 FCPATH\index.php(67): CodeIgniter\CodeIgniter->run()
11 SYSTEMPATH\Commands\Server\rewrite.php(46): require_once('FCPATH\\index.php')
CRITICAL - 2022-12-02 11:12:20 --> Cannot access offset of type string on string
in APPPATH\Views\Admin\super_profile.php on line 66.
 1 SYSTEMPATH\View\View.php(213): include()
 2 SYSTEMPATH\View\View.php(216): CodeIgniter\View\View->CodeIgniter\View\{closure}()
 3 SYSTEMPATH\Common.php(1134): CodeIgniter\View\View->render('Admin/super_profile', [], true)
 4 APPPATH\Controllers\User.php(77): view('Admin/super_profile', [...])
 5 APPPATH\Controllers\User.php(54): App\Controllers\User->dispatch([...])
 6 SYSTEMPATH\CodeIgniter.php(927): App\Controllers\User->login()
 7 SYSTEMPATH\CodeIgniter.php(482): CodeIgniter\CodeIgniter->runController(Object(App\Controllers\User))
 8 SYSTEMPATH\CodeIgniter.php(351): CodeIgniter\CodeIgniter->handleRequest(null, Object(Config\Cache), false)
 9 FCPATH\index.php(67): CodeIgniter\CodeIgniter->run()
10 SYSTEMPATH\Commands\Server\rewrite.php(46): require_once('FCPATH\\index.php')
CRITICAL - 2022-12-02 11:21:14 --> Undefined array key "$id_user"
in APPPATH\Controllers\User.php on line 68.
 1 APPPATH\Controllers\User.php(68): CodeIgniter\Debug\Exceptions->errorHandler(2, 'Undefined array key "$id_user"', 'APPPATH\\Controllers\\User.php', 68)
 2 APPPATH\Controllers\User.php(53): App\Controllers\User->dispatch([...])
 3 SYSTEMPATH\CodeIgniter.php(927): App\Controllers\User->login()
 4 SYSTEMPATH\CodeIgniter.php(482): CodeIgniter\CodeIgniter->runController(Object(App\Controllers\User))
 5 SYSTEMPATH\CodeIgniter.php(351): CodeIgniter\CodeIgniter->handleRequest(null, Object(Config\Cache), false)
 6 FCPATH\index.php(67): CodeIgniter\CodeIgniter->run()
 7 SYSTEMPATH\Commands\Server\rewrite.php(46): require_once('FCPATH\\index.php')
ERROR - 2022-12-02 11:24:40 --> mysqli_sql_exception: Column 'id_user' in where clause is ambiguous in D:\MaFormation\system\Database\MySQLi\Connection.php:292
Stack trace:
#0 D:\MaFormation\system\Database\MySQLi\Connection.php(292): mysqli->query('SELECT `company...', 0)
#1 D:\MaFormation\system\Database\BaseConnection.php(666): CodeIgniter\Database\MySQLi\Connection->execute('SELECT `company...')
#2 D:\MaFormation\system\Database\BaseConnection.php(593): CodeIgniter\Database\BaseConnection->simpleQuery('SELECT `company...')
#3 D:\MaFormation\system\Database\BaseBuilder.php(1585): CodeIgniter\Database\BaseConnection->query('SELECT `company...', Array, false)
#4 D:\MaFormation\app\Controllers\User.php(130): CodeIgniter\Database\BaseBuilder->get()
#5 D:\MaFormation\app\Controllers\User.php(66): App\Controllers\User->getInfosCompany(Object(CodeIgniter\Database\MySQLi\Connection), '3')
#6 D:\MaFormation\app\Controllers\User.php(51): App\Controllers\User->dispatch(Array)
#7 D:\MaFormation\system\CodeIgniter.php(927): App\Controllers\User->login()
#8 D:\MaFormation\system\CodeIgniter.php(482): CodeIgniter\CodeIgniter->runController(Object(App\Controllers\User))
#9 D:\MaFormation\system\CodeIgniter.php(351): CodeIgniter\CodeIgniter->handleRequest(NULL, Object(Config\Cache), false)
#10 D:\MaFormation\public\index.php(67): CodeIgniter\CodeIgniter->run()
#11 D:\MaFormation\system\Commands\Server\rewrite.php(46): require_once('D:\\MaFormation\\...')
#12 {main}
CRITICAL - 2022-12-02 11:24:40 --> Column 'id_user' in where clause is ambiguous
in SYSTEMPATH\Database\MySQLi\Connection.php on line 292.
 1 SYSTEMPATH\Database\MySQLi\Connection.php(292): mysqli->query('SELECT `company`.`name`, `company`.`address`, `company`.`city`, `company`.`cp`
FROM `user`
JOIN `user_has_company` ON `user_has_company`.`id_user` = `user`.`id_user`
JOIN `company` ON `user_has_company`.`id_company`=`company`.`id_company`
WHERE `id_user` = \'3\'', 0)
 2 SYSTEMPATH\Database\BaseConnection.php(666): CodeIgniter\Database\MySQLi\Connection->execute('SELECT `company`.`name`, `company`.`address`, `company`.`city`, `company`.`cp`
FROM `user`
JOIN `user_has_company` ON `user_has_company`.`id_user` = `user`.`id_user`
JOIN `company` ON `user_has_company`.`id_company`=`company`.`id_company`
WHERE `id_user` = \'3\'')
 3 SYSTEMPATH\Database\BaseConnection.php(593): CodeIgniter\Database\BaseConnection->simpleQuery('SELECT `company`.`name`, `company`.`address`, `company`.`city`, `company`.`cp`
FROM `user`
JOIN `user_has_company` ON `user_has_company`.`id_user` = `user`.`id_user`
JOIN `company` ON `user_has_company`.`id_company`=`company`.`id_company`
WHERE `id_user` = \'3\'')
 4 SYSTEMPATH\Database\BaseBuilder.php(1585): CodeIgniter\Database\BaseConnection->query('SELECT `company`.`name`, `company`.`address`, `company`.`city`, `company`.`cp`
FROM `user`
JOIN `user_has_company` ON `user_has_company`.`id_user` = `user`.`id_user`
JOIN `company` ON `user_has_company`.`id_company`=`company`.`id_company`
WHERE `id_user` = :id_user:', [...], false)
 5 APPPATH\Controllers\User.php(130): CodeIgniter\Database\BaseBuilder->get()
 6 APPPATH\Controllers\User.php(66): App\Controllers\User->getInfosCompany(Object(CodeIgniter\Database\MySQLi\Connection), '3')
 7 APPPATH\Controllers\User.php(51): App\Controllers\User->dispatch([...])
 8 SYSTEMPATH\CodeIgniter.php(927): App\Controllers\User->login()
 9 SYSTEMPATH\CodeIgniter.php(482): CodeIgniter\CodeIgniter->runController(Object(App\Controllers\User))
10 SYSTEMPATH\CodeIgniter.php(351): CodeIgniter\CodeIgniter->handleRequest(null, Object(Config\Cache), false)
11 FCPATH\index.php(67): CodeIgniter\CodeIgniter->run()
12 SYSTEMPATH\Commands\Server\rewrite.php(46): require_once('FCPATH\\index.php')
ERROR - 2022-12-02 11:28:03 --> mysqli_sql_exception: Column 'id_user' in where clause is ambiguous in D:\MaFormation\system\Database\MySQLi\Connection.php:292
Stack trace:
#0 D:\MaFormation\system\Database\MySQLi\Connection.php(292): mysqli->query('SELECT `company...', 0)
#1 D:\MaFormation\system\Database\BaseConnection.php(666): CodeIgniter\Database\MySQLi\Connection->execute('SELECT `company...')
#2 D:\MaFormation\system\Database\BaseConnection.php(593): CodeIgniter\Database\BaseConnection->simpleQuery('SELECT `company...')
#3 D:\MaFormation\system\Database\BaseBuilder.php(1585): CodeIgniter\Database\BaseConnection->query('SELECT `company...', Array, false)
#4 D:\MaFormation\app\Controllers\User.php(132): CodeIgniter\Database\BaseBuilder->get()
#5 D:\MaFormation\app\Controllers\User.php(66): App\Controllers\User->getInfosCompany('3')
#6 D:\MaFormation\app\Controllers\User.php(51): App\Controllers\User->dispatch(Array)
#7 D:\MaFormation\system\CodeIgniter.php(927): App\Controllers\User->login()
#8 D:\MaFormation\system\CodeIgniter.php(482): CodeIgniter\CodeIgniter->runController(Object(App\Controllers\User))
#9 D:\MaFormation\system\CodeIgniter.php(351): CodeIgniter\CodeIgniter->handleRequest(NULL, Object(Config\Cache), false)
#10 D:\MaFormation\public\index.php(67): CodeIgniter\CodeIgniter->run()
#11 D:\MaFormation\system\Commands\Server\rewrite.php(46): require_once('D:\\MaFormation\\...')
#12 {main}
CRITICAL - 2022-12-02 11:28:03 --> Column 'id_user' in where clause is ambiguous
in SYSTEMPATH\Database\MySQLi\Connection.php on line 292.
 1 SYSTEMPATH\Database\MySQLi\Connection.php(292): mysqli->query('SELECT `company`.`name`, `company`.`address`, `company`.`city`, `company`.`cp`
FROM `user`
JOIN `user_has_company` ON `user_has_company`.`id_user` = `user`.`id_user`
JOIN `company` ON `user_has_company`.`id_company`=`company`.`id_company`
WHERE `id_user` = \'3\'', 0)
 2 SYSTEMPATH\Database\BaseConnection.php(666): CodeIgniter\Database\MySQLi\Connection->execute('SELECT `company`.`name`, `company`.`address`, `company`.`city`, `company`.`cp`
FROM `user`
JOIN `user_has_company` ON `user_has_company`.`id_user` = `user`.`id_user`
JOIN `company` ON `user_has_company`.`id_company`=`company`.`id_company`
WHERE `id_user` = \'3\'')
 3 SYSTEMPATH\Database\BaseConnection.php(593): CodeIgniter\Database\BaseConnection->simpleQuery('SELECT `company`.`name`, `company`.`address`, `company`.`city`, `company`.`cp`
FROM `user`
JOIN `user_has_company` ON `user_has_company`.`id_user` = `user`.`id_user`
JOIN `company` ON `user_has_company`.`id_company`=`company`.`id_company`
WHERE `id_user` = \'3\'')
 4 SYSTEMPATH\Database\BaseBuilder.php(1585): CodeIgniter\Database\BaseConnection->query('SELECT `company`.`name`, `company`.`address`, `company`.`city`, `company`.`cp`
FROM `user`
JOIN `user_has_company` ON `user_has_company`.`id_user` = `user`.`id_user`
JOIN `company` ON `user_has_company`.`id_company`=`company`.`id_company`
WHERE `id_user` = :id_user:', [...], false)
 5 APPPATH\Controllers\User.php(132): CodeIgniter\Database\BaseBuilder->get()
 6 APPPATH\Controllers\User.php(66): App\Controllers\User->getInfosCompany('3')
 7 APPPATH\Controllers\User.php(51): App\Controllers\User->dispatch([...])
 8 SYSTEMPATH\CodeIgniter.php(927): App\Controllers\User->login()
 9 SYSTEMPATH\CodeIgniter.php(482): CodeIgniter\CodeIgniter->runController(Object(App\Controllers\User))
10 SYSTEMPATH\CodeIgniter.php(351): CodeIgniter\CodeIgniter->handleRequest(null, Object(Config\Cache), false)
11 FCPATH\index.php(67): CodeIgniter\CodeIgniter->run()
12 SYSTEMPATH\Commands\Server\rewrite.php(46): require_once('FCPATH\\index.php')
CRITICAL - 2022-12-02 14:08:12 --> Invalid file: Admin/profile_former.php
in SYSTEMPATH\Exceptions\FrameworkException.php on line 33.
 1 SYSTEMPATH\View\View.php(201): CodeIgniter\Exceptions\FrameworkException::forInvalidFile('Admin/profile_former.php')
 2 SYSTEMPATH\Common.php(1134): CodeIgniter\View\View->render('Admin/profile_former', [], true)
 3 APPPATH\Controllers\User.php(53): view('Admin/profile_former', [...])
 4 SYSTEMPATH\CodeIgniter.php(927): App\Controllers\User->login()
 5 SYSTEMPATH\CodeIgniter.php(482): CodeIgniter\CodeIgniter->runController(Object(App\Controllers\User))
 6 SYSTEMPATH\CodeIgniter.php(351): CodeIgniter\CodeIgniter->handleRequest(null, Object(Config\Cache), false)
 7 FCPATH\index.php(67): CodeIgniter\CodeIgniter->run()
 8 SYSTEMPATH\Commands\Server\rewrite.php(46): require_once('FCPATH\\index.php')
CRITICAL - 2022-12-02 14:13:45 --> Undefined variable $user
in APPPATH\Views\Former\profile_former.php on line 44.
 1 APPPATH\Views\Former\profile_former.php(44): CodeIgniter\Debug\Exceptions->errorHandler(2, 'Undefined variable $user', 'APPPATH\\Views\\Former\\profile_former.php', 44)
 2 SYSTEMPATH\View\View.php(213): include('APPPATH\\Views\\Former\\profile_former.php')
 3 SYSTEMPATH\View\View.php(216): CodeIgniter\View\View->CodeIgniter\View\{closure}()
 4 SYSTEMPATH\Common.php(1134): CodeIgniter\View\View->render('Former/profile_former', [], true)
 5 APPPATH\Controllers\User.php(53): view('Former/profile_former', [...])
 6 SYSTEMPATH\CodeIgniter.php(927): App\Controllers\User->login()
 7 SYSTEMPATH\CodeIgniter.php(482): CodeIgniter\CodeIgniter->runController(Object(App\Controllers\User))
 8 SYSTEMPATH\CodeIgniter.php(351): CodeIgniter\CodeIgniter->handleRequest(null, Object(Config\Cache), false)
 9 FCPATH\index.php(67): CodeIgniter\CodeIgniter->run()
10 SYSTEMPATH\Commands\Server\rewrite.php(46): require_once('FCPATH\\index.php')
CRITICAL - 2022-12-02 14:14:22 --> Undefined constant "CodeIgniter\Debug\VENDORPATH"
in SYSTEMPATH\Debug\Exceptions.php on line 177.
 1 SYSTEMPATH\Debug\Exceptions.php(157): CodeIgniter\Debug\Exceptions->isFakerDeprecationError(8192, 'explode(): Passing null to parameter #2 ($string) of type string is deprecated', 'APPPATH\\Views\\Former\\util.php', 23)
 2 [internal function]: CodeIgniter\Debug\Exceptions->errorHandler(8192, 'explode(): Passing null to parameter #2 ($string) of type string is deprecated', 'APPPATH\\Views\\Former\\util.php', 23)
 3 APPPATH\Views\Former\util.php(23): explode('-', null)
 4 APPPATH\Views\Former\profile_former.php(86): dateFormat(null)
 5 SYSTEMPATH\View\View.php(213): include('APPPATH\\Views\\Former\\profile_former.php')
 6 SYSTEMPATH\View\View.php(216): CodeIgniter\View\View->CodeIgniter\View\{closure}()
 7 SYSTEMPATH\Common.php(1134): CodeIgniter\View\View->render('Former/profile_former', [], true)
 8 APPPATH\Controllers\User.php(53): view('Former/profile_former', [...])
 9 SYSTEMPATH\CodeIgniter.php(927): App\Controllers\User->login()
10 SYSTEMPATH\CodeIgniter.php(482): CodeIgniter\CodeIgniter->runController(Object(App\Controllers\User))
11 SYSTEMPATH\CodeIgniter.php(351): CodeIgniter\CodeIgniter->handleRequest(null, Object(Config\Cache), false)
12 FCPATH\index.php(67): CodeIgniter\CodeIgniter->run()
13 SYSTEMPATH\Commands\Server\rewrite.php(46): require_once('FCPATH\\index.php')
CRITICAL - 2022-12-02 14:22:38 --> require_once(): http:// wrapper is disabled in the server configuration by allow_url_include=0
in APPPATH\Views\Former\profile_former.php on line 1.
 1 APPPATH\Views\Former\profile_former.php(1): CodeIgniter\Debug\Exceptions->errorHandler(2, 'require_once(): http:// wrapper is disabled in the server configuration by allow_url_include=0', 'APPPATH\\Views\\Former\\profile_former.php', 1)
 2 APPPATH\Views\Former\profile_former.php(1): require_once()
 3 SYSTEMPATH\View\View.php(213): include('APPPATH\\Views\\Former\\profile_former.php')
 4 SYSTEMPATH\View\View.php(216): CodeIgniter\View\View->CodeIgniter\View\{closure}()
 5 SYSTEMPATH\Common.php(1134): CodeIgniter\View\View->render('Former/profile_former', [], true)
 6 APPPATH\Controllers\User.php(53): view('Former/profile_former', [...])
 7 SYSTEMPATH\CodeIgniter.php(927): App\Controllers\User->login()
 8 SYSTEMPATH\CodeIgniter.php(482): CodeIgniter\CodeIgniter->runController(Object(App\Controllers\User))
 9 SYSTEMPATH\CodeIgniter.php(351): CodeIgniter\CodeIgniter->handleRequest(null, Object(Config\Cache), false)
10 FCPATH\index.php(67): CodeIgniter\CodeIgniter->run()
11 SYSTEMPATH\Commands\Server\rewrite.php(46): require_once('FCPATH\\index.php')
CRITICAL - 2022-12-02 14:23:48 --> require_once(base_url() . '/php/functions/util.php'): Failed to open stream: No such file or directory
in APPPATH\Views\Former\profile_former.php on line 1.
 1 APPPATH\Views\Former\profile_former.php(1): CodeIgniter\Debug\Exceptions->errorHandler(2, 'require_once(base_url() . \'/php/functions/util.php\'): Failed to open stream: No such file or directory', 'APPPATH\\Views\\Former\\profile_former.php', 1)
 2 APPPATH\Views\Former\profile_former.php(1): require_once()
 3 SYSTEMPATH\View\View.php(213): include('APPPATH\\Views\\Former\\profile_former.php')
 4 SYSTEMPATH\View\View.php(216): CodeIgniter\View\View->CodeIgniter\View\{closure}()
 5 SYSTEMPATH\Common.php(1134): CodeIgniter\View\View->render('Former/profile_former', [], true)
 6 APPPATH\Controllers\User.php(53): view('Former/profile_former', [...])
 7 SYSTEMPATH\CodeIgniter.php(927): App\Controllers\User->login()
 8 SYSTEMPATH\CodeIgniter.php(482): CodeIgniter\CodeIgniter->runController(Object(App\Controllers\User))
 9 SYSTEMPATH\CodeIgniter.php(351): CodeIgniter\CodeIgniter->handleRequest(null, Object(Config\Cache), false)
10 FCPATH\index.php(67): CodeIgniter\CodeIgniter->run()
11 SYSTEMPATH\Commands\Server\rewrite.php(46): require_once('FCPATH\\index.php')
CRITICAL - 2022-12-02 14:25:52 --> require_once(): http:// wrapper is disabled in the server configuration by allow_url_include=0
in APPPATH\Views\Former\profile_former.php on line 1.
 1 APPPATH\Views\Former\profile_former.php(1): CodeIgniter\Debug\Exceptions->errorHandler(2, 'require_once(): http:// wrapper is disabled in the server configuration by allow_url_include=0', 'APPPATH\\Views\\Former\\profile_former.php', 1)
 2 APPPATH\Views\Former\profile_former.php(1): require_once()
 3 SYSTEMPATH\View\View.php(213): include('APPPATH\\Views\\Former\\profile_former.php')
 4 SYSTEMPATH\View\View.php(216): CodeIgniter\View\View->CodeIgniter\View\{closure}()
 5 SYSTEMPATH\Common.php(1134): CodeIgniter\View\View->render('Former/profile_former', [], true)
 6 APPPATH\Controllers\User.php(53): view('Former/profile_former', [...])
 7 SYSTEMPATH\CodeIgniter.php(927): App\Controllers\User->login()
 8 SYSTEMPATH\CodeIgniter.php(482): CodeIgniter\CodeIgniter->runController(Object(App\Controllers\User))
 9 SYSTEMPATH\CodeIgniter.php(351): CodeIgniter\CodeIgniter->handleRequest(null, Object(Config\Cache), false)
10 FCPATH\index.php(67): CodeIgniter\CodeIgniter->run()
11 SYSTEMPATH\Commands\Server\rewrite.php(46): require_once('FCPATH\\index.php')
CRITICAL - 2022-12-02 14:32:22 --> Undefined variable $company
in APPPATH\Views\User\profile_company.php on line 95.
 1 APPPATH\Views\User\profile_company.php(95): CodeIgniter\Debug\Exceptions->errorHandler(2, 'Undefined variable $company', 'APPPATH\\Views\\User\\profile_company.php', 95)
 2 SYSTEMPATH\View\View.php(213): include('APPPATH\\Views\\User\\profile_company.php')
 3 SYSTEMPATH\View\View.php(216): CodeIgniter\View\View->CodeIgniter\View\{closure}()
 4 SYSTEMPATH\Common.php(1134): CodeIgniter\View\View->render('User/profile_company', [], true)
 5 APPPATH\Controllers\User.php(53): view('User/profile_company', [...])
 6 SYSTEMPATH\CodeIgniter.php(927): App\Controllers\User->login()
 7 SYSTEMPATH\CodeIgniter.php(482): CodeIgniter\CodeIgniter->runController(Object(App\Controllers\User))
 8 SYSTEMPATH\CodeIgniter.php(351): CodeIgniter\CodeIgniter->handleRequest(null, Object(Config\Cache), false)
 9 FCPATH\index.php(67): CodeIgniter\CodeIgniter->run()
10 SYSTEMPATH\Commands\Server\rewrite.php(46): require_once('FCPATH\\index.php')
CRITICAL - 2022-12-02 14:33:37 --> Undefined array key "name"
in APPPATH\Views\User\profile_company.php on line 95.
 1 APPPATH\Views\User\profile_company.php(95): CodeIgniter\Debug\Exceptions->errorHandler(2, 'Undefined array key "name"', 'APPPATH\\Views\\User\\profile_company.php', 95)
 2 SYSTEMPATH\View\View.php(213): include('APPPATH\\Views\\User\\profile_company.php')
 3 SYSTEMPATH\View\View.php(216): CodeIgniter\View\View->CodeIgniter\View\{closure}()
 4 SYSTEMPATH\Common.php(1134): CodeIgniter\View\View->render('User/profile_company', [], true)
 5 APPPATH\Controllers\User.php(53): view('User/profile_company', [...])
 6 SYSTEMPATH\CodeIgniter.php(927): App\Controllers\User->login()
 7 SYSTEMPATH\CodeIgniter.php(482): CodeIgniter\CodeIgniter->runController(Object(App\Controllers\User))
 8 SYSTEMPATH\CodeIgniter.php(351): CodeIgniter\CodeIgniter->handleRequest(null, Object(Config\Cache), false)
 9 FCPATH\index.php(67): CodeIgniter\CodeIgniter->run()
10 SYSTEMPATH\Commands\Server\rewrite.php(46): require_once('FCPATH\\index.php')
CRITICAL - 2022-12-02 14:41:13 --> Undefined constant "CodeIgniter\Debug\VENDORPATH"
in SYSTEMPATH\Debug\Exceptions.php on line 177.
 1 SYSTEMPATH\Debug\Exceptions.php(157): CodeIgniter\Debug\Exceptions->isFakerDeprecationError(8192, 'explode(): Passing null to parameter #2 ($string) of type string is deprecated', 'APPPATH\\Views\\User\\util.php', 23)
 2 [internal function]: CodeIgniter\Debug\Exceptions->errorHandler(8192, 'explode(): Passing null to parameter #2 ($string) of type string is deprecated', 'APPPATH\\Views\\User\\util.php', 23)
 3 APPPATH\Views\User\util.php(23): explode('-', null)
 4 APPPATH\Views\User\profile_company.php(110): dateFormat(null)
 5 SYSTEMPATH\View\View.php(213): include('APPPATH\\Views\\User\\profile_company.php')
 6 SYSTEMPATH\View\View.php(216): CodeIgniter\View\View->CodeIgniter\View\{closure}()
 7 SYSTEMPATH\Common.php(1134): CodeIgniter\View\View->render('User/profile_company', [], true)
 8 APPPATH\Controllers\User.php(53): view('User/profile_company', [...])
 9 SYSTEMPATH\CodeIgniter.php(927): App\Controllers\User->login()
10 SYSTEMPATH\CodeIgniter.php(482): CodeIgniter\CodeIgniter->runController(Object(App\Controllers\User))
11 SYSTEMPATH\CodeIgniter.php(351): CodeIgniter\CodeIgniter->handleRequest(null, Object(Config\Cache), false)
12 FCPATH\index.php(67): CodeIgniter\CodeIgniter->run()
13 SYSTEMPATH\Commands\Server\rewrite.php(46): require_once('FCPATH\\index.php')
ERROR - 2022-12-02 14:46:25 --> mysqli_sql_exception: Column 'id_user' in where clause is ambiguous in D:\MaFormation\system\Database\MySQLi\Connection.php:292
Stack trace:
#0 D:\MaFormation\system\Database\MySQLi\Connection.php(292): mysqli->query('SELECT `company...', 0)
#1 D:\MaFormation\system\Database\BaseConnection.php(666): CodeIgniter\Database\MySQLi\Connection->execute('SELECT `company...')
#2 D:\MaFormation\system\Database\BaseConnection.php(593): CodeIgniter\Database\BaseConnection->simpleQuery('SELECT `company...')
#3 D:\MaFormation\system\Database\BaseBuilder.php(1585): CodeIgniter\Database\BaseConnection->query('SELECT `company...', Array, false)
#4 D:\MaFormation\app\Controllers\User.php(158): CodeIgniter\Database\BaseBuilder->get()
#5 D:\MaFormation\app\Controllers\User.php(112): App\Controllers\User->getInfosCompany('37')
#6 D:\MaFormation\app\Controllers\User.php(51): App\Controllers\User->dispatch(Array)
#7 D:\MaFormation\system\CodeIgniter.php(927): App\Controllers\User->login()
#8 D:\MaFormation\system\CodeIgniter.php(482): CodeIgniter\CodeIgniter->runController(Object(App\Controllers\User))
#9 D:\MaFormation\system\CodeIgniter.php(351): CodeIgniter\CodeIgniter->handleRequest(NULL, Object(Config\Cache), false)
#10 D:\MaFormation\public\index.php(67): CodeIgniter\CodeIgniter->run()
#11 D:\MaFormation\system\Commands\Server\rewrite.php(46): require_once('D:\\MaFormation\\...')
#12 {main}
CRITICAL - 2022-12-02 14:46:25 --> Column 'id_user' in where clause is ambiguous
in SYSTEMPATH\Database\MySQLi\Connection.php on line 292.
 1 SYSTEMPATH\Database\MySQLi\Connection.php(292): mysqli->query('SELECT `company`.`name`, `company`.`address`, `company`.`city`, `company`.`cp`
FROM `user`
JOIN `user_has_company` ON `user_has_company`.`id_user` = `user`.`id_user`
JOIN `company` ON `user_has_company`.`id_company`=`company`.`id_company`
WHERE `id_user` = \'37\'', 0)
 2 SYSTEMPATH\Database\BaseConnection.php(666): CodeIgniter\Database\MySQLi\Connection->execute('SELECT `company`.`name`, `company`.`address`, `company`.`city`, `company`.`cp`
FROM `user`
JOIN `user_has_company` ON `user_has_company`.`id_user` = `user`.`id_user`
JOIN `company` ON `user_has_company`.`id_company`=`company`.`id_company`
WHERE `id_user` = \'37\'')
 3 SYSTEMPATH\Database\BaseConnection.php(593): CodeIgniter\Database\BaseConnection->simpleQuery('SELECT `company`.`name`, `company`.`address`, `company`.`city`, `company`.`cp`
FROM `user`
JOIN `user_has_company` ON `user_has_company`.`id_user` = `user`.`id_user`
JOIN `company` ON `user_has_company`.`id_company`=`company`.`id_company`
WHERE `id_user` = \'37\'')
 4 SYSTEMPATH\Database\BaseBuilder.php(1585): CodeIgniter\Database\BaseConnection->query('SELECT `company`.`name`, `company`.`address`, `company`.`city`, `company`.`cp`
FROM `user`
JOIN `user_has_company` ON `user_has_company`.`id_user` = `user`.`id_user`
JOIN `company` ON `user_has_company`.`id_company`=`company`.`id_company`
WHERE `id_user` = :id_user:', [...], false)
 5 APPPATH\Controllers\User.php(158): CodeIgniter\Database\BaseBuilder->get()
 6 APPPATH\Controllers\User.php(112): App\Controllers\User->getInfosCompany('37')
 7 APPPATH\Controllers\User.php(51): App\Controllers\User->dispatch([...])
 8 SYSTEMPATH\CodeIgniter.php(927): App\Controllers\User->login()
 9 SYSTEMPATH\CodeIgniter.php(482): CodeIgniter\CodeIgniter->runController(Object(App\Controllers\User))
10 SYSTEMPATH\CodeIgniter.php(351): CodeIgniter\CodeIgniter->handleRequest(null, Object(Config\Cache), false)
11 FCPATH\index.php(67): CodeIgniter\CodeIgniter->run()
12 SYSTEMPATH\Commands\Server\rewrite.php(46): require_once('FCPATH\\index.php')
CRITICAL - 2022-12-02 15:25:44 --> Undefined array key 0
in APPPATH\Controllers\User.php on line 162.
 1 APPPATH\Controllers\User.php(162): CodeIgniter\Debug\Exceptions->errorHandler(2, 'Undefined array key 0', 'APPPATH\\Controllers\\User.php', 162)
 2 APPPATH\Controllers\User.php(92): App\Controllers\User->getInfosCompany('39')
 3 APPPATH\Controllers\User.php(51): App\Controllers\User->dispatch([...])
 4 SYSTEMPATH\CodeIgniter.php(927): App\Controllers\User->login()
 5 SYSTEMPATH\CodeIgniter.php(482): CodeIgniter\CodeIgniter->runController(Object(App\Controllers\User))
 6 SYSTEMPATH\CodeIgniter.php(351): CodeIgniter\CodeIgniter->handleRequest(null, Object(Config\Cache), false)
 7 FCPATH\index.php(67): CodeIgniter\CodeIgniter->run()
 8 SYSTEMPATH\Commands\Server\rewrite.php(46): require_once('FCPATH\\index.php')
CRITICAL - 2022-12-02 17:01:50 --> Array to string conversion
in FCPATH\php\functions\util.php on line 138.
 1 FCPATH\php\functions\util.php(138): CodeIgniter\Debug\Exceptions->errorHandler(2, 'Array to string conversion', 'FCPATH\\php\\functions\\util.php', 138)
 2 APPPATH\Views\layouts\profil_former.php(131): fillMenuRight()
 3 SYSTEMPATH\View\View.php(213): include('APPPATH\\Views\\layouts\\profil_former.php')
 4 SYSTEMPATH\View\View.php(216): CodeIgniter\View\View->CodeIgniter\View\{closure}()
 5 SYSTEMPATH\View\View.php(229): CodeIgniter\View\View->render('layouts/profil_former', [], true)
 6 SYSTEMPATH\Common.php(1134): CodeIgniter\View\View->render('Former/profile_former', [], true)
 7 APPPATH\Controllers\User.php(53): view('Former/profile_former', [...])
 8 SYSTEMPATH\CodeIgniter.php(927): App\Controllers\User->login()
 9 SYSTEMPATH\CodeIgniter.php(482): CodeIgniter\CodeIgniter->runController(Object(App\Controllers\User))
10 SYSTEMPATH\CodeIgniter.php(351): CodeIgniter\CodeIgniter->handleRequest(null, Object(Config\Cache), false)
11 FCPATH\index.php(67): CodeIgniter\CodeIgniter->run()
12 SYSTEMPATH\Commands\Server\rewrite.php(46): require_once('FCPATH\\index.php')
