CRITICAL - 2023-01-14 09:23:45 --> Undefined variable $headerColor
in APPPATH\Views\User\modif_skill.php on line 13.
 1 APPPATH\Views\User\modif_skill.php(13): CodeIgniter\Debug\Exceptions->errorHandler(2, 'Undefined variable $headerColor', 'APPPATH\\Views\\User\\modif_skill.php', 13)
 2 SYSTEMPATH\View\View.php(213): include('APPPATH\\Views\\User\\modif_skill.php')
 3 SYSTEMPATH\View\View.php(216): CodeIgniter\View\View->CodeIgniter\View\{closure}()
 4 SYSTEMPATH\Common.php(1134): CodeIgniter\View\View->render('User/modif_skill.php', [], true)
 5 APPPATH\Controllers\User.php(620): view('User/modif_skill.php', [...])
 6 SYSTEMPATH\CodeIgniter.php(927): App\Controllers\User->modif_skill()
 7 SYSTEMPATH\CodeIgniter.php(482): CodeIgniter\CodeIgniter->runController(Object(App\Controllers\User))
 8 SYSTEMPATH\CodeIgniter.php(351): CodeIgniter\CodeIgniter->handleRequest(null, Object(Config\Cache), false)
 9 FCPATH\index.php(67): CodeIgniter\CodeIgniter->run()
10 SYSTEMPATH\Commands\Server\rewrite.php(46): require_once('FCPATH\\index.php')
CRITICAL - 2023-01-14 09:37:20 --> Cannot access offset of type string on string
in APPPATH\Views\User\modif_skill.php on line 26.
 1 SYSTEMPATH\View\View.php(213): include()
 2 SYSTEMPATH\View\View.php(216): CodeIgniter\View\View->CodeIgniter\View\{closure}()
 3 SYSTEMPATH\Common.php(1134): CodeIgniter\View\View->render('User/modif_skill.php', [], true)
 4 APPPATH\Controllers\User.php(621): view('User/modif_skill.php', [...])
 5 SYSTEMPATH\CodeIgniter.php(927): App\Controllers\User->modif_skill()
 6 SYSTEMPATH\CodeIgniter.php(482): CodeIgniter\CodeIgniter->runController(Object(App\Controllers\User))
 7 SYSTEMPATH\CodeIgniter.php(351): CodeIgniter\CodeIgniter->handleRequest(null, Object(Config\Cache), false)
 8 FCPATH\index.php(67): CodeIgniter\CodeIgniter->run()
 9 SYSTEMPATH\Commands\Server\rewrite.php(46): require_once('FCPATH\\index.php')
CRITICAL - 2023-01-14 09:39:08 --> Undefined array key "description"
in APPPATH\Views\User\modif_skill.php on line 27.
 1 APPPATH\Views\User\modif_skill.php(27): CodeIgniter\Debug\Exceptions->errorHandler(2, 'Undefined array key "description"', 'APPPATH\\Views\\User\\modif_skill.php', 27)
 2 SYSTEMPATH\View\View.php(213): include('APPPATH\\Views\\User\\modif_skill.php')
 3 SYSTEMPATH\View\View.php(216): CodeIgniter\View\View->CodeIgniter\View\{closure}()
 4 SYSTEMPATH\Common.php(1134): CodeIgniter\View\View->render('User/modif_skill.php', [], true)
 5 APPPATH\Controllers\User.php(621): view('User/modif_skill.php', [...])
 6 SYSTEMPATH\CodeIgniter.php(927): App\Controllers\User->modif_skill()
 7 SYSTEMPATH\CodeIgniter.php(482): CodeIgniter\CodeIgniter->runController(Object(App\Controllers\User))
 8 SYSTEMPATH\CodeIgniter.php(351): CodeIgniter\CodeIgniter->handleRequest(null, Object(Config\Cache), false)
 9 FCPATH\index.php(67): CodeIgniter\CodeIgniter->run()
10 SYSTEMPATH\Commands\Server\rewrite.php(46): require_once('FCPATH\\index.php')
CRITICAL - 2023-01-14 09:39:25 --> Undefined array key "content"
in APPPATH\Views\User\modif_skill.php on line 27.
 1 APPPATH\Views\User\modif_skill.php(27): CodeIgniter\Debug\Exceptions->errorHandler(2, 'Undefined array key "content"', 'APPPATH\\Views\\User\\modif_skill.php', 27)
 2 SYSTEMPATH\View\View.php(213): include('APPPATH\\Views\\User\\modif_skill.php')
 3 SYSTEMPATH\View\View.php(216): CodeIgniter\View\View->CodeIgniter\View\{closure}()
 4 SYSTEMPATH\Common.php(1134): CodeIgniter\View\View->render('User/modif_skill.php', [], true)
 5 APPPATH\Controllers\User.php(621): view('User/modif_skill.php', [...])
 6 SYSTEMPATH\CodeIgniter.php(927): App\Controllers\User->modif_skill()
 7 SYSTEMPATH\CodeIgniter.php(482): CodeIgniter\CodeIgniter->runController(Object(App\Controllers\User))
 8 SYSTEMPATH\CodeIgniter.php(351): CodeIgniter\CodeIgniter->handleRequest(null, Object(Config\Cache), false)
 9 FCPATH\index.php(67): CodeIgniter\CodeIgniter->run()
10 SYSTEMPATH\Commands\Server\rewrite.php(46): require_once('FCPATH\\index.php')
CRITICAL - 2023-01-14 09:41:00 --> Undefined array key "organisme"
in APPPATH\Views\User\modif_skill.php on line 29.
 1 APPPATH\Views\User\modif_skill.php(29): CodeIgniter\Debug\Exceptions->errorHandler(2, 'Undefined array key "organisme"', 'APPPATH\\Views\\User\\modif_skill.php', 29)
 2 SYSTEMPATH\View\View.php(213): include('APPPATH\\Views\\User\\modif_skill.php')
 3 SYSTEMPATH\View\View.php(216): CodeIgniter\View\View->CodeIgniter\View\{closure}()
 4 SYSTEMPATH\Common.php(1134): CodeIgniter\View\View->render('User/modif_skill.php', [], true)
 5 APPPATH\Controllers\User.php(621): view('User/modif_skill.php', [...])
 6 SYSTEMPATH\CodeIgniter.php(927): App\Controllers\User->modif_skill()
 7 SYSTEMPATH\CodeIgniter.php(482): CodeIgniter\CodeIgniter->runController(Object(App\Controllers\User))
 8 SYSTEMPATH\CodeIgniter.php(351): CodeIgniter\CodeIgniter->handleRequest(null, Object(Config\Cache), false)
 9 FCPATH\index.php(67): CodeIgniter\CodeIgniter->run()
10 SYSTEMPATH\Commands\Server\rewrite.php(46): require_once('FCPATH\\index.php')
CRITICAL - 2023-01-14 09:41:19 --> Undefined variable $theme_button
in APPPATH\Views\User\modif_skill.php on line 30.
 1 APPPATH\Views\User\modif_skill.php(30): CodeIgniter\Debug\Exceptions->errorHandler(2, 'Undefined variable $theme_button', 'APPPATH\\Views\\User\\modif_skill.php', 30)
 2 SYSTEMPATH\View\View.php(213): include('APPPATH\\Views\\User\\modif_skill.php')
 3 SYSTEMPATH\View\View.php(216): CodeIgniter\View\View->CodeIgniter\View\{closure}()
 4 SYSTEMPATH\Common.php(1134): CodeIgniter\View\View->render('User/modif_skill.php', [], true)
 5 APPPATH\Controllers\User.php(621): view('User/modif_skill.php', [...])
 6 SYSTEMPATH\CodeIgniter.php(927): App\Controllers\User->modif_skill()
 7 SYSTEMPATH\CodeIgniter.php(482): CodeIgniter\CodeIgniter->runController(Object(App\Controllers\User))
 8 SYSTEMPATH\CodeIgniter.php(351): CodeIgniter\CodeIgniter->handleRequest(null, Object(Config\Cache), false)
 9 FCPATH\index.php(67): CodeIgniter\CodeIgniter->run()
10 SYSTEMPATH\Commands\Server\rewrite.php(46): require_once('FCPATH\\index.php')
CRITICAL - 2023-01-14 09:41:57 --> Undefined variable $theme_button
in APPPATH\Views\User\modif_skill.php on line 30.
 1 APPPATH\Views\User\modif_skill.php(30): CodeIgniter\Debug\Exceptions->errorHandler(2, 'Undefined variable $theme_button', 'APPPATH\\Views\\User\\modif_skill.php', 30)
 2 SYSTEMPATH\View\View.php(213): include('APPPATH\\Views\\User\\modif_skill.php')
 3 SYSTEMPATH\View\View.php(216): CodeIgniter\View\View->CodeIgniter\View\{closure}()
 4 SYSTEMPATH\Common.php(1134): CodeIgniter\View\View->render('User/modif_skill.php', [], true)
 5 APPPATH\Controllers\User.php(621): view('User/modif_skill.php', [...])
 6 SYSTEMPATH\CodeIgniter.php(927): App\Controllers\User->modif_skill()
 7 SYSTEMPATH\CodeIgniter.php(482): CodeIgniter\CodeIgniter->runController(Object(App\Controllers\User))
 8 SYSTEMPATH\CodeIgniter.php(351): CodeIgniter\CodeIgniter->handleRequest(null, Object(Config\Cache), false)
 9 FCPATH\index.php(67): CodeIgniter\CodeIgniter->run()
10 SYSTEMPATH\Commands\Server\rewrite.php(46): require_once('FCPATH\\index.php')
CRITICAL - 2023-01-14 09:41:58 --> Undefined variable $theme_button
in APPPATH\Views\User\modif_skill.php on line 30.
 1 APPPATH\Views\User\modif_skill.php(30): CodeIgniter\Debug\Exceptions->errorHandler(2, 'Undefined variable $theme_button', 'APPPATH\\Views\\User\\modif_skill.php', 30)
 2 SYSTEMPATH\View\View.php(213): include('APPPATH\\Views\\User\\modif_skill.php')
 3 SYSTEMPATH\View\View.php(216): CodeIgniter\View\View->CodeIgniter\View\{closure}()
 4 SYSTEMPATH\Common.php(1134): CodeIgniter\View\View->render('User/modif_skill.php', [], true)
 5 APPPATH\Controllers\User.php(621): view('User/modif_skill.php', [...])
 6 SYSTEMPATH\CodeIgniter.php(927): App\Controllers\User->modif_skill()
 7 SYSTEMPATH\CodeIgniter.php(482): CodeIgniter\CodeIgniter->runController(Object(App\Controllers\User))
 8 SYSTEMPATH\CodeIgniter.php(351): CodeIgniter\CodeIgniter->handleRequest(null, Object(Config\Cache), false)
 9 FCPATH\index.php(67): CodeIgniter\CodeIgniter->run()
10 SYSTEMPATH\Commands\Server\rewrite.php(46): require_once('FCPATH\\index.php')
CRITICAL - 2023-01-14 09:41:59 --> Undefined variable $theme_button
in APPPATH\Views\User\modif_skill.php on line 30.
 1 APPPATH\Views\User\modif_skill.php(30): CodeIgniter\Debug\Exceptions->errorHandler(2, 'Undefined variable $theme_button', 'APPPATH\\Views\\User\\modif_skill.php', 30)
 2 SYSTEMPATH\View\View.php(213): include('APPPATH\\Views\\User\\modif_skill.php')
 3 SYSTEMPATH\View\View.php(216): CodeIgniter\View\View->CodeIgniter\View\{closure}()
 4 SYSTEMPATH\Common.php(1134): CodeIgniter\View\View->render('User/modif_skill.php', [], true)
 5 APPPATH\Controllers\User.php(621): view('User/modif_skill.php', [...])
 6 SYSTEMPATH\CodeIgniter.php(927): App\Controllers\User->modif_skill()
 7 SYSTEMPATH\CodeIgniter.php(482): CodeIgniter\CodeIgniter->runController(Object(App\Controllers\User))
 8 SYSTEMPATH\CodeIgniter.php(351): CodeIgniter\CodeIgniter->handleRequest(null, Object(Config\Cache), false)
 9 FCPATH\index.php(67): CodeIgniter\CodeIgniter->run()
10 SYSTEMPATH\Commands\Server\rewrite.php(46): require_once('FCPATH\\index.php')
