CRITICAL - 2023-01-23 07:57:38 --> Undefined variable $page
in APPPATH\Views\Training\training_edit.php on line 43.
 1 APPPATH\Views\Training\training_edit.php(43): CodeIgniter\Debug\Exceptions->errorHandler(2, 'Undefined variable $page', 'APPPATH\\Views\\Training\\training_edit.php', 43)
 2 SYSTEMPATH\View\View.php(213): include('APPPATH\\Views\\Training\\training_edit.php')
 3 SYSTEMPATH\View\View.php(216): CodeIgniter\View\View->CodeIgniter\View\{closure}()
 4 SYSTEMPATH\Common.php(1134): CodeIgniter\View\View->render('Training/training_edit.php', [], true)
 5 APPPATH\Controllers\Former.php(322): view('Training/training_edit.php', [...])
 6 SYSTEMPATH\CodeIgniter.php(927): App\Controllers\Former->training_edit()
 7 SYSTEMPATH\CodeIgniter.php(482): CodeIgniter\CodeIgniter->runController(Object(App\Controllers\Former))
 8 SYSTEMPATH\CodeIgniter.php(351): CodeIgniter\CodeIgniter->handleRequest(null, Object(Config\Cache), false)
 9 FCPATH\index.php(67): CodeIgniter\CodeIgniter->run()
10 SYSTEMPATH\Commands\Server\rewrite.php(46): require_once('FCPATH\\index.php')
CRITICAL - 2023-01-23 08:03:48 --> Undefined variable $id_page
in APPPATH\Views\Training\training_edit.php on line 43.
 1 APPPATH\Views\Training\training_edit.php(43): CodeIgniter\Debug\Exceptions->errorHandler(2, 'Undefined variable $id_page', 'APPPATH\\Views\\Training\\training_edit.php', 43)
 2 SYSTEMPATH\View\View.php(213): include('APPPATH\\Views\\Training\\training_edit.php')
 3 SYSTEMPATH\View\View.php(216): CodeIgniter\View\View->CodeIgniter\View\{closure}()
 4 SYSTEMPATH\Common.php(1134): CodeIgniter\View\View->render('Training/training_edit.php', [], true)
 5 APPPATH\Controllers\Training.php(222): view('Training/training_edit.php', [...])
 6 SYSTEMPATH\CodeIgniter.php(927): App\Controllers\Training->modify_page()
 7 SYSTEMPATH\CodeIgniter.php(482): CodeIgniter\CodeIgniter->runController(Object(App\Controllers\Training))
 8 SYSTEMPATH\CodeIgniter.php(351): CodeIgniter\CodeIgniter->handleRequest(null, Object(Config\Cache), false)
 9 FCPATH\index.php(67): CodeIgniter\CodeIgniter->run()
10 SYSTEMPATH\Commands\Server\rewrite.php(46): require_once('FCPATH\\index.php')
CRITICAL - 2023-01-23 08:05:13 --> Undefined variable $training
in APPPATH\Views\Training\training_edit.php on line 45.
 1 APPPATH\Views\Training\training_edit.php(45): CodeIgniter\Debug\Exceptions->errorHandler(2, 'Undefined variable $training', 'APPPATH\\Views\\Training\\training_edit.php', 45)
 2 SYSTEMPATH\View\View.php(213): include('APPPATH\\Views\\Training\\training_edit.php')
 3 SYSTEMPATH\View\View.php(216): CodeIgniter\View\View->CodeIgniter\View\{closure}()
 4 SYSTEMPATH\Common.php(1134): CodeIgniter\View\View->render('Training/training_edit.php', [], true)
 5 APPPATH\Controllers\Former.php(324): view('Training/training_edit.php', [...])
 6 SYSTEMPATH\CodeIgniter.php(927): App\Controllers\Former->training_edit()
 7 SYSTEMPATH\CodeIgniter.php(482): CodeIgniter\CodeIgniter->runController(Object(App\Controllers\Former))
 8 SYSTEMPATH\CodeIgniter.php(351): CodeIgniter\CodeIgniter->handleRequest(null, Object(Config\Cache), false)
 9 FCPATH\index.php(67): CodeIgniter\CodeIgniter->run()
10 SYSTEMPATH\Commands\Server\rewrite.php(46): require_once('FCPATH\\index.php')
CRITICAL - 2023-01-23 08:06:56 --> Undefined variable $training
in APPPATH\Views\Training\training_edit.php on line 48.
 1 APPPATH\Views\Training\training_edit.php(48): CodeIgniter\Debug\Exceptions->errorHandler(2, 'Undefined variable $training', 'APPPATH\\Views\\Training\\training_edit.php', 48)
 2 SYSTEMPATH\View\View.php(213): include('APPPATH\\Views\\Training\\training_edit.php')
 3 SYSTEMPATH\View\View.php(216): CodeIgniter\View\View->CodeIgniter\View\{closure}()
 4 SYSTEMPATH\Common.php(1134): CodeIgniter\View\View->render('Training/training_edit.php', [], true)
 5 APPPATH\Controllers\Former.php(325): view('Training/training_edit.php', [...])
 6 SYSTEMPATH\CodeIgniter.php(927): App\Controllers\Former->training_edit()
 7 SYSTEMPATH\CodeIgniter.php(482): CodeIgniter\CodeIgniter->runController(Object(App\Controllers\Former))
 8 SYSTEMPATH\CodeIgniter.php(351): CodeIgniter\CodeIgniter->handleRequest(null, Object(Config\Cache), false)
 9 FCPATH\index.php(67): CodeIgniter\CodeIgniter->run()
10 SYSTEMPATH\Commands\Server\rewrite.php(46): require_once('FCPATH\\index.php')
CRITICAL - 2023-01-23 08:07:21 --> Undefined variable $categories
in APPPATH\Views\Training\training_edit.php on line 55.
 1 APPPATH\Views\Training\training_edit.php(55): CodeIgniter\Debug\Exceptions->errorHandler(2, 'Undefined variable $categories', 'APPPATH\\Views\\Training\\training_edit.php', 55)
 2 SYSTEMPATH\View\View.php(213): include('APPPATH\\Views\\Training\\training_edit.php')
 3 SYSTEMPATH\View\View.php(216): CodeIgniter\View\View->CodeIgniter\View\{closure}()
 4 SYSTEMPATH\Common.php(1134): CodeIgniter\View\View->render('Training/training_edit.php', [], true)
 5 APPPATH\Controllers\Former.php(325): view('Training/training_edit.php', [...])
 6 SYSTEMPATH\CodeIgniter.php(927): App\Controllers\Former->training_edit()
 7 SYSTEMPATH\CodeIgniter.php(482): CodeIgniter\CodeIgniter->runController(Object(App\Controllers\Former))
 8 SYSTEMPATH\CodeIgniter.php(351): CodeIgniter\CodeIgniter->handleRequest(null, Object(Config\Cache), false)
 9 FCPATH\index.php(67): CodeIgniter\CodeIgniter->run()
10 SYSTEMPATH\Commands\Server\rewrite.php(46): require_once('FCPATH\\index.php')
CRITICAL - 2023-01-23 08:07:56 --> Undefined variable $options
in APPPATH\Controllers\Former.php on line 295.
 1 APPPATH\Controllers\Former.php(295): CodeIgniter\Debug\Exceptions->errorHandler(2, 'Undefined variable $options', 'APPPATH\\Controllers\\Former.php', 295)
 2 SYSTEMPATH\CodeIgniter.php(927): App\Controllers\Former->training_edit()
 3 SYSTEMPATH\CodeIgniter.php(482): CodeIgniter\CodeIgniter->runController(Object(App\Controllers\Former))
 4 SYSTEMPATH\CodeIgniter.php(351): CodeIgniter\CodeIgniter->handleRequest(null, Object(Config\Cache), false)
 5 FCPATH\index.php(67): CodeIgniter\CodeIgniter->run()
 6 SYSTEMPATH\Commands\Server\rewrite.php(46): require_once('FCPATH\\index.php')
CRITICAL - 2023-01-23 08:08:19 --> Undefined variable $page
in APPPATH\Views\Training\training_edit.php on line 117.
 1 APPPATH\Views\Training\training_edit.php(117): CodeIgniter\Debug\Exceptions->errorHandler(2, 'Undefined variable $page', 'APPPATH\\Views\\Training\\training_edit.php', 117)
 2 SYSTEMPATH\View\View.php(213): include('APPPATH\\Views\\Training\\training_edit.php')
 3 SYSTEMPATH\View\View.php(216): CodeIgniter\View\View->CodeIgniter\View\{closure}()
 4 SYSTEMPATH\Common.php(1134): CodeIgniter\View\View->render('Training/training_edit.php', [], true)
 5 APPPATH\Controllers\Former.php(323): view('Training/training_edit.php', [...])
 6 SYSTEMPATH\CodeIgniter.php(927): App\Controllers\Former->training_edit()
 7 SYSTEMPATH\CodeIgniter.php(482): CodeIgniter\CodeIgniter->runController(Object(App\Controllers\Former))
 8 SYSTEMPATH\CodeIgniter.php(351): CodeIgniter\CodeIgniter->handleRequest(null, Object(Config\Cache), false)
 9 FCPATH\index.php(67): CodeIgniter\CodeIgniter->run()
10 SYSTEMPATH\Commands\Server\rewrite.php(46): require_once('FCPATH\\index.php')
CRITICAL - 2023-01-23 08:09:34 --> Undefined variable $content
in APPPATH\Views\Training\training_edit.php on line 117.
 1 APPPATH\Views\Training\training_edit.php(117): CodeIgniter\Debug\Exceptions->errorHandler(2, 'Undefined variable $content', 'APPPATH\\Views\\Training\\training_edit.php', 117)
 2 SYSTEMPATH\View\View.php(213): include('APPPATH\\Views\\Training\\training_edit.php')
 3 SYSTEMPATH\View\View.php(216): CodeIgniter\View\View->CodeIgniter\View\{closure}()
 4 SYSTEMPATH\Common.php(1134): CodeIgniter\View\View->render('Training/training_edit.php', [], true)
 5 APPPATH\Controllers\Training.php(223): view('Training/training_edit.php', [...])
 6 SYSTEMPATH\CodeIgniter.php(927): App\Controllers\Training->modify_page()
 7 SYSTEMPATH\CodeIgniter.php(482): CodeIgniter\CodeIgniter->runController(Object(App\Controllers\Training))
 8 SYSTEMPATH\CodeIgniter.php(351): CodeIgniter\CodeIgniter->handleRequest(null, Object(Config\Cache), false)
 9 FCPATH\index.php(67): CodeIgniter\CodeIgniter->run()
10 SYSTEMPATH\Commands\Server\rewrite.php(46): require_once('FCPATH\\index.php')
CRITICAL - 2023-01-23 08:49:06 --> Undefined array key 0
in APPPATH\Models\PageModel.php on line 62.
 1 APPPATH\Models\PageModel.php(62): CodeIgniter\Debug\Exceptions->errorHandler(2, 'Undefined array key 0', 'APPPATH\\Models\\PageModel.php', 62)
 2 APPPATH\Controllers\Training.php(125): App\Models\PageModel->getPageById('96')
 3 SYSTEMPATH\CodeIgniter.php(927): App\Controllers\Training->view()
 4 SYSTEMPATH\CodeIgniter.php(482): CodeIgniter\CodeIgniter->runController(Object(App\Controllers\Training))
 5 SYSTEMPATH\CodeIgniter.php(351): CodeIgniter\CodeIgniter->handleRequest(null, Object(Config\Cache), false)
 6 FCPATH\index.php(67): CodeIgniter\CodeIgniter->run()
 7 SYSTEMPATH\Commands\Server\rewrite.php(46): require_once('FCPATH\\index.php')
CRITICAL - 2023-01-23 12:47:06 --> Undefined variable $publishes
in APPPATH\Views\Admin\dashboard_publishes_admin.php on line 35.
 1 APPPATH\Views\Admin\dashboard_publishes_admin.php(35): CodeIgniter\Debug\Exceptions->errorHandler(2, 'Undefined variable $publishes', 'APPPATH\\Views\\Admin\\dashboard_publishes_admin.php', 35)
 2 SYSTEMPATH\View\View.php(213): include('APPPATH\\Views\\Admin\\dashboard_publishes_admin.php')
 3 SYSTEMPATH\View\View.php(216): CodeIgniter\View\View->CodeIgniter\View\{closure}()
 4 SYSTEMPATH\Common.php(1134): CodeIgniter\View\View->render('Admin/dashboard_publishes_admin.php', [], true)
 5 APPPATH\Controllers\DashBoard.php(647): view('Admin/dashboard_publishes_admin.php', [...])
 6 SYSTEMPATH\CodeIgniter.php(927): App\Controllers\DashBoard->dashboard_publishes()
 7 SYSTEMPATH\CodeIgniter.php(482): CodeIgniter\CodeIgniter->runController(Object(App\Controllers\DashBoard))
 8 SYSTEMPATH\CodeIgniter.php(351): CodeIgniter\CodeIgniter->handleRequest(null, Object(Config\Cache), false)
 9 FCPATH\index.php(67): CodeIgniter\CodeIgniter->run()
10 SYSTEMPATH\Commands\Server\rewrite.php(46): require_once('FCPATH\\index.php')
CRITICAL - 2023-01-23 13:17:14 --> Undefined array key 0
in APPPATH\Models\PageModel.php on line 62.
 1 APPPATH\Models\PageModel.php(62): CodeIgniter\Debug\Exceptions->errorHandler(2, 'Undefined array key 0', 'APPPATH\\Models\\PageModel.php', 62)
 2 APPPATH\Controllers\Training.php(125): App\Models\PageModel->getPageById('10')
 3 SYSTEMPATH\CodeIgniter.php(927): App\Controllers\Training->view()
 4 SYSTEMPATH\CodeIgniter.php(482): CodeIgniter\CodeIgniter->runController(Object(App\Controllers\Training))
 5 SYSTEMPATH\CodeIgniter.php(351): CodeIgniter\CodeIgniter->handleRequest(null, Object(Config\Cache), false)
 6 FCPATH\index.php(67): CodeIgniter\CodeIgniter->run()
 7 SYSTEMPATH\Commands\Server\rewrite.php(46): require_once('FCPATH\\index.php')
