CRITICAL - 2022-12-05 14:44:55 --> Undefined constant "CodeIgniter\Debug\VENDORPATH"
in SYSTEMPATH\Debug\Exceptions.php on line 177.
 1 SYSTEMPATH\Debug\Exceptions.php(157): CodeIgniter\Debug\Exceptions->isFakerDeprecationError(8192, 'Optional parameter $category declared before required parameter $type is implicitly treated as a required parameter', 'FCPATH\\php\\functions\\util.php', 191)
 2 APPPATH\Views\User\profile_user.php(1): CodeIgniter\Debug\Exceptions->errorHandler(8192, 'Optional parameter $category declared before required parameter $type is implicitly treated as a required parameter', 'FCPATH\\php\\functions\\util.php', 191)
 3 APPPATH\Views\User\profile_user.php(1): require_once('SYSTEMPATH\\Debug\\Exceptions.php')
 4 SYSTEMPATH\View\View.php(213): include('APPPATH\\Views\\User\\profile_user.php')
 5 SYSTEMPATH\View\View.php(216): CodeIgniter\View\View->CodeIgniter\View\{closure}()
 6 SYSTEMPATH\Common.php(1134): CodeIgniter\View\View->render('User/profile_user', [], true)
 7 APPPATH\Controllers\User.php(53): view('User/profile_user', [...])
 8 SYSTEMPATH\CodeIgniter.php(927): App\Controllers\User->login()
 9 SYSTEMPATH\CodeIgniter.php(482): CodeIgniter\CodeIgniter->runController(Object(App\Controllers\User))
10 SYSTEMPATH\CodeIgniter.php(351): CodeIgniter\CodeIgniter->handleRequest(null, Object(Config\Cache), false)
11 FCPATH\index.php(67): CodeIgniter\CodeIgniter->run()
12 SYSTEMPATH\Commands\Server\rewrite.php(46): require_once('FCPATH\\index.php')
CRITICAL - 2022-12-05 14:49:07 --> Call to undefined function dateFormat()
in APPPATH\Views\User\profile_user.php on line 95.
 1 SYSTEMPATH\View\View.php(213): include()
 2 SYSTEMPATH\View\View.php(216): CodeIgniter\View\View->CodeIgniter\View\{closure}()
 3 SYSTEMPATH\Common.php(1134): CodeIgniter\View\View->render('User/profile_user', [], true)
 4 APPPATH\Controllers\User.php(53): view('User/profile_user', [...])
 5 SYSTEMPATH\CodeIgniter.php(927): App\Controllers\User->login()
 6 SYSTEMPATH\CodeIgniter.php(482): CodeIgniter\CodeIgniter->runController(Object(App\Controllers\User))
 7 SYSTEMPATH\CodeIgniter.php(351): CodeIgniter\CodeIgniter->handleRequest(null, Object(Config\Cache), false)
 8 FCPATH\index.php(67): CodeIgniter\CodeIgniter->run()
 9 SYSTEMPATH\Commands\Server\rewrite.php(46): require_once('FCPATH\\index.php')
CRITICAL - 2022-12-05 14:50:26 --> Undefined constant "CodeIgniter\Debug\VENDORPATH"
in SYSTEMPATH\Debug\Exceptions.php on line 177.
 1 SYSTEMPATH\Debug\Exceptions.php(157): CodeIgniter\Debug\Exceptions->isFakerDeprecationError(8192, 'Optional parameter $category declared before required parameter $type is implicitly treated as a required parameter', 'FCPATH\\php\\functions\\util.php', 191)
 2 APPPATH\Views\User\profile_user.php(1): CodeIgniter\Debug\Exceptions->errorHandler(8192, 'Optional parameter $category declared before required parameter $type is implicitly treated as a required parameter', 'FCPATH\\php\\functions\\util.php', 191)
 3 APPPATH\Views\User\profile_user.php(1): require_once('SYSTEMPATH\\Debug\\Exceptions.php')
 4 SYSTEMPATH\View\View.php(213): include('APPPATH\\Views\\User\\profile_user.php')
 5 SYSTEMPATH\View\View.php(216): CodeIgniter\View\View->CodeIgniter\View\{closure}()
 6 SYSTEMPATH\Common.php(1134): CodeIgniter\View\View->render('User/profile_user', [], true)
 7 APPPATH\Controllers\User.php(53): view('User/profile_user', [...])
 8 SYSTEMPATH\CodeIgniter.php(927): App\Controllers\User->login()
 9 SYSTEMPATH\CodeIgniter.php(482): CodeIgniter\CodeIgniter->runController(Object(App\Controllers\User))
10 SYSTEMPATH\CodeIgniter.php(351): CodeIgniter\CodeIgniter->handleRequest(null, Object(Config\Cache), false)
11 FCPATH\index.php(67): CodeIgniter\CodeIgniter->run()
12 SYSTEMPATH\Commands\Server\rewrite.php(46): require_once('FCPATH\\index.php')
CRITICAL - 2022-12-05 14:50:46 --> Undefined constant "CodeIgniter\Debug\VENDORPATH"
in SYSTEMPATH\Debug\Exceptions.php on line 177.
 1 SYSTEMPATH\Debug\Exceptions.php(157): CodeIgniter\Debug\Exceptions->isFakerDeprecationError(8192, 'Optional parameter $category declared before required parameter $type is implicitly treated as a required parameter', 'FCPATH\\php\\functions\\util.php', 191)
 2 APPPATH\Views\Admin\super_profile.php(1): CodeIgniter\Debug\Exceptions->errorHandler(8192, 'Optional parameter $category declared before required parameter $type is implicitly treated as a required parameter', 'FCPATH\\php\\functions\\util.php', 191)
 3 APPPATH\Views\Admin\super_profile.php(1): require_once('SYSTEMPATH\\Debug\\Exceptions.php')
 4 SYSTEMPATH\View\View.php(213): include('APPPATH\\Views\\Admin\\super_profile.php')
 5 SYSTEMPATH\View\View.php(216): CodeIgniter\View\View->CodeIgniter\View\{closure}()
 6 SYSTEMPATH\Common.php(1134): CodeIgniter\View\View->render('Admin/super_profile', [], true)
 7 APPPATH\Controllers\User.php(53): view('Admin/super_profile', [...])
 8 SYSTEMPATH\CodeIgniter.php(927): App\Controllers\User->login()
 9 SYSTEMPATH\CodeIgniter.php(482): CodeIgniter\CodeIgniter->runController(Object(App\Controllers\User))
10 SYSTEMPATH\CodeIgniter.php(351): CodeIgniter\CodeIgniter->handleRequest(null, Object(Config\Cache), false)
11 FCPATH\index.php(67): CodeIgniter\CodeIgniter->run()
12 SYSTEMPATH\Commands\Server\rewrite.php(46): require_once('FCPATH\\index.php')
CRITICAL - 2022-12-05 14:51:52 --> Undefined constant "CodeIgniter\Debug\VENDORPATH"
in SYSTEMPATH\Debug\Exceptions.php on line 177.
 1 SYSTEMPATH\Debug\Exceptions.php(157): CodeIgniter\Debug\Exceptions->isFakerDeprecationError(8192, 'Optional parameter $category declared before required parameter $type is implicitly treated as a required parameter', 'FCPATH\\php\\functions\\util.php', 191)
 2 APPPATH\Views\Admin\super_profile.php(1): CodeIgniter\Debug\Exceptions->errorHandler(8192, 'Optional parameter $category declared before required parameter $type is implicitly treated as a required parameter', 'FCPATH\\php\\functions\\util.php', 191)
 3 APPPATH\Views\Admin\super_profile.php(1): require_once('SYSTEMPATH\\Debug\\Exceptions.php')
 4 SYSTEMPATH\View\View.php(213): include('APPPATH\\Views\\Admin\\super_profile.php')
 5 SYSTEMPATH\View\View.php(216): CodeIgniter\View\View->CodeIgniter\View\{closure}()
 6 SYSTEMPATH\Common.php(1134): CodeIgniter\View\View->render('Admin/super_profile', [], true)
 7 APPPATH\Controllers\User.php(53): view('Admin/super_profile', [...])
 8 SYSTEMPATH\CodeIgniter.php(927): App\Controllers\User->login()
 9 SYSTEMPATH\CodeIgniter.php(482): CodeIgniter\CodeIgniter->runController(Object(App\Controllers\User))
10 SYSTEMPATH\CodeIgniter.php(351): CodeIgniter\CodeIgniter->handleRequest(null, Object(Config\Cache), false)
11 FCPATH\index.php(67): CodeIgniter\CodeIgniter->run()
12 SYSTEMPATH\Commands\Server\rewrite.php(46): require_once('FCPATH\\index.php')
CRITICAL - 2022-12-05 14:53:03 --> Undefined constant "CodeIgniter\Debug\VENDORPATH"
in SYSTEMPATH\Debug\Exceptions.php on line 177.
 1 SYSTEMPATH\Debug\Exceptions.php(157): CodeIgniter\Debug\Exceptions->isFakerDeprecationError(8192, 'Optional parameter $category declared before required parameter $type is implicitly treated as a required parameter', 'FCPATH\\php\\functions\\util.php', 191)
 2 APPPATH\Views\User\profile_user.php(1): CodeIgniter\Debug\Exceptions->errorHandler(8192, 'Optional parameter $category declared before required parameter $type is implicitly treated as a required parameter', 'FCPATH\\php\\functions\\util.php', 191)
 3 APPPATH\Views\User\profile_user.php(1): require_once('SYSTEMPATH\\Debug\\Exceptions.php')
 4 SYSTEMPATH\View\View.php(213): include('APPPATH\\Views\\User\\profile_user.php')
 5 SYSTEMPATH\View\View.php(216): CodeIgniter\View\View->CodeIgniter\View\{closure}()
 6 SYSTEMPATH\Common.php(1134): CodeIgniter\View\View->render('User/profile_user', [], true)
 7 APPPATH\Controllers\User.php(53): view('User/profile_user', [...])
 8 SYSTEMPATH\CodeIgniter.php(927): App\Controllers\User->login()
 9 SYSTEMPATH\CodeIgniter.php(482): CodeIgniter\CodeIgniter->runController(Object(App\Controllers\User))
10 SYSTEMPATH\CodeIgniter.php(351): CodeIgniter\CodeIgniter->handleRequest(null, Object(Config\Cache), false)
11 FCPATH\index.php(67): CodeIgniter\CodeIgniter->run()
12 SYSTEMPATH\Commands\Server\rewrite.php(46): require_once('FCPATH\\index.php')
CRITICAL - 2022-12-05 14:56:07 --> Undefined constant "CodeIgniter\Debug\VENDORPATH"
in SYSTEMPATH\Debug\Exceptions.php on line 177.
 1 SYSTEMPATH\Debug\Exceptions.php(157): CodeIgniter\Debug\Exceptions->isFakerDeprecationError(8192, 'Optional parameter $category declared before required parameter $type is implicitly treated as a required parameter', 'FCPATH\\php\\functions\\util.php', 191)
 2 APPPATH\Views\Admin\super_profile.php(1): CodeIgniter\Debug\Exceptions->errorHandler(8192, 'Optional parameter $category declared before required parameter $type is implicitly treated as a required parameter', 'FCPATH\\php\\functions\\util.php', 191)
 3 APPPATH\Views\Admin\super_profile.php(1): require_once('SYSTEMPATH\\Debug\\Exceptions.php')
 4 SYSTEMPATH\View\View.php(213): include('APPPATH\\Views\\Admin\\super_profile.php')
 5 SYSTEMPATH\View\View.php(216): CodeIgniter\View\View->CodeIgniter\View\{closure}()
 6 SYSTEMPATH\Common.php(1134): CodeIgniter\View\View->render('Admin/super_profile', [], true)
 7 APPPATH\Controllers\User.php(53): view('Admin/super_profile', [...])
 8 SYSTEMPATH\CodeIgniter.php(927): App\Controllers\User->login()
 9 SYSTEMPATH\CodeIgniter.php(482): CodeIgniter\CodeIgniter->runController(Object(App\Controllers\User))
10 SYSTEMPATH\CodeIgniter.php(351): CodeIgniter\CodeIgniter->handleRequest(null, Object(Config\Cache), false)
11 FCPATH\index.php(67): CodeIgniter\CodeIgniter->run()
12 SYSTEMPATH\Commands\Server\rewrite.php(46): require_once('FCPATH\\index.php')
CRITICAL - 2022-12-05 14:56:24 --> Undefined constant "CodeIgniter\Debug\VENDORPATH"
in SYSTEMPATH\Debug\Exceptions.php on line 177.
 1 SYSTEMPATH\Debug\Exceptions.php(157): CodeIgniter\Debug\Exceptions->isFakerDeprecationError(8192, 'Optional parameter $category declared before required parameter $type is implicitly treated as a required parameter', 'FCPATH\\php\\functions\\util.php', 191)
 2 APPPATH\Views\Admin\super_profile.php(1): CodeIgniter\Debug\Exceptions->errorHandler(8192, 'Optional parameter $category declared before required parameter $type is implicitly treated as a required parameter', 'FCPATH\\php\\functions\\util.php', 191)
 3 APPPATH\Views\Admin\super_profile.php(1): require_once('SYSTEMPATH\\Debug\\Exceptions.php')
 4 SYSTEMPATH\View\View.php(213): include('APPPATH\\Views\\Admin\\super_profile.php')
 5 SYSTEMPATH\View\View.php(216): CodeIgniter\View\View->CodeIgniter\View\{closure}()
 6 SYSTEMPATH\Common.php(1134): CodeIgniter\View\View->render('Admin/super_profile', [], true)
 7 APPPATH\Controllers\User.php(53): view('Admin/super_profile', [...])
 8 SYSTEMPATH\CodeIgniter.php(927): App\Controllers\User->login()
 9 SYSTEMPATH\CodeIgniter.php(482): CodeIgniter\CodeIgniter->runController(Object(App\Controllers\User))
10 SYSTEMPATH\CodeIgniter.php(351): CodeIgniter\CodeIgniter->handleRequest(null, Object(Config\Cache), false)
11 FCPATH\index.php(67): CodeIgniter\CodeIgniter->run()
12 SYSTEMPATH\Commands\Server\rewrite.php(46): require_once('FCPATH\\index.php')
CRITICAL - 2022-12-05 14:58:00 --> Undefined constant "CodeIgniter\Debug\VENDORPATH"
in SYSTEMPATH\Debug\Exceptions.php on line 177.
 1 SYSTEMPATH\Debug\Exceptions.php(157): CodeIgniter\Debug\Exceptions->isFakerDeprecationError(8192, 'Optional parameter $category declared before required parameter $type is implicitly treated as a required parameter', 'FCPATH\\php\\functions\\util.php', 191)
 2 APPPATH\Views\Admin\super_profile.php(1): CodeIgniter\Debug\Exceptions->errorHandler(8192, 'Optional parameter $category declared before required parameter $type is implicitly treated as a required parameter', 'FCPATH\\php\\functions\\util.php', 191)
 3 APPPATH\Views\Admin\super_profile.php(1): require_once('SYSTEMPATH\\Debug\\Exceptions.php')
 4 SYSTEMPATH\View\View.php(213): include('APPPATH\\Views\\Admin\\super_profile.php')
 5 SYSTEMPATH\View\View.php(216): CodeIgniter\View\View->CodeIgniter\View\{closure}()
 6 SYSTEMPATH\Common.php(1134): CodeIgniter\View\View->render('Admin/super_profile', [], true)
 7 APPPATH\Controllers\User.php(53): view('Admin/super_profile', [...])
 8 SYSTEMPATH\CodeIgniter.php(927): App\Controllers\User->login()
 9 SYSTEMPATH\CodeIgniter.php(482): CodeIgniter\CodeIgniter->runController(Object(App\Controllers\User))
10 SYSTEMPATH\CodeIgniter.php(351): CodeIgniter\CodeIgniter->handleRequest(null, Object(Config\Cache), false)
11 FCPATH\index.php(67): CodeIgniter\CodeIgniter->run()
12 SYSTEMPATH\Commands\Server\rewrite.php(46): require_once('FCPATH\\index.php')
CRITICAL - 2022-12-05 14:58:07 --> Undefined constant "CodeIgniter\Debug\VENDORPATH"
in SYSTEMPATH\Debug\Exceptions.php on line 177.
 1 SYSTEMPATH\Debug\Exceptions.php(157): CodeIgniter\Debug\Exceptions->isFakerDeprecationError(8192, 'Optional parameter $category declared before required parameter $type is implicitly treated as a required parameter', 'FCPATH\\php\\functions\\util.php', 191)
 2 APPPATH\Views\Admin\super_profile.php(1): CodeIgniter\Debug\Exceptions->errorHandler(8192, 'Optional parameter $category declared before required parameter $type is implicitly treated as a required parameter', 'FCPATH\\php\\functions\\util.php', 191)
 3 APPPATH\Views\Admin\super_profile.php(1): require_once('SYSTEMPATH\\Debug\\Exceptions.php')
 4 SYSTEMPATH\View\View.php(213): include('APPPATH\\Views\\Admin\\super_profile.php')
 5 SYSTEMPATH\View\View.php(216): CodeIgniter\View\View->CodeIgniter\View\{closure}()
 6 SYSTEMPATH\Common.php(1134): CodeIgniter\View\View->render('Admin/super_profile', [], true)
 7 APPPATH\Controllers\User.php(53): view('Admin/super_profile', [...])
 8 SYSTEMPATH\CodeIgniter.php(927): App\Controllers\User->login()
 9 SYSTEMPATH\CodeIgniter.php(482): CodeIgniter\CodeIgniter->runController(Object(App\Controllers\User))
10 SYSTEMPATH\CodeIgniter.php(351): CodeIgniter\CodeIgniter->handleRequest(null, Object(Config\Cache), false)
11 FCPATH\index.php(67): CodeIgniter\CodeIgniter->run()
12 SYSTEMPATH\Commands\Server\rewrite.php(46): require_once('FCPATH\\index.php')
CRITICAL - 2022-12-05 14:58:54 --> Undefined constant "CodeIgniter\Debug\VENDORPATH"
in SYSTEMPATH\Debug\Exceptions.php on line 177.
 1 SYSTEMPATH\Debug\Exceptions.php(157): CodeIgniter\Debug\Exceptions->isFakerDeprecationError(8192, 'Optional parameter $category declared before required parameter $type is implicitly treated as a required parameter', 'FCPATH\\php\\functions\\util.php', 191)
 2 APPPATH\Views\Admin\super_profile.php(1): CodeIgniter\Debug\Exceptions->errorHandler(8192, 'Optional parameter $category declared before required parameter $type is implicitly treated as a required parameter', 'FCPATH\\php\\functions\\util.php', 191)
 3 APPPATH\Views\Admin\super_profile.php(1): require_once('SYSTEMPATH\\Debug\\Exceptions.php')
 4 SYSTEMPATH\View\View.php(213): include('APPPATH\\Views\\Admin\\super_profile.php')
 5 SYSTEMPATH\View\View.php(216): CodeIgniter\View\View->CodeIgniter\View\{closure}()
 6 SYSTEMPATH\Common.php(1134): CodeIgniter\View\View->render('Admin/super_profile', [], true)
 7 APPPATH\Controllers\User.php(53): view('Admin/super_profile', [...])
 8 SYSTEMPATH\CodeIgniter.php(927): App\Controllers\User->login()
 9 SYSTEMPATH\CodeIgniter.php(482): CodeIgniter\CodeIgniter->runController(Object(App\Controllers\User))
10 SYSTEMPATH\CodeIgniter.php(351): CodeIgniter\CodeIgniter->handleRequest(null, Object(Config\Cache), false)
11 FCPATH\index.php(67): CodeIgniter\CodeIgniter->run()
12 SYSTEMPATH\Commands\Server\rewrite.php(46): require_once('FCPATH\\index.php')
CRITICAL - 2022-12-05 15:00:17 --> Undefined constant "CodeIgniter\Debug\VENDORPATH"
in SYSTEMPATH\Debug\Exceptions.php on line 177.
 1 SYSTEMPATH\Debug\Exceptions.php(157): CodeIgniter\Debug\Exceptions->isFakerDeprecationError(8192, 'Optional parameter $category declared before required parameter $type is implicitly treated as a required parameter', 'FCPATH\\php\\functions\\util.php', 191)
 2 APPPATH\Views\Admin\super_profile.php(1): CodeIgniter\Debug\Exceptions->errorHandler(8192, 'Optional parameter $category declared before required parameter $type is implicitly treated as a required parameter', 'FCPATH\\php\\functions\\util.php', 191)
 3 APPPATH\Views\Admin\super_profile.php(1): require_once('SYSTEMPATH\\Debug\\Exceptions.php')
 4 SYSTEMPATH\View\View.php(213): include('APPPATH\\Views\\Admin\\super_profile.php')
 5 SYSTEMPATH\View\View.php(216): CodeIgniter\View\View->CodeIgniter\View\{closure}()
 6 SYSTEMPATH\Common.php(1134): CodeIgniter\View\View->render('Admin/super_profile', [], true)
 7 APPPATH\Controllers\User.php(53): view('Admin/super_profile', [...])
 8 SYSTEMPATH\CodeIgniter.php(927): App\Controllers\User->login()
 9 SYSTEMPATH\CodeIgniter.php(482): CodeIgniter\CodeIgniter->runController(Object(App\Controllers\User))
10 SYSTEMPATH\CodeIgniter.php(351): CodeIgniter\CodeIgniter->handleRequest(null, Object(Config\Cache), false)
11 FCPATH\index.php(67): CodeIgniter\CodeIgniter->run()
12 SYSTEMPATH\Commands\Server\rewrite.php(46): require_once('FCPATH\\index.php')
CRITICAL - 2022-12-05 15:00:24 --> Undefined constant "CodeIgniter\Debug\VENDORPATH"
in SYSTEMPATH\Debug\Exceptions.php on line 177.
 1 SYSTEMPATH\Debug\Exceptions.php(157): CodeIgniter\Debug\Exceptions->isFakerDeprecationError(8192, 'Optional parameter $category declared before required parameter $type is implicitly treated as a required parameter', 'FCPATH\\php\\functions\\util.php', 191)
 2 APPPATH\Views\Admin\super_profile.php(1): CodeIgniter\Debug\Exceptions->errorHandler(8192, 'Optional parameter $category declared before required parameter $type is implicitly treated as a required parameter', 'FCPATH\\php\\functions\\util.php', 191)
 3 APPPATH\Views\Admin\super_profile.php(1): require_once('SYSTEMPATH\\Debug\\Exceptions.php')
 4 SYSTEMPATH\View\View.php(213): include('APPPATH\\Views\\Admin\\super_profile.php')
 5 SYSTEMPATH\View\View.php(216): CodeIgniter\View\View->CodeIgniter\View\{closure}()
 6 SYSTEMPATH\Common.php(1134): CodeIgniter\View\View->render('Admin/super_profile', [], true)
 7 APPPATH\Controllers\User.php(53): view('Admin/super_profile', [...])
 8 SYSTEMPATH\CodeIgniter.php(927): App\Controllers\User->login()
 9 SYSTEMPATH\CodeIgniter.php(482): CodeIgniter\CodeIgniter->runController(Object(App\Controllers\User))
10 SYSTEMPATH\CodeIgniter.php(351): CodeIgniter\CodeIgniter->handleRequest(null, Object(Config\Cache), false)
11 FCPATH\index.php(67): CodeIgniter\CodeIgniter->run()
12 SYSTEMPATH\Commands\Server\rewrite.php(46): require_once('FCPATH\\index.php')
CRITICAL - 2022-12-05 15:02:53 --> Undefined constant "CodeIgniter\Debug\VENDORPATH"
in SYSTEMPATH\Debug\Exceptions.php on line 177.
 1 SYSTEMPATH\Debug\Exceptions.php(157): CodeIgniter\Debug\Exceptions->isFakerDeprecationError(8192, 'Optional parameter $category declared before required parameter $type is implicitly treated as a required parameter', 'FCPATH\\php\\functions\\util.php', 191)
 2 APPPATH\Views\Admin\super_profile.php(1): CodeIgniter\Debug\Exceptions->errorHandler(8192, 'Optional parameter $category declared before required parameter $type is implicitly treated as a required parameter', 'FCPATH\\php\\functions\\util.php', 191)
 3 APPPATH\Views\Admin\super_profile.php(1): require_once('SYSTEMPATH\\Debug\\Exceptions.php')
 4 SYSTEMPATH\View\View.php(213): include('APPPATH\\Views\\Admin\\super_profile.php')
 5 SYSTEMPATH\View\View.php(216): CodeIgniter\View\View->CodeIgniter\View\{closure}()
 6 SYSTEMPATH\Common.php(1134): CodeIgniter\View\View->render('Admin/super_profile', [], true)
 7 APPPATH\Controllers\User.php(53): view('Admin/super_profile', [...])
 8 SYSTEMPATH\CodeIgniter.php(927): App\Controllers\User->login()
 9 SYSTEMPATH\CodeIgniter.php(482): CodeIgniter\CodeIgniter->runController(Object(App\Controllers\User))
10 SYSTEMPATH\CodeIgniter.php(351): CodeIgniter\CodeIgniter->handleRequest(null, Object(Config\Cache), false)
11 FCPATH\index.php(67): CodeIgniter\CodeIgniter->run()
12 SYSTEMPATH\Commands\Server\rewrite.php(46): require_once('FCPATH\\index.php')
CRITICAL - 2022-12-05 15:03:50 --> Undefined constant "CodeIgniter\Debug\VENDORPATH"
in SYSTEMPATH\Debug\Exceptions.php on line 177.
 1 SYSTEMPATH\Debug\Exceptions.php(157): CodeIgniter\Debug\Exceptions->isFakerDeprecationError(8192, 'Optional parameter $category declared before required parameter $type is implicitly treated as a required parameter', 'FCPATH\\php\\functions\\util.php', 191)
 2 APPPATH\Views\Admin\super_profile.php(1): CodeIgniter\Debug\Exceptions->errorHandler(8192, 'Optional parameter $category declared before required parameter $type is implicitly treated as a required parameter', 'FCPATH\\php\\functions\\util.php', 191)
 3 APPPATH\Views\Admin\super_profile.php(1): require_once('SYSTEMPATH\\Debug\\Exceptions.php')
 4 SYSTEMPATH\View\View.php(213): include('APPPATH\\Views\\Admin\\super_profile.php')
 5 SYSTEMPATH\View\View.php(216): CodeIgniter\View\View->CodeIgniter\View\{closure}()
 6 SYSTEMPATH\Common.php(1134): CodeIgniter\View\View->render('Admin/super_profile', [], true)
 7 APPPATH\Controllers\User.php(53): view('Admin/super_profile', [...])
 8 SYSTEMPATH\CodeIgniter.php(927): App\Controllers\User->login()
 9 SYSTEMPATH\CodeIgniter.php(482): CodeIgniter\CodeIgniter->runController(Object(App\Controllers\User))
10 SYSTEMPATH\CodeIgniter.php(351): CodeIgniter\CodeIgniter->handleRequest(null, Object(Config\Cache), false)
11 FCPATH\index.php(67): CodeIgniter\CodeIgniter->run()
12 SYSTEMPATH\Commands\Server\rewrite.php(46): require_once('FCPATH\\index.php')
CRITICAL - 2022-12-05 15:03:53 --> Undefined constant "CodeIgniter\Debug\VENDORPATH"
in SYSTEMPATH\Debug\Exceptions.php on line 177.
 1 SYSTEMPATH\Debug\Exceptions.php(157): CodeIgniter\Debug\Exceptions->isFakerDeprecationError(8192, 'Optional parameter $category declared before required parameter $type is implicitly treated as a required parameter', 'FCPATH\\php\\functions\\util.php', 191)
 2 APPPATH\Views\Admin\super_profile.php(1): CodeIgniter\Debug\Exceptions->errorHandler(8192, 'Optional parameter $category declared before required parameter $type is implicitly treated as a required parameter', 'FCPATH\\php\\functions\\util.php', 191)
 3 APPPATH\Views\Admin\super_profile.php(1): require_once('SYSTEMPATH\\Debug\\Exceptions.php')
 4 SYSTEMPATH\View\View.php(213): include('APPPATH\\Views\\Admin\\super_profile.php')
 5 SYSTEMPATH\View\View.php(216): CodeIgniter\View\View->CodeIgniter\View\{closure}()
 6 SYSTEMPATH\Common.php(1134): CodeIgniter\View\View->render('Admin/super_profile', [], true)
 7 APPPATH\Controllers\User.php(53): view('Admin/super_profile', [...])
 8 SYSTEMPATH\CodeIgniter.php(927): App\Controllers\User->login()
 9 SYSTEMPATH\CodeIgniter.php(482): CodeIgniter\CodeIgniter->runController(Object(App\Controllers\User))
10 SYSTEMPATH\CodeIgniter.php(351): CodeIgniter\CodeIgniter->handleRequest(null, Object(Config\Cache), false)
11 FCPATH\index.php(67): CodeIgniter\CodeIgniter->run()
12 SYSTEMPATH\Commands\Server\rewrite.php(46): require_once('FCPATH\\index.php')
CRITICAL - 2022-12-05 15:03:55 --> Undefined constant "CodeIgniter\Debug\VENDORPATH"
in SYSTEMPATH\Debug\Exceptions.php on line 177.
 1 SYSTEMPATH\Debug\Exceptions.php(157): CodeIgniter\Debug\Exceptions->isFakerDeprecationError(8192, 'Optional parameter $category declared before required parameter $type is implicitly treated as a required parameter', 'FCPATH\\php\\functions\\util.php', 191)
 2 APPPATH\Views\Admin\super_profile.php(1): CodeIgniter\Debug\Exceptions->errorHandler(8192, 'Optional parameter $category declared before required parameter $type is implicitly treated as a required parameter', 'FCPATH\\php\\functions\\util.php', 191)
 3 APPPATH\Views\Admin\super_profile.php(1): require_once('SYSTEMPATH\\Debug\\Exceptions.php')
 4 SYSTEMPATH\View\View.php(213): include('APPPATH\\Views\\Admin\\super_profile.php')
 5 SYSTEMPATH\View\View.php(216): CodeIgniter\View\View->CodeIgniter\View\{closure}()
 6 SYSTEMPATH\Common.php(1134): CodeIgniter\View\View->render('Admin/super_profile', [], true)
 7 APPPATH\Controllers\User.php(53): view('Admin/super_profile', [...])
 8 SYSTEMPATH\CodeIgniter.php(927): App\Controllers\User->login()
 9 SYSTEMPATH\CodeIgniter.php(482): CodeIgniter\CodeIgniter->runController(Object(App\Controllers\User))
10 SYSTEMPATH\CodeIgniter.php(351): CodeIgniter\CodeIgniter->handleRequest(null, Object(Config\Cache), false)
11 FCPATH\index.php(67): CodeIgniter\CodeIgniter->run()
12 SYSTEMPATH\Commands\Server\rewrite.php(46): require_once('FCPATH\\index.php')
CRITICAL - 2022-12-05 15:04:22 --> Undefined constant "CodeIgniter\Debug\VENDORPATH"
in SYSTEMPATH\Debug\Exceptions.php on line 177.
 1 SYSTEMPATH\Debug\Exceptions.php(157): CodeIgniter\Debug\Exceptions->isFakerDeprecationError(8192, 'Optional parameter $category declared before required parameter $type is implicitly treated as a required parameter', 'FCPATH\\php\\functions\\util.php', 191)
 2 APPPATH\Views\Admin\super_profile.php(1): CodeIgniter\Debug\Exceptions->errorHandler(8192, 'Optional parameter $category declared before required parameter $type is implicitly treated as a required parameter', 'FCPATH\\php\\functions\\util.php', 191)
 3 APPPATH\Views\Admin\super_profile.php(1): require_once('SYSTEMPATH\\Debug\\Exceptions.php')
 4 SYSTEMPATH\View\View.php(213): include('APPPATH\\Views\\Admin\\super_profile.php')
 5 SYSTEMPATH\View\View.php(216): CodeIgniter\View\View->CodeIgniter\View\{closure}()
 6 SYSTEMPATH\Common.php(1134): CodeIgniter\View\View->render('Admin/super_profile', [], true)
 7 APPPATH\Controllers\User.php(53): view('Admin/super_profile', [...])
 8 SYSTEMPATH\CodeIgniter.php(927): App\Controllers\User->login()
 9 SYSTEMPATH\CodeIgniter.php(482): CodeIgniter\CodeIgniter->runController(Object(App\Controllers\User))
10 SYSTEMPATH\CodeIgniter.php(351): CodeIgniter\CodeIgniter->handleRequest(null, Object(Config\Cache), false)
11 FCPATH\index.php(67): CodeIgniter\CodeIgniter->run()
12 SYSTEMPATH\Commands\Server\rewrite.php(46): require_once('FCPATH\\index.php')
CRITICAL - 2022-12-05 15:04:26 --> Undefined constant "CodeIgniter\Debug\VENDORPATH"
in SYSTEMPATH\Debug\Exceptions.php on line 177.
 1 SYSTEMPATH\Debug\Exceptions.php(157): CodeIgniter\Debug\Exceptions->isFakerDeprecationError(8192, 'Optional parameter $category declared before required parameter $type is implicitly treated as a required parameter', 'FCPATH\\php\\functions\\util.php', 191)
 2 APPPATH\Views\Admin\super_profile.php(1): CodeIgniter\Debug\Exceptions->errorHandler(8192, 'Optional parameter $category declared before required parameter $type is implicitly treated as a required parameter', 'FCPATH\\php\\functions\\util.php', 191)
 3 APPPATH\Views\Admin\super_profile.php(1): require_once('SYSTEMPATH\\Debug\\Exceptions.php')
 4 SYSTEMPATH\View\View.php(213): include('APPPATH\\Views\\Admin\\super_profile.php')
 5 SYSTEMPATH\View\View.php(216): CodeIgniter\View\View->CodeIgniter\View\{closure}()
 6 SYSTEMPATH\Common.php(1134): CodeIgniter\View\View->render('Admin/super_profile', [], true)
 7 APPPATH\Controllers\User.php(53): view('Admin/super_profile', [...])
 8 SYSTEMPATH\CodeIgniter.php(927): App\Controllers\User->login()
 9 SYSTEMPATH\CodeIgniter.php(482): CodeIgniter\CodeIgniter->runController(Object(App\Controllers\User))
10 SYSTEMPATH\CodeIgniter.php(351): CodeIgniter\CodeIgniter->handleRequest(null, Object(Config\Cache), false)
11 FCPATH\index.php(67): CodeIgniter\CodeIgniter->run()
12 SYSTEMPATH\Commands\Server\rewrite.php(46): require_once('FCPATH\\index.php')
CRITICAL - 2022-12-05 15:05:09 --> Call to undefined function powers()
in APPPATH\Views\Admin\super_profile.php on line 103.
 1 SYSTEMPATH\View\View.php(213): include()
 2 SYSTEMPATH\View\View.php(216): CodeIgniter\View\View->CodeIgniter\View\{closure}()
 3 SYSTEMPATH\Common.php(1134): CodeIgniter\View\View->render('Admin/super_profile', [], true)
 4 APPPATH\Controllers\User.php(53): view('Admin/super_profile', [...])
 5 SYSTEMPATH\CodeIgniter.php(927): App\Controllers\User->login()
 6 SYSTEMPATH\CodeIgniter.php(482): CodeIgniter\CodeIgniter->runController(Object(App\Controllers\User))
 7 SYSTEMPATH\CodeIgniter.php(351): CodeIgniter\CodeIgniter->handleRequest(null, Object(Config\Cache), false)
 8 FCPATH\index.php(67): CodeIgniter\CodeIgniter->run()
 9 SYSTEMPATH\Commands\Server\rewrite.php(46): require_once('FCPATH\\index.php')
CRITICAL - 2022-12-05 15:06:23 --> Undefined constant "CodeIgniter\Debug\VENDORPATH"
in SYSTEMPATH\Debug\Exceptions.php on line 177.
 1 SYSTEMPATH\Debug\Exceptions.php(157): CodeIgniter\Debug\Exceptions->isFakerDeprecationError(8192, 'Optional parameter $category declared before required parameter $type is implicitly treated as a required parameter', 'FCPATH\\php\\functions\\util.php', 191)
 2 APPPATH\Views\Admin\super_profile.php(1): CodeIgniter\Debug\Exceptions->errorHandler(8192, 'Optional parameter $category declared before required parameter $type is implicitly treated as a required parameter', 'FCPATH\\php\\functions\\util.php', 191)
 3 APPPATH\Views\Admin\super_profile.php(1): require_once('SYSTEMPATH\\Debug\\Exceptions.php')
 4 SYSTEMPATH\View\View.php(213): include('APPPATH\\Views\\Admin\\super_profile.php')
 5 SYSTEMPATH\View\View.php(216): CodeIgniter\View\View->CodeIgniter\View\{closure}()
 6 SYSTEMPATH\Common.php(1134): CodeIgniter\View\View->render('Admin/super_profile', [], true)
 7 APPPATH\Controllers\User.php(53): view('Admin/super_profile', [...])
 8 SYSTEMPATH\CodeIgniter.php(927): App\Controllers\User->login()
 9 SYSTEMPATH\CodeIgniter.php(482): CodeIgniter\CodeIgniter->runController(Object(App\Controllers\User))
10 SYSTEMPATH\CodeIgniter.php(351): CodeIgniter\CodeIgniter->handleRequest(null, Object(Config\Cache), false)
11 FCPATH\index.php(67): CodeIgniter\CodeIgniter->run()
12 SYSTEMPATH\Commands\Server\rewrite.php(46): require_once('FCPATH\\index.php')
CRITICAL - 2022-12-05 15:07:14 --> Undefined constant "CodeIgniter\Debug\VENDORPATH"
in SYSTEMPATH\Debug\Exceptions.php on line 177.
 1 SYSTEMPATH\Debug\Exceptions.php(157): CodeIgniter\Debug\Exceptions->isFakerDeprecationError(8192, 'Optional parameter $category declared before required parameter $type is implicitly treated as a required parameter', 'FCPATH\\php\\functions\\util.php', 191)
 2 APPPATH\Views\Admin\super_profile.php(1): CodeIgniter\Debug\Exceptions->errorHandler(8192, 'Optional parameter $category declared before required parameter $type is implicitly treated as a required parameter', 'FCPATH\\php\\functions\\util.php', 191)
 3 APPPATH\Views\Admin\super_profile.php(1): require('SYSTEMPATH\\Debug\\Exceptions.php')
 4 SYSTEMPATH\View\View.php(213): include('APPPATH\\Views\\Admin\\super_profile.php')
 5 SYSTEMPATH\View\View.php(216): CodeIgniter\View\View->CodeIgniter\View\{closure}()
 6 SYSTEMPATH\Common.php(1134): CodeIgniter\View\View->render('Admin/super_profile', [], true)
 7 APPPATH\Controllers\User.php(53): view('Admin/super_profile', [...])
 8 SYSTEMPATH\CodeIgniter.php(927): App\Controllers\User->login()
 9 SYSTEMPATH\CodeIgniter.php(482): CodeIgniter\CodeIgniter->runController(Object(App\Controllers\User))
10 SYSTEMPATH\CodeIgniter.php(351): CodeIgniter\CodeIgniter->handleRequest(null, Object(Config\Cache), false)
11 FCPATH\index.php(67): CodeIgniter\CodeIgniter->run()
12 SYSTEMPATH\Commands\Server\rewrite.php(46): require_once('FCPATH\\index.php')
CRITICAL - 2022-12-05 15:08:32 --> Call to undefined function powers()
in APPPATH\Views\Admin\super_profile.php on line 103.
 1 SYSTEMPATH\View\View.php(213): include()
 2 SYSTEMPATH\View\View.php(216): CodeIgniter\View\View->CodeIgniter\View\{closure}()
 3 SYSTEMPATH\Common.php(1134): CodeIgniter\View\View->render('Admin/super_profile', [], true)
 4 APPPATH\Controllers\User.php(53): view('Admin/super_profile', [...])
 5 SYSTEMPATH\CodeIgniter.php(927): App\Controllers\User->login()
 6 SYSTEMPATH\CodeIgniter.php(482): CodeIgniter\CodeIgniter->runController(Object(App\Controllers\User))
 7 SYSTEMPATH\CodeIgniter.php(351): CodeIgniter\CodeIgniter->handleRequest(null, Object(Config\Cache), false)
 8 FCPATH\index.php(67): CodeIgniter\CodeIgniter->run()
 9 SYSTEMPATH\Commands\Server\rewrite.php(46): require_once('FCPATH\\index.php')
CRITICAL - 2022-12-05 15:08:53 --> Undefined constant "CodeIgniter\Debug\VENDORPATH"
in SYSTEMPATH\Debug\Exceptions.php on line 177.
 1 SYSTEMPATH\Debug\Exceptions.php(157): CodeIgniter\Debug\Exceptions->isFakerDeprecationError(8192, 'Optional parameter $category declared before required parameter $type is implicitly treated as a required parameter', 'FCPATH\\php\\functions\\util.php', 191)
 2 APPPATH\Views\Admin\super_profile.php(4): CodeIgniter\Debug\Exceptions->errorHandler(8192, 'Optional parameter $category declared before required parameter $type is implicitly treated as a required parameter', 'FCPATH\\php\\functions\\util.php', 191)
 3 APPPATH\Views\Admin\super_profile.php(4): require('SYSTEMPATH\\Debug\\Exceptions.php')
 4 SYSTEMPATH\View\View.php(213): include('APPPATH\\Views\\Admin\\super_profile.php')
 5 SYSTEMPATH\View\View.php(216): CodeIgniter\View\View->CodeIgniter\View\{closure}()
 6 SYSTEMPATH\Common.php(1134): CodeIgniter\View\View->render('Admin/super_profile', [], true)
 7 APPPATH\Controllers\User.php(53): view('Admin/super_profile', [...])
 8 SYSTEMPATH\CodeIgniter.php(927): App\Controllers\User->login()
 9 SYSTEMPATH\CodeIgniter.php(482): CodeIgniter\CodeIgniter->runController(Object(App\Controllers\User))
10 SYSTEMPATH\CodeIgniter.php(351): CodeIgniter\CodeIgniter->handleRequest(null, Object(Config\Cache), false)
11 FCPATH\index.php(67): CodeIgniter\CodeIgniter->run()
12 SYSTEMPATH\Commands\Server\rewrite.php(46): require_once('FCPATH\\index.php')
CRITICAL - 2022-12-05 15:09:45 --> require(): http:// wrapper is disabled in the server configuration by allow_url_include=0
in APPPATH\Views\Admin\super_profile.php on line 4.
 1 APPPATH\Views\Admin\super_profile.php(4): CodeIgniter\Debug\Exceptions->errorHandler(2, 'require(): http:// wrapper is disabled in the server configuration by allow_url_include=0', 'APPPATH\\Views\\Admin\\super_profile.php', 4)
 2 APPPATH\Views\Admin\super_profile.php(4): require()
 3 SYSTEMPATH\View\View.php(213): include('APPPATH\\Views\\Admin\\super_profile.php')
 4 SYSTEMPATH\View\View.php(216): CodeIgniter\View\View->CodeIgniter\View\{closure}()
 5 SYSTEMPATH\Common.php(1134): CodeIgniter\View\View->render('Admin/super_profile', [], true)
 6 APPPATH\Controllers\User.php(53): view('Admin/super_profile', [...])
 7 SYSTEMPATH\CodeIgniter.php(927): App\Controllers\User->login()
 8 SYSTEMPATH\CodeIgniter.php(482): CodeIgniter\CodeIgniter->runController(Object(App\Controllers\User))
 9 SYSTEMPATH\CodeIgniter.php(351): CodeIgniter\CodeIgniter->handleRequest(null, Object(Config\Cache), false)
10 FCPATH\index.php(67): CodeIgniter\CodeIgniter->run()
11 SYSTEMPATH\Commands\Server\rewrite.php(46): require_once('FCPATH\\index.php')
CRITICAL - 2022-12-05 15:11:24 --> Undefined constant "CodeIgniter\Debug\VENDORPATH"
in SYSTEMPATH\Debug\Exceptions.php on line 177.
 1 SYSTEMPATH\Debug\Exceptions.php(157): CodeIgniter\Debug\Exceptions->isFakerDeprecationError(8192, 'Optional parameter $category declared before required parameter $type is implicitly treated as a required parameter', 'FCPATH\\php\\functions\\util.php', 191)
 2 APPPATH\Views\Admin\super_profile.php(4): CodeIgniter\Debug\Exceptions->errorHandler(8192, 'Optional parameter $category declared before required parameter $type is implicitly treated as a required parameter', 'FCPATH\\php\\functions\\util.php', 191)
 3 APPPATH\Views\Admin\super_profile.php(4): require_once('SYSTEMPATH\\Debug\\Exceptions.php')
 4 SYSTEMPATH\View\View.php(213): include('APPPATH\\Views\\Admin\\super_profile.php')
 5 SYSTEMPATH\View\View.php(216): CodeIgniter\View\View->CodeIgniter\View\{closure}()
 6 SYSTEMPATH\Common.php(1134): CodeIgniter\View\View->render('Admin/super_profile', [], true)
 7 APPPATH\Controllers\User.php(53): view('Admin/super_profile', [...])
 8 SYSTEMPATH\CodeIgniter.php(927): App\Controllers\User->login()
 9 SYSTEMPATH\CodeIgniter.php(482): CodeIgniter\CodeIgniter->runController(Object(App\Controllers\User))
10 SYSTEMPATH\CodeIgniter.php(351): CodeIgniter\CodeIgniter->handleRequest(null, Object(Config\Cache), false)
11 FCPATH\index.php(67): CodeIgniter\CodeIgniter->run()
12 SYSTEMPATH\Commands\Server\rewrite.php(46): require_once('FCPATH\\index.php')
CRITICAL - 2022-12-05 15:13:01 --> Undefined constant "CodeIgniter\Debug\VENDORPATH"
in SYSTEMPATH\Debug\Exceptions.php on line 177.
 1 SYSTEMPATH\Debug\Exceptions.php(157): CodeIgniter\Debug\Exceptions->isFakerDeprecationError(8192, 'Optional parameter $category declared before required parameter $type is implicitly treated as a required parameter', 'FCPATH\\php\\functions\\util.php', 191)
 2 APPPATH\Views\Admin\super_profile.php(1): CodeIgniter\Debug\Exceptions->errorHandler(8192, 'Optional parameter $category declared before required parameter $type is implicitly treated as a required parameter', 'FCPATH\\php\\functions\\util.php', 191)
 3 APPPATH\Views\Admin\super_profile.php(1): require_once('SYSTEMPATH\\Debug\\Exceptions.php')
 4 SYSTEMPATH\View\View.php(213): include('APPPATH\\Views\\Admin\\super_profile.php')
 5 SYSTEMPATH\View\View.php(216): CodeIgniter\View\View->CodeIgniter\View\{closure}()
 6 SYSTEMPATH\Common.php(1134): CodeIgniter\View\View->render('Admin/super_profile', [], true)
 7 APPPATH\Controllers\User.php(53): view('Admin/super_profile', [...])
 8 SYSTEMPATH\CodeIgniter.php(927): App\Controllers\User->login()
 9 SYSTEMPATH\CodeIgniter.php(482): CodeIgniter\CodeIgniter->runController(Object(App\Controllers\User))
10 SYSTEMPATH\CodeIgniter.php(351): CodeIgniter\CodeIgniter->handleRequest(null, Object(Config\Cache), false)
11 FCPATH\index.php(67): CodeIgniter\CodeIgniter->run()
12 SYSTEMPATH\Commands\Server\rewrite.php(46): require_once('FCPATH\\index.php')
CRITICAL - 2022-12-05 15:13:08 --> Undefined constant "CodeIgniter\Debug\VENDORPATH"
in SYSTEMPATH\Debug\Exceptions.php on line 177.
 1 SYSTEMPATH\Debug\Exceptions.php(157): CodeIgniter\Debug\Exceptions->isFakerDeprecationError(8192, 'Optional parameter $category declared before required parameter $type is implicitly treated as a required parameter', 'FCPATH\\php\\functions\\util.php', 191)
 2 APPPATH\Views\Admin\super_profile.php(1): CodeIgniter\Debug\Exceptions->errorHandler(8192, 'Optional parameter $category declared before required parameter $type is implicitly treated as a required parameter', 'FCPATH\\php\\functions\\util.php', 191)
 3 APPPATH\Views\Admin\super_profile.php(1): require_once('SYSTEMPATH\\Debug\\Exceptions.php')
 4 SYSTEMPATH\View\View.php(213): include('APPPATH\\Views\\Admin\\super_profile.php')
 5 SYSTEMPATH\View\View.php(216): CodeIgniter\View\View->CodeIgniter\View\{closure}()
 6 SYSTEMPATH\Common.php(1134): CodeIgniter\View\View->render('Admin/super_profile', [], true)
 7 APPPATH\Controllers\User.php(53): view('Admin/super_profile', [...])
 8 SYSTEMPATH\CodeIgniter.php(927): App\Controllers\User->login()
 9 SYSTEMPATH\CodeIgniter.php(482): CodeIgniter\CodeIgniter->runController(Object(App\Controllers\User))
10 SYSTEMPATH\CodeIgniter.php(351): CodeIgniter\CodeIgniter->handleRequest(null, Object(Config\Cache), false)
11 FCPATH\index.php(67): CodeIgniter\CodeIgniter->run()
12 SYSTEMPATH\Commands\Server\rewrite.php(46): require_once('FCPATH\\index.php')
CRITICAL - 2022-12-05 15:13:22 --> Undefined constant "CodeIgniter\Debug\VENDORPATH"
in SYSTEMPATH\Debug\Exceptions.php on line 177.
 1 SYSTEMPATH\Debug\Exceptions.php(157): CodeIgniter\Debug\Exceptions->isFakerDeprecationError(8192, 'Optional parameter $category declared before required parameter $type is implicitly treated as a required parameter', 'FCPATH\\php\\functions\\util.php', 191)
 2 APPPATH\Views\User\profile_company.php(1): CodeIgniter\Debug\Exceptions->errorHandler(8192, 'Optional parameter $category declared before required parameter $type is implicitly treated as a required parameter', 'FCPATH\\php\\functions\\util.php', 191)
 3 APPPATH\Views\User\profile_company.php(1): require_once('SYSTEMPATH\\Debug\\Exceptions.php')
 4 SYSTEMPATH\View\View.php(213): include('APPPATH\\Views\\User\\profile_company.php')
 5 SYSTEMPATH\View\View.php(216): CodeIgniter\View\View->CodeIgniter\View\{closure}()
 6 SYSTEMPATH\Common.php(1134): CodeIgniter\View\View->render('User/profile_company', [], true)
 7 APPPATH\Controllers\User.php(53): view('User/profile_company', [...])
 8 SYSTEMPATH\CodeIgniter.php(927): App\Controllers\User->login()
 9 SYSTEMPATH\CodeIgniter.php(482): CodeIgniter\CodeIgniter->runController(Object(App\Controllers\User))
10 SYSTEMPATH\CodeIgniter.php(351): CodeIgniter\CodeIgniter->handleRequest(null, Object(Config\Cache), false)
11 FCPATH\index.php(67): CodeIgniter\CodeIgniter->run()
12 SYSTEMPATH\Commands\Server\rewrite.php(46): require_once('FCPATH\\index.php')
