CRITICAL - 2022-11-27 13:07:32 --> require_once(util.php): Failed to open stream: No such file or directory
in APPPATH\Views\Former\profile_view.php on line 1.
 1 APPPATH\Views\Former\profile_view.php(1): CodeIgniter\Debug\Exceptions->errorHandler(2, 'require_once(util.php): Failed to open stream: No such file or directory', 'APPPATH\\Views\\Former\\profile_view.php', 1)
 2 APPPATH\Views\Former\profile_view.php(1): require_once()
 3 SYSTEMPATH\View\View.php(213): include('APPPATH\\Views\\Former\\profile_view.php')
 4 SYSTEMPATH\View\View.php(216): CodeIgniter\View\View->CodeIgniter\View\{closure}()
 5 SYSTEMPATH\Common.php(1134): CodeIgniter\View\View->render('Former/profile_view.php', [], true)
 6 APPPATH\Controllers\Former.php(71): view('Former/profile_view.php', [...])
 7 SYSTEMPATH\CodeIgniter.php(927): App\Controllers\Former->profile_view()
 8 SYSTEMPATH\CodeIgniter.php(482): CodeIgniter\CodeIgniter->runController(Object(App\Controllers\Former))
 9 SYSTEMPATH\CodeIgniter.php(351): CodeIgniter\CodeIgniter->handleRequest(null, Object(Config\Cache), false)
10 FCPATH\index.php(67): CodeIgniter\CodeIgniter->run()
11 SYSTEMPATH\Commands\Server\rewrite.php(46): require_once('FCPATH\\index.php')
CRITICAL - 2022-11-27 13:09:50 --> Invalid file: layouts/index.php
in SYSTEMPATH\Exceptions\FrameworkException.php on line 33.
 1 SYSTEMPATH\View\View.php(201): CodeIgniter\Exceptions\FrameworkException::forInvalidFile('layouts/index.php')
 2 SYSTEMPATH\View\View.php(229): CodeIgniter\View\View->render('layouts/index', [], true)
 3 SYSTEMPATH\Common.php(1134): CodeIgniter\View\View->render('Former/index.php', [], true)
 4 APPPATH\Controllers\Former.php(65): view('Former/index.php', [...])
 5 SYSTEMPATH\CodeIgniter.php(927): App\Controllers\Former->former_view()
 6 SYSTEMPATH\CodeIgniter.php(482): CodeIgniter\CodeIgniter->runController(Object(App\Controllers\Former))
 7 SYSTEMPATH\CodeIgniter.php(351): CodeIgniter\CodeIgniter->handleRequest(null, Object(Config\Cache), false)
 8 FCPATH\index.php(67): CodeIgniter\CodeIgniter->run()
 9 SYSTEMPATH\Commands\Server\rewrite.php(46): require_once('FCPATH\\index.php')
CRITICAL - 2022-11-27 13:39:11 --> Undefined variable $job
in APPPATH\Views\Admin\profile.php on line 9.
 1 APPPATH\Views\Admin\profile.php(9): CodeIgniter\Debug\Exceptions->errorHandler(2, 'Undefined variable $job', 'APPPATH\\Views\\Admin\\profile.php', 9)
 2 SYSTEMPATH\View\View.php(213): include('APPPATH\\Views\\Admin\\profile.php')
 3 SYSTEMPATH\View\View.php(216): CodeIgniter\View\View->CodeIgniter\View\{closure}()
 4 SYSTEMPATH\Common.php(1134): CodeIgniter\View\View->render('Admin/profile.php', [], true)
 5 APPPATH\Controllers\Admin.php(74): view('Admin/profile.php', [...])
 6 SYSTEMPATH\CodeIgniter.php(927): App\Controllers\Admin->profile()
 7 SYSTEMPATH\CodeIgniter.php(482): CodeIgniter\CodeIgniter->runController(Object(App\Controllers\Admin))
 8 SYSTEMPATH\CodeIgniter.php(351): CodeIgniter\CodeIgniter->handleRequest(null, Object(Config\Cache), false)
 9 FCPATH\index.php(67): CodeIgniter\CodeIgniter->run()
10 SYSTEMPATH\Commands\Server\rewrite.php(46): require_once('FCPATH\\index.php')
