CRITICAL - 2022-12-07 12:53:15 --> Object of class CodeIgniter\Validation\Validation could not be converted to string
in APPPATH\Controllers\Admin.php on line 161.
 1 SYSTEMPATH\CodeIgniter.php(927): App\Controllers\Admin->add_admin()
 2 SYSTEMPATH\CodeIgniter.php(482): CodeIgniter\CodeIgniter->runController(Object(App\Controllers\Admin))
 3 SYSTEMPATH\CodeIgniter.php(351): CodeIgniter\CodeIgniter->handleRequest(null, Object(Config\Cache), false)
 4 FCPATH\index.php(67): CodeIgniter\CodeIgniter->run()
 5 SYSTEMPATH\Commands\Server\rewrite.php(46): require_once('FCPATH\\index.php')
ERROR - 2022-12-07 13:05:17 --> mysqli_sql_exception: Column 'country' cannot be null in C:\xampp\htdocs\MaFormation\system\Database\MySQLi\Connection.php:292
Stack trace:
#0 C:\xampp\htdocs\MaFormation\system\Database\MySQLi\Connection.php(292): mysqli->query('INSERT INTO `us...', 0)
#1 C:\xampp\htdocs\MaFormation\system\Database\BaseConnection.php(666): CodeIgniter\Database\MySQLi\Connection->execute('INSERT INTO `us...')
#2 C:\xampp\htdocs\MaFormation\system\Database\BaseConnection.php(593): CodeIgniter\Database\BaseConnection->simpleQuery('INSERT INTO `us...')
#3 C:\xampp\htdocs\MaFormation\system\Database\BaseBuilder.php(1916): CodeIgniter\Database\BaseConnection->query('INSERT INTO `us...', Array, false)
#4 C:\xampp\htdocs\MaFormation\system\Model.php(279): CodeIgniter\Database\BaseBuilder->insert()
#5 C:\xampp\htdocs\MaFormation\system\BaseModel.php(749): CodeIgniter\Model->doInsert(Array)
#6 C:\xampp\htdocs\MaFormation\system\Model.php(667): CodeIgniter\BaseModel->insert(Array, false)
#7 C:\xampp\htdocs\MaFormation\system\BaseModel.php(659): CodeIgniter\Model->insert(Array, false)
#8 C:\xampp\htdocs\MaFormation\app\Controllers\Admin.php(200): CodeIgniter\BaseModel->save(Array)
#9 C:\xampp\htdocs\MaFormation\system\CodeIgniter.php(927): App\Controllers\Admin->add_admin()
#10 C:\xampp\htdocs\MaFormation\system\CodeIgniter.php(482): CodeIgniter\CodeIgniter->runController(Object(App\Controllers\Admin))
#11 C:\xampp\htdocs\MaFormation\system\CodeIgniter.php(351): CodeIgniter\CodeIgniter->handleRequest(NULL, Object(Config\Cache), false)
#12 C:\xampp\htdocs\MaFormation\public\index.php(67): CodeIgniter\CodeIgniter->run()
#13 C:\xampp\htdocs\MaFormation\system\Commands\Server\rewrite.php(46): require_once('C:\\xampp\\htdocs...')
#14 {main}
CRITICAL - 2022-12-07 13:05:17 --> Column 'country' cannot be null
in SYSTEMPATH\Database\MySQLi\Connection.php on line 292.
 1 SYSTEMPATH\Database\MySQLi\Connection.php(292): mysqli->query('INSERT INTO `user` (`name`, `firstname`, `address`, `city`, `cp`, `country`, `rights`, `phone`, `mail`, `password`, `newsletters`, `type`, `status`) VALUES (\'Garcia\', \'Albert\', \'34 Rue Des accacias\\r\\n\', \'St Martin de Crau\', \'13310\', NULL, \'1F 1F 1F 05 1F 05\', \'+33665167626\', \'albert@laposte.net\', \'$2y$10$wnZKY.mgcgnfk25Cq0AlI.vtvG1TB.v9Opc1xSxs96G9xXVd/DWOm\', 1, \'3\', 2)', 0)
 2 SYSTEMPATH\Database\BaseConnection.php(666): CodeIgniter\Database\MySQLi\Connection->execute('INSERT INTO `user` (`name`, `firstname`, `address`, `city`, `cp`, `country`, `rights`, `phone`, `mail`, `password`, `newsletters`, `type`, `status`) VALUES (\'Garcia\', \'Albert\', \'34 Rue Des accacias\\r\\n\', \'St Martin de Crau\', \'13310\', NULL, \'1F 1F 1F 05 1F 05\', \'+33665167626\', \'albert@laposte.net\', \'$2y$10$wnZKY.mgcgnfk25Cq0AlI.vtvG1TB.v9Opc1xSxs96G9xXVd/DWOm\', 1, \'3\', 2)')
 3 SYSTEMPATH\Database\BaseConnection.php(593): CodeIgniter\Database\BaseConnection->simpleQuery('INSERT INTO `user` (`name`, `firstname`, `address`, `city`, `cp`, `country`, `rights`, `phone`, `mail`, `password`, `newsletters`, `type`, `status`) VALUES (\'Garcia\', \'Albert\', \'34 Rue Des accacias\\r\\n\', \'St Martin de Crau\', \'13310\', NULL, \'1F 1F 1F 05 1F 05\', \'+33665167626\', \'albert@laposte.net\', \'$2y$10$wnZKY.mgcgnfk25Cq0AlI.vtvG1TB.v9Opc1xSxs96G9xXVd/DWOm\', 1, \'3\', 2)')
 4 SYSTEMPATH\Database\BaseBuilder.php(1916): CodeIgniter\Database\BaseConnection->query('INSERT INTO `user` (`name`, `firstname`, `address`, `city`, `cp`, `country`, `rights`, `phone`, `mail`, `password`, `newsletters`, `type`, `status`) VALUES (:name:, :firstname:, :address:, :city:, :cp:, :country:, :rights:, :phone:, :mail:, :password:, :newsletters:, :type:, :status:)', [...], false)
 5 SYSTEMPATH\Model.php(279): CodeIgniter\Database\BaseBuilder->insert()
 6 SYSTEMPATH\BaseModel.php(749): CodeIgniter\Model->doInsert([...])
 7 SYSTEMPATH\Model.php(667): CodeIgniter\BaseModel->insert([...], false)
 8 SYSTEMPATH\BaseModel.php(659): CodeIgniter\Model->insert([...], false)
 9 APPPATH\Controllers\Admin.php(200): CodeIgniter\BaseModel->save([...])
10 SYSTEMPATH\CodeIgniter.php(927): App\Controllers\Admin->add_admin()
11 SYSTEMPATH\CodeIgniter.php(482): CodeIgniter\CodeIgniter->runController(Object(App\Controllers\Admin))
12 SYSTEMPATH\CodeIgniter.php(351): CodeIgniter\CodeIgniter->handleRequest(null, Object(Config\Cache), false)
13 FCPATH\index.php(67): CodeIgniter\CodeIgniter->run()
14 SYSTEMPATH\Commands\Server\rewrite.php(46): require_once('FCPATH\\index.php')
CRITICAL - 2022-12-07 14:33:23 --> Invalid file: layouts/profile.php
in SYSTEMPATH\Exceptions\FrameworkException.php on line 33.
 1 SYSTEMPATH\View\View.php(201): CodeIgniter\Exceptions\FrameworkException::forInvalidFile('layouts/profile.php')
 2 SYSTEMPATH\View\View.php(229): CodeIgniter\View\View->render('layouts/profile', [], true)
 3 SYSTEMPATH\Common.php(1134): CodeIgniter\View\View->render('Admin/list_privileges.php', [], true)
 4 APPPATH\Controllers\DashBoard.php(188): view('Admin/list_privileges.php', [...])
 5 SYSTEMPATH\CodeIgniter.php(927): App\Controllers\DashBoard->privileges()
 6 SYSTEMPATH\CodeIgniter.php(482): CodeIgniter\CodeIgniter->runController(Object(App\Controllers\DashBoard))
 7 SYSTEMPATH\CodeIgniter.php(351): CodeIgniter\CodeIgniter->handleRequest(null, Object(Config\Cache), false)
 8 FCPATH\index.php(67): CodeIgniter\CodeIgniter->run()
 9 SYSTEMPATH\Commands\Server\rewrite.php(46): require_once('FCPATH\\index.php')
CRITICAL - 2022-12-07 14:33:36 --> Undefined variable $user
in APPPATH\Views\layouts\profil.php on line 19.
 1 APPPATH\Views\layouts\profil.php(19): CodeIgniter\Debug\Exceptions->errorHandler(2, 'Undefined variable $user', 'APPPATH\\Views\\layouts\\profil.php', 19)
 2 SYSTEMPATH\View\View.php(213): include('APPPATH\\Views\\layouts\\profil.php')
 3 SYSTEMPATH\View\View.php(216): CodeIgniter\View\View->CodeIgniter\View\{closure}()
 4 SYSTEMPATH\View\View.php(229): CodeIgniter\View\View->render('layouts/profil', [], true)
 5 SYSTEMPATH\Common.php(1134): CodeIgniter\View\View->render('Admin/list_privileges.php', [], true)
 6 APPPATH\Controllers\DashBoard.php(188): view('Admin/list_privileges.php', [...])
 7 SYSTEMPATH\CodeIgniter.php(927): App\Controllers\DashBoard->privileges()
 8 SYSTEMPATH\CodeIgniter.php(482): CodeIgniter\CodeIgniter->runController(Object(App\Controllers\DashBoard))
 9 SYSTEMPATH\CodeIgniter.php(351): CodeIgniter\CodeIgniter->handleRequest(null, Object(Config\Cache), false)
10 FCPATH\index.php(67): CodeIgniter\CodeIgniter->run()
11 SYSTEMPATH\Commands\Server\rewrite.php(46): require_once('FCPATH\\index.php')
CRITICAL - 2022-12-07 15:55:23 --> Undefined array key "rights"
in APPPATH\Views\Admin\list_privileges.php on line 56.
 1 APPPATH\Views\Admin\list_privileges.php(56): CodeIgniter\Debug\Exceptions->errorHandler(2, 'Undefined array key "rights"', 'APPPATH\\Views\\Admin\\list_privileges.php', 56)
 2 SYSTEMPATH\View\View.php(213): include('APPPATH\\Views\\Admin\\list_privileges.php')
 3 SYSTEMPATH\View\View.php(216): CodeIgniter\View\View->CodeIgniter\View\{closure}()
 4 SYSTEMPATH\Common.php(1134): CodeIgniter\View\View->render('Admin/list_privileges.php', [], true)
 5 APPPATH\Controllers\DashBoard.php(205): view('Admin/list_privileges.php', [...])
 6 SYSTEMPATH\CodeIgniter.php(927): App\Controllers\DashBoard->privileges()
 7 SYSTEMPATH\CodeIgniter.php(482): CodeIgniter\CodeIgniter->runController(Object(App\Controllers\DashBoard))
 8 SYSTEMPATH\CodeIgniter.php(351): CodeIgniter\CodeIgniter->handleRequest(null, Object(Config\Cache), false)
 9 FCPATH\index.php(67): CodeIgniter\CodeIgniter->run()
10 SYSTEMPATH\Commands\Server\rewrite.php(46): require_once('FCPATH\\index.php')
CRITICAL - 2022-12-07 15:56:20 --> Undefined array key "rights"
in APPPATH\Views\Admin\list_privileges.php on line 56.
 1 APPPATH\Views\Admin\list_privileges.php(56): CodeIgniter\Debug\Exceptions->errorHandler(2, 'Undefined array key "rights"', 'APPPATH\\Views\\Admin\\list_privileges.php', 56)
 2 SYSTEMPATH\View\View.php(213): include('APPPATH\\Views\\Admin\\list_privileges.php')
 3 SYSTEMPATH\View\View.php(216): CodeIgniter\View\View->CodeIgniter\View\{closure}()
 4 SYSTEMPATH\Common.php(1134): CodeIgniter\View\View->render('Admin/list_privileges.php', [], true)
 5 APPPATH\Controllers\DashBoard.php(205): view('Admin/list_privileges.php', [...])
 6 SYSTEMPATH\CodeIgniter.php(927): App\Controllers\DashBoard->privileges()
 7 SYSTEMPATH\CodeIgniter.php(482): CodeIgniter\CodeIgniter->runController(Object(App\Controllers\DashBoard))
 8 SYSTEMPATH\CodeIgniter.php(351): CodeIgniter\CodeIgniter->handleRequest(null, Object(Config\Cache), false)
 9 FCPATH\index.php(67): CodeIgniter\CodeIgniter->run()
10 SYSTEMPATH\Commands\Server\rewrite.php(46): require_once('FCPATH\\index.php')
CRITICAL - 2022-12-07 15:56:44 --> Undefined array key "rights"
in APPPATH\Views\Admin\list_privileges.php on line 56.
 1 APPPATH\Views\Admin\list_privileges.php(56): CodeIgniter\Debug\Exceptions->errorHandler(2, 'Undefined array key "rights"', 'APPPATH\\Views\\Admin\\list_privileges.php', 56)
 2 SYSTEMPATH\View\View.php(213): include('APPPATH\\Views\\Admin\\list_privileges.php')
 3 SYSTEMPATH\View\View.php(216): CodeIgniter\View\View->CodeIgniter\View\{closure}()
 4 SYSTEMPATH\Common.php(1134): CodeIgniter\View\View->render('Admin/list_privileges.php', [], true)
 5 APPPATH\Controllers\DashBoard.php(205): view('Admin/list_privileges.php', [...])
 6 SYSTEMPATH\CodeIgniter.php(927): App\Controllers\DashBoard->privileges()
 7 SYSTEMPATH\CodeIgniter.php(482): CodeIgniter\CodeIgniter->runController(Object(App\Controllers\DashBoard))
 8 SYSTEMPATH\CodeIgniter.php(351): CodeIgniter\CodeIgniter->handleRequest(null, Object(Config\Cache), false)
 9 FCPATH\index.php(67): CodeIgniter\CodeIgniter->run()
10 SYSTEMPATH\Commands\Server\rewrite.php(46): require_once('FCPATH\\index.php')
CRITICAL - 2022-12-07 16:26:30 --> hex2bin(): Hexadecimal input string must have an even length
in FCPATH\php\functions\util.php on line 619.
 1 [internal function]: CodeIgniter\Debug\Exceptions->errorHandler(2, 'hex2bin(): Hexadecimal input string must have an even length', 'FCPATH\\php\\functions\\util.php', 619)
 2 FCPATH\php\functions\util.php(619): hex2bin('F')
 3 APPPATH\Views\Admin\list_privileges.php(57): translateRights('1F')
 4 SYSTEMPATH\View\View.php(213): include('APPPATH\\Views\\Admin\\list_privileges.php')
 5 SYSTEMPATH\View\View.php(216): CodeIgniter\View\View->CodeIgniter\View\{closure}()
 6 SYSTEMPATH\Common.php(1134): CodeIgniter\View\View->render('Admin/list_privileges.php', [], true)
 7 APPPATH\Controllers\DashBoard.php(206): view('Admin/list_privileges.php', [...])
 8 SYSTEMPATH\CodeIgniter.php(927): App\Controllers\DashBoard->privileges()
 9 SYSTEMPATH\CodeIgniter.php(482): CodeIgniter\CodeIgniter->runController(Object(App\Controllers\DashBoard))
10 SYSTEMPATH\CodeIgniter.php(351): CodeIgniter\CodeIgniter->handleRequest(null, Object(Config\Cache), false)
11 FCPATH\index.php(67): CodeIgniter\CodeIgniter->run()
12 SYSTEMPATH\Commands\Server\rewrite.php(46): require_once('FCPATH\\index.php')
CRITICAL - 2022-12-07 16:28:49 --> Unsupported operand types: string & int
in FCPATH\php\functions\util.php on line 620.
 1 APPPATH\Views\Admin\list_privileges.php(57): translateRights('1F')
 2 SYSTEMPATH\View\View.php(213): include('APPPATH\\Views\\Admin\\list_privileges.php')
 3 SYSTEMPATH\View\View.php(216): CodeIgniter\View\View->CodeIgniter\View\{closure}()
 4 SYSTEMPATH\Common.php(1134): CodeIgniter\View\View->render('Admin/list_privileges.php', [], true)
 5 APPPATH\Controllers\DashBoard.php(206): view('Admin/list_privileges.php', [...])
 6 SYSTEMPATH\CodeIgniter.php(927): App\Controllers\DashBoard->privileges()
 7 SYSTEMPATH\CodeIgniter.php(482): CodeIgniter\CodeIgniter->runController(Object(App\Controllers\DashBoard))
 8 SYSTEMPATH\CodeIgniter.php(351): CodeIgniter\CodeIgniter->handleRequest(null, Object(Config\Cache), false)
 9 FCPATH\index.php(67): CodeIgniter\CodeIgniter->run()
10 SYSTEMPATH\Commands\Server\rewrite.php(46): require_once('FCPATH\\index.php')
CRITICAL - 2022-12-07 16:33:24 --> Unsupported operand types: string & int
in FCPATH\php\functions\util.php on line 622.
 1 APPPATH\Views\Admin\list_privileges.php(57): translateRights('1F')
 2 SYSTEMPATH\View\View.php(213): include('APPPATH\\Views\\Admin\\list_privileges.php')
 3 SYSTEMPATH\View\View.php(216): CodeIgniter\View\View->CodeIgniter\View\{closure}()
 4 SYSTEMPATH\Common.php(1134): CodeIgniter\View\View->render('Admin/list_privileges.php', [], true)
 5 APPPATH\Controllers\DashBoard.php(206): view('Admin/list_privileges.php', [...])
 6 SYSTEMPATH\CodeIgniter.php(927): App\Controllers\DashBoard->privileges()
 7 SYSTEMPATH\CodeIgniter.php(482): CodeIgniter\CodeIgniter->runController(Object(App\Controllers\DashBoard))
 8 SYSTEMPATH\CodeIgniter.php(351): CodeIgniter\CodeIgniter->handleRequest(null, Object(Config\Cache), false)
 9 FCPATH\index.php(67): CodeIgniter\CodeIgniter->run()
10 SYSTEMPATH\Commands\Server\rewrite.php(46): require_once('FCPATH\\index.php')
CRITICAL - 2022-12-07 16:35:38 --> Undefined constant "CodeIgniter\Debug\VENDORPATH"
in SYSTEMPATH\Debug\Exceptions.php on line 177.
 1 SYSTEMPATH\Debug\Exceptions.php(157): CodeIgniter\Debug\Exceptions->isFakerDeprecationError(8192, 'Invalid characters passed for attempted conversion, these have been ignored', 'FCPATH\\php\\functions\\util.php', 621)
 2 [internal function]: CodeIgniter\Debug\Exceptions->errorHandler(8192, 'Invalid characters passed for attempted conversion, these have been ignored', 'FCPATH\\php\\functions\\util.php', 621)
 3 FCPATH\php\functions\util.php(621): base_convert('0F', 10, 16)
 4 APPPATH\Views\Admin\list_privileges.php(57): translateRights('1F')
 5 SYSTEMPATH\View\View.php(213): include('APPPATH\\Views\\Admin\\list_privileges.php')
 6 SYSTEMPATH\View\View.php(216): CodeIgniter\View\View->CodeIgniter\View\{closure}()
 7 SYSTEMPATH\Common.php(1134): CodeIgniter\View\View->render('Admin/list_privileges.php', [], true)
 8 APPPATH\Controllers\DashBoard.php(206): view('Admin/list_privileges.php', [...])
 9 SYSTEMPATH\CodeIgniter.php(927): App\Controllers\DashBoard->privileges()
10 SYSTEMPATH\CodeIgniter.php(482): CodeIgniter\CodeIgniter->runController(Object(App\Controllers\DashBoard))
11 SYSTEMPATH\CodeIgniter.php(351): CodeIgniter\CodeIgniter->handleRequest(null, Object(Config\Cache), false)
12 FCPATH\index.php(67): CodeIgniter\CodeIgniter->run()
13 SYSTEMPATH\Commands\Server\rewrite.php(46): require_once('FCPATH\\index.php')
CRITICAL - 2022-12-07 16:36:41 --> Undefined constant "CodeIgniter\Debug\VENDORPATH"
in SYSTEMPATH\Debug\Exceptions.php on line 177.
 1 SYSTEMPATH\Debug\Exceptions.php(157): CodeIgniter\Debug\Exceptions->isFakerDeprecationError(8192, 'Invalid characters passed for attempted conversion, these have been ignored', 'FCPATH\\php\\functions\\util.php', 621)
 2 [internal function]: CodeIgniter\Debug\Exceptions->errorHandler(8192, 'Invalid characters passed for attempted conversion, these have been ignored', 'FCPATH\\php\\functions\\util.php', 621)
 3 FCPATH\php\functions\util.php(621): base_convert('F', 10, 16)
 4 APPPATH\Views\Admin\list_privileges.php(57): translateRights('1F')
 5 SYSTEMPATH\View\View.php(213): include('APPPATH\\Views\\Admin\\list_privileges.php')
 6 SYSTEMPATH\View\View.php(216): CodeIgniter\View\View->CodeIgniter\View\{closure}()
 7 SYSTEMPATH\Common.php(1134): CodeIgniter\View\View->render('Admin/list_privileges.php', [], true)
 8 APPPATH\Controllers\DashBoard.php(206): view('Admin/list_privileges.php', [...])
 9 SYSTEMPATH\CodeIgniter.php(927): App\Controllers\DashBoard->privileges()
10 SYSTEMPATH\CodeIgniter.php(482): CodeIgniter\CodeIgniter->runController(Object(App\Controllers\DashBoard))
11 SYSTEMPATH\CodeIgniter.php(351): CodeIgniter\CodeIgniter->handleRequest(null, Object(Config\Cache), false)
12 FCPATH\index.php(67): CodeIgniter\CodeIgniter->run()
13 SYSTEMPATH\Commands\Server\rewrite.php(46): require_once('FCPATH\\index.php')
CRITICAL - 2022-12-07 16:36:45 --> Undefined constant "CodeIgniter\Debug\VENDORPATH"
in SYSTEMPATH\Debug\Exceptions.php on line 177.
 1 SYSTEMPATH\Debug\Exceptions.php(157): CodeIgniter\Debug\Exceptions->isFakerDeprecationError(8192, 'Invalid characters passed for attempted conversion, these have been ignored', 'FCPATH\\php\\functions\\util.php', 621)
 2 [internal function]: CodeIgniter\Debug\Exceptions->errorHandler(8192, 'Invalid characters passed for attempted conversion, these have been ignored', 'FCPATH\\php\\functions\\util.php', 621)
 3 FCPATH\php\functions\util.php(621): base_convert('F', 10, 16)
 4 APPPATH\Views\Admin\list_privileges.php(57): translateRights('1F')
 5 SYSTEMPATH\View\View.php(213): include('APPPATH\\Views\\Admin\\list_privileges.php')
 6 SYSTEMPATH\View\View.php(216): CodeIgniter\View\View->CodeIgniter\View\{closure}()
 7 SYSTEMPATH\Common.php(1134): CodeIgniter\View\View->render('Admin/list_privileges.php', [], true)
 8 APPPATH\Controllers\DashBoard.php(206): view('Admin/list_privileges.php', [...])
 9 SYSTEMPATH\CodeIgniter.php(927): App\Controllers\DashBoard->privileges()
10 SYSTEMPATH\CodeIgniter.php(482): CodeIgniter\CodeIgniter->runController(Object(App\Controllers\DashBoard))
11 SYSTEMPATH\CodeIgniter.php(351): CodeIgniter\CodeIgniter->handleRequest(null, Object(Config\Cache), false)
12 FCPATH\index.php(67): CodeIgniter\CodeIgniter->run()
13 SYSTEMPATH\Commands\Server\rewrite.php(46): require_once('FCPATH\\index.php')
CRITICAL - 2022-12-07 16:52:41 --> syntax error, unexpected token "return"
in FCPATH\php\functions\util.php on line 642.
 1 SYSTEMPATH\View\View.php(213): include()
 2 SYSTEMPATH\View\View.php(216): CodeIgniter\View\View->CodeIgniter\View\{closure}()
 3 SYSTEMPATH\Common.php(1134): CodeIgniter\View\View->render('Admin/list_privileges.php', [], true)
 4 APPPATH\Controllers\DashBoard.php(206): view('Admin/list_privileges.php', [...])
 5 SYSTEMPATH\CodeIgniter.php(927): App\Controllers\DashBoard->privileges()
 6 SYSTEMPATH\CodeIgniter.php(482): CodeIgniter\CodeIgniter->runController(Object(App\Controllers\DashBoard))
 7 SYSTEMPATH\CodeIgniter.php(351): CodeIgniter\CodeIgniter->handleRequest(null, Object(Config\Cache), false)
 8 FCPATH\index.php(67): CodeIgniter\CodeIgniter->run()
 9 SYSTEMPATH\Commands\Server\rewrite.php(46): require_once('FCPATH\\index.php')
