CRITICAL - 2023-01-10 00:08:10 --> Undefined variable $article
in APPPATH\Controllers\News.php on line 295.
 1 APPPATH\Controllers\News.php(295): CodeIgniter\Debug\Exceptions->errorHandler(2, 'Undefined variable $article', 'APPPATH\\Controllers\\News.php', 295)
 2 SYSTEMPATH\CodeIgniter.php(927): App\Controllers\News->details_article_home()
 3 SYSTEMPATH\CodeIgniter.php(482): CodeIgniter\CodeIgniter->runController(Object(App\Controllers\News))
 4 SYSTEMPATH\CodeIgniter.php(351): CodeIgniter\CodeIgniter->handleRequest(null, Object(Config\Cache), false)
 5 FCPATH\index.php(67): CodeIgniter\CodeIgniter->run()
 6 SYSTEMPATH\Commands\Server\rewrite.php(46): require_once('FCPATH\\index.php')
CRITICAL - 2023-01-10 00:26:52 --> Undefined variable $count_training
in APPPATH\Views\Home\index.php on line 8.
 1 APPPATH\Views\Home\index.php(8): CodeIgniter\Debug\Exceptions->errorHandler(2, 'Undefined variable $count_training', 'APPPATH\\Views\\Home\\index.php', 8)
 2 SYSTEMPATH\View\View.php(213): include('APPPATH\\Views\\Home\\index.php')
 3 SYSTEMPATH\View\View.php(216): CodeIgniter\View\View->CodeIgniter\View\{closure}()
 4 SYSTEMPATH\Common.php(1134): CodeIgniter\View\View->render('Home/index.php', [], true)
 5 APPPATH\Controllers\Home.php(95): view('Home/index.php', [...])
 6 SYSTEMPATH\CodeIgniter.php(927): App\Controllers\Home->index()
 7 SYSTEMPATH\CodeIgniter.php(482): CodeIgniter\CodeIgniter->runController(Object(App\Controllers\Home))
 8 SYSTEMPATH\CodeIgniter.php(351): CodeIgniter\CodeIgniter->handleRequest(null, Object(Config\Cache), false)
 9 FCPATH\index.php(67): CodeIgniter\CodeIgniter->run()
10 SYSTEMPATH\Commands\Server\rewrite.php(46): require_once('FCPATH\\index.php')
