CRITICAL - 2022-12-15 20:07:57 --> Undefined variable $items
in FCPATH\php\functions\util.php on line 407.
 1 FCPATH\php\functions\util.php(407): CodeIgniter\Debug\Exceptions->errorHandler(2, 'Undefined variable $items', 'FCPATH\\php\\functions\\util.php', 407)
 2 FCPATH\php\functions\util.php(421): fillMenuRight('Profil', '7')
 3 FCPATH\php\functions\util.php(205): fillMenu('Profil', 'menu1', 'Profil', '7')
 4 APPPATH\Views\layouts\profil.php(98): fillMenuDashBoard('7')
 5 SYSTEMPATH\View\View.php(213): include('APPPATH\\Views\\layouts\\profil.php')
 6 SYSTEMPATH\View\View.php(216): CodeIgniter\View\View->CodeIgniter\View\{closure}()
 7 SYSTEMPATH\View\View.php(229): CodeIgniter\View\View->render('layouts/profil', [], true)
 8 SYSTEMPATH\Common.php(1134): CodeIgniter\View\View->render('Former/profile_former', [], true)
 9 APPPATH\Controllers\User.php(55): view('Former/profile_former', [...])
10 SYSTEMPATH\CodeIgniter.php(927): App\Controllers\User->login()
11 SYSTEMPATH\CodeIgniter.php(482): CodeIgniter\CodeIgniter->runController(Object(App\Controllers\User))
12 SYSTEMPATH\CodeIgniter.php(351): CodeIgniter\CodeIgniter->handleRequest(null, Object(Config\Cache), false)
13 FCPATH\index.php(67): CodeIgniter\CodeIgniter->run()
14 SYSTEMPATH\Commands\Server\rewrite.php(46): require_once('FCPATH\\index.php')
CRITICAL - 2022-12-15 20:09:21 --> Undefined variable $items
in FCPATH\php\functions\util.php on line 407.
 1 FCPATH\php\functions\util.php(407): CodeIgniter\Debug\Exceptions->errorHandler(2, 'Undefined variable $items', 'FCPATH\\php\\functions\\util.php', 407)
 2 FCPATH\php\functions\util.php(421): fillMenuRight('Profil', '7')
 3 FCPATH\php\functions\util.php(205): fillMenu('Profil', 'menu1', 'Profil', '7')
 4 APPPATH\Views\layouts\profil.php(98): fillMenuDashBoard('7')
 5 SYSTEMPATH\View\View.php(213): include('APPPATH\\Views\\layouts\\profil.php')
 6 SYSTEMPATH\View\View.php(216): CodeIgniter\View\View->CodeIgniter\View\{closure}()
 7 SYSTEMPATH\View\View.php(229): CodeIgniter\View\View->render('layouts/profil', [], true)
 8 SYSTEMPATH\Common.php(1134): CodeIgniter\View\View->render('Former/profile_former', [], true)
 9 APPPATH\Controllers\User.php(55): view('Former/profile_former', [...])
10 SYSTEMPATH\CodeIgniter.php(927): App\Controllers\User->login()
11 SYSTEMPATH\CodeIgniter.php(482): CodeIgniter\CodeIgniter->runController(Object(App\Controllers\User))
12 SYSTEMPATH\CodeIgniter.php(351): CodeIgniter\CodeIgniter->handleRequest(null, Object(Config\Cache), false)
13 FCPATH\index.php(67): CodeIgniter\CodeIgniter->run()
14 SYSTEMPATH\Commands\Server\rewrite.php(46): require_once('FCPATH\\index.php')
CRITICAL - 2022-12-15 20:13:12 --> Undefined variable $items
in FCPATH\php\functions\util.php on line 408.
 1 FCPATH\php\functions\util.php(408): CodeIgniter\Debug\Exceptions->errorHandler(2, 'Undefined variable $items', 'FCPATH\\php\\functions\\util.php', 408)
 2 FCPATH\php\functions\util.php(422): fillMenuRight('Profil', '7')
 3 FCPATH\php\functions\util.php(205): fillMenu('Profil', 'menu1', 'Profil', '7')
 4 APPPATH\Views\layouts\profil.php(98): fillMenuDashBoard('7')
 5 SYSTEMPATH\View\View.php(213): include('APPPATH\\Views\\layouts\\profil.php')
 6 SYSTEMPATH\View\View.php(216): CodeIgniter\View\View->CodeIgniter\View\{closure}()
 7 SYSTEMPATH\View\View.php(229): CodeIgniter\View\View->render('layouts/profil', [], true)
 8 SYSTEMPATH\Common.php(1134): CodeIgniter\View\View->render('Former/profile_former', [], true)
 9 APPPATH\Controllers\User.php(55): view('Former/profile_former', [...])
10 SYSTEMPATH\CodeIgniter.php(927): App\Controllers\User->login()
11 SYSTEMPATH\CodeIgniter.php(482): CodeIgniter\CodeIgniter->runController(Object(App\Controllers\User))
12 SYSTEMPATH\CodeIgniter.php(351): CodeIgniter\CodeIgniter->handleRequest(null, Object(Config\Cache), false)
13 FCPATH\index.php(67): CodeIgniter\CodeIgniter->run()
14 SYSTEMPATH\Commands\Server\rewrite.php(46): require_once('FCPATH\\index.php')
CRITICAL - 2022-12-15 20:14:52 --> Undefined variable $items
in FCPATH\php\functions\util.php on line 408.
 1 FCPATH\php\functions\util.php(408): CodeIgniter\Debug\Exceptions->errorHandler(2, 'Undefined variable $items', 'FCPATH\\php\\functions\\util.php', 408)
 2 FCPATH\php\functions\util.php(422): fillMenuRight('Profil', '7')
 3 FCPATH\php\functions\util.php(205): fillMenu('Profil', 'menu1', 'Profil', '7')
 4 APPPATH\Views\layouts\profil.php(98): fillMenuDashBoard('7')
 5 SYSTEMPATH\View\View.php(213): include('APPPATH\\Views\\layouts\\profil.php')
 6 SYSTEMPATH\View\View.php(216): CodeIgniter\View\View->CodeIgniter\View\{closure}()
 7 SYSTEMPATH\View\View.php(229): CodeIgniter\View\View->render('layouts/profil', [], true)
 8 SYSTEMPATH\Common.php(1134): CodeIgniter\View\View->render('Former/profile_former', [], true)
 9 APPPATH\Controllers\User.php(55): view('Former/profile_former', [...])
10 SYSTEMPATH\CodeIgniter.php(927): App\Controllers\User->login()
11 SYSTEMPATH\CodeIgniter.php(482): CodeIgniter\CodeIgniter->runController(Object(App\Controllers\User))
12 SYSTEMPATH\CodeIgniter.php(351): CodeIgniter\CodeIgniter->handleRequest(null, Object(Config\Cache), false)
13 FCPATH\index.php(67): CodeIgniter\CodeIgniter->run()
14 SYSTEMPATH\Commands\Server\rewrite.php(46): require_once('FCPATH\\index.php')
CRITICAL - 2022-12-15 20:19:09 --> Undefined variable $items
in FCPATH\php\functions\util.php on line 408.
 1 FCPATH\php\functions\util.php(408): CodeIgniter\Debug\Exceptions->errorHandler(2, 'Undefined variable $items', 'FCPATH\\php\\functions\\util.php', 408)
 2 FCPATH\php\functions\util.php(422): fillMenuRight('Profil', '7')
 3 FCPATH\php\functions\util.php(205): fillMenu('Profil', 'menu1', 'Profil', '7')
 4 APPPATH\Views\layouts\profil.php(98): fillMenuDashBoard('7')
 5 SYSTEMPATH\View\View.php(213): include('APPPATH\\Views\\layouts\\profil.php')
 6 SYSTEMPATH\View\View.php(216): CodeIgniter\View\View->CodeIgniter\View\{closure}()
 7 SYSTEMPATH\View\View.php(229): CodeIgniter\View\View->render('layouts/profil', [], true)
 8 SYSTEMPATH\Common.php(1134): CodeIgniter\View\View->render('Former/profile_former', [], true)
 9 APPPATH\Controllers\User.php(55): view('Former/profile_former', [...])
10 SYSTEMPATH\CodeIgniter.php(927): App\Controllers\User->login()
11 SYSTEMPATH\CodeIgniter.php(482): CodeIgniter\CodeIgniter->runController(Object(App\Controllers\User))
12 SYSTEMPATH\CodeIgniter.php(351): CodeIgniter\CodeIgniter->handleRequest(null, Object(Config\Cache), false)
13 FCPATH\index.php(67): CodeIgniter\CodeIgniter->run()
14 SYSTEMPATH\Commands\Server\rewrite.php(46): require_once('FCPATH\\index.php')
CRITICAL - 2022-12-15 20:24:02 --> Undefined variable $icon
in FCPATH\php\functions\util.php on line 275.
 1 FCPATH\php\functions\util.php(275): CodeIgniter\Debug\Exceptions->errorHandler(2, 'Undefined variable $icon', 'FCPATH\\php\\functions\\util.php', 275)
 2 FCPATH\php\functions\util.php(421): getIcon('Agenda')
 3 FCPATH\php\functions\util.php(207): fillMenu('Rendez-vous', 'menu3', 'Agenda', '7')
 4 APPPATH\Views\layouts\profil.php(98): fillMenuDashBoard('7')
 5 SYSTEMPATH\View\View.php(213): include('APPPATH\\Views\\layouts\\profil.php')
 6 SYSTEMPATH\View\View.php(216): CodeIgniter\View\View->CodeIgniter\View\{closure}()
 7 SYSTEMPATH\View\View.php(229): CodeIgniter\View\View->render('layouts/profil', [], true)
 8 SYSTEMPATH\Common.php(1134): CodeIgniter\View\View->render('Former/profile_former', [], true)
 9 APPPATH\Controllers\User.php(55): view('Former/profile_former', [...])
10 SYSTEMPATH\CodeIgniter.php(927): App\Controllers\User->login()
11 SYSTEMPATH\CodeIgniter.php(482): CodeIgniter\CodeIgniter->runController(Object(App\Controllers\User))
12 SYSTEMPATH\CodeIgniter.php(351): CodeIgniter\CodeIgniter->handleRequest(null, Object(Config\Cache), false)
13 FCPATH\index.php(67): CodeIgniter\CodeIgniter->run()
14 SYSTEMPATH\Commands\Server\rewrite.php(46): require_once('FCPATH\\index.php')
