CRITICAL - 2023-02-14 17:27:52 --> Undefined variable $article_json
in APPPATH\Views\Publishes\list_publishes_user.php on line 83.
 1 APPPATH\Views\Publishes\list_publishes_user.php(83): CodeIgniter\Debug\Exceptions->errorHandler(2, 'Undefined variable $article_json', 'APPPATH\\Views\\Publishes\\list_publishes_user.php', 83)
 2 SYSTEMPATH\View\View.php(213): include('APPPATH\\Views\\Publishes\\list_publishes_user.php')
 3 SYSTEMPATH\View\View.php(216): CodeIgniter\View\View->CodeIgniter\View\{closure}()
 4 SYSTEMPATH\Common.php(1134): CodeIgniter\View\View->render('Publishes/list_publishes_user.php', [], true)
 5 APPPATH\Controllers\DashBoard.php(240): view('Publishes/list_publishes_user.php', [...])
 6 SYSTEMPATH\CodeIgniter.php(927): App\Controllers\DashBoard->listpublishes()
 7 SYSTEMPATH\CodeIgniter.php(482): CodeIgniter\CodeIgniter->runController(Object(App\Controllers\DashBoard))
 8 SYSTEMPATH\CodeIgniter.php(351): CodeIgniter\CodeIgniter->handleRequest(null, Object(Config\Cache), false)
 9 FCPATH\index.php(67): CodeIgniter\CodeIgniter->run()
10 SYSTEMPATH\Commands\Server\rewrite.php(46): require_once('FCPATH\\index.php')
CRITICAL - 2023-02-14 17:32:02 --> Undefined variable $i
in APPPATH\Views\Publishes\list_publishes_user.php on line 107.
 1 APPPATH\Views\Publishes\list_publishes_user.php(107): CodeIgniter\Debug\Exceptions->errorHandler(2, 'Undefined variable $i', 'APPPATH\\Views\\Publishes\\list_publishes_user.php', 107)
 2 SYSTEMPATH\View\View.php(213): include('APPPATH\\Views\\Publishes\\list_publishes_user.php')
 3 SYSTEMPATH\View\View.php(216): CodeIgniter\View\View->CodeIgniter\View\{closure}()
 4 SYSTEMPATH\Common.php(1134): CodeIgniter\View\View->render('Publishes/list_publishes_user.php', [], true)
 5 APPPATH\Controllers\DashBoard.php(243): view('Publishes/list_publishes_user.php', [...])
 6 SYSTEMPATH\CodeIgniter.php(927): App\Controllers\DashBoard->listpublishes()
 7 SYSTEMPATH\CodeIgniter.php(482): CodeIgniter\CodeIgniter->runController(Object(App\Controllers\DashBoard))
 8 SYSTEMPATH\CodeIgniter.php(351): CodeIgniter\CodeIgniter->handleRequest(null, Object(Config\Cache), false)
 9 FCPATH\index.php(67): CodeIgniter\CodeIgniter->run()
10 SYSTEMPATH\Commands\Server\rewrite.php(46): require_once('FCPATH\\index.php')
CRITICAL - 2023-02-14 17:33:14 --> Undefined variable $i
in APPPATH\Views\Publishes\list_publishes_user.php on line 107.
 1 APPPATH\Views\Publishes\list_publishes_user.php(107): CodeIgniter\Debug\Exceptions->errorHandler(2, 'Undefined variable $i', 'APPPATH\\Views\\Publishes\\list_publishes_user.php', 107)
 2 SYSTEMPATH\View\View.php(213): include('APPPATH\\Views\\Publishes\\list_publishes_user.php')
 3 SYSTEMPATH\View\View.php(216): CodeIgniter\View\View->CodeIgniter\View\{closure}()
 4 SYSTEMPATH\Common.php(1134): CodeIgniter\View\View->render('Publishes/list_publishes_user.php', [], true)
 5 APPPATH\Controllers\DashBoard.php(243): view('Publishes/list_publishes_user.php', [...])
 6 SYSTEMPATH\CodeIgniter.php(927): App\Controllers\DashBoard->listpublishes()
 7 SYSTEMPATH\CodeIgniter.php(482): CodeIgniter\CodeIgniter->runController(Object(App\Controllers\DashBoard))
 8 SYSTEMPATH\CodeIgniter.php(351): CodeIgniter\CodeIgniter->handleRequest(null, Object(Config\Cache), false)
 9 FCPATH\index.php(67): CodeIgniter\CodeIgniter->run()
10 SYSTEMPATH\Commands\Server\rewrite.php(46): require_once('FCPATH\\index.php')
CRITICAL - 2023-02-14 17:47:30 --> syntax error, unexpected token "<", expecting "]"
in APPPATH\Controllers\DashBoard.php on line 207.
 1 SYSTEMPATH\Autoloader\Autoloader.php(259): CodeIgniter\Autoloader\Autoloader->includeFile('APPPATH\\Controllers\\DashBoard.php')
 2 SYSTEMPATH\Autoloader\Autoloader.php(237): CodeIgniter\Autoloader\Autoloader->loadInNamespace('App\\Controllers\\Dashboard')
 3 [internal function]: CodeIgniter\Autoloader\Autoloader->loadClass('App\\Controllers\\Dashboard')
 4 SYSTEMPATH\CodeIgniter.php(877): class_exists('\\App\\Controllers\\Dashboard', true)
 5 SYSTEMPATH\CodeIgniter.php(469): CodeIgniter\CodeIgniter->startController()
 6 SYSTEMPATH\CodeIgniter.php(351): CodeIgniter\CodeIgniter->handleRequest(null, Object(Config\Cache), false)
 7 FCPATH\index.php(67): CodeIgniter\CodeIgniter->run()
 8 SYSTEMPATH\Commands\Server\rewrite.php(46): require_once('FCPATH\\index.php')
