CRITICAL - 2022-11-30 00:12:19 --> Undefined array key 0
in APPPATH\Controllers\Admin.php on line 29.
 1 APPPATH\Controllers\Admin.php(29): CodeIgniter\Debug\Exceptions->errorHandler(2, 'Undefined array key 0', 'APPPATH\\Controllers\\Admin.php', 29)
 2 SYSTEMPATH\CodeIgniter.php(927): App\Controllers\Admin->profile()
 3 SYSTEMPATH\CodeIgniter.php(482): CodeIgniter\CodeIgniter->runController(Object(App\Controllers\Admin))
 4 SYSTEMPATH\CodeIgniter.php(351): CodeIgniter\CodeIgniter->handleRequest(null, Object(Config\Cache), false)
 5 FCPATH\index.php(67): CodeIgniter\CodeIgniter->run()
 6 SYSTEMPATH\Commands\Server\rewrite.php(46): require_once('FCPATH\\index.php')
CRITICAL - 2022-11-30 09:51:36 --> Undefined constant "CodeIgniter\Debug\VENDORPATH"
in SYSTEMPATH\Debug\Exceptions.php on line 177.
 1 SYSTEMPATH\Debug\Exceptions.php(157): CodeIgniter\Debug\Exceptions->isFakerDeprecationError(8192, 'strlen(): Passing null to parameter #1 ($string) of type string is deprecated', 'APPPATH\\Controllers\\User.php', 417)
 2 [internal function]: CodeIgniter\Debug\Exceptions->errorHandler(8192, 'strlen(): Passing null to parameter #1 ($string) of type string is deprecated', 'APPPATH\\Controllers\\User.php', 417)
 3 APPPATH\Controllers\User.php(417): strlen(null)
 4 SYSTEMPATH\CodeIgniter.php(927): App\Controllers\User->signin()
 5 SYSTEMPATH\CodeIgniter.php(482): CodeIgniter\CodeIgniter->runController(Object(App\Controllers\User))
 6 SYSTEMPATH\CodeIgniter.php(351): CodeIgniter\CodeIgniter->handleRequest(null, Object(Config\Cache), false)
 7 FCPATH\index.php(67): CodeIgniter\CodeIgniter->run()
 8 SYSTEMPATH\Commands\Server\rewrite.php(46): require_once('FCPATH\\index.php')
CRITICAL - 2022-11-30 09:54:22 --> Undefined constant "CodeIgniter\Debug\VENDORPATH"
in SYSTEMPATH\Debug\Exceptions.php on line 177.
 1 SYSTEMPATH\Debug\Exceptions.php(157): CodeIgniter\Debug\Exceptions->isFakerDeprecationError(8192, 'strlen(): Passing null to parameter #1 ($string) of type string is deprecated', 'APPPATH\\Controllers\\User.php', 417)
 2 [internal function]: CodeIgniter\Debug\Exceptions->errorHandler(8192, 'strlen(): Passing null to parameter #1 ($string) of type string is deprecated', 'APPPATH\\Controllers\\User.php', 417)
 3 APPPATH\Controllers\User.php(417): strlen(null)
 4 SYSTEMPATH\CodeIgniter.php(927): App\Controllers\User->signin()
 5 SYSTEMPATH\CodeIgniter.php(482): CodeIgniter\CodeIgniter->runController(Object(App\Controllers\User))
 6 SYSTEMPATH\CodeIgniter.php(351): CodeIgniter\CodeIgniter->handleRequest(null, Object(Config\Cache), false)
 7 FCPATH\index.php(67): CodeIgniter\CodeIgniter->run()
 8 SYSTEMPATH\Commands\Server\rewrite.php(46): require_once('FCPATH\\index.php')
CRITICAL - 2022-11-30 09:56:31 --> Undefined constant "CodeIgniter\Debug\VENDORPATH"
in SYSTEMPATH\Debug\Exceptions.php on line 177.
 1 SYSTEMPATH\Debug\Exceptions.php(157): CodeIgniter\Debug\Exceptions->isFakerDeprecationError(8192, 'strlen(): Passing null to parameter #1 ($string) of type string is deprecated', 'APPPATH\\Controllers\\User.php', 415)
 2 [internal function]: CodeIgniter\Debug\Exceptions->errorHandler(8192, 'strlen(): Passing null to parameter #1 ($string) of type string is deprecated', 'APPPATH\\Controllers\\User.php', 415)
 3 APPPATH\Controllers\User.php(415): strlen(null)
 4 SYSTEMPATH\CodeIgniter.php(927): App\Controllers\User->signin()
 5 SYSTEMPATH\CodeIgniter.php(482): CodeIgniter\CodeIgniter->runController(Object(App\Controllers\User))
 6 SYSTEMPATH\CodeIgniter.php(351): CodeIgniter\CodeIgniter->handleRequest(null, Object(Config\Cache), false)
 7 FCPATH\index.php(67): CodeIgniter\CodeIgniter->run()
 8 SYSTEMPATH\Commands\Server\rewrite.php(46): require_once('FCPATH\\index.php')
CRITICAL - 2022-11-30 09:56:36 --> Undefined constant "CodeIgniter\Debug\VENDORPATH"
in SYSTEMPATH\Debug\Exceptions.php on line 177.
 1 SYSTEMPATH\Debug\Exceptions.php(157): CodeIgniter\Debug\Exceptions->isFakerDeprecationError(8192, 'strlen(): Passing null to parameter #1 ($string) of type string is deprecated', 'APPPATH\\Controllers\\User.php', 415)
 2 [internal function]: CodeIgniter\Debug\Exceptions->errorHandler(8192, 'strlen(): Passing null to parameter #1 ($string) of type string is deprecated', 'APPPATH\\Controllers\\User.php', 415)
 3 APPPATH\Controllers\User.php(415): strlen(null)
 4 SYSTEMPATH\CodeIgniter.php(927): App\Controllers\User->signin()
 5 SYSTEMPATH\CodeIgniter.php(482): CodeIgniter\CodeIgniter->runController(Object(App\Controllers\User))
 6 SYSTEMPATH\CodeIgniter.php(351): CodeIgniter\CodeIgniter->handleRequest(null, Object(Config\Cache), false)
 7 FCPATH\index.php(67): CodeIgniter\CodeIgniter->run()
 8 SYSTEMPATH\Commands\Server\rewrite.php(46): require_once('FCPATH\\index.php')
CRITICAL - 2022-11-30 10:10:02 --> Undefined variable $title
in APPPATH\Views\layouts\default.php on line 12.
 1 APPPATH\Views\layouts\default.php(12): CodeIgniter\Debug\Exceptions->errorHandler(2, 'Undefined variable $title', 'APPPATH\\Views\\layouts\\default.php', 12)
 2 SYSTEMPATH\View\View.php(213): include('APPPATH\\Views\\layouts\\default.php')
 3 SYSTEMPATH\View\View.php(216): CodeIgniter\View\View->CodeIgniter\View\{closure}()
 4 SYSTEMPATH\View\View.php(229): CodeIgniter\View\View->render('layouts/default', [], true)
 5 SYSTEMPATH\Common.php(1134): CodeIgniter\View\View->render('Login/login', [], true)
 6 APPPATH\Controllers\User.php(425): view('Login/login')
 7 SYSTEMPATH\CodeIgniter.php(927): App\Controllers\User->signin()
 8 SYSTEMPATH\CodeIgniter.php(482): CodeIgniter\CodeIgniter->runController(Object(App\Controllers\User))
 9 SYSTEMPATH\CodeIgniter.php(351): CodeIgniter\CodeIgniter->handleRequest(null, Object(Config\Cache), false)
10 FCPATH\index.php(67): CodeIgniter\CodeIgniter->run()
11 SYSTEMPATH\Commands\Server\rewrite.php(46): require_once('FCPATH\\index.php')
ERROR - 2022-11-30 10:17:06 --> mysqli_sql_exception: Column 'name' cannot be null in D:\MaFormation\system\Database\MySQLi\Connection.php:292
Stack trace:
#0 D:\MaFormation\system\Database\MySQLi\Connection.php(292): mysqli->query('INSERT INTO `us...', 0)
#1 D:\MaFormation\system\Database\BaseConnection.php(666): CodeIgniter\Database\MySQLi\Connection->execute('INSERT INTO `us...')
#2 D:\MaFormation\system\Database\BaseConnection.php(593): CodeIgniter\Database\BaseConnection->simpleQuery('INSERT INTO `us...')
#3 D:\MaFormation\system\Database\BaseBuilder.php(1916): CodeIgniter\Database\BaseConnection->query('INSERT INTO `us...', Array, false)
#4 D:\MaFormation\system\Model.php(279): CodeIgniter\Database\BaseBuilder->insert()
#5 D:\MaFormation\system\BaseModel.php(749): CodeIgniter\Model->doInsert(Array)
#6 D:\MaFormation\system\Model.php(667): CodeIgniter\BaseModel->insert(Array, false)
#7 D:\MaFormation\system\BaseModel.php(659): CodeIgniter\Model->insert(Array, false)
#8 D:\MaFormation\app\Controllers\User.php(103): CodeIgniter\BaseModel->save(Array)
#9 D:\MaFormation\app\Controllers\User.php(164): App\Controllers\User->saveCompany(Array, Array, 'AEZAZAZAZAZAZAE...', '12345678901234')
#10 D:\MaFormation\system\CodeIgniter.php(927): App\Controllers\User->confirmation()
#11 D:\MaFormation\system\CodeIgniter.php(482): CodeIgniter\CodeIgniter->runController(Object(App\Controllers\User))
#12 D:\MaFormation\system\CodeIgniter.php(351): CodeIgniter\CodeIgniter->handleRequest(NULL, Object(Config\Cache), false)
#13 D:\MaFormation\public\index.php(67): CodeIgniter\CodeIgniter->run()
#14 D:\MaFormation\system\Commands\Server\rewrite.php(46): require_once('D:\\MaFormation\\...')
#15 {main}
CRITICAL - 2022-11-30 10:17:06 --> Column 'name' cannot be null
in SYSTEMPATH\Database\MySQLi\Connection.php on line 292.
 1 SYSTEMPATH\Database\MySQLi\Connection.php(292): mysqli->query('INSERT INTO `user` (`name`, `firstname`, `address`, `cp`, `city`, `phone`, `password`, `mail`) VALUES (NULL, NULL, NULL, NULL, NULL, NULL, NULL, NULL)', 0)
 2 SYSTEMPATH\Database\BaseConnection.php(666): CodeIgniter\Database\MySQLi\Connection->execute('INSERT INTO `user` (`name`, `firstname`, `address`, `cp`, `city`, `phone`, `password`, `mail`) VALUES (NULL, NULL, NULL, NULL, NULL, NULL, NULL, NULL)')
 3 SYSTEMPATH\Database\BaseConnection.php(593): CodeIgniter\Database\BaseConnection->simpleQuery('INSERT INTO `user` (`name`, `firstname`, `address`, `cp`, `city`, `phone`, `password`, `mail`) VALUES (NULL, NULL, NULL, NULL, NULL, NULL, NULL, NULL)')
 4 SYSTEMPATH\Database\BaseBuilder.php(1916): CodeIgniter\Database\BaseConnection->query('INSERT INTO `user` (`name`, `firstname`, `address`, `cp`, `city`, `phone`, `password`, `mail`) VALUES (:name:, :firstname:, :address:, :cp:, :city:, :phone:, :password:, :mail:)', [...], false)
 5 SYSTEMPATH\Model.php(279): CodeIgniter\Database\BaseBuilder->insert()
 6 SYSTEMPATH\BaseModel.php(749): CodeIgniter\Model->doInsert([...])
 7 SYSTEMPATH\Model.php(667): CodeIgniter\BaseModel->insert([...], false)
 8 SYSTEMPATH\BaseModel.php(659): CodeIgniter\Model->insert([...], false)
 9 APPPATH\Controllers\User.php(103): CodeIgniter\BaseModel->save([...])
10 APPPATH\Controllers\User.php(164): App\Controllers\User->saveCompany([...], [...], 'AEZAZAZAZAZAZAERE', '12345678901234')
11 SYSTEMPATH\CodeIgniter.php(927): App\Controllers\User->confirmation()
12 SYSTEMPATH\CodeIgniter.php(482): CodeIgniter\CodeIgniter->runController(Object(App\Controllers\User))
13 SYSTEMPATH\CodeIgniter.php(351): CodeIgniter\CodeIgniter->handleRequest(null, Object(Config\Cache), false)
14 FCPATH\index.php(67): CodeIgniter\CodeIgniter->run()
15 SYSTEMPATH\Commands\Server\rewrite.php(46): require_once('FCPATH\\index.php')
