CRITICAL - 2023-01-26 13:09:09 --> Undefined variable $title_training
in APPPATH\Views\Training\page_modify.php on line 37.
 1 APPPATH\Views\Training\page_modify.php(37): CodeIgniter\Debug\Exceptions->errorHandler(2, 'Undefined variable $title_training', 'APPPATH\\Views\\Training\\page_modify.php', 37)
 2 SYSTEMPATH\View\View.php(213): include('APPPATH\\Views\\Training\\page_modify.php')
 3 SYSTEMPATH\View\View.php(216): CodeIgniter\View\View->CodeIgniter\View\{closure}()
 4 SYSTEMPATH\Common.php(1134): CodeIgniter\View\View->render('Training/page_modify.php', [], true)
 5 APPPATH\Controllers\Former.php(261): view('Training/page_modify.php', [...])
 6 SYSTEMPATH\CodeIgniter.php(927): App\Controllers\Former->training_add()
 7 SYSTEMPATH\CodeIgniter.php(482): CodeIgniter\CodeIgniter->runController(Object(App\Controllers\Former))
 8 SYSTEMPATH\CodeIgniter.php(351): CodeIgniter\CodeIgniter->handleRequest(null, Object(Config\Cache), false)
 9 FCPATH\index.php(67): CodeIgniter\CodeIgniter->run()
10 SYSTEMPATH\Commands\Server\rewrite.php(46): require_once('FCPATH\\index.php')
CRITICAL - 2023-01-26 13:13:07 --> Undefined variable $id_page
in APPPATH\Views\Training\page_modify.php on line 43.
 1 APPPATH\Views\Training\page_modify.php(43): CodeIgniter\Debug\Exceptions->errorHandler(2, 'Undefined variable $id_page', 'APPPATH\\Views\\Training\\page_modify.php', 43)
 2 SYSTEMPATH\View\View.php(213): include('APPPATH\\Views\\Training\\page_modify.php')
 3 SYSTEMPATH\View\View.php(216): CodeIgniter\View\View->CodeIgniter\View\{closure}()
 4 SYSTEMPATH\Common.php(1134): CodeIgniter\View\View->render('Training/page_modify.php', [], true)
 5 APPPATH\Controllers\Former.php(261): view('Training/page_modify.php', [...])
 6 SYSTEMPATH\CodeIgniter.php(927): App\Controllers\Former->training_add()
 7 SYSTEMPATH\CodeIgniter.php(482): CodeIgniter\CodeIgniter->runController(Object(App\Controllers\Former))
 8 SYSTEMPATH\CodeIgniter.php(351): CodeIgniter\CodeIgniter->handleRequest(null, Object(Config\Cache), false)
 9 FCPATH\index.php(67): CodeIgniter\CodeIgniter->run()
10 SYSTEMPATH\Commands\Server\rewrite.php(46): require_once('FCPATH\\index.php')
CRITICAL - 2023-01-26 13:17:10 --> Undefined variable $id_training
in APPPATH\Views\Training\page_modify.php on line 44.
 1 APPPATH\Views\Training\page_modify.php(44): CodeIgniter\Debug\Exceptions->errorHandler(2, 'Undefined variable $id_training', 'APPPATH\\Views\\Training\\page_modify.php', 44)
 2 SYSTEMPATH\View\View.php(213): include('APPPATH\\Views\\Training\\page_modify.php')
 3 SYSTEMPATH\View\View.php(216): CodeIgniter\View\View->CodeIgniter\View\{closure}()
 4 SYSTEMPATH\Common.php(1134): CodeIgniter\View\View->render('Training/page_modify.php', [], true)
 5 APPPATH\Controllers\Former.php(263): view('Training/page_modify.php', [...])
 6 SYSTEMPATH\CodeIgniter.php(927): App\Controllers\Former->training_add()
 7 SYSTEMPATH\CodeIgniter.php(482): CodeIgniter\CodeIgniter->runController(Object(App\Controllers\Former))
 8 SYSTEMPATH\CodeIgniter.php(351): CodeIgniter\CodeIgniter->handleRequest(null, Object(Config\Cache), false)
 9 FCPATH\index.php(67): CodeIgniter\CodeIgniter->run()
10 SYSTEMPATH\Commands\Server\rewrite.php(46): require_once('FCPATH\\index.php')
CRITICAL - 2023-01-26 13:19:52 --> Undefined variable $categories
in APPPATH\Views\Training\page_modify.php on line 74.
 1 APPPATH\Views\Training\page_modify.php(74): CodeIgniter\Debug\Exceptions->errorHandler(2, 'Undefined variable $categories', 'APPPATH\\Views\\Training\\page_modify.php', 74)
 2 SYSTEMPATH\View\View.php(213): include('APPPATH\\Views\\Training\\page_modify.php')
 3 SYSTEMPATH\View\View.php(216): CodeIgniter\View\View->CodeIgniter\View\{closure}()
 4 SYSTEMPATH\Common.php(1134): CodeIgniter\View\View->render('Training/page_modify.php', [], true)
 5 APPPATH\Controllers\Former.php(264): view('Training/page_modify.php', [...])
 6 SYSTEMPATH\CodeIgniter.php(927): App\Controllers\Former->training_add()
 7 SYSTEMPATH\CodeIgniter.php(482): CodeIgniter\CodeIgniter->runController(Object(App\Controllers\Former))
 8 SYSTEMPATH\CodeIgniter.php(351): CodeIgniter\CodeIgniter->handleRequest(null, Object(Config\Cache), false)
 9 FCPATH\index.php(67): CodeIgniter\CodeIgniter->run()
10 SYSTEMPATH\Commands\Server\rewrite.php(46): require_once('FCPATH\\index.php')
CRITICAL - 2023-01-26 13:20:51 --> Undefined variable $options
in APPPATH\Views\Training\training_add.php on line 27.
 1 APPPATH\Views\Training\training_add.php(27): CodeIgniter\Debug\Exceptions->errorHandler(2, 'Undefined variable $options', 'APPPATH\\Views\\Training\\training_add.php', 27)
 2 SYSTEMPATH\View\View.php(213): include('APPPATH\\Views\\Training\\training_add.php')
 3 SYSTEMPATH\View\View.php(216): CodeIgniter\View\View->CodeIgniter\View\{closure}()
 4 SYSTEMPATH\Common.php(1134): CodeIgniter\View\View->render('Training/training_add.php', [], true)
 5 APPPATH\Controllers\Former.php(253): view('Training/training_add.php', [...])
 6 SYSTEMPATH\CodeIgniter.php(927): App\Controllers\Former->training_add()
 7 SYSTEMPATH\CodeIgniter.php(482): CodeIgniter\CodeIgniter->runController(Object(App\Controllers\Former))
 8 SYSTEMPATH\CodeIgniter.php(351): CodeIgniter\CodeIgniter->handleRequest(null, Object(Config\Cache), false)
 9 FCPATH\index.php(67): CodeIgniter\CodeIgniter->run()
10 SYSTEMPATH\Commands\Server\rewrite.php(46): require_once('FCPATH\\index.php')
CRITICAL - 2023-01-26 13:23:39 --> Undefined variable $content
in APPPATH\Views\Training\page_modify.php on line 136.
 1 APPPATH\Views\Training\page_modify.php(136): CodeIgniter\Debug\Exceptions->errorHandler(2, 'Undefined variable $content', 'APPPATH\\Views\\Training\\page_modify.php', 136)
 2 SYSTEMPATH\View\View.php(213): include('APPPATH\\Views\\Training\\page_modify.php')
 3 SYSTEMPATH\View\View.php(216): CodeIgniter\View\View->CodeIgniter\View\{closure}()
 4 SYSTEMPATH\Common.php(1134): CodeIgniter\View\View->render('Training/page_modify.php', [], true)
 5 APPPATH\Controllers\Former.php(264): view('Training/page_modify.php', [...])
 6 SYSTEMPATH\CodeIgniter.php(927): App\Controllers\Former->training_add()
 7 SYSTEMPATH\CodeIgniter.php(482): CodeIgniter\CodeIgniter->runController(Object(App\Controllers\Former))
 8 SYSTEMPATH\CodeIgniter.php(351): CodeIgniter\CodeIgniter->handleRequest(null, Object(Config\Cache), false)
 9 FCPATH\index.php(67): CodeIgniter\CodeIgniter->run()
10 SYSTEMPATH\Commands\Server\rewrite.php(46): require_once('FCPATH\\index.php')
CRITICAL - 2023-01-26 13:49:39 --> Undefined variable $content
in APPPATH\Views\Training\page_modify.php on line 136.
 1 APPPATH\Views\Training\page_modify.php(136): CodeIgniter\Debug\Exceptions->errorHandler(2, 'Undefined variable $content', 'APPPATH\\Views\\Training\\page_modify.php', 136)
 2 SYSTEMPATH\View\View.php(213): include('APPPATH\\Views\\Training\\page_modify.php')
 3 SYSTEMPATH\View\View.php(216): CodeIgniter\View\View->CodeIgniter\View\{closure}()
 4 SYSTEMPATH\Common.php(1134): CodeIgniter\View\View->render('Training/page_modify.php', [], true)
 5 APPPATH\Controllers\Former.php(264): view('Training/page_modify.php', [...])
 6 SYSTEMPATH\CodeIgniter.php(927): App\Controllers\Former->training_add()
 7 SYSTEMPATH\CodeIgniter.php(482): CodeIgniter\CodeIgniter->runController(Object(App\Controllers\Former))
 8 SYSTEMPATH\CodeIgniter.php(351): CodeIgniter\CodeIgniter->handleRequest(null, Object(Config\Cache), false)
 9 FCPATH\index.php(67): CodeIgniter\CodeIgniter->run()
10 SYSTEMPATH\Commands\Server\rewrite.php(46): require_once('FCPATH\\index.php')
CRITICAL - 2023-01-26 13:58:15 --> Undefined variable $title_training
in APPPATH\Views\Admin\dashboard_page.php on line 36.
 1 APPPATH\Views\Admin\dashboard_page.php(36): CodeIgniter\Debug\Exceptions->errorHandler(2, 'Undefined variable $title_training', 'APPPATH\\Views\\Admin\\dashboard_page.php', 36)
 2 SYSTEMPATH\View\View.php(213): include('APPPATH\\Views\\Admin\\dashboard_page.php')
 3 SYSTEMPATH\View\View.php(216): CodeIgniter\View\View->CodeIgniter\View\{closure}()
 4 SYSTEMPATH\Common.php(1134): CodeIgniter\View\View->render('Admin/dashboard_page.php', [], true)
 5 APPPATH\Controllers\Former.php(375): view('Admin/dashboard_page.php', [...])
 6 SYSTEMPATH\CodeIgniter.php(927): App\Controllers\Former->training_save()
 7 SYSTEMPATH\CodeIgniter.php(482): CodeIgniter\CodeIgniter->runController(Object(App\Controllers\Former))
 8 SYSTEMPATH\CodeIgniter.php(351): CodeIgniter\CodeIgniter->handleRequest(null, Object(Config\Cache), false)
 9 FCPATH\index.php(67): CodeIgniter\CodeIgniter->run()
10 SYSTEMPATH\Commands\Server\rewrite.php(46): require_once('FCPATH\\index.php')
CRITICAL - 2023-01-26 14:45:38 --> Undefined variable $title_training
in APPPATH\Views\Admin\dashboard_page.php on line 58.
 1 APPPATH\Views\Admin\dashboard_page.php(58): CodeIgniter\Debug\Exceptions->errorHandler(2, 'Undefined variable $title_training', 'APPPATH\\Views\\Admin\\dashboard_page.php', 58)
 2 SYSTEMPATH\View\View.php(213): include('APPPATH\\Views\\Admin\\dashboard_page.php')
 3 SYSTEMPATH\View\View.php(216): CodeIgniter\View\View->CodeIgniter\View\{closure}()
 4 SYSTEMPATH\Common.php(1134): CodeIgniter\View\View->render('Admin/dashboard_page.php', [], true)
 5 APPPATH\Controllers\Former.php(363): view('Admin/dashboard_page.php', [...])
 6 SYSTEMPATH\CodeIgniter.php(927): App\Controllers\Former->training_save()
 7 SYSTEMPATH\CodeIgniter.php(482): CodeIgniter\CodeIgniter->runController(Object(App\Controllers\Former))
 8 SYSTEMPATH\CodeIgniter.php(351): CodeIgniter\CodeIgniter->handleRequest(null, Object(Config\Cache), false)
 9 FCPATH\index.php(67): CodeIgniter\CodeIgniter->run()
10 SYSTEMPATH\Commands\Server\rewrite.php(46): require_once('FCPATH\\index.php')
CRITICAL - 2023-01-26 14:46:32 --> Undefined variable $session
in APPPATH\Views\Admin\dashboard_page.php on line 58.
 1 APPPATH\Views\Admin\dashboard_page.php(58): CodeIgniter\Debug\Exceptions->errorHandler(2, 'Undefined variable $session', 'APPPATH\\Views\\Admin\\dashboard_page.php', 58)
 2 SYSTEMPATH\View\View.php(213): include('APPPATH\\Views\\Admin\\dashboard_page.php')
 3 SYSTEMPATH\View\View.php(216): CodeIgniter\View\View->CodeIgniter\View\{closure}()
 4 SYSTEMPATH\Common.php(1134): CodeIgniter\View\View->render('Admin/dashboard_page.php', [], true)
 5 APPPATH\Controllers\Former.php(363): view('Admin/dashboard_page.php', [...])
 6 SYSTEMPATH\CodeIgniter.php(927): App\Controllers\Former->training_save()
 7 SYSTEMPATH\CodeIgniter.php(482): CodeIgniter\CodeIgniter->runController(Object(App\Controllers\Former))
 8 SYSTEMPATH\CodeIgniter.php(351): CodeIgniter\CodeIgniter->handleRequest(null, Object(Config\Cache), false)
 9 FCPATH\index.php(67): CodeIgniter\CodeIgniter->run()
10 SYSTEMPATH\Commands\Server\rewrite.php(46): require_once('FCPATH\\index.php')
ERROR - 2023-01-26 14:48:43 --> mysqli_sql_exception: Duplicate entry '15' for key 'PRIMARY' in C:\xampp\htdocs\MaFormation\system\Database\MySQLi\Connection.php:292
Stack trace:
#0 C:\xampp\htdocs\MaFormation\system\Database\MySQLi\Connection.php(292): mysqli->query('INSERT INTO `pa...', 0)
#1 C:\xampp\htdocs\MaFormation\system\Database\BaseConnection.php(666): CodeIgniter\Database\MySQLi\Connection->execute('INSERT INTO `pa...')
#2 C:\xampp\htdocs\MaFormation\system\Database\BaseConnection.php(593): CodeIgniter\Database\BaseConnection->simpleQuery('INSERT INTO `pa...')
#3 C:\xampp\htdocs\MaFormation\system\Database\BaseBuilder.php(1916): CodeIgniter\Database\BaseConnection->query('INSERT INTO `pa...', Array, false)
#4 C:\xampp\htdocs\MaFormation\app\Models\PageModel.php(28): CodeIgniter\Database\BaseBuilder->insert(Array)
#5 C:\xampp\htdocs\MaFormation\app\Controllers\Former.php(346): App\Models\PageModel->add(Array)
#6 C:\xampp\htdocs\MaFormation\system\CodeIgniter.php(927): App\Controllers\Former->training_save()
#7 C:\xampp\htdocs\MaFormation\system\CodeIgniter.php(482): CodeIgniter\CodeIgniter->runController(Object(App\Controllers\Former))
#8 C:\xampp\htdocs\MaFormation\system\CodeIgniter.php(351): CodeIgniter\CodeIgniter->handleRequest(NULL, Object(Config\Cache), false)
#9 C:\xampp\htdocs\MaFormation\public\index.php(67): CodeIgniter\CodeIgniter->run()
#10 C:\xampp\htdocs\MaFormation\system\Commands\Server\rewrite.php(46): require_once('C:\\xampp\\htdocs...')
#11 {main}
CRITICAL - 2023-01-26 14:48:43 --> Duplicate entry '15' for key 'PRIMARY'
in SYSTEMPATH\Database\MySQLi\Connection.php on line 292.
 1 SYSTEMPATH\Database\MySQLi\Connection.php(292): mysqli->query('INSERT INTO `page` (`id_page`, `id_training`, `title`, `content`, `image_url`) VALUES (\'15\', 112, \'Création contenu\', \'<p><br></p><p class=\\"sceditor-nlf\\"><br></p><p class=\\"sceditor-nlf\\"><br></p>\', \'http://localhost:8080/assets/article.svg\')', 0)
 2 SYSTEMPATH\Database\BaseConnection.php(666): CodeIgniter\Database\MySQLi\Connection->execute('INSERT INTO `page` (`id_page`, `id_training`, `title`, `content`, `image_url`) VALUES (\'15\', 112, \'Création contenu\', \'<p><br></p><p class=\\"sceditor-nlf\\"><br></p><p class=\\"sceditor-nlf\\"><br></p>\', \'http://localhost:8080/assets/article.svg\')')
 3 SYSTEMPATH\Database\BaseConnection.php(593): CodeIgniter\Database\BaseConnection->simpleQuery('INSERT INTO `page` (`id_page`, `id_training`, `title`, `content`, `image_url`) VALUES (\'15\', 112, \'Création contenu\', \'<p><br></p><p class=\\"sceditor-nlf\\"><br></p><p class=\\"sceditor-nlf\\"><br></p>\', \'http://localhost:8080/assets/article.svg\')')
 4 SYSTEMPATH\Database\BaseBuilder.php(1916): CodeIgniter\Database\BaseConnection->query('INSERT INTO `page` (`id_page`, `id_training`, `title`, `content`, `image_url`) VALUES (:id_page:, :id_training:, :title:, :content:, :image_url:)', [...], false)
 5 APPPATH\Models\PageModel.php(28): CodeIgniter\Database\BaseBuilder->insert([...])
 6 APPPATH\Controllers\Former.php(346): App\Models\PageModel->add([...])
 7 SYSTEMPATH\CodeIgniter.php(927): App\Controllers\Former->training_save()
 8 SYSTEMPATH\CodeIgniter.php(482): CodeIgniter\CodeIgniter->runController(Object(App\Controllers\Former))
 9 SYSTEMPATH\CodeIgniter.php(351): CodeIgniter\CodeIgniter->handleRequest(null, Object(Config\Cache), false)
10 FCPATH\index.php(67): CodeIgniter\CodeIgniter->run()
11 SYSTEMPATH\Commands\Server\rewrite.php(46): require_once('FCPATH\\index.php')
ERROR - 2023-01-26 16:14:09 --> mysqli_sql_exception: Duplicate entry '15' for key 'PRIMARY' in C:\xampp\htdocs\MaFormation\system\Database\MySQLi\Connection.php:292
Stack trace:
#0 C:\xampp\htdocs\MaFormation\system\Database\MySQLi\Connection.php(292): mysqli->query('INSERT INTO `pa...', 0)
#1 C:\xampp\htdocs\MaFormation\system\Database\BaseConnection.php(666): CodeIgniter\Database\MySQLi\Connection->execute('INSERT INTO `pa...')
#2 C:\xampp\htdocs\MaFormation\system\Database\BaseConnection.php(593): CodeIgniter\Database\BaseConnection->simpleQuery('INSERT INTO `pa...')
#3 C:\xampp\htdocs\MaFormation\system\Database\BaseBuilder.php(1916): CodeIgniter\Database\BaseConnection->query('INSERT INTO `pa...', Array, false)
#4 C:\xampp\htdocs\MaFormation\app\Models\PageModel.php(28): CodeIgniter\Database\BaseBuilder->insert(Array)
#5 C:\xampp\htdocs\MaFormation\app\Controllers\Former.php(346): App\Models\PageModel->add(Array)
#6 C:\xampp\htdocs\MaFormation\system\CodeIgniter.php(927): App\Controllers\Former->training_save()
#7 C:\xampp\htdocs\MaFormation\system\CodeIgniter.php(482): CodeIgniter\CodeIgniter->runController(Object(App\Controllers\Former))
#8 C:\xampp\htdocs\MaFormation\system\CodeIgniter.php(351): CodeIgniter\CodeIgniter->handleRequest(NULL, Object(Config\Cache), false)
#9 C:\xampp\htdocs\MaFormation\public\index.php(67): CodeIgniter\CodeIgniter->run()
#10 C:\xampp\htdocs\MaFormation\system\Commands\Server\rewrite.php(46): require_once('C:\\xampp\\htdocs...')
#11 {main}
CRITICAL - 2023-01-26 16:14:09 --> Duplicate entry '15' for key 'PRIMARY'
in SYSTEMPATH\Database\MySQLi\Connection.php on line 292.
 1 SYSTEMPATH\Database\MySQLi\Connection.php(292): mysqli->query('INSERT INTO `page` (`id_page`, `id_training`, `title`, `content`, `image_url`) VALUES (\'15\', 112, \'Création contenu\', \'<p><br></p><p class=\\"sceditor-nlf\\"><br></p><p class=\\"sceditor-nlf\\"><br></p>\', \'http://localhost:8080/assets/article.svg\')', 0)
 2 SYSTEMPATH\Database\BaseConnection.php(666): CodeIgniter\Database\MySQLi\Connection->execute('INSERT INTO `page` (`id_page`, `id_training`, `title`, `content`, `image_url`) VALUES (\'15\', 112, \'Création contenu\', \'<p><br></p><p class=\\"sceditor-nlf\\"><br></p><p class=\\"sceditor-nlf\\"><br></p>\', \'http://localhost:8080/assets/article.svg\')')
 3 SYSTEMPATH\Database\BaseConnection.php(593): CodeIgniter\Database\BaseConnection->simpleQuery('INSERT INTO `page` (`id_page`, `id_training`, `title`, `content`, `image_url`) VALUES (\'15\', 112, \'Création contenu\', \'<p><br></p><p class=\\"sceditor-nlf\\"><br></p><p class=\\"sceditor-nlf\\"><br></p>\', \'http://localhost:8080/assets/article.svg\')')
 4 SYSTEMPATH\Database\BaseBuilder.php(1916): CodeIgniter\Database\BaseConnection->query('INSERT INTO `page` (`id_page`, `id_training`, `title`, `content`, `image_url`) VALUES (:id_page:, :id_training:, :title:, :content:, :image_url:)', [...], false)
 5 APPPATH\Models\PageModel.php(28): CodeIgniter\Database\BaseBuilder->insert([...])
 6 APPPATH\Controllers\Former.php(346): App\Models\PageModel->add([...])
 7 SYSTEMPATH\CodeIgniter.php(927): App\Controllers\Former->training_save()
 8 SYSTEMPATH\CodeIgniter.php(482): CodeIgniter\CodeIgniter->runController(Object(App\Controllers\Former))
 9 SYSTEMPATH\CodeIgniter.php(351): CodeIgniter\CodeIgniter->handleRequest(null, Object(Config\Cache), false)
10 FCPATH\index.php(67): CodeIgniter\CodeIgniter->run()
11 SYSTEMPATH\Commands\Server\rewrite.php(46): require_once('FCPATH\\index.php')
ERROR - 2023-01-26 16:17:41 --> mysqli_sql_exception: Duplicate entry '15' for key 'PRIMARY' in C:\xampp\htdocs\MaFormation\system\Database\MySQLi\Connection.php:292
Stack trace:
#0 C:\xampp\htdocs\MaFormation\system\Database\MySQLi\Connection.php(292): mysqli->query('INSERT INTO `pa...', 0)
#1 C:\xampp\htdocs\MaFormation\system\Database\BaseConnection.php(666): CodeIgniter\Database\MySQLi\Connection->execute('INSERT INTO `pa...')
#2 C:\xampp\htdocs\MaFormation\system\Database\BaseConnection.php(593): CodeIgniter\Database\BaseConnection->simpleQuery('INSERT INTO `pa...')
#3 C:\xampp\htdocs\MaFormation\system\Database\BaseBuilder.php(1916): CodeIgniter\Database\BaseConnection->query('INSERT INTO `pa...', Array, false)
#4 C:\xampp\htdocs\MaFormation\app\Models\PageModel.php(28): CodeIgniter\Database\BaseBuilder->insert(Array)
#5 C:\xampp\htdocs\MaFormation\app\Controllers\Former.php(346): App\Models\PageModel->add(Array)
#6 C:\xampp\htdocs\MaFormation\system\CodeIgniter.php(927): App\Controllers\Former->training_save()
#7 C:\xampp\htdocs\MaFormation\system\CodeIgniter.php(482): CodeIgniter\CodeIgniter->runController(Object(App\Controllers\Former))
#8 C:\xampp\htdocs\MaFormation\system\CodeIgniter.php(351): CodeIgniter\CodeIgniter->handleRequest(NULL, Object(Config\Cache), false)
#9 C:\xampp\htdocs\MaFormation\public\index.php(67): CodeIgniter\CodeIgniter->run()
#10 C:\xampp\htdocs\MaFormation\system\Commands\Server\rewrite.php(46): require_once('C:\\xampp\\htdocs...')
#11 {main}
CRITICAL - 2023-01-26 16:17:41 --> Duplicate entry '15' for key 'PRIMARY'
in SYSTEMPATH\Database\MySQLi\Connection.php on line 292.
 1 SYSTEMPATH\Database\MySQLi\Connection.php(292): mysqli->query('INSERT INTO `page` (`id_page`, `id_training`, `title`, `content`, `image_url`) VALUES (\'15\', 112, \'Création contenu\', \'<p><br></p><p class=\\"sceditor-nlf\\"><br></p><p class=\\"sceditor-nlf\\"><br></p>\', \'http://localhost:8080/assets/article.svg\')', 0)
 2 SYSTEMPATH\Database\BaseConnection.php(666): CodeIgniter\Database\MySQLi\Connection->execute('INSERT INTO `page` (`id_page`, `id_training`, `title`, `content`, `image_url`) VALUES (\'15\', 112, \'Création contenu\', \'<p><br></p><p class=\\"sceditor-nlf\\"><br></p><p class=\\"sceditor-nlf\\"><br></p>\', \'http://localhost:8080/assets/article.svg\')')
 3 SYSTEMPATH\Database\BaseConnection.php(593): CodeIgniter\Database\BaseConnection->simpleQuery('INSERT INTO `page` (`id_page`, `id_training`, `title`, `content`, `image_url`) VALUES (\'15\', 112, \'Création contenu\', \'<p><br></p><p class=\\"sceditor-nlf\\"><br></p><p class=\\"sceditor-nlf\\"><br></p>\', \'http://localhost:8080/assets/article.svg\')')
 4 SYSTEMPATH\Database\BaseBuilder.php(1916): CodeIgniter\Database\BaseConnection->query('INSERT INTO `page` (`id_page`, `id_training`, `title`, `content`, `image_url`) VALUES (:id_page:, :id_training:, :title:, :content:, :image_url:)', [...], false)
 5 APPPATH\Models\PageModel.php(28): CodeIgniter\Database\BaseBuilder->insert([...])
 6 APPPATH\Controllers\Former.php(346): App\Models\PageModel->add([...])
 7 SYSTEMPATH\CodeIgniter.php(927): App\Controllers\Former->training_save()
 8 SYSTEMPATH\CodeIgniter.php(482): CodeIgniter\CodeIgniter->runController(Object(App\Controllers\Former))
 9 SYSTEMPATH\CodeIgniter.php(351): CodeIgniter\CodeIgniter->handleRequest(null, Object(Config\Cache), false)
10 FCPATH\index.php(67): CodeIgniter\CodeIgniter->run()
11 SYSTEMPATH\Commands\Server\rewrite.php(46): require_once('FCPATH\\index.php')
ERROR - 2023-01-26 16:31:23 --> mysqli_sql_exception: Duplicate entry '15' for key 'PRIMARY' in C:\xampp\htdocs\MaFormation\system\Database\MySQLi\Connection.php:292
Stack trace:
#0 C:\xampp\htdocs\MaFormation\system\Database\MySQLi\Connection.php(292): mysqli->query('INSERT INTO `pa...', 0)
#1 C:\xampp\htdocs\MaFormation\system\Database\BaseConnection.php(666): CodeIgniter\Database\MySQLi\Connection->execute('INSERT INTO `pa...')
#2 C:\xampp\htdocs\MaFormation\system\Database\BaseConnection.php(593): CodeIgniter\Database\BaseConnection->simpleQuery('INSERT INTO `pa...')
#3 C:\xampp\htdocs\MaFormation\system\Database\BaseBuilder.php(1916): CodeIgniter\Database\BaseConnection->query('INSERT INTO `pa...', Array, false)
#4 C:\xampp\htdocs\MaFormation\app\Models\PageModel.php(29): CodeIgniter\Database\BaseBuilder->insert(Array)
#5 C:\xampp\htdocs\MaFormation\app\Controllers\Former.php(346): App\Models\PageModel->add(Array)
#6 C:\xampp\htdocs\MaFormation\system\CodeIgniter.php(927): App\Controllers\Former->training_save()
#7 C:\xampp\htdocs\MaFormation\system\CodeIgniter.php(482): CodeIgniter\CodeIgniter->runController(Object(App\Controllers\Former))
#8 C:\xampp\htdocs\MaFormation\system\CodeIgniter.php(351): CodeIgniter\CodeIgniter->handleRequest(NULL, Object(Config\Cache), false)
#9 C:\xampp\htdocs\MaFormation\public\index.php(67): CodeIgniter\CodeIgniter->run()
#10 C:\xampp\htdocs\MaFormation\system\Commands\Server\rewrite.php(46): require_once('C:\\xampp\\htdocs...')
#11 {main}
CRITICAL - 2023-01-26 16:31:23 --> Duplicate entry '15' for key 'PRIMARY'
in SYSTEMPATH\Database\MySQLi\Connection.php on line 292.
 1 SYSTEMPATH\Database\MySQLi\Connection.php(292): mysqli->query('INSERT INTO `page` (`id_page`, `id_training`, `title`, `content`, `image_url`) VALUES (\'15\', 112, \'Création contenu\', \'<p><br></p><p class=\\"sceditor-nlf\\"><br></p><p class=\\"sceditor-nlf\\"><br></p>\', \'http://localhost:8080/assets/article.svg\')', 0)
 2 SYSTEMPATH\Database\BaseConnection.php(666): CodeIgniter\Database\MySQLi\Connection->execute('INSERT INTO `page` (`id_page`, `id_training`, `title`, `content`, `image_url`) VALUES (\'15\', 112, \'Création contenu\', \'<p><br></p><p class=\\"sceditor-nlf\\"><br></p><p class=\\"sceditor-nlf\\"><br></p>\', \'http://localhost:8080/assets/article.svg\')')
 3 SYSTEMPATH\Database\BaseConnection.php(593): CodeIgniter\Database\BaseConnection->simpleQuery('INSERT INTO `page` (`id_page`, `id_training`, `title`, `content`, `image_url`) VALUES (\'15\', 112, \'Création contenu\', \'<p><br></p><p class=\\"sceditor-nlf\\"><br></p><p class=\\"sceditor-nlf\\"><br></p>\', \'http://localhost:8080/assets/article.svg\')')
 4 SYSTEMPATH\Database\BaseBuilder.php(1916): CodeIgniter\Database\BaseConnection->query('INSERT INTO `page` (`id_page`, `id_training`, `title`, `content`, `image_url`) VALUES (:id_page:, :id_training:, :title:, :content:, :image_url:)', [...], false)
 5 APPPATH\Models\PageModel.php(29): CodeIgniter\Database\BaseBuilder->insert([...])
 6 APPPATH\Controllers\Former.php(346): App\Models\PageModel->add([...])
 7 SYSTEMPATH\CodeIgniter.php(927): App\Controllers\Former->training_save()
 8 SYSTEMPATH\CodeIgniter.php(482): CodeIgniter\CodeIgniter->runController(Object(App\Controllers\Former))
 9 SYSTEMPATH\CodeIgniter.php(351): CodeIgniter\CodeIgniter->handleRequest(null, Object(Config\Cache), false)
10 FCPATH\index.php(67): CodeIgniter\CodeIgniter->run()
11 SYSTEMPATH\Commands\Server\rewrite.php(46): require_once('FCPATH\\index.php')
ERROR - 2023-01-26 16:34:27 --> mysqli_sql_exception: Duplicate entry '15' for key 'PRIMARY' in C:\xampp\htdocs\MaFormation\system\Database\MySQLi\Connection.php:292
Stack trace:
#0 C:\xampp\htdocs\MaFormation\system\Database\MySQLi\Connection.php(292): mysqli->query('UPDATE `page` S...', 0)
#1 C:\xampp\htdocs\MaFormation\system\Database\BaseConnection.php(666): CodeIgniter\Database\MySQLi\Connection->execute('UPDATE `page` S...')
#2 C:\xampp\htdocs\MaFormation\system\Database\BaseConnection.php(593): CodeIgniter\Database\BaseConnection->simpleQuery('UPDATE `page` S...')
#3 C:\xampp\htdocs\MaFormation\system\Database\BaseBuilder.php(2079): CodeIgniter\Database\BaseConnection->query('UPDATE `page` S...', Array, false)
#4 C:\xampp\htdocs\MaFormation\app\Models\PageModel.php(33): CodeIgniter\Database\BaseBuilder->update(Array)
#5 C:\xampp\htdocs\MaFormation\app\Controllers\Former.php(347): App\Models\PageModel->add(Array)
#6 C:\xampp\htdocs\MaFormation\system\CodeIgniter.php(927): App\Controllers\Former->training_save()
#7 C:\xampp\htdocs\MaFormation\system\CodeIgniter.php(482): CodeIgniter\CodeIgniter->runController(Object(App\Controllers\Former))
#8 C:\xampp\htdocs\MaFormation\system\CodeIgniter.php(351): CodeIgniter\CodeIgniter->handleRequest(NULL, Object(Config\Cache), false)
#9 C:\xampp\htdocs\MaFormation\public\index.php(67): CodeIgniter\CodeIgniter->run()
#10 C:\xampp\htdocs\MaFormation\system\Commands\Server\rewrite.php(46): require_once('C:\\xampp\\htdocs...')
#11 {main}
CRITICAL - 2023-01-26 16:34:27 --> Duplicate entry '15' for key 'PRIMARY'
in SYSTEMPATH\Database\MySQLi\Connection.php on line 292.
 1 SYSTEMPATH\Database\MySQLi\Connection.php(292): mysqli->query('UPDATE `page` SET `id_page` = \'15\', `id_training` = 112, `title` = \'Création contenu\', `content` = \'<p><br></p><p class=\\"sceditor-nlf\\"><br></p><p class=\\"sceditor-nlf\\"><br></p>\', `image_url` = \'http://localhost:8080/assets/article.svg\'', 0)
 2 SYSTEMPATH\Database\BaseConnection.php(666): CodeIgniter\Database\MySQLi\Connection->execute('UPDATE `page` SET `id_page` = \'15\', `id_training` = 112, `title` = \'Création contenu\', `content` = \'<p><br></p><p class=\\"sceditor-nlf\\"><br></p><p class=\\"sceditor-nlf\\"><br></p>\', `image_url` = \'http://localhost:8080/assets/article.svg\'')
 3 SYSTEMPATH\Database\BaseConnection.php(593): CodeIgniter\Database\BaseConnection->simpleQuery('UPDATE `page` SET `id_page` = \'15\', `id_training` = 112, `title` = \'Création contenu\', `content` = \'<p><br></p><p class=\\"sceditor-nlf\\"><br></p><p class=\\"sceditor-nlf\\"><br></p>\', `image_url` = \'http://localhost:8080/assets/article.svg\'')
 4 SYSTEMPATH\Database\BaseBuilder.php(2079): CodeIgniter\Database\BaseConnection->query('UPDATE `page` SET `id_page` = :id_page:, `id_training` = :id_training:, `title` = :title:, `content` = :content:, `image_url` = :image_url:', [...], false)
 5 APPPATH\Models\PageModel.php(33): CodeIgniter\Database\BaseBuilder->update([...])
 6 APPPATH\Controllers\Former.php(347): App\Models\PageModel->add([...])
 7 SYSTEMPATH\CodeIgniter.php(927): App\Controllers\Former->training_save()
 8 SYSTEMPATH\CodeIgniter.php(482): CodeIgniter\CodeIgniter->runController(Object(App\Controllers\Former))
 9 SYSTEMPATH\CodeIgniter.php(351): CodeIgniter\CodeIgniter->handleRequest(null, Object(Config\Cache), false)
10 FCPATH\index.php(67): CodeIgniter\CodeIgniter->run()
11 SYSTEMPATH\Commands\Server\rewrite.php(46): require_once('FCPATH\\index.php')
ERROR - 2023-01-26 16:34:40 --> mysqli_sql_exception: Duplicate entry '15' for key 'PRIMARY' in C:\xampp\htdocs\MaFormation\system\Database\MySQLi\Connection.php:292
Stack trace:
#0 C:\xampp\htdocs\MaFormation\system\Database\MySQLi\Connection.php(292): mysqli->query('UPDATE `page` S...', 0)
#1 C:\xampp\htdocs\MaFormation\system\Database\BaseConnection.php(666): CodeIgniter\Database\MySQLi\Connection->execute('UPDATE `page` S...')
#2 C:\xampp\htdocs\MaFormation\system\Database\BaseConnection.php(593): CodeIgniter\Database\BaseConnection->simpleQuery('UPDATE `page` S...')
#3 C:\xampp\htdocs\MaFormation\system\Database\BaseBuilder.php(2079): CodeIgniter\Database\BaseConnection->query('UPDATE `page` S...', Array, false)
#4 C:\xampp\htdocs\MaFormation\app\Models\PageModel.php(33): CodeIgniter\Database\BaseBuilder->update(Array)
#5 C:\xampp\htdocs\MaFormation\app\Controllers\Former.php(347): App\Models\PageModel->add(Array)
#6 C:\xampp\htdocs\MaFormation\system\CodeIgniter.php(927): App\Controllers\Former->training_save()
#7 C:\xampp\htdocs\MaFormation\system\CodeIgniter.php(482): CodeIgniter\CodeIgniter->runController(Object(App\Controllers\Former))
#8 C:\xampp\htdocs\MaFormation\system\CodeIgniter.php(351): CodeIgniter\CodeIgniter->handleRequest(NULL, Object(Config\Cache), false)
#9 C:\xampp\htdocs\MaFormation\public\index.php(67): CodeIgniter\CodeIgniter->run()
#10 C:\xampp\htdocs\MaFormation\system\Commands\Server\rewrite.php(46): require_once('C:\\xampp\\htdocs...')
#11 {main}
CRITICAL - 2023-01-26 16:34:40 --> Duplicate entry '15' for key 'PRIMARY'
in SYSTEMPATH\Database\MySQLi\Connection.php on line 292.
 1 SYSTEMPATH\Database\MySQLi\Connection.php(292): mysqli->query('UPDATE `page` SET `id_page` = \'15\', `id_training` = 112, `title` = \'Création contenu\', `content` = \'<p><br></p><p class=\\"sceditor-nlf\\"><br></p><p class=\\"sceditor-nlf\\"><br></p>\', `image_url` = \'http://localhost:8080/assets/article.svg\'', 0)
 2 SYSTEMPATH\Database\BaseConnection.php(666): CodeIgniter\Database\MySQLi\Connection->execute('UPDATE `page` SET `id_page` = \'15\', `id_training` = 112, `title` = \'Création contenu\', `content` = \'<p><br></p><p class=\\"sceditor-nlf\\"><br></p><p class=\\"sceditor-nlf\\"><br></p>\', `image_url` = \'http://localhost:8080/assets/article.svg\'')
 3 SYSTEMPATH\Database\BaseConnection.php(593): CodeIgniter\Database\BaseConnection->simpleQuery('UPDATE `page` SET `id_page` = \'15\', `id_training` = 112, `title` = \'Création contenu\', `content` = \'<p><br></p><p class=\\"sceditor-nlf\\"><br></p><p class=\\"sceditor-nlf\\"><br></p>\', `image_url` = \'http://localhost:8080/assets/article.svg\'')
 4 SYSTEMPATH\Database\BaseBuilder.php(2079): CodeIgniter\Database\BaseConnection->query('UPDATE `page` SET `id_page` = :id_page:, `id_training` = :id_training:, `title` = :title:, `content` = :content:, `image_url` = :image_url:', [...], false)
 5 APPPATH\Models\PageModel.php(33): CodeIgniter\Database\BaseBuilder->update([...])
 6 APPPATH\Controllers\Former.php(347): App\Models\PageModel->add([...])
 7 SYSTEMPATH\CodeIgniter.php(927): App\Controllers\Former->training_save()
 8 SYSTEMPATH\CodeIgniter.php(482): CodeIgniter\CodeIgniter->runController(Object(App\Controllers\Former))
 9 SYSTEMPATH\CodeIgniter.php(351): CodeIgniter\CodeIgniter->handleRequest(null, Object(Config\Cache), false)
10 FCPATH\index.php(67): CodeIgniter\CodeIgniter->run()
11 SYSTEMPATH\Commands\Server\rewrite.php(46): require_once('FCPATH\\index.php')
ERROR - 2023-01-26 16:35:28 --> mysqli_sql_exception: Duplicate entry '0' for key 'PRIMARY' in C:\xampp\htdocs\MaFormation\system\Database\MySQLi\Connection.php:292
Stack trace:
#0 C:\xampp\htdocs\MaFormation\system\Database\MySQLi\Connection.php(292): mysqli->query('UPDATE `page` S...', 0)
#1 C:\xampp\htdocs\MaFormation\system\Database\BaseConnection.php(666): CodeIgniter\Database\MySQLi\Connection->execute('UPDATE `page` S...')
#2 C:\xampp\htdocs\MaFormation\system\Database\BaseConnection.php(593): CodeIgniter\Database\BaseConnection->simpleQuery('UPDATE `page` S...')
#3 C:\xampp\htdocs\MaFormation\system\Database\BaseBuilder.php(2079): CodeIgniter\Database\BaseConnection->query('UPDATE `page` S...', Array, false)
#4 C:\xampp\htdocs\MaFormation\app\Models\PageModel.php(33): CodeIgniter\Database\BaseBuilder->update(Array)
#5 C:\xampp\htdocs\MaFormation\app\Controllers\Former.php(347): App\Models\PageModel->add(Array)
#6 C:\xampp\htdocs\MaFormation\system\CodeIgniter.php(927): App\Controllers\Former->training_save()
#7 C:\xampp\htdocs\MaFormation\system\CodeIgniter.php(482): CodeIgniter\CodeIgniter->runController(Object(App\Controllers\Former))
#8 C:\xampp\htdocs\MaFormation\system\CodeIgniter.php(351): CodeIgniter\CodeIgniter->handleRequest(NULL, Object(Config\Cache), false)
#9 C:\xampp\htdocs\MaFormation\public\index.php(67): CodeIgniter\CodeIgniter->run()
#10 C:\xampp\htdocs\MaFormation\system\Commands\Server\rewrite.php(46): require_once('C:\\xampp\\htdocs...')
#11 {main}
CRITICAL - 2023-01-26 16:35:28 --> Duplicate entry '0' for key 'PRIMARY'
in SYSTEMPATH\Database\MySQLi\Connection.php on line 292.
 1 SYSTEMPATH\Database\MySQLi\Connection.php(292): mysqli->query('UPDATE `page` SET `id_page` = \'0\', `id_training` = 113, `title` = \'Création contenu\', `content` = \'<p><br></p><p class=\\"sceditor-nlf\\"><br></p>\', `image_url` = \'http://localhost:8080/assets/article.svg\'', 0)
 2 SYSTEMPATH\Database\BaseConnection.php(666): CodeIgniter\Database\MySQLi\Connection->execute('UPDATE `page` SET `id_page` = \'0\', `id_training` = 113, `title` = \'Création contenu\', `content` = \'<p><br></p><p class=\\"sceditor-nlf\\"><br></p>\', `image_url` = \'http://localhost:8080/assets/article.svg\'')
 3 SYSTEMPATH\Database\BaseConnection.php(593): CodeIgniter\Database\BaseConnection->simpleQuery('UPDATE `page` SET `id_page` = \'0\', `id_training` = 113, `title` = \'Création contenu\', `content` = \'<p><br></p><p class=\\"sceditor-nlf\\"><br></p>\', `image_url` = \'http://localhost:8080/assets/article.svg\'')
 4 SYSTEMPATH\Database\BaseBuilder.php(2079): CodeIgniter\Database\BaseConnection->query('UPDATE `page` SET `id_page` = :id_page:, `id_training` = :id_training:, `title` = :title:, `content` = :content:, `image_url` = :image_url:', [...], false)
 5 APPPATH\Models\PageModel.php(33): CodeIgniter\Database\BaseBuilder->update([...])
 6 APPPATH\Controllers\Former.php(347): App\Models\PageModel->add([...])
 7 SYSTEMPATH\CodeIgniter.php(927): App\Controllers\Former->training_save()
 8 SYSTEMPATH\CodeIgniter.php(482): CodeIgniter\CodeIgniter->runController(Object(App\Controllers\Former))
 9 SYSTEMPATH\CodeIgniter.php(351): CodeIgniter\CodeIgniter->handleRequest(null, Object(Config\Cache), false)
10 FCPATH\index.php(67): CodeIgniter\CodeIgniter->run()
11 SYSTEMPATH\Commands\Server\rewrite.php(46): require_once('FCPATH\\index.php')
ERROR - 2023-01-26 16:39:02 --> mysqli_sql_exception: Duplicate entry '0' for key 'PRIMARY' in C:\xampp\htdocs\MaFormation\system\Database\MySQLi\Connection.php:292
Stack trace:
#0 C:\xampp\htdocs\MaFormation\system\Database\MySQLi\Connection.php(292): mysqli->query('UPDATE `page` S...', 0)
#1 C:\xampp\htdocs\MaFormation\system\Database\BaseConnection.php(666): CodeIgniter\Database\MySQLi\Connection->execute('UPDATE `page` S...')
#2 C:\xampp\htdocs\MaFormation\system\Database\BaseConnection.php(593): CodeIgniter\Database\BaseConnection->simpleQuery('UPDATE `page` S...')
#3 C:\xampp\htdocs\MaFormation\system\Database\BaseBuilder.php(2079): CodeIgniter\Database\BaseConnection->query('UPDATE `page` S...', Array, false)
#4 C:\xampp\htdocs\MaFormation\app\Models\PageModel.php(35): CodeIgniter\Database\BaseBuilder->update(Array)
#5 C:\xampp\htdocs\MaFormation\app\Controllers\Former.php(347): App\Models\PageModel->add(Array)
#6 C:\xampp\htdocs\MaFormation\system\CodeIgniter.php(927): App\Controllers\Former->training_save()
#7 C:\xampp\htdocs\MaFormation\system\CodeIgniter.php(482): CodeIgniter\CodeIgniter->runController(Object(App\Controllers\Former))
#8 C:\xampp\htdocs\MaFormation\system\CodeIgniter.php(351): CodeIgniter\CodeIgniter->handleRequest(NULL, Object(Config\Cache), false)
#9 C:\xampp\htdocs\MaFormation\public\index.php(67): CodeIgniter\CodeIgniter->run()
#10 C:\xampp\htdocs\MaFormation\system\Commands\Server\rewrite.php(46): require_once('C:\\xampp\\htdocs...')
#11 {main}
CRITICAL - 2023-01-26 16:39:02 --> Duplicate entry '0' for key 'PRIMARY'
in SYSTEMPATH\Database\MySQLi\Connection.php on line 292.
 1 SYSTEMPATH\Database\MySQLi\Connection.php(292): mysqli->query('UPDATE `page` SET `id_page` = \'0\', `id_training` = 113, `title` = \'Création contenu\', `content` = \'<p><br></p><p class=\\"sceditor-nlf\\"><br></p>\', `image_url` = \'http://localhost:8080/assets/article.svg\'', 0)
 2 SYSTEMPATH\Database\BaseConnection.php(666): CodeIgniter\Database\MySQLi\Connection->execute('UPDATE `page` SET `id_page` = \'0\', `id_training` = 113, `title` = \'Création contenu\', `content` = \'<p><br></p><p class=\\"sceditor-nlf\\"><br></p>\', `image_url` = \'http://localhost:8080/assets/article.svg\'')
 3 SYSTEMPATH\Database\BaseConnection.php(593): CodeIgniter\Database\BaseConnection->simpleQuery('UPDATE `page` SET `id_page` = \'0\', `id_training` = 113, `title` = \'Création contenu\', `content` = \'<p><br></p><p class=\\"sceditor-nlf\\"><br></p>\', `image_url` = \'http://localhost:8080/assets/article.svg\'')
 4 SYSTEMPATH\Database\BaseBuilder.php(2079): CodeIgniter\Database\BaseConnection->query('UPDATE `page` SET `id_page` = :id_page:, `id_training` = :id_training:, `title` = :title:, `content` = :content:, `image_url` = :image_url:', [...], false)
 5 APPPATH\Models\PageModel.php(35): CodeIgniter\Database\BaseBuilder->update([...])
 6 APPPATH\Controllers\Former.php(347): App\Models\PageModel->add([...])
 7 SYSTEMPATH\CodeIgniter.php(927): App\Controllers\Former->training_save()
 8 SYSTEMPATH\CodeIgniter.php(482): CodeIgniter\CodeIgniter->runController(Object(App\Controllers\Former))
 9 SYSTEMPATH\CodeIgniter.php(351): CodeIgniter\CodeIgniter->handleRequest(null, Object(Config\Cache), false)
10 FCPATH\index.php(67): CodeIgniter\CodeIgniter->run()
11 SYSTEMPATH\Commands\Server\rewrite.php(46): require_once('FCPATH\\index.php')
ERROR - 2023-01-26 16:39:23 --> mysqli_sql_exception: Duplicate entry '0' for key 'PRIMARY' in C:\xampp\htdocs\MaFormation\system\Database\MySQLi\Connection.php:292
Stack trace:
#0 C:\xampp\htdocs\MaFormation\system\Database\MySQLi\Connection.php(292): mysqli->query('UPDATE `page` S...', 0)
#1 C:\xampp\htdocs\MaFormation\system\Database\BaseConnection.php(666): CodeIgniter\Database\MySQLi\Connection->execute('UPDATE `page` S...')
#2 C:\xampp\htdocs\MaFormation\system\Database\BaseConnection.php(593): CodeIgniter\Database\BaseConnection->simpleQuery('UPDATE `page` S...')
#3 C:\xampp\htdocs\MaFormation\system\Database\BaseBuilder.php(2079): CodeIgniter\Database\BaseConnection->query('UPDATE `page` S...', Array, false)
#4 C:\xampp\htdocs\MaFormation\app\Models\PageModel.php(35): CodeIgniter\Database\BaseBuilder->update(Array)
#5 C:\xampp\htdocs\MaFormation\app\Controllers\Former.php(347): App\Models\PageModel->add(Array)
#6 C:\xampp\htdocs\MaFormation\system\CodeIgniter.php(927): App\Controllers\Former->training_save()
#7 C:\xampp\htdocs\MaFormation\system\CodeIgniter.php(482): CodeIgniter\CodeIgniter->runController(Object(App\Controllers\Former))
#8 C:\xampp\htdocs\MaFormation\system\CodeIgniter.php(351): CodeIgniter\CodeIgniter->handleRequest(NULL, Object(Config\Cache), false)
#9 C:\xampp\htdocs\MaFormation\public\index.php(67): CodeIgniter\CodeIgniter->run()
#10 C:\xampp\htdocs\MaFormation\system\Commands\Server\rewrite.php(46): require_once('C:\\xampp\\htdocs...')
#11 {main}
CRITICAL - 2023-01-26 16:39:23 --> Duplicate entry '0' for key 'PRIMARY'
in SYSTEMPATH\Database\MySQLi\Connection.php on line 292.
 1 SYSTEMPATH\Database\MySQLi\Connection.php(292): mysqli->query('UPDATE `page` SET `id_page` = \'0\', `id_training` = 114, `title` = \'Création contenu\', `content` = \'<p><br></p><p class=\\"sceditor-nlf\\"><br></p>\', `image_url` = \'http://localhost:8080/assets/article.svg\'', 0)
 2 SYSTEMPATH\Database\BaseConnection.php(666): CodeIgniter\Database\MySQLi\Connection->execute('UPDATE `page` SET `id_page` = \'0\', `id_training` = 114, `title` = \'Création contenu\', `content` = \'<p><br></p><p class=\\"sceditor-nlf\\"><br></p>\', `image_url` = \'http://localhost:8080/assets/article.svg\'')
 3 SYSTEMPATH\Database\BaseConnection.php(593): CodeIgniter\Database\BaseConnection->simpleQuery('UPDATE `page` SET `id_page` = \'0\', `id_training` = 114, `title` = \'Création contenu\', `content` = \'<p><br></p><p class=\\"sceditor-nlf\\"><br></p>\', `image_url` = \'http://localhost:8080/assets/article.svg\'')
 4 SYSTEMPATH\Database\BaseBuilder.php(2079): CodeIgniter\Database\BaseConnection->query('UPDATE `page` SET `id_page` = :id_page:, `id_training` = :id_training:, `title` = :title:, `content` = :content:, `image_url` = :image_url:', [...], false)
 5 APPPATH\Models\PageModel.php(35): CodeIgniter\Database\BaseBuilder->update([...])
 6 APPPATH\Controllers\Former.php(347): App\Models\PageModel->add([...])
 7 SYSTEMPATH\CodeIgniter.php(927): App\Controllers\Former->training_save()
 8 SYSTEMPATH\CodeIgniter.php(482): CodeIgniter\CodeIgniter->runController(Object(App\Controllers\Former))
 9 SYSTEMPATH\CodeIgniter.php(351): CodeIgniter\CodeIgniter->handleRequest(null, Object(Config\Cache), false)
10 FCPATH\index.php(67): CodeIgniter\CodeIgniter->run()
11 SYSTEMPATH\Commands\Server\rewrite.php(46): require_once('FCPATH\\index.php')
ERROR - 2023-01-26 16:40:11 --> mysqli_sql_exception: Duplicate entry '0' for key 'PRIMARY' in C:\xampp\htdocs\MaFormation\system\Database\MySQLi\Connection.php:292
Stack trace:
#0 C:\xampp\htdocs\MaFormation\system\Database\MySQLi\Connection.php(292): mysqli->query('UPDATE `page` S...', 0)
#1 C:\xampp\htdocs\MaFormation\system\Database\BaseConnection.php(666): CodeIgniter\Database\MySQLi\Connection->execute('UPDATE `page` S...')
#2 C:\xampp\htdocs\MaFormation\system\Database\BaseConnection.php(593): CodeIgniter\Database\BaseConnection->simpleQuery('UPDATE `page` S...')
#3 C:\xampp\htdocs\MaFormation\system\Database\BaseBuilder.php(2079): CodeIgniter\Database\BaseConnection->query('UPDATE `page` S...', Array, false)
#4 C:\xampp\htdocs\MaFormation\app\Models\PageModel.php(36): CodeIgniter\Database\BaseBuilder->update(Array)
#5 C:\xampp\htdocs\MaFormation\app\Controllers\Former.php(347): App\Models\PageModel->add(Array)
#6 C:\xampp\htdocs\MaFormation\system\CodeIgniter.php(927): App\Controllers\Former->training_save()
#7 C:\xampp\htdocs\MaFormation\system\CodeIgniter.php(482): CodeIgniter\CodeIgniter->runController(Object(App\Controllers\Former))
#8 C:\xampp\htdocs\MaFormation\system\CodeIgniter.php(351): CodeIgniter\CodeIgniter->handleRequest(NULL, Object(Config\Cache), false)
#9 C:\xampp\htdocs\MaFormation\public\index.php(67): CodeIgniter\CodeIgniter->run()
#10 C:\xampp\htdocs\MaFormation\system\Commands\Server\rewrite.php(46): require_once('C:\\xampp\\htdocs...')
#11 {main}
CRITICAL - 2023-01-26 16:40:11 --> Duplicate entry '0' for key 'PRIMARY'
in SYSTEMPATH\Database\MySQLi\Connection.php on line 292.
 1 SYSTEMPATH\Database\MySQLi\Connection.php(292): mysqli->query('UPDATE `page` SET `id_page` = \'0\', `id_training` = 114, `title` = \'Création contenu\', `content` = \'<p><br></p><p class=\\"sceditor-nlf\\"><br></p>\', `image_url` = \'http://localhost:8080/assets/article.svg\'', 0)
 2 SYSTEMPATH\Database\BaseConnection.php(666): CodeIgniter\Database\MySQLi\Connection->execute('UPDATE `page` SET `id_page` = \'0\', `id_training` = 114, `title` = \'Création contenu\', `content` = \'<p><br></p><p class=\\"sceditor-nlf\\"><br></p>\', `image_url` = \'http://localhost:8080/assets/article.svg\'')
 3 SYSTEMPATH\Database\BaseConnection.php(593): CodeIgniter\Database\BaseConnection->simpleQuery('UPDATE `page` SET `id_page` = \'0\', `id_training` = 114, `title` = \'Création contenu\', `content` = \'<p><br></p><p class=\\"sceditor-nlf\\"><br></p>\', `image_url` = \'http://localhost:8080/assets/article.svg\'')
 4 SYSTEMPATH\Database\BaseBuilder.php(2079): CodeIgniter\Database\BaseConnection->query('UPDATE `page` SET `id_page` = :id_page:, `id_training` = :id_training:, `title` = :title:, `content` = :content:, `image_url` = :image_url:', [...], false)
 5 APPPATH\Models\PageModel.php(36): CodeIgniter\Database\BaseBuilder->update([...])
 6 APPPATH\Controllers\Former.php(347): App\Models\PageModel->add([...])
 7 SYSTEMPATH\CodeIgniter.php(927): App\Controllers\Former->training_save()
 8 SYSTEMPATH\CodeIgniter.php(482): CodeIgniter\CodeIgniter->runController(Object(App\Controllers\Former))
 9 SYSTEMPATH\CodeIgniter.php(351): CodeIgniter\CodeIgniter->handleRequest(null, Object(Config\Cache), false)
10 FCPATH\index.php(67): CodeIgniter\CodeIgniter->run()
11 SYSTEMPATH\Commands\Server\rewrite.php(46): require_once('FCPATH\\index.php')
ERROR - 2023-01-26 16:40:55 --> mysqli_sql_exception: Duplicate entry '18' for key 'PRIMARY' in C:\xampp\htdocs\MaFormation\system\Database\MySQLi\Connection.php:292
Stack trace:
#0 C:\xampp\htdocs\MaFormation\system\Database\MySQLi\Connection.php(292): mysqli->query('UPDATE `page` S...', 0)
#1 C:\xampp\htdocs\MaFormation\system\Database\BaseConnection.php(666): CodeIgniter\Database\MySQLi\Connection->execute('UPDATE `page` S...')
#2 C:\xampp\htdocs\MaFormation\system\Database\BaseConnection.php(593): CodeIgniter\Database\BaseConnection->simpleQuery('UPDATE `page` S...')
#3 C:\xampp\htdocs\MaFormation\system\Database\BaseBuilder.php(2079): CodeIgniter\Database\BaseConnection->query('UPDATE `page` S...', Array, false)
#4 C:\xampp\htdocs\MaFormation\app\Models\PageModel.php(36): CodeIgniter\Database\BaseBuilder->update(Array)
#5 C:\xampp\htdocs\MaFormation\app\Controllers\Former.php(347): App\Models\PageModel->add(Array)
#6 C:\xampp\htdocs\MaFormation\system\CodeIgniter.php(927): App\Controllers\Former->training_save()
#7 C:\xampp\htdocs\MaFormation\system\CodeIgniter.php(482): CodeIgniter\CodeIgniter->runController(Object(App\Controllers\Former))
#8 C:\xampp\htdocs\MaFormation\system\CodeIgniter.php(351): CodeIgniter\CodeIgniter->handleRequest(NULL, Object(Config\Cache), false)
#9 C:\xampp\htdocs\MaFormation\public\index.php(67): CodeIgniter\CodeIgniter->run()
#10 C:\xampp\htdocs\MaFormation\system\Commands\Server\rewrite.php(46): require_once('C:\\xampp\\htdocs...')
#11 {main}
CRITICAL - 2023-01-26 16:40:55 --> Duplicate entry '18' for key 'PRIMARY'
in SYSTEMPATH\Database\MySQLi\Connection.php on line 292.
 1 SYSTEMPATH\Database\MySQLi\Connection.php(292): mysqli->query('UPDATE `page` SET `id_page` = \'18\', `id_training` = 114, `title` = \'Création contenu\', `content` = \'<p><br></p><p class=\\"sceditor-nlf\\"><br></p><p class=\\"sceditor-nlf\\"><br></p>\', `image_url` = \'http://localhost:8080/assets/article.svg\'', 0)
 2 SYSTEMPATH\Database\BaseConnection.php(666): CodeIgniter\Database\MySQLi\Connection->execute('UPDATE `page` SET `id_page` = \'18\', `id_training` = 114, `title` = \'Création contenu\', `content` = \'<p><br></p><p class=\\"sceditor-nlf\\"><br></p><p class=\\"sceditor-nlf\\"><br></p>\', `image_url` = \'http://localhost:8080/assets/article.svg\'')
 3 SYSTEMPATH\Database\BaseConnection.php(593): CodeIgniter\Database\BaseConnection->simpleQuery('UPDATE `page` SET `id_page` = \'18\', `id_training` = 114, `title` = \'Création contenu\', `content` = \'<p><br></p><p class=\\"sceditor-nlf\\"><br></p><p class=\\"sceditor-nlf\\"><br></p>\', `image_url` = \'http://localhost:8080/assets/article.svg\'')
 4 SYSTEMPATH\Database\BaseBuilder.php(2079): CodeIgniter\Database\BaseConnection->query('UPDATE `page` SET `id_page` = :id_page:, `id_training` = :id_training:, `title` = :title:, `content` = :content:, `image_url` = :image_url:', [...], false)
 5 APPPATH\Models\PageModel.php(36): CodeIgniter\Database\BaseBuilder->update([...])
 6 APPPATH\Controllers\Former.php(347): App\Models\PageModel->add([...])
 7 SYSTEMPATH\CodeIgniter.php(927): App\Controllers\Former->training_save()
 8 SYSTEMPATH\CodeIgniter.php(482): CodeIgniter\CodeIgniter->runController(Object(App\Controllers\Former))
 9 SYSTEMPATH\CodeIgniter.php(351): CodeIgniter\CodeIgniter->handleRequest(null, Object(Config\Cache), false)
10 FCPATH\index.php(67): CodeIgniter\CodeIgniter->run()
11 SYSTEMPATH\Commands\Server\rewrite.php(46): require_once('FCPATH\\index.php')
ERROR - 2023-01-26 16:42:17 --> mysqli_sql_exception: Duplicate entry '18' for key 'PRIMARY' in C:\xampp\htdocs\MaFormation\system\Database\MySQLi\Connection.php:292
Stack trace:
#0 C:\xampp\htdocs\MaFormation\system\Database\MySQLi\Connection.php(292): mysqli->query('UPDATE `page` S...', 0)
#1 C:\xampp\htdocs\MaFormation\system\Database\BaseConnection.php(666): CodeIgniter\Database\MySQLi\Connection->execute('UPDATE `page` S...')
#2 C:\xampp\htdocs\MaFormation\system\Database\BaseConnection.php(593): CodeIgniter\Database\BaseConnection->simpleQuery('UPDATE `page` S...')
#3 C:\xampp\htdocs\MaFormation\system\Database\BaseBuilder.php(2079): CodeIgniter\Database\BaseConnection->query('UPDATE `page` S...', Array, false)
#4 C:\xampp\htdocs\MaFormation\app\Models\PageModel.php(35): CodeIgniter\Database\BaseBuilder->update(Array)
#5 C:\xampp\htdocs\MaFormation\app\Controllers\Former.php(347): App\Models\PageModel->add(Array)
#6 C:\xampp\htdocs\MaFormation\system\CodeIgniter.php(927): App\Controllers\Former->training_save()
#7 C:\xampp\htdocs\MaFormation\system\CodeIgniter.php(482): CodeIgniter\CodeIgniter->runController(Object(App\Controllers\Former))
#8 C:\xampp\htdocs\MaFormation\system\CodeIgniter.php(351): CodeIgniter\CodeIgniter->handleRequest(NULL, Object(Config\Cache), false)
#9 C:\xampp\htdocs\MaFormation\public\index.php(67): CodeIgniter\CodeIgniter->run()
#10 C:\xampp\htdocs\MaFormation\system\Commands\Server\rewrite.php(46): require_once('C:\\xampp\\htdocs...')
#11 {main}
CRITICAL - 2023-01-26 16:42:17 --> Duplicate entry '18' for key 'PRIMARY'
in SYSTEMPATH\Database\MySQLi\Connection.php on line 292.
 1 SYSTEMPATH\Database\MySQLi\Connection.php(292): mysqli->query('UPDATE `page` SET `id_page` = \'18\', `id_training` = 114, `title` = \'Création contenu\', `content` = \'<p><br></p><p class=\\"sceditor-nlf\\"><br></p><p class=\\"sceditor-nlf\\"><br></p>\', `image_url` = \'http://localhost:8080/assets/article.svg\'', 0)
 2 SYSTEMPATH\Database\BaseConnection.php(666): CodeIgniter\Database\MySQLi\Connection->execute('UPDATE `page` SET `id_page` = \'18\', `id_training` = 114, `title` = \'Création contenu\', `content` = \'<p><br></p><p class=\\"sceditor-nlf\\"><br></p><p class=\\"sceditor-nlf\\"><br></p>\', `image_url` = \'http://localhost:8080/assets/article.svg\'')
 3 SYSTEMPATH\Database\BaseConnection.php(593): CodeIgniter\Database\BaseConnection->simpleQuery('UPDATE `page` SET `id_page` = \'18\', `id_training` = 114, `title` = \'Création contenu\', `content` = \'<p><br></p><p class=\\"sceditor-nlf\\"><br></p><p class=\\"sceditor-nlf\\"><br></p>\', `image_url` = \'http://localhost:8080/assets/article.svg\'')
 4 SYSTEMPATH\Database\BaseBuilder.php(2079): CodeIgniter\Database\BaseConnection->query('UPDATE `page` SET `id_page` = :id_page:, `id_training` = :id_training:, `title` = :title:, `content` = :content:, `image_url` = :image_url:', [...], false)
 5 APPPATH\Models\PageModel.php(35): CodeIgniter\Database\BaseBuilder->update([...])
 6 APPPATH\Controllers\Former.php(347): App\Models\PageModel->add([...])
 7 SYSTEMPATH\CodeIgniter.php(927): App\Controllers\Former->training_save()
 8 SYSTEMPATH\CodeIgniter.php(482): CodeIgniter\CodeIgniter->runController(Object(App\Controllers\Former))
 9 SYSTEMPATH\CodeIgniter.php(351): CodeIgniter\CodeIgniter->handleRequest(null, Object(Config\Cache), false)
10 FCPATH\index.php(67): CodeIgniter\CodeIgniter->run()
11 SYSTEMPATH\Commands\Server\rewrite.php(46): require_once('FCPATH\\index.php')
ERROR - 2023-01-26 16:42:53 --> mysqli_sql_exception: Duplicate entry '18' for key 'PRIMARY' in C:\xampp\htdocs\MaFormation\system\Database\MySQLi\Connection.php:292
Stack trace:
#0 C:\xampp\htdocs\MaFormation\system\Database\MySQLi\Connection.php(292): mysqli->query('UPDATE `page` S...', 0)
#1 C:\xampp\htdocs\MaFormation\system\Database\BaseConnection.php(666): CodeIgniter\Database\MySQLi\Connection->execute('UPDATE `page` S...')
#2 C:\xampp\htdocs\MaFormation\system\Database\BaseConnection.php(593): CodeIgniter\Database\BaseConnection->simpleQuery('UPDATE `page` S...')
#3 C:\xampp\htdocs\MaFormation\system\Database\BaseBuilder.php(2079): CodeIgniter\Database\BaseConnection->query('UPDATE `page` S...', Array, false)
#4 C:\xampp\htdocs\MaFormation\app\Models\PageModel.php(35): CodeIgniter\Database\BaseBuilder->update(Array)
#5 C:\xampp\htdocs\MaFormation\app\Controllers\Former.php(347): App\Models\PageModel->add(Array)
#6 C:\xampp\htdocs\MaFormation\system\CodeIgniter.php(927): App\Controllers\Former->training_save()
#7 C:\xampp\htdocs\MaFormation\system\CodeIgniter.php(482): CodeIgniter\CodeIgniter->runController(Object(App\Controllers\Former))
#8 C:\xampp\htdocs\MaFormation\system\CodeIgniter.php(351): CodeIgniter\CodeIgniter->handleRequest(NULL, Object(Config\Cache), false)
#9 C:\xampp\htdocs\MaFormation\public\index.php(67): CodeIgniter\CodeIgniter->run()
#10 C:\xampp\htdocs\MaFormation\system\Commands\Server\rewrite.php(46): require_once('C:\\xampp\\htdocs...')
#11 {main}
CRITICAL - 2023-01-26 16:42:53 --> Duplicate entry '18' for key 'PRIMARY'
in SYSTEMPATH\Database\MySQLi\Connection.php on line 292.
 1 SYSTEMPATH\Database\MySQLi\Connection.php(292): mysqli->query('UPDATE `page` SET `id_page` = \'18\', `id_training` = 114, `title` = \'Création contenu\', `content` = \'<p><br></p><p class=\\"sceditor-nlf\\"><br></p><p class=\\"sceditor-nlf\\"><br></p>\', `image_url` = \'http://localhost:8080/assets/article.svg\'', 0)
 2 SYSTEMPATH\Database\BaseConnection.php(666): CodeIgniter\Database\MySQLi\Connection->execute('UPDATE `page` SET `id_page` = \'18\', `id_training` = 114, `title` = \'Création contenu\', `content` = \'<p><br></p><p class=\\"sceditor-nlf\\"><br></p><p class=\\"sceditor-nlf\\"><br></p>\', `image_url` = \'http://localhost:8080/assets/article.svg\'')
 3 SYSTEMPATH\Database\BaseConnection.php(593): CodeIgniter\Database\BaseConnection->simpleQuery('UPDATE `page` SET `id_page` = \'18\', `id_training` = 114, `title` = \'Création contenu\', `content` = \'<p><br></p><p class=\\"sceditor-nlf\\"><br></p><p class=\\"sceditor-nlf\\"><br></p>\', `image_url` = \'http://localhost:8080/assets/article.svg\'')
 4 SYSTEMPATH\Database\BaseBuilder.php(2079): CodeIgniter\Database\BaseConnection->query('UPDATE `page` SET `id_page` = :id_page:, `id_training` = :id_training:, `title` = :title:, `content` = :content:, `image_url` = :image_url:', [...], false)
 5 APPPATH\Models\PageModel.php(35): CodeIgniter\Database\BaseBuilder->update([...])
 6 APPPATH\Controllers\Former.php(347): App\Models\PageModel->add([...])
 7 SYSTEMPATH\CodeIgniter.php(927): App\Controllers\Former->training_save()
 8 SYSTEMPATH\CodeIgniter.php(482): CodeIgniter\CodeIgniter->runController(Object(App\Controllers\Former))
 9 SYSTEMPATH\CodeIgniter.php(351): CodeIgniter\CodeIgniter->handleRequest(null, Object(Config\Cache), false)
10 FCPATH\index.php(67): CodeIgniter\CodeIgniter->run()
11 SYSTEMPATH\Commands\Server\rewrite.php(46): require_once('FCPATH\\index.php')
ERROR - 2023-01-26 16:43:11 --> mysqli_sql_exception: Duplicate entry '18' for key 'PRIMARY' in C:\xampp\htdocs\MaFormation\system\Database\MySQLi\Connection.php:292
Stack trace:
#0 C:\xampp\htdocs\MaFormation\system\Database\MySQLi\Connection.php(292): mysqli->query('UPDATE `page` S...', 0)
#1 C:\xampp\htdocs\MaFormation\system\Database\BaseConnection.php(666): CodeIgniter\Database\MySQLi\Connection->execute('UPDATE `page` S...')
#2 C:\xampp\htdocs\MaFormation\system\Database\BaseConnection.php(593): CodeIgniter\Database\BaseConnection->simpleQuery('UPDATE `page` S...')
#3 C:\xampp\htdocs\MaFormation\system\Database\BaseBuilder.php(2079): CodeIgniter\Database\BaseConnection->query('UPDATE `page` S...', Array, false)
#4 C:\xampp\htdocs\MaFormation\app\Models\PageModel.php(35): CodeIgniter\Database\BaseBuilder->update(Array)
#5 C:\xampp\htdocs\MaFormation\app\Controllers\Former.php(347): App\Models\PageModel->add(Array)
#6 C:\xampp\htdocs\MaFormation\system\CodeIgniter.php(927): App\Controllers\Former->training_save()
#7 C:\xampp\htdocs\MaFormation\system\CodeIgniter.php(482): CodeIgniter\CodeIgniter->runController(Object(App\Controllers\Former))
#8 C:\xampp\htdocs\MaFormation\system\CodeIgniter.php(351): CodeIgniter\CodeIgniter->handleRequest(NULL, Object(Config\Cache), false)
#9 C:\xampp\htdocs\MaFormation\public\index.php(67): CodeIgniter\CodeIgniter->run()
#10 C:\xampp\htdocs\MaFormation\system\Commands\Server\rewrite.php(46): require_once('C:\\xampp\\htdocs...')
#11 {main}
CRITICAL - 2023-01-26 16:43:11 --> Duplicate entry '18' for key 'PRIMARY'
in SYSTEMPATH\Database\MySQLi\Connection.php on line 292.
 1 SYSTEMPATH\Database\MySQLi\Connection.php(292): mysqli->query('UPDATE `page` SET `id_page` = \'18\', `id_training` = 114, `title` = \'Création contenu\', `content` = \'<p><br></p><p class=\\"sceditor-nlf\\"><br></p><p class=\\"sceditor-nlf\\"><br></p>\', `image_url` = \'http://localhost:8080/assets/article.svg\'', 0)
 2 SYSTEMPATH\Database\BaseConnection.php(666): CodeIgniter\Database\MySQLi\Connection->execute('UPDATE `page` SET `id_page` = \'18\', `id_training` = 114, `title` = \'Création contenu\', `content` = \'<p><br></p><p class=\\"sceditor-nlf\\"><br></p><p class=\\"sceditor-nlf\\"><br></p>\', `image_url` = \'http://localhost:8080/assets/article.svg\'')
 3 SYSTEMPATH\Database\BaseConnection.php(593): CodeIgniter\Database\BaseConnection->simpleQuery('UPDATE `page` SET `id_page` = \'18\', `id_training` = 114, `title` = \'Création contenu\', `content` = \'<p><br></p><p class=\\"sceditor-nlf\\"><br></p><p class=\\"sceditor-nlf\\"><br></p>\', `image_url` = \'http://localhost:8080/assets/article.svg\'')
 4 SYSTEMPATH\Database\BaseBuilder.php(2079): CodeIgniter\Database\BaseConnection->query('UPDATE `page` SET `id_page` = :id_page:, `id_training` = :id_training:, `title` = :title:, `content` = :content:, `image_url` = :image_url:', [...], false)
 5 APPPATH\Models\PageModel.php(35): CodeIgniter\Database\BaseBuilder->update([...])
 6 APPPATH\Controllers\Former.php(347): App\Models\PageModel->add([...])
 7 SYSTEMPATH\CodeIgniter.php(927): App\Controllers\Former->training_save()
 8 SYSTEMPATH\CodeIgniter.php(482): CodeIgniter\CodeIgniter->runController(Object(App\Controllers\Former))
 9 SYSTEMPATH\CodeIgniter.php(351): CodeIgniter\CodeIgniter->handleRequest(null, Object(Config\Cache), false)
10 FCPATH\index.php(67): CodeIgniter\CodeIgniter->run()
11 SYSTEMPATH\Commands\Server\rewrite.php(46): require_once('FCPATH\\index.php')
ERROR - 2023-01-26 16:43:35 --> mysqli_sql_exception: Duplicate entry '18' for key 'PRIMARY' in C:\xampp\htdocs\MaFormation\system\Database\MySQLi\Connection.php:292
Stack trace:
#0 C:\xampp\htdocs\MaFormation\system\Database\MySQLi\Connection.php(292): mysqli->query('UPDATE `page` S...', 0)
#1 C:\xampp\htdocs\MaFormation\system\Database\BaseConnection.php(666): CodeIgniter\Database\MySQLi\Connection->execute('UPDATE `page` S...')
#2 C:\xampp\htdocs\MaFormation\system\Database\BaseConnection.php(593): CodeIgniter\Database\BaseConnection->simpleQuery('UPDATE `page` S...')
#3 C:\xampp\htdocs\MaFormation\system\Database\BaseBuilder.php(2079): CodeIgniter\Database\BaseConnection->query('UPDATE `page` S...', Array, false)
#4 C:\xampp\htdocs\MaFormation\app\Models\PageModel.php(35): CodeIgniter\Database\BaseBuilder->update(Array)
#5 C:\xampp\htdocs\MaFormation\app\Controllers\Former.php(347): App\Models\PageModel->add(Array)
#6 C:\xampp\htdocs\MaFormation\system\CodeIgniter.php(927): App\Controllers\Former->training_save()
#7 C:\xampp\htdocs\MaFormation\system\CodeIgniter.php(482): CodeIgniter\CodeIgniter->runController(Object(App\Controllers\Former))
#8 C:\xampp\htdocs\MaFormation\system\CodeIgniter.php(351): CodeIgniter\CodeIgniter->handleRequest(NULL, Object(Config\Cache), false)
#9 C:\xampp\htdocs\MaFormation\public\index.php(67): CodeIgniter\CodeIgniter->run()
#10 C:\xampp\htdocs\MaFormation\system\Commands\Server\rewrite.php(46): require_once('C:\\xampp\\htdocs...')
#11 {main}
CRITICAL - 2023-01-26 16:43:35 --> Duplicate entry '18' for key 'PRIMARY'
in SYSTEMPATH\Database\MySQLi\Connection.php on line 292.
 1 SYSTEMPATH\Database\MySQLi\Connection.php(292): mysqli->query('UPDATE `page` SET `id_page` = \'18\', `id_training` = 114, `title` = \'Création contenu\', `content` = \'<p><br></p><p class=\\"sceditor-nlf\\"><br></p><p class=\\"sceditor-nlf\\"><br></p>\', `image_url` = \'http://localhost:8080/assets/article.svg\'', 0)
 2 SYSTEMPATH\Database\BaseConnection.php(666): CodeIgniter\Database\MySQLi\Connection->execute('UPDATE `page` SET `id_page` = \'18\', `id_training` = 114, `title` = \'Création contenu\', `content` = \'<p><br></p><p class=\\"sceditor-nlf\\"><br></p><p class=\\"sceditor-nlf\\"><br></p>\', `image_url` = \'http://localhost:8080/assets/article.svg\'')
 3 SYSTEMPATH\Database\BaseConnection.php(593): CodeIgniter\Database\BaseConnection->simpleQuery('UPDATE `page` SET `id_page` = \'18\', `id_training` = 114, `title` = \'Création contenu\', `content` = \'<p><br></p><p class=\\"sceditor-nlf\\"><br></p><p class=\\"sceditor-nlf\\"><br></p>\', `image_url` = \'http://localhost:8080/assets/article.svg\'')
 4 SYSTEMPATH\Database\BaseBuilder.php(2079): CodeIgniter\Database\BaseConnection->query('UPDATE `page` SET `id_page` = :id_page:, `id_training` = :id_training:, `title` = :title:, `content` = :content:, `image_url` = :image_url:', [...], false)
 5 APPPATH\Models\PageModel.php(35): CodeIgniter\Database\BaseBuilder->update([...])
 6 APPPATH\Controllers\Former.php(347): App\Models\PageModel->add([...])
 7 SYSTEMPATH\CodeIgniter.php(927): App\Controllers\Former->training_save()
 8 SYSTEMPATH\CodeIgniter.php(482): CodeIgniter\CodeIgniter->runController(Object(App\Controllers\Former))
 9 SYSTEMPATH\CodeIgniter.php(351): CodeIgniter\CodeIgniter->handleRequest(null, Object(Config\Cache), false)
10 FCPATH\index.php(67): CodeIgniter\CodeIgniter->run()
11 SYSTEMPATH\Commands\Server\rewrite.php(46): require_once('FCPATH\\index.php')
ERROR - 2023-01-26 16:45:08 --> mysqli_sql_exception: Duplicate entry '18' for key 'PRIMARY' in C:\xampp\htdocs\MaFormation\system\Database\MySQLi\Connection.php:292
Stack trace:
#0 C:\xampp\htdocs\MaFormation\system\Database\MySQLi\Connection.php(292): mysqli->query('UPDATE `page` S...', 0)
#1 C:\xampp\htdocs\MaFormation\system\Database\BaseConnection.php(666): CodeIgniter\Database\MySQLi\Connection->execute('UPDATE `page` S...')
#2 C:\xampp\htdocs\MaFormation\system\Database\BaseConnection.php(593): CodeIgniter\Database\BaseConnection->simpleQuery('UPDATE `page` S...')
#3 C:\xampp\htdocs\MaFormation\system\Database\BaseBuilder.php(2079): CodeIgniter\Database\BaseConnection->query('UPDATE `page` S...', Array, false)
#4 C:\xampp\htdocs\MaFormation\app\Models\PageModel.php(35): CodeIgniter\Database\BaseBuilder->update(Array)
#5 C:\xampp\htdocs\MaFormation\app\Controllers\Former.php(347): App\Models\PageModel->add(Array)
#6 C:\xampp\htdocs\MaFormation\system\CodeIgniter.php(927): App\Controllers\Former->training_save()
#7 C:\xampp\htdocs\MaFormation\system\CodeIgniter.php(482): CodeIgniter\CodeIgniter->runController(Object(App\Controllers\Former))
#8 C:\xampp\htdocs\MaFormation\system\CodeIgniter.php(351): CodeIgniter\CodeIgniter->handleRequest(NULL, Object(Config\Cache), false)
#9 C:\xampp\htdocs\MaFormation\public\index.php(67): CodeIgniter\CodeIgniter->run()
#10 C:\xampp\htdocs\MaFormation\system\Commands\Server\rewrite.php(46): require_once('C:\\xampp\\htdocs...')
#11 {main}
CRITICAL - 2023-01-26 16:45:08 --> Duplicate entry '18' for key 'PRIMARY'
in SYSTEMPATH\Database\MySQLi\Connection.php on line 292.
 1 SYSTEMPATH\Database\MySQLi\Connection.php(292): mysqli->query('UPDATE `page` SET `id_page` = \'18\', `id_training` = 114, `title` = \'Création contenu\', `content` = \'<p><br></p><p class=\\"sceditor-nlf\\"><br></p><p class=\\"sceditor-nlf\\"><br></p>\', `image_url` = \'http://localhost:8080/assets/article.svg\'', 0)
 2 SYSTEMPATH\Database\BaseConnection.php(666): CodeIgniter\Database\MySQLi\Connection->execute('UPDATE `page` SET `id_page` = \'18\', `id_training` = 114, `title` = \'Création contenu\', `content` = \'<p><br></p><p class=\\"sceditor-nlf\\"><br></p><p class=\\"sceditor-nlf\\"><br></p>\', `image_url` = \'http://localhost:8080/assets/article.svg\'')
 3 SYSTEMPATH\Database\BaseConnection.php(593): CodeIgniter\Database\BaseConnection->simpleQuery('UPDATE `page` SET `id_page` = \'18\', `id_training` = 114, `title` = \'Création contenu\', `content` = \'<p><br></p><p class=\\"sceditor-nlf\\"><br></p><p class=\\"sceditor-nlf\\"><br></p>\', `image_url` = \'http://localhost:8080/assets/article.svg\'')
 4 SYSTEMPATH\Database\BaseBuilder.php(2079): CodeIgniter\Database\BaseConnection->query('UPDATE `page` SET `id_page` = :id_page:, `id_training` = :id_training:, `title` = :title:, `content` = :content:, `image_url` = :image_url:', [...], false)
 5 APPPATH\Models\PageModel.php(35): CodeIgniter\Database\BaseBuilder->update([...])
 6 APPPATH\Controllers\Former.php(347): App\Models\PageModel->add([...])
 7 SYSTEMPATH\CodeIgniter.php(927): App\Controllers\Former->training_save()
 8 SYSTEMPATH\CodeIgniter.php(482): CodeIgniter\CodeIgniter->runController(Object(App\Controllers\Former))
 9 SYSTEMPATH\CodeIgniter.php(351): CodeIgniter\CodeIgniter->handleRequest(null, Object(Config\Cache), false)
10 FCPATH\index.php(67): CodeIgniter\CodeIgniter->run()
11 SYSTEMPATH\Commands\Server\rewrite.php(46): require_once('FCPATH\\index.php')
ERROR - 2023-01-26 16:45:40 --> mysqli_sql_exception: You have an error in your SQL syntax; check the manual that corresponds to your MariaDB server version for the right syntax to use near '18 = :18:
WHERE `id_page` = :id_page:
AND `id_training` = :id_training:
AND `...' at line 1 in C:\xampp\htdocs\MaFormation\system\Database\MySQLi\Connection.php:292
Stack trace:
#0 C:\xampp\htdocs\MaFormation\system\Database\MySQLi\Connection.php(292): mysqli->query('UPDATE `page` S...', 0)
#1 C:\xampp\htdocs\MaFormation\system\Database\BaseConnection.php(666): CodeIgniter\Database\MySQLi\Connection->execute('UPDATE `page` S...')
#2 C:\xampp\htdocs\MaFormation\system\Database\BaseConnection.php(593): CodeIgniter\Database\BaseConnection->simpleQuery('UPDATE `page` S...')
#3 C:\xampp\htdocs\MaFormation\system\Database\BaseBuilder.php(2079): CodeIgniter\Database\BaseConnection->query('UPDATE `page` S...', Array, false)
#4 C:\xampp\htdocs\MaFormation\app\Models\PageModel.php(35): CodeIgniter\Database\BaseBuilder->update('18', Array)
#5 C:\xampp\htdocs\MaFormation\app\Controllers\Former.php(347): App\Models\PageModel->add(Array)
#6 C:\xampp\htdocs\MaFormation\system\CodeIgniter.php(927): App\Controllers\Former->training_save()
#7 C:\xampp\htdocs\MaFormation\system\CodeIgniter.php(482): CodeIgniter\CodeIgniter->runController(Object(App\Controllers\Former))
#8 C:\xampp\htdocs\MaFormation\system\CodeIgniter.php(351): CodeIgniter\CodeIgniter->handleRequest(NULL, Object(Config\Cache), false)
#9 C:\xampp\htdocs\MaFormation\public\index.php(67): CodeIgniter\CodeIgniter->run()
#10 C:\xampp\htdocs\MaFormation\system\Commands\Server\rewrite.php(46): require_once('C:\\xampp\\htdocs...')
#11 {main}
CRITICAL - 2023-01-26 16:45:40 --> You have an error in your SQL syntax; check the manual that corresponds to your MariaDB server version for the right syntax to use near '18 = :18:
WHERE `id_page` = :id_page:
AND `id_training` = :id_training:
AND `...' at line 1
in SYSTEMPATH\Database\MySQLi\Connection.php on line 292.
 1 SYSTEMPATH\Database\MySQLi\Connection.php(292): mysqli->query('UPDATE `page` SET 18 = :18:
WHERE `id_page` = :id_page:
AND `id_training` = :id_training:
AND `title` = :title:
AND `content` = :content:
AND `image_url` = :image_url:', 0)
 2 SYSTEMPATH\Database\BaseConnection.php(666): CodeIgniter\Database\MySQLi\Connection->execute('UPDATE `page` SET 18 = :18:
WHERE `id_page` = :id_page:
AND `id_training` = :id_training:
AND `title` = :title:
AND `content` = :content:
AND `image_url` = :image_url:')
 3 SYSTEMPATH\Database\BaseConnection.php(593): CodeIgniter\Database\BaseConnection->simpleQuery('UPDATE `page` SET 18 = :18:
WHERE `id_page` = :id_page:
AND `id_training` = :id_training:
AND `title` = :title:
AND `content` = :content:
AND `image_url` = :image_url:')
 4 SYSTEMPATH\Database\BaseBuilder.php(2079): CodeIgniter\Database\BaseConnection->query('UPDATE `page` SET 18 = :18:
WHERE `id_page` = :id_page:
AND `id_training` = :id_training:
AND `title` = :title:
AND `content` = :content:
AND `image_url` = :image_url:', [...], false)
 5 APPPATH\Models\PageModel.php(35): CodeIgniter\Database\BaseBuilder->update('18', [...])
 6 APPPATH\Controllers\Former.php(347): App\Models\PageModel->add([...])
 7 SYSTEMPATH\CodeIgniter.php(927): App\Controllers\Former->training_save()
 8 SYSTEMPATH\CodeIgniter.php(482): CodeIgniter\CodeIgniter->runController(Object(App\Controllers\Former))
 9 SYSTEMPATH\CodeIgniter.php(351): CodeIgniter\CodeIgniter->handleRequest(null, Object(Config\Cache), false)
10 FCPATH\index.php(67): CodeIgniter\CodeIgniter->run()
11 SYSTEMPATH\Commands\Server\rewrite.php(46): require_once('FCPATH\\index.php')
CRITICAL - 2023-01-26 17:14:23 --> Undefined variable $trainings
in APPPATH\Views\Training\page_modify.php on line 55.
 1 APPPATH\Views\Training\page_modify.php(55): CodeIgniter\Debug\Exceptions->errorHandler(2, 'Undefined variable $trainings', 'APPPATH\\Views\\Training\\page_modify.php', 55)
 2 SYSTEMPATH\View\View.php(213): include('APPPATH\\Views\\Training\\page_modify.php')
 3 SYSTEMPATH\View\View.php(216): CodeIgniter\View\View->CodeIgniter\View\{closure}()
 4 SYSTEMPATH\Common.php(1134): CodeIgniter\View\View->render('Training/page_modify.php', [], true)
 5 APPPATH\Controllers\Training.php(231): view('Training/page_modify.php', [...])
 6 SYSTEMPATH\CodeIgniter.php(927): App\Controllers\Training->modify_page()
 7 SYSTEMPATH\CodeIgniter.php(482): CodeIgniter\CodeIgniter->runController(Object(App\Controllers\Training))
 8 SYSTEMPATH\CodeIgniter.php(351): CodeIgniter\CodeIgniter->handleRequest(null, Object(Config\Cache), false)
 9 FCPATH\index.php(67): CodeIgniter\CodeIgniter->run()
10 SYSTEMPATH\Commands\Server\rewrite.php(46): require_once('FCPATH\\index.php')
CRITICAL - 2023-01-26 17:15:14 --> Undefined variable $trainings
in APPPATH\Views\Training\page_modify.php on line 55.
 1 APPPATH\Views\Training\page_modify.php(55): CodeIgniter\Debug\Exceptions->errorHandler(2, 'Undefined variable $trainings', 'APPPATH\\Views\\Training\\page_modify.php', 55)
 2 SYSTEMPATH\View\View.php(213): include('APPPATH\\Views\\Training\\page_modify.php')
 3 SYSTEMPATH\View\View.php(216): CodeIgniter\View\View->CodeIgniter\View\{closure}()
 4 SYSTEMPATH\Common.php(1134): CodeIgniter\View\View->render('Training/page_modify.php', [], true)
 5 APPPATH\Controllers\Training.php(231): view('Training/page_modify.php', [...])
 6 SYSTEMPATH\CodeIgniter.php(927): App\Controllers\Training->modify_page()
 7 SYSTEMPATH\CodeIgniter.php(482): CodeIgniter\CodeIgniter->runController(Object(App\Controllers\Training))
 8 SYSTEMPATH\CodeIgniter.php(351): CodeIgniter\CodeIgniter->handleRequest(null, Object(Config\Cache), false)
 9 FCPATH\index.php(67): CodeIgniter\CodeIgniter->run()
10 SYSTEMPATH\Commands\Server\rewrite.php(46): require_once('FCPATH\\index.php')
CRITICAL - 2023-01-26 17:16:05 --> Undefined variable $trainings
in APPPATH\Views\Training\page_modify.php on line 55.
 1 APPPATH\Views\Training\page_modify.php(55): CodeIgniter\Debug\Exceptions->errorHandler(2, 'Undefined variable $trainings', 'APPPATH\\Views\\Training\\page_modify.php', 55)
 2 SYSTEMPATH\View\View.php(213): include('APPPATH\\Views\\Training\\page_modify.php')
 3 SYSTEMPATH\View\View.php(216): CodeIgniter\View\View->CodeIgniter\View\{closure}()
 4 SYSTEMPATH\Common.php(1134): CodeIgniter\View\View->render('Training/page_modify.php', [], true)
 5 APPPATH\Controllers\Training.php(231): view('Training/page_modify.php', [...])
 6 SYSTEMPATH\CodeIgniter.php(927): App\Controllers\Training->modify_page()
 7 SYSTEMPATH\CodeIgniter.php(482): CodeIgniter\CodeIgniter->runController(Object(App\Controllers\Training))
 8 SYSTEMPATH\CodeIgniter.php(351): CodeIgniter\CodeIgniter->handleRequest(null, Object(Config\Cache), false)
 9 FCPATH\index.php(67): CodeIgniter\CodeIgniter->run()
10 SYSTEMPATH\Commands\Server\rewrite.php(46): require_once('FCPATH\\index.php')
CRITICAL - 2023-01-26 17:23:58 --> Undefined variable $title
in APPPATH\Views\Training\page_modify.php on line 45.
 1 APPPATH\Views\Training\page_modify.php(45): CodeIgniter\Debug\Exceptions->errorHandler(2, 'Undefined variable $title', 'APPPATH\\Views\\Training\\page_modify.php', 45)
 2 SYSTEMPATH\View\View.php(213): include('APPPATH\\Views\\Training\\page_modify.php')
 3 SYSTEMPATH\View\View.php(216): CodeIgniter\View\View->CodeIgniter\View\{closure}()
 4 SYSTEMPATH\Common.php(1134): CodeIgniter\View\View->render('Training/page_modify.php', [], true)
 5 APPPATH\Controllers\Training.php(231): view('Training/page_modify.php', [...])
 6 SYSTEMPATH\CodeIgniter.php(927): App\Controllers\Training->modify_page()
 7 SYSTEMPATH\CodeIgniter.php(482): CodeIgniter\CodeIgniter->runController(Object(App\Controllers\Training))
 8 SYSTEMPATH\CodeIgniter.php(351): CodeIgniter\CodeIgniter->handleRequest(null, Object(Config\Cache), false)
 9 FCPATH\index.php(67): CodeIgniter\CodeIgniter->run()
10 SYSTEMPATH\Commands\Server\rewrite.php(46): require_once('FCPATH\\index.php')
CRITICAL - 2023-01-26 17:25:53 --> Undefined variable $title
in APPPATH\Views\Training\page_modify.php on line 48.
 1 APPPATH\Views\Training\page_modify.php(48): CodeIgniter\Debug\Exceptions->errorHandler(2, 'Undefined variable $title', 'APPPATH\\Views\\Training\\page_modify.php', 48)
 2 SYSTEMPATH\View\View.php(213): include('APPPATH\\Views\\Training\\page_modify.php')
 3 SYSTEMPATH\View\View.php(216): CodeIgniter\View\View->CodeIgniter\View\{closure}()
 4 SYSTEMPATH\Common.php(1134): CodeIgniter\View\View->render('Training/page_modify.php', [], true)
 5 APPPATH\Controllers\Training.php(231): view('Training/page_modify.php', [...])
 6 SYSTEMPATH\CodeIgniter.php(927): App\Controllers\Training->modify_page()
 7 SYSTEMPATH\CodeIgniter.php(482): CodeIgniter\CodeIgniter->runController(Object(App\Controllers\Training))
 8 SYSTEMPATH\CodeIgniter.php(351): CodeIgniter\CodeIgniter->handleRequest(null, Object(Config\Cache), false)
 9 FCPATH\index.php(67): CodeIgniter\CodeIgniter->run()
10 SYSTEMPATH\Commands\Server\rewrite.php(46): require_once('FCPATH\\index.php')
CRITICAL - 2023-01-26 17:26:19 --> Undefined variable $title
in APPPATH\Views\layouts\profil.php on line 15.
 1 APPPATH\Views\layouts\profil.php(15): CodeIgniter\Debug\Exceptions->errorHandler(2, 'Undefined variable $title', 'APPPATH\\Views\\layouts\\profil.php', 15)
 2 SYSTEMPATH\View\View.php(213): include('APPPATH\\Views\\layouts\\profil.php')
 3 SYSTEMPATH\View\View.php(216): CodeIgniter\View\View->CodeIgniter\View\{closure}()
 4 SYSTEMPATH\View\View.php(229): CodeIgniter\View\View->render('layouts/profil', [], true)
 5 SYSTEMPATH\Common.php(1134): CodeIgniter\View\View->render('Training/page_modify.php', [], true)
 6 APPPATH\Controllers\Training.php(231): view('Training/page_modify.php', [...])
 7 SYSTEMPATH\CodeIgniter.php(927): App\Controllers\Training->modify_page()
 8 SYSTEMPATH\CodeIgniter.php(482): CodeIgniter\CodeIgniter->runController(Object(App\Controllers\Training))
 9 SYSTEMPATH\CodeIgniter.php(351): CodeIgniter\CodeIgniter->handleRequest(null, Object(Config\Cache), false)
10 FCPATH\index.php(67): CodeIgniter\CodeIgniter->run()
11 SYSTEMPATH\Commands\Server\rewrite.php(46): require_once('FCPATH\\index.php')
CRITICAL - 2023-01-26 18:10:51 --> Undefined variable $title_training
in APPPATH\Views\Training\page_modify.php on line 37.
 1 APPPATH\Views\Training\page_modify.php(37): CodeIgniter\Debug\Exceptions->errorHandler(2, 'Undefined variable $title_training', 'APPPATH\\Views\\Training\\page_modify.php', 37)
 2 SYSTEMPATH\View\View.php(213): include('APPPATH\\Views\\Training\\page_modify.php')
 3 SYSTEMPATH\View\View.php(216): CodeIgniter\View\View->CodeIgniter\View\{closure}()
 4 SYSTEMPATH\Common.php(1134): CodeIgniter\View\View->render('Training/page_modify.php', [], true)
 5 APPPATH\Controllers\Former.php(322): view('Training/page_modify.php', [...])
 6 SYSTEMPATH\CodeIgniter.php(927): App\Controllers\Former->page_modify()
 7 SYSTEMPATH\CodeIgniter.php(482): CodeIgniter\CodeIgniter->runController(Object(App\Controllers\Former))
 8 SYSTEMPATH\CodeIgniter.php(351): CodeIgniter\CodeIgniter->handleRequest(null, Object(Config\Cache), false)
 9 FCPATH\index.php(67): CodeIgniter\CodeIgniter->run()
10 SYSTEMPATH\Commands\Server\rewrite.php(46): require_once('FCPATH\\index.php')
CRITICAL - 2023-01-26 18:16:34 --> Undefined variable $page_title
in APPPATH\Views\Training\page_modify.php on line 45.
 1 APPPATH\Views\Training\page_modify.php(45): CodeIgniter\Debug\Exceptions->errorHandler(2, 'Undefined variable $page_title', 'APPPATH\\Views\\Training\\page_modify.php', 45)
 2 SYSTEMPATH\View\View.php(213): include('APPPATH\\Views\\Training\\page_modify.php')
 3 SYSTEMPATH\View\View.php(216): CodeIgniter\View\View->CodeIgniter\View\{closure}()
 4 SYSTEMPATH\Common.php(1134): CodeIgniter\View\View->render('Training/page_modify.php', [], true)
 5 APPPATH\Controllers\Former.php(322): view('Training/page_modify.php', [...])
 6 SYSTEMPATH\CodeIgniter.php(927): App\Controllers\Former->page_modify()
 7 SYSTEMPATH\CodeIgniter.php(482): CodeIgniter\CodeIgniter->runController(Object(App\Controllers\Former))
 8 SYSTEMPATH\CodeIgniter.php(351): CodeIgniter\CodeIgniter->handleRequest(null, Object(Config\Cache), false)
 9 FCPATH\index.php(67): CodeIgniter\CodeIgniter->run()
10 SYSTEMPATH\Commands\Server\rewrite.php(46): require_once('FCPATH\\index.php')
