ERROR - 2023-01-30 09:15:56 --> Error connecting to the database: mysqli_sql_exception: Aucune connexion n’a pu être établie car l’ordinateur cible l’a expressément refusée in C:\xampp\htdocs\MaFormation\system\Database\MySQLi\Connection.php:171
Stack trace:
#0 C:\xampp\htdocs\MaFormation\system\Database\MySQLi\Connection.php(171): mysqli->real_connect('localhost', 'root', '', 'formation', 3306, '', 0)
#1 C:\xampp\htdocs\MaFormation\system\Database\BaseConnection.php(382): CodeIgniter\Database\MySQLi\Connection->connect(false)
#2 C:\xampp\htdocs\MaFormation\system\Database\BaseConnection.php(561): CodeIgniter\Database\BaseConnection->initialize()
#3 C:\xampp\htdocs\MaFormation\system\Database\BaseBuilder.php(1585): CodeIgniter\Database\BaseConnection->query('SELECT *\nFROM `...', Array, false)
#4 C:\xampp\htdocs\MaFormation\app\Controllers\Home.php(25): CodeIgniter\Database\BaseBuilder->get()
#5 C:\xampp\htdocs\MaFormation\system\CodeIgniter.php(927): App\Controllers\Home->index()
#6 C:\xampp\htdocs\MaFormation\system\CodeIgniter.php(482): CodeIgniter\CodeIgniter->runController(Object(App\Controllers\Home))
#7 C:\xampp\htdocs\MaFormation\system\CodeIgniter.php(351): CodeIgniter\CodeIgniter->handleRequest(NULL, Object(Config\Cache), false)
#8 C:\xampp\htdocs\MaFormation\public\index.php(67): CodeIgniter\CodeIgniter->run()
#9 C:\xampp\htdocs\MaFormation\system\Commands\Server\rewrite.php(46): require_once('C:\\xampp\\htdocs...')
#10 {main}

Next CodeIgniter\Database\Exceptions\DatabaseException: Aucune connexion n’a pu être établie car l’ordinateur cible l’a expressément refusée in C:\xampp\htdocs\MaFormation\system\Database\MySQLi\Connection.php:215
Stack trace:
#0 C:\xampp\htdocs\MaFormation\system\Database\BaseConnection.php(382): CodeIgniter\Database\MySQLi\Connection->connect(false)
#1 C:\xampp\htdocs\MaFormation\system\Database\BaseConnection.php(561): CodeIgniter\Database\BaseConnection->initialize()
#2 C:\xampp\htdocs\MaFormation\system\Database\BaseBuilder.php(1585): CodeIgniter\Database\BaseConnection->query('SELECT *\nFROM `...', Array, false)
#3 C:\xampp\htdocs\MaFormation\app\Controllers\Home.php(25): CodeIgniter\Database\BaseBuilder->get()
#4 C:\xampp\htdocs\MaFormation\system\CodeIgniter.php(927): App\Controllers\Home->index()
#5 C:\xampp\htdocs\MaFormation\system\CodeIgniter.php(482): CodeIgniter\CodeIgniter->runController(Object(App\Controllers\Home))
#6 C:\xampp\htdocs\MaFormation\system\CodeIgniter.php(351): CodeIgniter\CodeIgniter->handleRequest(NULL, Object(Config\Cache), false)
#7 C:\xampp\htdocs\MaFormation\public\index.php(67): CodeIgniter\CodeIgniter->run()
#8 C:\xampp\htdocs\MaFormation\system\Commands\Server\rewrite.php(46): require_once('C:\\xampp\\htdocs...')
#9 {main}
ERROR - 2023-01-30 09:16:08 --> Error connecting to the database: mysqli_sql_exception: Aucune connexion n’a pu être établie car l’ordinateur cible l’a expressément refusée in C:\xampp\htdocs\MaFormation\system\Database\MySQLi\Connection.php:171
Stack trace:
#0 C:\xampp\htdocs\MaFormation\system\Database\MySQLi\Connection.php(171): mysqli->real_connect('localhost', 'root', '', 'formation', 3306, '', 0)
#1 C:\xampp\htdocs\MaFormation\system\Database\BaseConnection.php(382): CodeIgniter\Database\MySQLi\Connection->connect(false)
#2 C:\xampp\htdocs\MaFormation\system\Database\BaseConnection.php(561): CodeIgniter\Database\BaseConnection->initialize()
#3 C:\xampp\htdocs\MaFormation\system\Database\BaseBuilder.php(1585): CodeIgniter\Database\BaseConnection->query('SELECT *\nFROM `...', Array, false)
#4 C:\xampp\htdocs\MaFormation\app\Controllers\Home.php(25): CodeIgniter\Database\BaseBuilder->get()
#5 C:\xampp\htdocs\MaFormation\system\CodeIgniter.php(927): App\Controllers\Home->index()
#6 C:\xampp\htdocs\MaFormation\system\CodeIgniter.php(482): CodeIgniter\CodeIgniter->runController(Object(App\Controllers\Home))
#7 C:\xampp\htdocs\MaFormation\system\CodeIgniter.php(351): CodeIgniter\CodeIgniter->handleRequest(NULL, Object(Config\Cache), false)
#8 C:\xampp\htdocs\MaFormation\public\index.php(67): CodeIgniter\CodeIgniter->run()
#9 C:\xampp\htdocs\MaFormation\system\Commands\Server\rewrite.php(46): require_once('C:\\xampp\\htdocs...')
#10 {main}

Next CodeIgniter\Database\Exceptions\DatabaseException: Aucune connexion n’a pu être établie car l’ordinateur cible l’a expressément refusée in C:\xampp\htdocs\MaFormation\system\Database\MySQLi\Connection.php:215
Stack trace:
#0 C:\xampp\htdocs\MaFormation\system\Database\BaseConnection.php(382): CodeIgniter\Database\MySQLi\Connection->connect(false)
#1 C:\xampp\htdocs\MaFormation\system\Database\BaseConnection.php(561): CodeIgniter\Database\BaseConnection->initialize()
#2 C:\xampp\htdocs\MaFormation\system\Database\BaseBuilder.php(1585): CodeIgniter\Database\BaseConnection->query('SELECT *\nFROM `...', Array, false)
#3 C:\xampp\htdocs\MaFormation\app\Controllers\Home.php(25): CodeIgniter\Database\BaseBuilder->get()
#4 C:\xampp\htdocs\MaFormation\system\CodeIgniter.php(927): App\Controllers\Home->index()
#5 C:\xampp\htdocs\MaFormation\system\CodeIgniter.php(482): CodeIgniter\CodeIgniter->runController(Object(App\Controllers\Home))
#6 C:\xampp\htdocs\MaFormation\system\CodeIgniter.php(351): CodeIgniter\CodeIgniter->handleRequest(NULL, Object(Config\Cache), false)
#7 C:\xampp\htdocs\MaFormation\public\index.php(67): CodeIgniter\CodeIgniter->run()
#8 C:\xampp\htdocs\MaFormation\system\Commands\Server\rewrite.php(46): require_once('C:\\xampp\\htdocs...')
#9 {main}
ERROR - 2023-01-30 09:16:13 --> Error connecting to the database: mysqli_sql_exception: Aucune connexion n’a pu être établie car l’ordinateur cible l’a expressément refusée in C:\xampp\htdocs\MaFormation\system\Database\MySQLi\Connection.php:171
Stack trace:
#0 C:\xampp\htdocs\MaFormation\system\Database\MySQLi\Connection.php(171): mysqli->real_connect('localhost', 'root', '', 'formation', 3306, '', 0)
#1 C:\xampp\htdocs\MaFormation\system\Database\BaseConnection.php(382): CodeIgniter\Database\MySQLi\Connection->connect(false)
#2 C:\xampp\htdocs\MaFormation\system\Database\BaseConnection.php(561): CodeIgniter\Database\BaseConnection->initialize()
#3 C:\xampp\htdocs\MaFormation\system\Database\BaseBuilder.php(1585): CodeIgniter\Database\BaseConnection->query('SELECT *\nFROM `...', Array, false)
#4 C:\xampp\htdocs\MaFormation\app\Controllers\Home.php(25): CodeIgniter\Database\BaseBuilder->get()
#5 C:\xampp\htdocs\MaFormation\system\CodeIgniter.php(927): App\Controllers\Home->index()
#6 C:\xampp\htdocs\MaFormation\system\CodeIgniter.php(482): CodeIgniter\CodeIgniter->runController(Object(App\Controllers\Home))
#7 C:\xampp\htdocs\MaFormation\system\CodeIgniter.php(351): CodeIgniter\CodeIgniter->handleRequest(NULL, Object(Config\Cache), false)
#8 C:\xampp\htdocs\MaFormation\public\index.php(67): CodeIgniter\CodeIgniter->run()
#9 C:\xampp\htdocs\MaFormation\system\Commands\Server\rewrite.php(46): require_once('C:\\xampp\\htdocs...')
#10 {main}

Next CodeIgniter\Database\Exceptions\DatabaseException: Aucune connexion n’a pu être établie car l’ordinateur cible l’a expressément refusée in C:\xampp\htdocs\MaFormation\system\Database\MySQLi\Connection.php:215
Stack trace:
#0 C:\xampp\htdocs\MaFormation\system\Database\BaseConnection.php(382): CodeIgniter\Database\MySQLi\Connection->connect(false)
#1 C:\xampp\htdocs\MaFormation\system\Database\BaseConnection.php(561): CodeIgniter\Database\BaseConnection->initialize()
#2 C:\xampp\htdocs\MaFormation\system\Database\BaseBuilder.php(1585): CodeIgniter\Database\BaseConnection->query('SELECT *\nFROM `...', Array, false)
#3 C:\xampp\htdocs\MaFormation\app\Controllers\Home.php(25): CodeIgniter\Database\BaseBuilder->get()
#4 C:\xampp\htdocs\MaFormation\system\CodeIgniter.php(927): App\Controllers\Home->index()
#5 C:\xampp\htdocs\MaFormation\system\CodeIgniter.php(482): CodeIgniter\CodeIgniter->runController(Object(App\Controllers\Home))
#6 C:\xampp\htdocs\MaFormation\system\CodeIgniter.php(351): CodeIgniter\CodeIgniter->handleRequest(NULL, Object(Config\Cache), false)
#7 C:\xampp\htdocs\MaFormation\public\index.php(67): CodeIgniter\CodeIgniter->run()
#8 C:\xampp\htdocs\MaFormation\system\Commands\Server\rewrite.php(46): require_once('C:\\xampp\\htdocs...')
#9 {main}
ERROR - 2023-01-30 09:17:29 --> mysqli_sql_exception: Column 'id_training' cannot be null in C:\xampp\htdocs\MaFormation\system\Database\MySQLi\Connection.php:292
Stack trace:
#0 C:\xampp\htdocs\MaFormation\system\Database\MySQLi\Connection.php(292): mysqli->query('INSERT INTO `pa...', 0)
#1 C:\xampp\htdocs\MaFormation\system\Database\BaseConnection.php(666): CodeIgniter\Database\MySQLi\Connection->execute('INSERT INTO `pa...')
#2 C:\xampp\htdocs\MaFormation\system\Database\BaseConnection.php(593): CodeIgniter\Database\BaseConnection->simpleQuery('INSERT INTO `pa...')
#3 C:\xampp\htdocs\MaFormation\system\Database\BaseBuilder.php(1916): CodeIgniter\Database\BaseConnection->query('INSERT INTO `pa...', Array, false)
#4 C:\xampp\htdocs\MaFormation\app\Models\PageModel.php(31): CodeIgniter\Database\BaseBuilder->insert(Array)
#5 C:\xampp\htdocs\MaFormation\app\Controllers\Former.php(347): App\Models\PageModel->add(Array)
#6 C:\xampp\htdocs\MaFormation\system\CodeIgniter.php(927): App\Controllers\Former->training_save()
#7 C:\xampp\htdocs\MaFormation\system\CodeIgniter.php(482): CodeIgniter\CodeIgniter->runController(Object(App\Controllers\Former))
#8 C:\xampp\htdocs\MaFormation\system\CodeIgniter.php(351): CodeIgniter\CodeIgniter->handleRequest(NULL, Object(Config\Cache), false)
#9 C:\xampp\htdocs\MaFormation\public\index.php(67): CodeIgniter\CodeIgniter->run()
#10 C:\xampp\htdocs\MaFormation\system\Commands\Server\rewrite.php(46): require_once('C:\\xampp\\htdocs...')
#11 {main}
CRITICAL - 2023-01-30 09:17:29 --> Column 'id_training' cannot be null
in SYSTEMPATH\Database\MySQLi\Connection.php on line 292.
 1 SYSTEMPATH\Database\MySQLi\Connection.php(292): mysqli->query('INSERT INTO `page` (`id_page`, `id_training`, `title`, `content`, `image_url`) VALUES (\'0\', NULL, \'Chapitre 6 - Les object\', \'<p><br></p>\', \'http://localhost:8080/assets/article.svg\')', 0)
 2 SYSTEMPATH\Database\BaseConnection.php(666): CodeIgniter\Database\MySQLi\Connection->execute('INSERT INTO `page` (`id_page`, `id_training`, `title`, `content`, `image_url`) VALUES (\'0\', NULL, \'Chapitre 6 - Les object\', \'<p><br></p>\', \'http://localhost:8080/assets/article.svg\')')
 3 SYSTEMPATH\Database\BaseConnection.php(593): CodeIgniter\Database\BaseConnection->simpleQuery('INSERT INTO `page` (`id_page`, `id_training`, `title`, `content`, `image_url`) VALUES (\'0\', NULL, \'Chapitre 6 - Les object\', \'<p><br></p>\', \'http://localhost:8080/assets/article.svg\')')
 4 SYSTEMPATH\Database\BaseBuilder.php(1916): CodeIgniter\Database\BaseConnection->query('INSERT INTO `page` (`id_page`, `id_training`, `title`, `content`, `image_url`) VALUES (:id_page:, :id_training:, :title:, :content:, :image_url:)', [...], false)
 5 APPPATH\Models\PageModel.php(31): CodeIgniter\Database\BaseBuilder->insert([...])
 6 APPPATH\Controllers\Former.php(347): App\Models\PageModel->add([...])
 7 SYSTEMPATH\CodeIgniter.php(927): App\Controllers\Former->training_save()
 8 SYSTEMPATH\CodeIgniter.php(482): CodeIgniter\CodeIgniter->runController(Object(App\Controllers\Former))
 9 SYSTEMPATH\CodeIgniter.php(351): CodeIgniter\CodeIgniter->handleRequest(null, Object(Config\Cache), false)
10 FCPATH\index.php(67): CodeIgniter\CodeIgniter->run()
11 SYSTEMPATH\Commands\Server\rewrite.php(46): require_once('FCPATH\\index.php')
ERROR - 2023-01-30 09:20:44 --> mysqli_sql_exception: Column 'id_training' cannot be null in C:\xampp\htdocs\MaFormation\system\Database\MySQLi\Connection.php:292
Stack trace:
#0 C:\xampp\htdocs\MaFormation\system\Database\MySQLi\Connection.php(292): mysqli->query('INSERT INTO `pa...', 0)
#1 C:\xampp\htdocs\MaFormation\system\Database\BaseConnection.php(666): CodeIgniter\Database\MySQLi\Connection->execute('INSERT INTO `pa...')
#2 C:\xampp\htdocs\MaFormation\system\Database\BaseConnection.php(593): CodeIgniter\Database\BaseConnection->simpleQuery('INSERT INTO `pa...')
#3 C:\xampp\htdocs\MaFormation\system\Database\BaseBuilder.php(1916): CodeIgniter\Database\BaseConnection->query('INSERT INTO `pa...', Array, false)
#4 C:\xampp\htdocs\MaFormation\app\Models\PageModel.php(31): CodeIgniter\Database\BaseBuilder->insert(Array)
#5 C:\xampp\htdocs\MaFormation\app\Controllers\Former.php(347): App\Models\PageModel->add(Array)
#6 C:\xampp\htdocs\MaFormation\system\CodeIgniter.php(927): App\Controllers\Former->training_save()
#7 C:\xampp\htdocs\MaFormation\system\CodeIgniter.php(482): CodeIgniter\CodeIgniter->runController(Object(App\Controllers\Former))
#8 C:\xampp\htdocs\MaFormation\system\CodeIgniter.php(351): CodeIgniter\CodeIgniter->handleRequest(NULL, Object(Config\Cache), false)
#9 C:\xampp\htdocs\MaFormation\public\index.php(67): CodeIgniter\CodeIgniter->run()
#10 C:\xampp\htdocs\MaFormation\system\Commands\Server\rewrite.php(46): require_once('C:\\xampp\\htdocs...')
#11 {main}
CRITICAL - 2023-01-30 09:20:44 --> Column 'id_training' cannot be null
in SYSTEMPATH\Database\MySQLi\Connection.php on line 292.
 1 SYSTEMPATH\Database\MySQLi\Connection.php(292): mysqli->query('INSERT INTO `page` (`id_page`, `id_training`, `title`, `content`, `image_url`) VALUES (\'0\', NULL, \'Chapitre 7 - Les objet globaux\', \'<p><br></p>\', \'http://localhost:8080/assets/article.svg\')', 0)
 2 SYSTEMPATH\Database\BaseConnection.php(666): CodeIgniter\Database\MySQLi\Connection->execute('INSERT INTO `page` (`id_page`, `id_training`, `title`, `content`, `image_url`) VALUES (\'0\', NULL, \'Chapitre 7 - Les objet globaux\', \'<p><br></p>\', \'http://localhost:8080/assets/article.svg\')')
 3 SYSTEMPATH\Database\BaseConnection.php(593): CodeIgniter\Database\BaseConnection->simpleQuery('INSERT INTO `page` (`id_page`, `id_training`, `title`, `content`, `image_url`) VALUES (\'0\', NULL, \'Chapitre 7 - Les objet globaux\', \'<p><br></p>\', \'http://localhost:8080/assets/article.svg\')')
 4 SYSTEMPATH\Database\BaseBuilder.php(1916): CodeIgniter\Database\BaseConnection->query('INSERT INTO `page` (`id_page`, `id_training`, `title`, `content`, `image_url`) VALUES (:id_page:, :id_training:, :title:, :content:, :image_url:)', [...], false)
 5 APPPATH\Models\PageModel.php(31): CodeIgniter\Database\BaseBuilder->insert([...])
 6 APPPATH\Controllers\Former.php(347): App\Models\PageModel->add([...])
 7 SYSTEMPATH\CodeIgniter.php(927): App\Controllers\Former->training_save()
 8 SYSTEMPATH\CodeIgniter.php(482): CodeIgniter\CodeIgniter->runController(Object(App\Controllers\Former))
 9 SYSTEMPATH\CodeIgniter.php(351): CodeIgniter\CodeIgniter->handleRequest(null, Object(Config\Cache), false)
10 FCPATH\index.php(67): CodeIgniter\CodeIgniter->run()
11 SYSTEMPATH\Commands\Server\rewrite.php(46): require_once('FCPATH\\index.php')
ERROR - 2023-01-30 09:27:55 --> mysqli_sql_exception: Column 'id_training' cannot be null in C:\xampp\htdocs\MaFormation\system\Database\MySQLi\Connection.php:292
Stack trace:
#0 C:\xampp\htdocs\MaFormation\system\Database\MySQLi\Connection.php(292): mysqli->query('INSERT INTO `pa...', 0)
#1 C:\xampp\htdocs\MaFormation\system\Database\BaseConnection.php(666): CodeIgniter\Database\MySQLi\Connection->execute('INSERT INTO `pa...')
#2 C:\xampp\htdocs\MaFormation\system\Database\BaseConnection.php(593): CodeIgniter\Database\BaseConnection->simpleQuery('INSERT INTO `pa...')
#3 C:\xampp\htdocs\MaFormation\system\Database\BaseBuilder.php(1916): CodeIgniter\Database\BaseConnection->query('INSERT INTO `pa...', Array, false)
#4 C:\xampp\htdocs\MaFormation\app\Models\PageModel.php(31): CodeIgniter\Database\BaseBuilder->insert(Array)
#5 C:\xampp\htdocs\MaFormation\app\Controllers\Former.php(347): App\Models\PageModel->add(Array)
#6 C:\xampp\htdocs\MaFormation\system\CodeIgniter.php(927): App\Controllers\Former->training_save()
#7 C:\xampp\htdocs\MaFormation\system\CodeIgniter.php(482): CodeIgniter\CodeIgniter->runController(Object(App\Controllers\Former))
#8 C:\xampp\htdocs\MaFormation\system\CodeIgniter.php(351): CodeIgniter\CodeIgniter->handleRequest(NULL, Object(Config\Cache), false)
#9 C:\xampp\htdocs\MaFormation\public\index.php(67): CodeIgniter\CodeIgniter->run()
#10 C:\xampp\htdocs\MaFormation\system\Commands\Server\rewrite.php(46): require_once('C:\\xampp\\htdocs...')
#11 {main}
CRITICAL - 2023-01-30 09:27:55 --> Column 'id_training' cannot be null
in SYSTEMPATH\Database\MySQLi\Connection.php on line 292.
 1 SYSTEMPATH\Database\MySQLi\Connection.php(292): mysqli->query('INSERT INTO `page` (`id_page`, `id_training`, `title`, `content`, `image_url`) VALUES (\'0\', NULL, \'TEST\', \'<p><br></p>\', \'http://localhost:8080/assets/article.svg\')', 0)
 2 SYSTEMPATH\Database\BaseConnection.php(666): CodeIgniter\Database\MySQLi\Connection->execute('INSERT INTO `page` (`id_page`, `id_training`, `title`, `content`, `image_url`) VALUES (\'0\', NULL, \'TEST\', \'<p><br></p>\', \'http://localhost:8080/assets/article.svg\')')
 3 SYSTEMPATH\Database\BaseConnection.php(593): CodeIgniter\Database\BaseConnection->simpleQuery('INSERT INTO `page` (`id_page`, `id_training`, `title`, `content`, `image_url`) VALUES (\'0\', NULL, \'TEST\', \'<p><br></p>\', \'http://localhost:8080/assets/article.svg\')')
 4 SYSTEMPATH\Database\BaseBuilder.php(1916): CodeIgniter\Database\BaseConnection->query('INSERT INTO `page` (`id_page`, `id_training`, `title`, `content`, `image_url`) VALUES (:id_page:, :id_training:, :title:, :content:, :image_url:)', [...], false)
 5 APPPATH\Models\PageModel.php(31): CodeIgniter\Database\BaseBuilder->insert([...])
 6 APPPATH\Controllers\Former.php(347): App\Models\PageModel->add([...])
 7 SYSTEMPATH\CodeIgniter.php(927): App\Controllers\Former->training_save()
 8 SYSTEMPATH\CodeIgniter.php(482): CodeIgniter\CodeIgniter->runController(Object(App\Controllers\Former))
 9 SYSTEMPATH\CodeIgniter.php(351): CodeIgniter\CodeIgniter->handleRequest(null, Object(Config\Cache), false)
10 FCPATH\index.php(67): CodeIgniter\CodeIgniter->run()
11 SYSTEMPATH\Commands\Server\rewrite.php(46): require_once('FCPATH\\index.php')
CRITICAL - 2023-01-30 09:32:39 --> Undefined array key "title"
in APPPATH\Controllers\Training.php on line 214.
 1 APPPATH\Controllers\Training.php(214): CodeIgniter\Debug\Exceptions->errorHandler(2, 'Undefined array key "title"', 'APPPATH\\Controllers\\Training.php', 214)
 2 SYSTEMPATH\CodeIgniter.php(927): App\Controllers\Training->modify_page()
 3 SYSTEMPATH\CodeIgniter.php(482): CodeIgniter\CodeIgniter->runController(Object(App\Controllers\Training))
 4 SYSTEMPATH\CodeIgniter.php(351): CodeIgniter\CodeIgniter->handleRequest(null, Object(Config\Cache), false)
 5 FCPATH\index.php(67): CodeIgniter\CodeIgniter->run()
 6 SYSTEMPATH\Commands\Server\rewrite.php(46): require_once('FCPATH\\index.php')
CRITICAL - 2023-01-30 10:04:45 --> Trying to access array offset on value of type int
in APPPATH\Controllers\Training.php on line 219.
 1 APPPATH\Controllers\Training.php(219): CodeIgniter\Debug\Exceptions->errorHandler(2, 'Trying to access array offset on value of type int', 'APPPATH\\Controllers\\Training.php', 219)
 2 SYSTEMPATH\CodeIgniter.php(927): App\Controllers\Training->modify_page()
 3 SYSTEMPATH\CodeIgniter.php(482): CodeIgniter\CodeIgniter->runController(Object(App\Controllers\Training))
 4 SYSTEMPATH\CodeIgniter.php(351): CodeIgniter\CodeIgniter->handleRequest(null, Object(Config\Cache), false)
 5 FCPATH\index.php(67): CodeIgniter\CodeIgniter->run()
 6 SYSTEMPATH\Commands\Server\rewrite.php(46): require_once('FCPATH\\index.php')
CRITICAL - 2023-01-30 11:38:13 --> Undefined variable $id_training
in APPPATH\Views\Admin\dashboard_page.php on line 9.
 1 APPPATH\Views\Admin\dashboard_page.php(9): CodeIgniter\Debug\Exceptions->errorHandler(2, 'Undefined variable $id_training', 'APPPATH\\Views\\Admin\\dashboard_page.php', 9)
 2 SYSTEMPATH\View\View.php(213): include('APPPATH\\Views\\Admin\\dashboard_page.php')
 3 SYSTEMPATH\View\View.php(216): CodeIgniter\View\View->CodeIgniter\View\{closure}()
 4 SYSTEMPATH\Common.php(1134): CodeIgniter\View\View->render('Admin/dashboard_page.php', [], true)
 5 APPPATH\Controllers\Training.php(234): view('Admin/dashboard_page.php', [...])
 6 SYSTEMPATH\CodeIgniter.php(927): App\Controllers\Training->modify_page()
 7 SYSTEMPATH\CodeIgniter.php(482): CodeIgniter\CodeIgniter->runController(Object(App\Controllers\Training))
 8 SYSTEMPATH\CodeIgniter.php(351): CodeIgniter\CodeIgniter->handleRequest(null, Object(Config\Cache), false)
 9 FCPATH\index.php(67): CodeIgniter\CodeIgniter->run()
10 SYSTEMPATH\Commands\Server\rewrite.php(46): require_once('FCPATH\\index.php')
CRITICAL - 2023-01-30 12:42:58 --> Invalid file: Training/page_create.php
in SYSTEMPATH\Exceptions\FrameworkException.php on line 33.
 1 SYSTEMPATH\View\View.php(201): CodeIgniter\Exceptions\FrameworkException::forInvalidFile('Training/page_create.php')
 2 SYSTEMPATH\Common.php(1134): CodeIgniter\View\View->render('Training/page_create.php', [], true)
 3 APPPATH\Controllers\Training.php(227): view('Training/page_create.php', [...])
 4 SYSTEMPATH\CodeIgniter.php(927): App\Controllers\Training->modify_page()
 5 SYSTEMPATH\CodeIgniter.php(482): CodeIgniter\CodeIgniter->runController(Object(App\Controllers\Training))
 6 SYSTEMPATH\CodeIgniter.php(351): CodeIgniter\CodeIgniter->handleRequest(null, Object(Config\Cache), false)
 7 FCPATH\index.php(67): CodeIgniter\CodeIgniter->run()
 8 SYSTEMPATH\Commands\Server\rewrite.php(46): require_once('FCPATH\\index.php')
CRITICAL - 2023-01-30 12:43:19 --> Invalid file: Training/page_modifiy.php
in SYSTEMPATH\Exceptions\FrameworkException.php on line 33.
 1 SYSTEMPATH\View\View.php(201): CodeIgniter\Exceptions\FrameworkException::forInvalidFile('Training/page_modifiy.php')
 2 SYSTEMPATH\Common.php(1134): CodeIgniter\View\View->render('Training/page_modifiy.php', [], true)
 3 APPPATH\Controllers\Training.php(227): view('Training/page_modifiy.php', [...])
 4 SYSTEMPATH\CodeIgniter.php(927): App\Controllers\Training->modify_page()
 5 SYSTEMPATH\CodeIgniter.php(482): CodeIgniter\CodeIgniter->runController(Object(App\Controllers\Training))
 6 SYSTEMPATH\CodeIgniter.php(351): CodeIgniter\CodeIgniter->handleRequest(null, Object(Config\Cache), false)
 7 FCPATH\index.php(67): CodeIgniter\CodeIgniter->run()
 8 SYSTEMPATH\Commands\Server\rewrite.php(46): require_once('FCPATH\\index.php')
CRITICAL - 2023-01-30 12:43:43 --> Undefined variable $trainings
in APPPATH\Views\Training\page_modify.php on line 75.
 1 APPPATH\Views\Training\page_modify.php(75): CodeIgniter\Debug\Exceptions->errorHandler(2, 'Undefined variable $trainings', 'APPPATH\\Views\\Training\\page_modify.php', 75)
 2 SYSTEMPATH\View\View.php(213): include('APPPATH\\Views\\Training\\page_modify.php')
 3 SYSTEMPATH\View\View.php(216): CodeIgniter\View\View->CodeIgniter\View\{closure}()
 4 SYSTEMPATH\Common.php(1134): CodeIgniter\View\View->render('Training/page_modify.php', [], true)
 5 APPPATH\Controllers\Training.php(227): view('Training/page_modify.php', [...])
 6 SYSTEMPATH\CodeIgniter.php(927): App\Controllers\Training->modify_page()
 7 SYSTEMPATH\CodeIgniter.php(482): CodeIgniter\CodeIgniter->runController(Object(App\Controllers\Training))
 8 SYSTEMPATH\CodeIgniter.php(351): CodeIgniter\CodeIgniter->handleRequest(null, Object(Config\Cache), false)
 9 FCPATH\index.php(67): CodeIgniter\CodeIgniter->run()
10 SYSTEMPATH\Commands\Server\rewrite.php(46): require_once('FCPATH\\index.php')
CRITICAL - 2023-01-30 13:48:21 --> Undefined variable $id_page
in APPPATH\Views\Training\page_modify.php on line 17.
 1 APPPATH\Views\Training\page_modify.php(17): CodeIgniter\Debug\Exceptions->errorHandler(2, 'Undefined variable $id_page', 'APPPATH\\Views\\Training\\page_modify.php', 17)
 2 SYSTEMPATH\View\View.php(213): include('APPPATH\\Views\\Training\\page_modify.php')
 3 SYSTEMPATH\View\View.php(216): CodeIgniter\View\View->CodeIgniter\View\{closure}()
 4 SYSTEMPATH\Common.php(1134): CodeIgniter\View\View->render('Training/page_modify.php', [], true)
 5 APPPATH\Controllers\Training.php(237): view('Training/page_modify.php', [...])
 6 SYSTEMPATH\CodeIgniter.php(927): App\Controllers\Training->add_page()
 7 SYSTEMPATH\CodeIgniter.php(482): CodeIgniter\CodeIgniter->runController(Object(App\Controllers\Training))
 8 SYSTEMPATH\CodeIgniter.php(351): CodeIgniter\CodeIgniter->handleRequest(null, Object(Config\Cache), false)
 9 FCPATH\index.php(67): CodeIgniter\CodeIgniter->run()
10 SYSTEMPATH\Commands\Server\rewrite.php(46): require_once('FCPATH\\index.php')
CRITICAL - 2023-01-30 13:48:56 --> Undefined variable $page_title
in APPPATH\Views\Training\page_modify.php on line 32.
 1 APPPATH\Views\Training\page_modify.php(32): CodeIgniter\Debug\Exceptions->errorHandler(2, 'Undefined variable $page_title', 'APPPATH\\Views\\Training\\page_modify.php', 32)
 2 SYSTEMPATH\View\View.php(213): include('APPPATH\\Views\\Training\\page_modify.php')
 3 SYSTEMPATH\View\View.php(216): CodeIgniter\View\View->CodeIgniter\View\{closure}()
 4 SYSTEMPATH\Common.php(1134): CodeIgniter\View\View->render('Training/page_modify.php', [], true)
 5 APPPATH\Controllers\Training.php(238): view('Training/page_modify.php', [...])
 6 SYSTEMPATH\CodeIgniter.php(927): App\Controllers\Training->add_page()
 7 SYSTEMPATH\CodeIgniter.php(482): CodeIgniter\CodeIgniter->runController(Object(App\Controllers\Training))
 8 SYSTEMPATH\CodeIgniter.php(351): CodeIgniter\CodeIgniter->handleRequest(null, Object(Config\Cache), false)
 9 FCPATH\index.php(67): CodeIgniter\CodeIgniter->run()
10 SYSTEMPATH\Commands\Server\rewrite.php(46): require_once('FCPATH\\index.php')
CRITICAL - 2023-01-30 13:49:25 --> Undefined variable $trainings
in APPPATH\Views\Training\page_modify.php on line 53.
 1 APPPATH\Views\Training\page_modify.php(53): CodeIgniter\Debug\Exceptions->errorHandler(2, 'Undefined variable $trainings', 'APPPATH\\Views\\Training\\page_modify.php', 53)
 2 SYSTEMPATH\View\View.php(213): include('APPPATH\\Views\\Training\\page_modify.php')
 3 SYSTEMPATH\View\View.php(216): CodeIgniter\View\View->CodeIgniter\View\{closure}()
 4 SYSTEMPATH\Common.php(1134): CodeIgniter\View\View->render('Training/page_modify.php', [], true)
 5 APPPATH\Controllers\Training.php(239): view('Training/page_modify.php', [...])
 6 SYSTEMPATH\CodeIgniter.php(927): App\Controllers\Training->add_page()
 7 SYSTEMPATH\CodeIgniter.php(482): CodeIgniter\CodeIgniter->runController(Object(App\Controllers\Training))
 8 SYSTEMPATH\CodeIgniter.php(351): CodeIgniter\CodeIgniter->handleRequest(null, Object(Config\Cache), false)
 9 FCPATH\index.php(67): CodeIgniter\CodeIgniter->run()
10 SYSTEMPATH\Commands\Server\rewrite.php(46): require_once('FCPATH\\index.php')
CRITICAL - 2023-01-30 13:51:53 --> Call to undefined method App\Models\TrainingModel::getgetFilterTrainings
in SYSTEMPATH\Model.php on line 774.
 1 APPPATH\Controllers\Training.php(227): CodeIgniter\Model->__call('getgetFilterTrainings', [])
 2 SYSTEMPATH\CodeIgniter.php(927): App\Controllers\Training->add_page()
 3 SYSTEMPATH\CodeIgniter.php(482): CodeIgniter\CodeIgniter->runController(Object(App\Controllers\Training))
 4 SYSTEMPATH\CodeIgniter.php(351): CodeIgniter\CodeIgniter->handleRequest(null, Object(Config\Cache), false)
 5 FCPATH\index.php(67): CodeIgniter\CodeIgniter->run()
 6 SYSTEMPATH\Commands\Server\rewrite.php(46): require_once('FCPATH\\index.php')
CRITICAL - 2023-01-30 13:52:05 --> Undefined variable $categories
in APPPATH\Views\Training\page_modify.php on line 67.
 1 APPPATH\Views\Training\page_modify.php(67): CodeIgniter\Debug\Exceptions->errorHandler(2, 'Undefined variable $categories', 'APPPATH\\Views\\Training\\page_modify.php', 67)
 2 SYSTEMPATH\View\View.php(213): include('APPPATH\\Views\\Training\\page_modify.php')
 3 SYSTEMPATH\View\View.php(216): CodeIgniter\View\View->CodeIgniter\View\{closure}()
 4 SYSTEMPATH\Common.php(1134): CodeIgniter\View\View->render('Training/page_modify.php', [], true)
 5 APPPATH\Controllers\Training.php(241): view('Training/page_modify.php', [...])
 6 SYSTEMPATH\CodeIgniter.php(927): App\Controllers\Training->add_page()
 7 SYSTEMPATH\CodeIgniter.php(482): CodeIgniter\CodeIgniter->runController(Object(App\Controllers\Training))
 8 SYSTEMPATH\CodeIgniter.php(351): CodeIgniter\CodeIgniter->handleRequest(null, Object(Config\Cache), false)
 9 FCPATH\index.php(67): CodeIgniter\CodeIgniter->run()
10 SYSTEMPATH\Commands\Server\rewrite.php(46): require_once('FCPATH\\index.php')
CRITICAL - 2023-01-30 13:52:59 --> Undefined variable $content
in APPPATH\Views\Training\page_modify.php on line 137.
 1 APPPATH\Views\Training\page_modify.php(137): CodeIgniter\Debug\Exceptions->errorHandler(2, 'Undefined variable $content', 'APPPATH\\Views\\Training\\page_modify.php', 137)
 2 SYSTEMPATH\View\View.php(213): include('APPPATH\\Views\\Training\\page_modify.php')
 3 SYSTEMPATH\View\View.php(216): CodeIgniter\View\View->CodeIgniter\View\{closure}()
 4 SYSTEMPATH\Common.php(1134): CodeIgniter\View\View->render('Training/page_modify.php', [], true)
 5 APPPATH\Controllers\Training.php(243): view('Training/page_modify.php', [...])
 6 SYSTEMPATH\CodeIgniter.php(927): App\Controllers\Training->add_page()
 7 SYSTEMPATH\CodeIgniter.php(482): CodeIgniter\CodeIgniter->runController(Object(App\Controllers\Training))
 8 SYSTEMPATH\CodeIgniter.php(351): CodeIgniter\CodeIgniter->handleRequest(null, Object(Config\Cache), false)
 9 FCPATH\index.php(67): CodeIgniter\CodeIgniter->run()
10 SYSTEMPATH\Commands\Server\rewrite.php(46): require_once('FCPATH\\index.php')
CRITICAL - 2023-01-30 13:54:27 --> Undefined array key "title"
in APPPATH\Controllers\Training.php on line 270.
 1 APPPATH\Controllers\Training.php(270): CodeIgniter\Debug\Exceptions->errorHandler(2, 'Undefined array key "title"', 'APPPATH\\Controllers\\Training.php', 270)
 2 SYSTEMPATH\CodeIgniter.php(927): App\Controllers\Training->modify_page()
 3 SYSTEMPATH\CodeIgniter.php(482): CodeIgniter\CodeIgniter->runController(Object(App\Controllers\Training))
 4 SYSTEMPATH\CodeIgniter.php(351): CodeIgniter\CodeIgniter->handleRequest(null, Object(Config\Cache), false)
 5 FCPATH\index.php(67): CodeIgniter\CodeIgniter->run()
 6 SYSTEMPATH\Commands\Server\rewrite.php(46): require_once('FCPATH\\index.php')
CRITICAL - 2023-01-30 13:59:37 --> Undefined array key "id_page"
in APPPATH\Controllers\Training.php on line 282.
 1 APPPATH\Controllers\Training.php(282): CodeIgniter\Debug\Exceptions->errorHandler(2, 'Undefined array key "id_page"', 'APPPATH\\Controllers\\Training.php', 282)
 2 SYSTEMPATH\CodeIgniter.php(927): App\Controllers\Training->modify_page()
 3 SYSTEMPATH\CodeIgniter.php(482): CodeIgniter\CodeIgniter->runController(Object(App\Controllers\Training))
 4 SYSTEMPATH\CodeIgniter.php(351): CodeIgniter\CodeIgniter->handleRequest(null, Object(Config\Cache), false)
 5 FCPATH\index.php(67): CodeIgniter\CodeIgniter->run()
 6 SYSTEMPATH\Commands\Server\rewrite.php(46): require_once('FCPATH\\index.php')
CRITICAL - 2023-01-30 14:16:12 --> Call to undefined method App\Models\PageModel::add
in SYSTEMPATH\Model.php on line 774.
 1 APPPATH\Controllers\Training.php(213): CodeIgniter\Model->__call('add', [...])
 2 SYSTEMPATH\CodeIgniter.php(927): App\Controllers\Training->add_page()
 3 SYSTEMPATH\CodeIgniter.php(482): CodeIgniter\CodeIgniter->runController(Object(App\Controllers\Training))
 4 SYSTEMPATH\CodeIgniter.php(351): CodeIgniter\CodeIgniter->handleRequest(null, Object(Config\Cache), false)
 5 FCPATH\index.php(67): CodeIgniter\CodeIgniter->run()
 6 SYSTEMPATH\Commands\Server\rewrite.php(46): require_once('FCPATH\\index.php')
CRITICAL - 2023-01-30 14:22:36 --> Undefined variable $action
in APPPATH\Views\Training\page_modify.php on line 107.
 1 APPPATH\Views\Training\page_modify.php(107): CodeIgniter\Debug\Exceptions->errorHandler(2, 'Undefined variable $action', 'APPPATH\\Views\\Training\\page_modify.php', 107)
 2 SYSTEMPATH\View\View.php(213): include('APPPATH\\Views\\Training\\page_modify.php')
 3 SYSTEMPATH\View\View.php(216): CodeIgniter\View\View->CodeIgniter\View\{closure}()
 4 SYSTEMPATH\Common.php(1134): CodeIgniter\View\View->render('Training/page_modify.php', [], true)
 5 APPPATH\Controllers\Training.php(302): view('Training/page_modify.php', [...])
 6 SYSTEMPATH\CodeIgniter.php(927): App\Controllers\Training->modify_page()
 7 SYSTEMPATH\CodeIgniter.php(482): CodeIgniter\CodeIgniter->runController(Object(App\Controllers\Training))
 8 SYSTEMPATH\CodeIgniter.php(351): CodeIgniter\CodeIgniter->handleRequest(null, Object(Config\Cache), false)
 9 FCPATH\index.php(67): CodeIgniter\CodeIgniter->run()
10 SYSTEMPATH\Commands\Server\rewrite.php(46): require_once('FCPATH\\index.php')
CRITICAL - 2023-01-30 14:40:21 --> Call to undefined method App\Controllers\User::verifySession()
in APPPATH\Controllers\User.php on line 570.
 1 SYSTEMPATH\CodeIgniter.php(927): App\Controllers\User->modif_contact()
 2 SYSTEMPATH\CodeIgniter.php(482): CodeIgniter\CodeIgniter->runController(Object(App\Controllers\User))
 3 SYSTEMPATH\CodeIgniter.php(351): CodeIgniter\CodeIgniter->handleRequest(null, Object(Config\Cache), false)
 4 FCPATH\index.php(67): CodeIgniter\CodeIgniter->run()
 5 SYSTEMPATH\Commands\Server\rewrite.php(46): require_once('FCPATH\\index.php')
CRITICAL - 2023-01-30 14:46:27 --> Call to undefined method App\Controllers\User::verifySession()
in APPPATH\Controllers\User.php on line 509.
 1 SYSTEMPATH\CodeIgniter.php(927): App\Controllers\User->bill()
 2 SYSTEMPATH\CodeIgniter.php(482): CodeIgniter\CodeIgniter->runController(Object(App\Controllers\User))
 3 SYSTEMPATH\CodeIgniter.php(351): CodeIgniter\CodeIgniter->handleRequest(null, Object(Config\Cache), false)
 4 FCPATH\index.php(67): CodeIgniter\CodeIgniter->run()
 5 SYSTEMPATH\Commands\Server\rewrite.php(46): require_once('FCPATH\\index.php')
CRITICAL - 2023-01-30 17:39:49 --> Undefined variable $modalDelete
in APPPATH\Views\Training\page_modify.php on line 11.
 1 APPPATH\Views\Training\page_modify.php(11): CodeIgniter\Debug\Exceptions->errorHandler(2, 'Undefined variable $modalDelete', 'APPPATH\\Views\\Training\\page_modify.php', 11)
 2 SYSTEMPATH\View\View.php(213): include('APPPATH\\Views\\Training\\page_modify.php')
 3 SYSTEMPATH\View\View.php(216): CodeIgniter\View\View->CodeIgniter\View\{closure}()
 4 SYSTEMPATH\Common.php(1134): CodeIgniter\View\View->render('Training/page_modify.php', [], true)
 5 APPPATH\Controllers\Former.php(323): view('Training/page_modify.php', [...])
 6 SYSTEMPATH\CodeIgniter.php(927): App\Controllers\Former->page_modify()
 7 SYSTEMPATH\CodeIgniter.php(482): CodeIgniter\CodeIgniter->runController(Object(App\Controllers\Former))
 8 SYSTEMPATH\CodeIgniter.php(351): CodeIgniter\CodeIgniter->handleRequest(null, Object(Config\Cache), false)
 9 FCPATH\index.php(67): CodeIgniter\CodeIgniter->run()
10 SYSTEMPATH\Commands\Server\rewrite.php(46): require_once('FCPATH\\index.php')
CRITICAL - 2023-01-30 17:41:16 --> Undefined variable $action
in APPPATH\Views\Training\page_modify.php on line 106.
 1 APPPATH\Views\Training\page_modify.php(106): CodeIgniter\Debug\Exceptions->errorHandler(2, 'Undefined variable $action', 'APPPATH\\Views\\Training\\page_modify.php', 106)
 2 SYSTEMPATH\View\View.php(213): include('APPPATH\\Views\\Training\\page_modify.php')
 3 SYSTEMPATH\View\View.php(216): CodeIgniter\View\View->CodeIgniter\View\{closure}()
 4 SYSTEMPATH\Common.php(1134): CodeIgniter\View\View->render('Training/page_modify.php', [], true)
 5 APPPATH\Controllers\Former.php(324): view('Training/page_modify.php', [...])
 6 SYSTEMPATH\CodeIgniter.php(927): App\Controllers\Former->page_modify()
 7 SYSTEMPATH\CodeIgniter.php(482): CodeIgniter\CodeIgniter->runController(Object(App\Controllers\Former))
 8 SYSTEMPATH\CodeIgniter.php(351): CodeIgniter\CodeIgniter->handleRequest(null, Object(Config\Cache), false)
 9 FCPATH\index.php(67): CodeIgniter\CodeIgniter->run()
10 SYSTEMPATH\Commands\Server\rewrite.php(46): require_once('FCPATH\\index.php')
CRITICAL - 2023-01-30 17:41:18 --> Undefined variable $action
in APPPATH\Views\Training\page_modify.php on line 106.
 1 APPPATH\Views\Training\page_modify.php(106): CodeIgniter\Debug\Exceptions->errorHandler(2, 'Undefined variable $action', 'APPPATH\\Views\\Training\\page_modify.php', 106)
 2 SYSTEMPATH\View\View.php(213): include('APPPATH\\Views\\Training\\page_modify.php')
 3 SYSTEMPATH\View\View.php(216): CodeIgniter\View\View->CodeIgniter\View\{closure}()
 4 SYSTEMPATH\Common.php(1134): CodeIgniter\View\View->render('Training/page_modify.php', [], true)
 5 APPPATH\Controllers\Former.php(324): view('Training/page_modify.php', [...])
 6 SYSTEMPATH\CodeIgniter.php(927): App\Controllers\Former->page_modify()
 7 SYSTEMPATH\CodeIgniter.php(482): CodeIgniter\CodeIgniter->runController(Object(App\Controllers\Former))
 8 SYSTEMPATH\CodeIgniter.php(351): CodeIgniter\CodeIgniter->handleRequest(null, Object(Config\Cache), false)
 9 FCPATH\index.php(67): CodeIgniter\CodeIgniter->run()
10 SYSTEMPATH\Commands\Server\rewrite.php(46): require_once('FCPATH\\index.php')
CRITICAL - 2023-01-30 17:41:19 --> Undefined variable $action
in APPPATH\Views\Training\page_modify.php on line 106.
 1 APPPATH\Views\Training\page_modify.php(106): CodeIgniter\Debug\Exceptions->errorHandler(2, 'Undefined variable $action', 'APPPATH\\Views\\Training\\page_modify.php', 106)
 2 SYSTEMPATH\View\View.php(213): include('APPPATH\\Views\\Training\\page_modify.php')
 3 SYSTEMPATH\View\View.php(216): CodeIgniter\View\View->CodeIgniter\View\{closure}()
 4 SYSTEMPATH\Common.php(1134): CodeIgniter\View\View->render('Training/page_modify.php', [], true)
 5 APPPATH\Controllers\Former.php(324): view('Training/page_modify.php', [...])
 6 SYSTEMPATH\CodeIgniter.php(927): App\Controllers\Former->page_modify()
 7 SYSTEMPATH\CodeIgniter.php(482): CodeIgniter\CodeIgniter->runController(Object(App\Controllers\Former))
 8 SYSTEMPATH\CodeIgniter.php(351): CodeIgniter\CodeIgniter->handleRequest(null, Object(Config\Cache), false)
 9 FCPATH\index.php(67): CodeIgniter\CodeIgniter->run()
10 SYSTEMPATH\Commands\Server\rewrite.php(46): require_once('FCPATH\\index.php')
CRITICAL - 2023-01-30 17:54:59 --> Undefined array key 0
in APPPATH\Controllers\Training.php on line 293.
 1 APPPATH\Controllers\Training.php(293): CodeIgniter\Debug\Exceptions->errorHandler(2, 'Undefined array key 0', 'APPPATH\\Controllers\\Training.php', 293)
 2 SYSTEMPATH\CodeIgniter.php(927): App\Controllers\Training->modify_page()
 3 SYSTEMPATH\CodeIgniter.php(482): CodeIgniter\CodeIgniter->runController(Object(App\Controllers\Training))
 4 SYSTEMPATH\CodeIgniter.php(351): CodeIgniter\CodeIgniter->handleRequest(null, Object(Config\Cache), false)
 5 FCPATH\index.php(67): CodeIgniter\CodeIgniter->run()
 6 SYSTEMPATH\Commands\Server\rewrite.php(46): require_once('FCPATH\\index.php')
CRITICAL - 2023-01-30 18:02:56 --> Undefined variable $action
in APPPATH\Views\Training\page_modify.php on line 106.
 1 APPPATH\Views\Training\page_modify.php(106): CodeIgniter\Debug\Exceptions->errorHandler(2, 'Undefined variable $action', 'APPPATH\\Views\\Training\\page_modify.php', 106)
 2 SYSTEMPATH\View\View.php(213): include('APPPATH\\Views\\Training\\page_modify.php')
 3 SYSTEMPATH\View\View.php(216): CodeIgniter\View\View->CodeIgniter\View\{closure}()
 4 SYSTEMPATH\Common.php(1134): CodeIgniter\View\View->render('Training/page_modify.php', [], true)
 5 APPPATH\Controllers\Training.php(301): view('Training/page_modify.php', [...])
 6 SYSTEMPATH\CodeIgniter.php(927): App\Controllers\Training->modify_page()
 7 SYSTEMPATH\CodeIgniter.php(482): CodeIgniter\CodeIgniter->runController(Object(App\Controllers\Training))
 8 SYSTEMPATH\CodeIgniter.php(351): CodeIgniter\CodeIgniter->handleRequest(null, Object(Config\Cache), false)
 9 FCPATH\index.php(67): CodeIgniter\CodeIgniter->run()
10 SYSTEMPATH\Commands\Server\rewrite.php(46): require_once('FCPATH\\index.php')
CRITICAL - 2023-01-30 18:03:43 --> Undefined variable $modalDelete
in APPPATH\Views\Admin\dashboard_page.php on line 5.
 1 APPPATH\Views\Admin\dashboard_page.php(5): CodeIgniter\Debug\Exceptions->errorHandler(2, 'Undefined variable $modalDelete', 'APPPATH\\Views\\Admin\\dashboard_page.php', 5)
 2 SYSTEMPATH\View\View.php(213): include('APPPATH\\Views\\Admin\\dashboard_page.php')
 3 SYSTEMPATH\View\View.php(216): CodeIgniter\View\View->CodeIgniter\View\{closure}()
 4 SYSTEMPATH\Common.php(1134): CodeIgniter\View\View->render('Admin/dashboard_page.php', [], true)
 5 APPPATH\Controllers\DashBoard.php(724): view('Admin/dashboard_page.php', [...])
 6 SYSTEMPATH\CodeIgniter.php(927): App\Controllers\DashBoard->preview_training()
 7 SYSTEMPATH\CodeIgniter.php(482): CodeIgniter\CodeIgniter->runController(Object(App\Controllers\DashBoard))
 8 SYSTEMPATH\CodeIgniter.php(351): CodeIgniter\CodeIgniter->handleRequest(null, Object(Config\Cache), false)
 9 FCPATH\index.php(67): CodeIgniter\CodeIgniter->run()
10 SYSTEMPATH\Commands\Server\rewrite.php(46): require_once('FCPATH\\index.php')
