ERROR - 2022-12-22 16:37:55 --> mysqli_sql_exception: Unknown column 'article.id_publication' in 'on clause' in D:\xampp\htdocs\Ma_formation\MaFormation\system\Database\MySQLi\Connection.php:292
Stack trace:
#0 D:\xampp\htdocs\Ma_formation\MaFormation\system\Database\MySQLi\Connection.php(292): mysqli->query('SELECT *\nFROM `...', 0)
#1 D:\xampp\htdocs\Ma_formation\MaFormation\system\Database\BaseConnection.php(666): CodeIgniter\Database\MySQLi\Connection->execute('SELECT *\nFROM `...')
#2 D:\xampp\htdocs\Ma_formation\MaFormation\system\Database\BaseConnection.php(593): CodeIgniter\Database\BaseConnection->simpleQuery('SELECT *\nFROM `...')
#3 D:\xampp\htdocs\Ma_formation\MaFormation\system\Database\BaseBuilder.php(1585): CodeIgniter\Database\BaseConnection->query('SELECT *\nFROM `...', Array, false)
#4 D:\xampp\htdocs\Ma_formation\MaFormation\app\Controllers\DashBoard.php(246): CodeIgniter\Database\BaseBuilder->get()
#5 D:\xampp\htdocs\Ma_formation\MaFormation\system\CodeIgniter.php(927): App\Controllers\DashBoard->listformerpublishes()
#6 D:\xampp\htdocs\Ma_formation\MaFormation\system\CodeIgniter.php(482): CodeIgniter\CodeIgniter->runController(Object(App\Controllers\DashBoard))
#7 D:\xampp\htdocs\Ma_formation\MaFormation\system\CodeIgniter.php(351): CodeIgniter\CodeIgniter->handleRequest(NULL, Object(Config\Cache), false)
#8 D:\xampp\htdocs\Ma_formation\MaFormation\public\index.php(67): CodeIgniter\CodeIgniter->run()
#9 D:\xampp\htdocs\Ma_formation\MaFormation\system\Commands\Server\rewrite.php(46): require_once('D:\\xampp\\htdocs...')
#10 {main}
CRITICAL - 2022-12-22 16:37:55 --> Unknown column 'article.id_publication' in 'on clause'
in SYSTEMPATH\Database\MySQLi\Connection.php on line 292.
 1 SYSTEMPATH\Database\MySQLi\Connection.php(292): mysqli->query('SELECT *
FROM `user`
JOIN `user_has_article` ON `user_has_article`.`id_user` = `user`.`id_user`
JOIN `article` ON `user_has_article`.`id_user` = `article`.`id_article`
JOIN `publication_has_article` ON `publication_has_article`.`id_article` = `article`.`id_article`
JOIN `publication` ON `publication_has_article`.`id_publication` = `article`.`id_publication`
WHERE `user`.`id_user` = 36', 0)
 2 SYSTEMPATH\Database\BaseConnection.php(666): CodeIgniter\Database\MySQLi\Connection->execute('SELECT *
FROM `user`
JOIN `user_has_article` ON `user_has_article`.`id_user` = `user`.`id_user`
JOIN `article` ON `user_has_article`.`id_user` = `article`.`id_article`
JOIN `publication_has_article` ON `publication_has_article`.`id_article` = `article`.`id_article`
JOIN `publication` ON `publication_has_article`.`id_publication` = `article`.`id_publication`
WHERE `user`.`id_user` = 36')
 3 SYSTEMPATH\Database\BaseConnection.php(593): CodeIgniter\Database\BaseConnection->simpleQuery('SELECT *
FROM `user`
JOIN `user_has_article` ON `user_has_article`.`id_user` = `user`.`id_user`
JOIN `article` ON `user_has_article`.`id_user` = `article`.`id_article`
JOIN `publication_has_article` ON `publication_has_article`.`id_article` = `article`.`id_article`
JOIN `publication` ON `publication_has_article`.`id_publication` = `article`.`id_publication`
WHERE `user`.`id_user` = 36')
 4 SYSTEMPATH\Database\BaseBuilder.php(1585): CodeIgniter\Database\BaseConnection->query('SELECT *
FROM `user`
JOIN `user_has_article` ON `user_has_article`.`id_user` = `user`.`id_user`
JOIN `article` ON `user_has_article`.`id_user` = `article`.`id_article`
JOIN `publication_has_article` ON `publication_has_article`.`id_article` = `article`.`id_article`
JOIN `publication` ON `publication_has_article`.`id_publication` = `article`.`id_publication`
WHERE `user`.`id_user` = :user.id_user:', [...], false)
 5 APPPATH\Controllers\DashBoard.php(246): CodeIgniter\Database\BaseBuilder->get()
 6 SYSTEMPATH\CodeIgniter.php(927): App\Controllers\DashBoard->listformerpublishes()
 7 SYSTEMPATH\CodeIgniter.php(482): CodeIgniter\CodeIgniter->runController(Object(App\Controllers\DashBoard))
 8 SYSTEMPATH\CodeIgniter.php(351): CodeIgniter\CodeIgniter->handleRequest(null, Object(Config\Cache), false)
 9 FCPATH\index.php(67): CodeIgniter\CodeIgniter->run()
10 SYSTEMPATH\Commands\Server\rewrite.php(46): require_once('FCPATH\\index.php')
ERROR - 2022-12-22 17:04:28 --> mysqli_sql_exception: Unknown column 'publication.id_publication' in 'where clause' in D:\xampp\htdocs\Ma_formation\MaFormation\system\Database\MySQLi\Connection.php:292
Stack trace:
#0 D:\xampp\htdocs\Ma_formation\MaFormation\system\Database\MySQLi\Connection.php(292): mysqli->query('SELECT `user`.`...', 0)
#1 D:\xampp\htdocs\Ma_formation\MaFormation\system\Database\BaseConnection.php(666): CodeIgniter\Database\MySQLi\Connection->execute('SELECT `user`.`...')
#2 D:\xampp\htdocs\Ma_formation\MaFormation\system\Database\BaseConnection.php(593): CodeIgniter\Database\BaseConnection->simpleQuery('SELECT `user`.`...')
#3 D:\xampp\htdocs\Ma_formation\MaFormation\system\Database\BaseBuilder.php(1585): CodeIgniter\Database\BaseConnection->query('SELECT `user`.`...', Array, false)
#4 D:\xampp\htdocs\Ma_formation\MaFormation\app\Controllers\DashBoard.php(275): CodeIgniter\Database\BaseBuilder->get()
#5 D:\xampp\htdocs\Ma_formation\MaFormation\system\CodeIgniter.php(927): App\Controllers\DashBoard->listformerpublishes()
#6 D:\xampp\htdocs\Ma_formation\MaFormation\system\CodeIgniter.php(482): CodeIgniter\CodeIgniter->runController(Object(App\Controllers\DashBoard))
#7 D:\xampp\htdocs\Ma_formation\MaFormation\system\CodeIgniter.php(351): CodeIgniter\CodeIgniter->handleRequest(NULL, Object(Config\Cache), false)
#8 D:\xampp\htdocs\Ma_formation\MaFormation\public\index.php(67): CodeIgniter\CodeIgniter->run()
#9 D:\xampp\htdocs\Ma_formation\MaFormation\system\Commands\Server\rewrite.php(46): require_once('D:\\xampp\\htdocs...')
#10 {main}
CRITICAL - 2022-12-22 17:04:28 --> Unknown column 'publication.id_publication' in 'where clause'
in SYSTEMPATH\Database\MySQLi\Connection.php on line 292.
 1 SYSTEMPATH\Database\MySQLi\Connection.php(292): mysqli->query('SELECT `user`.`name`, `user`.`firstname`, `article`.`id_article`, `article`.`subject`, `article`.`description`, `article`.`datetime`
FROM `user`
JOIN `publication_has_article` ON `publication_has_article`.`id_publication` = `publication`.`id_publication`
JOIN `article` ON `publication_has_article`.`id_article` = `article`.`id_article`
WHERE `publication`.`id_publication` = \'1\'', 0)
 2 SYSTEMPATH\Database\BaseConnection.php(666): CodeIgniter\Database\MySQLi\Connection->execute('SELECT `user`.`name`, `user`.`firstname`, `article`.`id_article`, `article`.`subject`, `article`.`description`, `article`.`datetime`
FROM `user`
JOIN `publication_has_article` ON `publication_has_article`.`id_publication` = `publication`.`id_publication`
JOIN `article` ON `publication_has_article`.`id_article` = `article`.`id_article`
WHERE `publication`.`id_publication` = \'1\'')
 3 SYSTEMPATH\Database\BaseConnection.php(593): CodeIgniter\Database\BaseConnection->simpleQuery('SELECT `user`.`name`, `user`.`firstname`, `article`.`id_article`, `article`.`subject`, `article`.`description`, `article`.`datetime`
FROM `user`
JOIN `publication_has_article` ON `publication_has_article`.`id_publication` = `publication`.`id_publication`
JOIN `article` ON `publication_has_article`.`id_article` = `article`.`id_article`
WHERE `publication`.`id_publication` = \'1\'')
 4 SYSTEMPATH\Database\BaseBuilder.php(1585): CodeIgniter\Database\BaseConnection->query('SELECT `user`.`name`, `user`.`firstname`, `article`.`id_article`, `article`.`subject`, `article`.`description`, `article`.`datetime`
FROM `user`
JOIN `publication_has_article` ON `publication_has_article`.`id_publication` = `publication`.`id_publication`
JOIN `article` ON `publication_has_article`.`id_article` = `article`.`id_article`
WHERE `publication`.`id_publication` = :publication.id_publication:', [...], false)
 5 APPPATH\Controllers\DashBoard.php(275): CodeIgniter\Database\BaseBuilder->get()
 6 SYSTEMPATH\CodeIgniter.php(927): App\Controllers\DashBoard->listformerpublishes()
 7 SYSTEMPATH\CodeIgniter.php(482): CodeIgniter\CodeIgniter->runController(Object(App\Controllers\DashBoard))
 8 SYSTEMPATH\CodeIgniter.php(351): CodeIgniter\CodeIgniter->handleRequest(null, Object(Config\Cache), false)
 9 FCPATH\index.php(67): CodeIgniter\CodeIgniter->run()
10 SYSTEMPATH\Commands\Server\rewrite.php(46): require_once('FCPATH\\index.php')
ERROR - 2022-12-22 17:05:12 --> mysqli_sql_exception: Unknown column 'publication.id_publication' in 'where clause' in D:\xampp\htdocs\Ma_formation\MaFormation\system\Database\MySQLi\Connection.php:292
Stack trace:
#0 D:\xampp\htdocs\Ma_formation\MaFormation\system\Database\MySQLi\Connection.php(292): mysqli->query('SELECT `article...', 0)
#1 D:\xampp\htdocs\Ma_formation\MaFormation\system\Database\BaseConnection.php(666): CodeIgniter\Database\MySQLi\Connection->execute('SELECT `article...')
#2 D:\xampp\htdocs\Ma_formation\MaFormation\system\Database\BaseConnection.php(593): CodeIgniter\Database\BaseConnection->simpleQuery('SELECT `article...')
#3 D:\xampp\htdocs\Ma_formation\MaFormation\system\Database\BaseBuilder.php(1585): CodeIgniter\Database\BaseConnection->query('SELECT `article...', Array, false)
#4 D:\xampp\htdocs\Ma_formation\MaFormation\app\Controllers\DashBoard.php(273): CodeIgniter\Database\BaseBuilder->get()
#5 D:\xampp\htdocs\Ma_formation\MaFormation\system\CodeIgniter.php(927): App\Controllers\DashBoard->listformerpublishes()
#6 D:\xampp\htdocs\Ma_formation\MaFormation\system\CodeIgniter.php(482): CodeIgniter\CodeIgniter->runController(Object(App\Controllers\DashBoard))
#7 D:\xampp\htdocs\Ma_formation\MaFormation\system\CodeIgniter.php(351): CodeIgniter\CodeIgniter->handleRequest(NULL, Object(Config\Cache), false)
#8 D:\xampp\htdocs\Ma_formation\MaFormation\public\index.php(67): CodeIgniter\CodeIgniter->run()
#9 D:\xampp\htdocs\Ma_formation\MaFormation\system\Commands\Server\rewrite.php(46): require_once('D:\\xampp\\htdocs...')
#10 {main}
CRITICAL - 2022-12-22 17:05:12 --> Unknown column 'publication.id_publication' in 'where clause'
in SYSTEMPATH\Database\MySQLi\Connection.php on line 292.
 1 SYSTEMPATH\Database\MySQLi\Connection.php(292): mysqli->query('SELECT `article`.`id_article`, `article`.`subject`, `article`.`description`, `article`.`datetime`
FROM `user`
JOIN `publication_has_article` ON `publication_has_article`.`id_publication` = `publication`.`id_publication`
JOIN `article` ON `publication_has_article`.`id_article` = `article`.`id_article`
WHERE `publication`.`id_publication` = \'1\'', 0)
 2 SYSTEMPATH\Database\BaseConnection.php(666): CodeIgniter\Database\MySQLi\Connection->execute('SELECT `article`.`id_article`, `article`.`subject`, `article`.`description`, `article`.`datetime`
FROM `user`
JOIN `publication_has_article` ON `publication_has_article`.`id_publication` = `publication`.`id_publication`
JOIN `article` ON `publication_has_article`.`id_article` = `article`.`id_article`
WHERE `publication`.`id_publication` = \'1\'')
 3 SYSTEMPATH\Database\BaseConnection.php(593): CodeIgniter\Database\BaseConnection->simpleQuery('SELECT `article`.`id_article`, `article`.`subject`, `article`.`description`, `article`.`datetime`
FROM `user`
JOIN `publication_has_article` ON `publication_has_article`.`id_publication` = `publication`.`id_publication`
JOIN `article` ON `publication_has_article`.`id_article` = `article`.`id_article`
WHERE `publication`.`id_publication` = \'1\'')
 4 SYSTEMPATH\Database\BaseBuilder.php(1585): CodeIgniter\Database\BaseConnection->query('SELECT `article`.`id_article`, `article`.`subject`, `article`.`description`, `article`.`datetime`
FROM `user`
JOIN `publication_has_article` ON `publication_has_article`.`id_publication` = `publication`.`id_publication`
JOIN `article` ON `publication_has_article`.`id_article` = `article`.`id_article`
WHERE `publication`.`id_publication` = :publication.id_publication:', [...], false)
 5 APPPATH\Controllers\DashBoard.php(273): CodeIgniter\Database\BaseBuilder->get()
 6 SYSTEMPATH\CodeIgniter.php(927): App\Controllers\DashBoard->listformerpublishes()
 7 SYSTEMPATH\CodeIgniter.php(482): CodeIgniter\CodeIgniter->runController(Object(App\Controllers\DashBoard))
 8 SYSTEMPATH\CodeIgniter.php(351): CodeIgniter\CodeIgniter->handleRequest(null, Object(Config\Cache), false)
 9 FCPATH\index.php(67): CodeIgniter\CodeIgniter->run()
10 SYSTEMPATH\Commands\Server\rewrite.php(46): require_once('FCPATH\\index.php')
ERROR - 2022-12-22 17:18:03 --> mysqli_sql_exception: Not unique table/alias: 'publication' in D:\xampp\htdocs\Ma_formation\MaFormation\system\Database\MySQLi\Connection.php:292
Stack trace:
#0 D:\xampp\htdocs\Ma_formation\MaFormation\system\Database\MySQLi\Connection.php(292): mysqli->query('SELECT *\nFROM `...', 0)
#1 D:\xampp\htdocs\Ma_formation\MaFormation\system\Database\BaseConnection.php(666): CodeIgniter\Database\MySQLi\Connection->execute('SELECT *\nFROM `...')
#2 D:\xampp\htdocs\Ma_formation\MaFormation\system\Database\BaseConnection.php(593): CodeIgniter\Database\BaseConnection->simpleQuery('SELECT *\nFROM `...')
#3 D:\xampp\htdocs\Ma_formation\MaFormation\system\Database\BaseBuilder.php(1585): CodeIgniter\Database\BaseConnection->query('SELECT *\nFROM `...', Array, false)
#4 D:\xampp\htdocs\Ma_formation\MaFormation\app\Controllers\DashBoard.php(282): CodeIgniter\Database\BaseBuilder->get()
#5 D:\xampp\htdocs\Ma_formation\MaFormation\system\CodeIgniter.php(927): App\Controllers\DashBoard->listformerpublishes()
#6 D:\xampp\htdocs\Ma_formation\MaFormation\system\CodeIgniter.php(482): CodeIgniter\CodeIgniter->runController(Object(App\Controllers\DashBoard))
#7 D:\xampp\htdocs\Ma_formation\MaFormation\system\CodeIgniter.php(351): CodeIgniter\CodeIgniter->handleRequest(NULL, Object(Config\Cache), false)
#8 D:\xampp\htdocs\Ma_formation\MaFormation\public\index.php(67): CodeIgniter\CodeIgniter->run()
#9 D:\xampp\htdocs\Ma_formation\MaFormation\system\Commands\Server\rewrite.php(46): require_once('D:\\xampp\\htdocs...')
#10 {main}
CRITICAL - 2022-12-22 17:18:03 --> Not unique table/alias: 'publication'
in SYSTEMPATH\Database\MySQLi\Connection.php on line 292.
 1 SYSTEMPATH\Database\MySQLi\Connection.php(292): mysqli->query('SELECT *
FROM `publication`
JOIN `publication` ON `publication_has_article`.`id_publication` = `publication`.`id_publication`
JOIN `publication_has_article` ON `publication_has_article`.`id_article` = `article`.`id_article`
JOIN `article` ON `user_has_article`.`id_article` = `article`.`id_article`
JOIN `user_has_article` ON `user_has_article`.`id_user` = `user`.`id_user`
WHERE `publication`.`id_publication` = \'1\'
AND `user`.`id_user` = \'36\'
GROUP BY `publication`.`id_publication`', 0)
 2 SYSTEMPATH\Database\BaseConnection.php(666): CodeIgniter\Database\MySQLi\Connection->execute('SELECT *
FROM `publication`
JOIN `publication` ON `publication_has_article`.`id_publication` = `publication`.`id_publication`
JOIN `publication_has_article` ON `publication_has_article`.`id_article` = `article`.`id_article`
JOIN `article` ON `user_has_article`.`id_article` = `article`.`id_article`
JOIN `user_has_article` ON `user_has_article`.`id_user` = `user`.`id_user`
WHERE `publication`.`id_publication` = \'1\'
AND `user`.`id_user` = \'36\'
GROUP BY `publication`.`id_publication`')
 3 SYSTEMPATH\Database\BaseConnection.php(593): CodeIgniter\Database\BaseConnection->simpleQuery('SELECT *
FROM `publication`
JOIN `publication` ON `publication_has_article`.`id_publication` = `publication`.`id_publication`
JOIN `publication_has_article` ON `publication_has_article`.`id_article` = `article`.`id_article`
JOIN `article` ON `user_has_article`.`id_article` = `article`.`id_article`
JOIN `user_has_article` ON `user_has_article`.`id_user` = `user`.`id_user`
WHERE `publication`.`id_publication` = \'1\'
AND `user`.`id_user` = \'36\'
GROUP BY `publication`.`id_publication`')
 4 SYSTEMPATH\Database\BaseBuilder.php(1585): CodeIgniter\Database\BaseConnection->query('SELECT *
FROM `publication`
JOIN `publication` ON `publication_has_article`.`id_publication` = `publication`.`id_publication`
JOIN `publication_has_article` ON `publication_has_article`.`id_article` = `article`.`id_article`
JOIN `article` ON `user_has_article`.`id_article` = `article`.`id_article`
JOIN `user_has_article` ON `user_has_article`.`id_user` = `user`.`id_user`
WHERE `publication`.`id_publication` = :publication.id_publication:
AND `user`.`id_user` = :user.id_user:
GROUP BY `publication`.`id_publication`', [...], false)
 5 APPPATH\Controllers\DashBoard.php(282): CodeIgniter\Database\BaseBuilder->get()
 6 SYSTEMPATH\CodeIgniter.php(927): App\Controllers\DashBoard->listformerpublishes()
 7 SYSTEMPATH\CodeIgniter.php(482): CodeIgniter\CodeIgniter->runController(Object(App\Controllers\DashBoard))
 8 SYSTEMPATH\CodeIgniter.php(351): CodeIgniter\CodeIgniter->handleRequest(null, Object(Config\Cache), false)
 9 FCPATH\index.php(67): CodeIgniter\CodeIgniter->run()
10 SYSTEMPATH\Commands\Server\rewrite.php(46): require_once('FCPATH\\index.php')
ERROR - 2022-12-22 17:18:20 --> mysqli_sql_exception: Not unique table/alias: 'publication' in D:\xampp\htdocs\Ma_formation\MaFormation\system\Database\MySQLi\Connection.php:292
Stack trace:
#0 D:\xampp\htdocs\Ma_formation\MaFormation\system\Database\MySQLi\Connection.php(292): mysqli->query('SELECT `article...', 0)
#1 D:\xampp\htdocs\Ma_formation\MaFormation\system\Database\BaseConnection.php(666): CodeIgniter\Database\MySQLi\Connection->execute('SELECT `article...')
#2 D:\xampp\htdocs\Ma_formation\MaFormation\system\Database\BaseConnection.php(593): CodeIgniter\Database\BaseConnection->simpleQuery('SELECT `article...')
#3 D:\xampp\htdocs\Ma_formation\MaFormation\system\Database\BaseBuilder.php(1585): CodeIgniter\Database\BaseConnection->query('SELECT `article...', Array, false)
#4 D:\xampp\htdocs\Ma_formation\MaFormation\app\Controllers\DashBoard.php(284): CodeIgniter\Database\BaseBuilder->get()
#5 D:\xampp\htdocs\Ma_formation\MaFormation\system\CodeIgniter.php(927): App\Controllers\DashBoard->listformerpublishes()
#6 D:\xampp\htdocs\Ma_formation\MaFormation\system\CodeIgniter.php(482): CodeIgniter\CodeIgniter->runController(Object(App\Controllers\DashBoard))
#7 D:\xampp\htdocs\Ma_formation\MaFormation\system\CodeIgniter.php(351): CodeIgniter\CodeIgniter->handleRequest(NULL, Object(Config\Cache), false)
#8 D:\xampp\htdocs\Ma_formation\MaFormation\public\index.php(67): CodeIgniter\CodeIgniter->run()
#9 D:\xampp\htdocs\Ma_formation\MaFormation\system\Commands\Server\rewrite.php(46): require_once('D:\\xampp\\htdocs...')
#10 {main}
CRITICAL - 2022-12-22 17:18:20 --> Not unique table/alias: 'publication'
in SYSTEMPATH\Database\MySQLi\Connection.php on line 292.
 1 SYSTEMPATH\Database\MySQLi\Connection.php(292): mysqli->query('SELECT `article`.`id_article`, `article`.`subject`, `article`.`description`, `article`.`datetime`
FROM `publication`
JOIN `publication` ON `publication_has_article`.`id_publication` = `publication`.`id_publication`
JOIN `publication_has_article` ON `publication_has_article`.`id_article` = `article`.`id_article`
JOIN `article` ON `user_has_article`.`id_article` = `article`.`id_article`
JOIN `user_has_article` ON `user_has_article`.`id_user` = `user`.`id_user`
WHERE `publication`.`id_publication` = \'1\'
AND `user`.`id_user` = \'36\'
GROUP BY `publication`.`id_publication`', 0)
 2 SYSTEMPATH\Database\BaseConnection.php(666): CodeIgniter\Database\MySQLi\Connection->execute('SELECT `article`.`id_article`, `article`.`subject`, `article`.`description`, `article`.`datetime`
FROM `publication`
JOIN `publication` ON `publication_has_article`.`id_publication` = `publication`.`id_publication`
JOIN `publication_has_article` ON `publication_has_article`.`id_article` = `article`.`id_article`
JOIN `article` ON `user_has_article`.`id_article` = `article`.`id_article`
JOIN `user_has_article` ON `user_has_article`.`id_user` = `user`.`id_user`
WHERE `publication`.`id_publication` = \'1\'
AND `user`.`id_user` = \'36\'
GROUP BY `publication`.`id_publication`')
 3 SYSTEMPATH\Database\BaseConnection.php(593): CodeIgniter\Database\BaseConnection->simpleQuery('SELECT `article`.`id_article`, `article`.`subject`, `article`.`description`, `article`.`datetime`
FROM `publication`
JOIN `publication` ON `publication_has_article`.`id_publication` = `publication`.`id_publication`
JOIN `publication_has_article` ON `publication_has_article`.`id_article` = `article`.`id_article`
JOIN `article` ON `user_has_article`.`id_article` = `article`.`id_article`
JOIN `user_has_article` ON `user_has_article`.`id_user` = `user`.`id_user`
WHERE `publication`.`id_publication` = \'1\'
AND `user`.`id_user` = \'36\'
GROUP BY `publication`.`id_publication`')
 4 SYSTEMPATH\Database\BaseBuilder.php(1585): CodeIgniter\Database\BaseConnection->query('SELECT `article`.`id_article`, `article`.`subject`, `article`.`description`, `article`.`datetime`
FROM `publication`
JOIN `publication` ON `publication_has_article`.`id_publication` = `publication`.`id_publication`
JOIN `publication_has_article` ON `publication_has_article`.`id_article` = `article`.`id_article`
JOIN `article` ON `user_has_article`.`id_article` = `article`.`id_article`
JOIN `user_has_article` ON `user_has_article`.`id_user` = `user`.`id_user`
WHERE `publication`.`id_publication` = :publication.id_publication:
AND `user`.`id_user` = :user.id_user:
GROUP BY `publication`.`id_publication`', [...], false)
 5 APPPATH\Controllers\DashBoard.php(284): CodeIgniter\Database\BaseBuilder->get()
 6 SYSTEMPATH\CodeIgniter.php(927): App\Controllers\DashBoard->listformerpublishes()
 7 SYSTEMPATH\CodeIgniter.php(482): CodeIgniter\CodeIgniter->runController(Object(App\Controllers\DashBoard))
 8 SYSTEMPATH\CodeIgniter.php(351): CodeIgniter\CodeIgniter->handleRequest(null, Object(Config\Cache), false)
 9 FCPATH\index.php(67): CodeIgniter\CodeIgniter->run()
10 SYSTEMPATH\Commands\Server\rewrite.php(46): require_once('FCPATH\\index.php')
CRITICAL - 2022-12-22 17:23:15 --> Undefined array key "user"
in APPPATH\Views\Admin\list_article_admin.php on line 20.
 1 APPPATH\Views\Admin\list_article_admin.php(20): CodeIgniter\Debug\Exceptions->errorHandler(2, 'Undefined array key "user"', 'APPPATH\\Views\\Admin\\list_article_admin.php', 20)
 2 SYSTEMPATH\View\View.php(213): include('APPPATH\\Views\\Admin\\list_article_admin.php')
 3 SYSTEMPATH\View\View.php(216): CodeIgniter\View\View->CodeIgniter\View\{closure}()
 4 SYSTEMPATH\Common.php(1134): CodeIgniter\View\View->render('Admin/list_article_admin.php', [], true)
 5 APPPATH\Controllers\DashBoard.php(331): view('Admin/list_article_admin.php', [...])
 6 SYSTEMPATH\CodeIgniter.php(927): App\Controllers\DashBoard->listformerarticles()
 7 SYSTEMPATH\CodeIgniter.php(482): CodeIgniter\CodeIgniter->runController(Object(App\Controllers\DashBoard))
 8 SYSTEMPATH\CodeIgniter.php(351): CodeIgniter\CodeIgniter->handleRequest(null, Object(Config\Cache), false)
 9 FCPATH\index.php(67): CodeIgniter\CodeIgniter->run()
10 SYSTEMPATH\Commands\Server\rewrite.php(46): require_once('FCPATH\\index.php')
