CRITICAL - 2022-12-14 17:03:45 --> Call to undefined function createOptionobject()
in APPPATH\Views\Contact\index.php on line 17.
 1 SYSTEMPATH\View\View.php(213): include()
 2 SYSTEMPATH\View\View.php(216): CodeIgniter\View\View->CodeIgniter\View\{closure}()
 3 SYSTEMPATH\Common.php(1134): CodeIgniter\View\View->render('Contact/index', [], true)
 4 APPPATH\Controllers\Contact.php(46): view('Contact/index', [...])
 5 SYSTEMPATH\CodeIgniter.php(927): App\Controllers\Contact->index()
 6 SYSTEMPATH\CodeIgniter.php(482): CodeIgniter\CodeIgniter->runController(Object(App\Controllers\Contact))
 7 SYSTEMPATH\CodeIgniter.php(351): CodeIgniter\CodeIgniter->handleRequest(null, Object(Config\Cache), false)
 8 FCPATH\index.php(67): CodeIgniter\CodeIgniter->run()
 9 SYSTEMPATH\Commands\Server\rewrite.php(46): require_once('FCPATH\\index.php')
CRITICAL - 2022-12-14 17:12:13 --> Undefined variable $options
in APPPATH\Views\Contact\index.php on line 17.
 1 APPPATH\Views\Contact\index.php(17): CodeIgniter\Debug\Exceptions->errorHandler(2, 'Undefined variable $options', 'APPPATH\\Views\\Contact\\index.php', 17)
 2 SYSTEMPATH\View\View.php(213): include('APPPATH\\Views\\Contact\\index.php')
 3 SYSTEMPATH\View\View.php(216): CodeIgniter\View\View->CodeIgniter\View\{closure}()
 4 SYSTEMPATH\Common.php(1134): CodeIgniter\View\View->render('Contact/index', [], true)
 5 APPPATH\Controllers\Contact.php(64): view('Contact/index', [...])
 6 SYSTEMPATH\CodeIgniter.php(927): App\Controllers\Contact->index()
 7 SYSTEMPATH\CodeIgniter.php(482): CodeIgniter\CodeIgniter->runController(Object(App\Controllers\Contact))
 8 SYSTEMPATH\CodeIgniter.php(351): CodeIgniter\CodeIgniter->handleRequest(null, Object(Config\Cache), false)
 9 FCPATH\index.php(67): CodeIgniter\CodeIgniter->run()
10 SYSTEMPATH\Commands\Server\rewrite.php(46): require_once('FCPATH\\index.php')
CRITICAL - 2022-12-14 17:13:14 --> Undefined variable $options
in APPPATH\Views\Contact\index.php on line 17.
 1 APPPATH\Views\Contact\index.php(17): CodeIgniter\Debug\Exceptions->errorHandler(2, 'Undefined variable $options', 'APPPATH\\Views\\Contact\\index.php', 17)
 2 SYSTEMPATH\View\View.php(213): include('APPPATH\\Views\\Contact\\index.php')
 3 SYSTEMPATH\View\View.php(216): CodeIgniter\View\View->CodeIgniter\View\{closure}()
 4 SYSTEMPATH\Common.php(1134): CodeIgniter\View\View->render('Contact/index', [], true)
 5 APPPATH\Controllers\Contact.php(64): view('Contact/index', [...])
 6 SYSTEMPATH\CodeIgniter.php(927): App\Controllers\Contact->index()
 7 SYSTEMPATH\CodeIgniter.php(482): CodeIgniter\CodeIgniter->runController(Object(App\Controllers\Contact))
 8 SYSTEMPATH\CodeIgniter.php(351): CodeIgniter\CodeIgniter->handleRequest(null, Object(Config\Cache), false)
 9 FCPATH\index.php(67): CodeIgniter\CodeIgniter->run()
10 SYSTEMPATH\Commands\Server\rewrite.php(46): require_once('FCPATH\\index.php')
CRITICAL - 2022-12-14 17:13:17 --> Undefined variable $options
in APPPATH\Views\Contact\index.php on line 17.
 1 APPPATH\Views\Contact\index.php(17): CodeIgniter\Debug\Exceptions->errorHandler(2, 'Undefined variable $options', 'APPPATH\\Views\\Contact\\index.php', 17)
 2 SYSTEMPATH\View\View.php(213): include('APPPATH\\Views\\Contact\\index.php')
 3 SYSTEMPATH\View\View.php(216): CodeIgniter\View\View->CodeIgniter\View\{closure}()
 4 SYSTEMPATH\Common.php(1134): CodeIgniter\View\View->render('Contact/index', [], true)
 5 APPPATH\Controllers\Contact.php(64): view('Contact/index', [...])
 6 SYSTEMPATH\CodeIgniter.php(927): App\Controllers\Contact->index()
 7 SYSTEMPATH\CodeIgniter.php(482): CodeIgniter\CodeIgniter->runController(Object(App\Controllers\Contact))
 8 SYSTEMPATH\CodeIgniter.php(351): CodeIgniter\CodeIgniter->handleRequest(null, Object(Config\Cache), false)
 9 FCPATH\index.php(67): CodeIgniter\CodeIgniter->run()
10 SYSTEMPATH\Commands\Server\rewrite.php(46): require_once('FCPATH\\index.php')
CRITICAL - 2022-12-14 17:13:22 --> Undefined variable $options
in APPPATH\Views\Contact\index.php on line 17.
 1 APPPATH\Views\Contact\index.php(17): CodeIgniter\Debug\Exceptions->errorHandler(2, 'Undefined variable $options', 'APPPATH\\Views\\Contact\\index.php', 17)
 2 SYSTEMPATH\View\View.php(213): include('APPPATH\\Views\\Contact\\index.php')
 3 SYSTEMPATH\View\View.php(216): CodeIgniter\View\View->CodeIgniter\View\{closure}()
 4 SYSTEMPATH\Common.php(1134): CodeIgniter\View\View->render('Contact/index', [], true)
 5 APPPATH\Controllers\Contact.php(64): view('Contact/index', [...])
 6 SYSTEMPATH\CodeIgniter.php(927): App\Controllers\Contact->index()
 7 SYSTEMPATH\CodeIgniter.php(482): CodeIgniter\CodeIgniter->runController(Object(App\Controllers\Contact))
 8 SYSTEMPATH\CodeIgniter.php(351): CodeIgniter\CodeIgniter->handleRequest(null, Object(Config\Cache), false)
 9 FCPATH\index.php(67): CodeIgniter\CodeIgniter->run()
10 SYSTEMPATH\Commands\Server\rewrite.php(46): require_once('FCPATH\\index.php')
CRITICAL - 2022-12-14 17:15:06 --> Undefined variable $options
in APPPATH\Views\Contact\index.php on line 17.
 1 APPPATH\Views\Contact\index.php(17): CodeIgniter\Debug\Exceptions->errorHandler(2, 'Undefined variable $options', 'APPPATH\\Views\\Contact\\index.php', 17)
 2 SYSTEMPATH\View\View.php(213): include('APPPATH\\Views\\Contact\\index.php')
 3 SYSTEMPATH\View\View.php(216): CodeIgniter\View\View->CodeIgniter\View\{closure}()
 4 SYSTEMPATH\Common.php(1134): CodeIgniter\View\View->render('Contact/index', [], true)
 5 APPPATH\Controllers\Contact.php(65): view('Contact/index', [...])
 6 SYSTEMPATH\CodeIgniter.php(927): App\Controllers\Contact->index()
 7 SYSTEMPATH\CodeIgniter.php(482): CodeIgniter\CodeIgniter->runController(Object(App\Controllers\Contact))
 8 SYSTEMPATH\CodeIgniter.php(351): CodeIgniter\CodeIgniter->handleRequest(null, Object(Config\Cache), false)
 9 FCPATH\index.php(67): CodeIgniter\CodeIgniter->run()
10 SYSTEMPATH\Commands\Server\rewrite.php(46): require_once('FCPATH\\index.php')
CRITICAL - 2022-12-14 21:18:21 --> Undefined variable $events
in APPPATH\Controllers\Former.php on line 188.
 1 APPPATH\Controllers\Former.php(188): CodeIgniter\Debug\Exceptions->errorHandler(2, 'Undefined variable $events', 'APPPATH\\Controllers\\Former.php', 188)
 2 SYSTEMPATH\CodeIgniter.php(927): App\Controllers\Former->rdv()
 3 SYSTEMPATH\CodeIgniter.php(482): CodeIgniter\CodeIgniter->runController(Object(App\Controllers\Former))
 4 SYSTEMPATH\CodeIgniter.php(351): CodeIgniter\CodeIgniter->handleRequest(null, Object(Config\Cache), false)
 5 FCPATH\index.php(67): CodeIgniter\CodeIgniter->run()
 6 SYSTEMPATH\Commands\Server\rewrite.php(46): require_once('FCPATH\\index.php')
