CRITICAL - 2023-01-11 09:29:02 --> Undefined array key "description"
in APPPATH\Controllers\Training.php on line 73.
 1 APPPATH\Controllers\Training.php(73): CodeIgniter\Debug\Exceptions->errorHandler(2, 'Undefined array key "description"', 'APPPATH\\Controllers\\Training.php', 73)
 2 SYSTEMPATH\CodeIgniter.php(927): App\Controllers\Training->view()
 3 SYSTEMPATH\CodeIgniter.php(482): CodeIgniter\CodeIgniter->runController(Object(App\Controllers\Training))
 4 SYSTEMPATH\CodeIgniter.php(351): CodeIgniter\CodeIgniter->handleRequest(null, Object(Config\Cache), false)
 5 FCPATH\index.php(67): CodeIgniter\CodeIgniter->run()
 6 SYSTEMPATH\Commands\Server\rewrite.php(46): require_once('FCPATH\\index.php')
CRITICAL - 2023-01-11 09:29:54 --> Undefined array key "description"
in APPPATH\Controllers\Training.php on line 73.
 1 APPPATH\Controllers\Training.php(73): CodeIgniter\Debug\Exceptions->errorHandler(2, 'Undefined array key "description"', 'APPPATH\\Controllers\\Training.php', 73)
 2 SYSTEMPATH\CodeIgniter.php(927): App\Controllers\Training->view()
 3 SYSTEMPATH\CodeIgniter.php(482): CodeIgniter\CodeIgniter->runController(Object(App\Controllers\Training))
 4 SYSTEMPATH\CodeIgniter.php(351): CodeIgniter\CodeIgniter->handleRequest(null, Object(Config\Cache), false)
 5 FCPATH\index.php(67): CodeIgniter\CodeIgniter->run()
 6 SYSTEMPATH\Commands\Server\rewrite.php(46): require_once('FCPATH\\index.php')
CRITICAL - 2023-01-11 09:30:25 --> Undefined array key "description"
in APPPATH\Controllers\Training.php on line 73.
 1 APPPATH\Controllers\Training.php(73): CodeIgniter\Debug\Exceptions->errorHandler(2, 'Undefined array key "description"', 'APPPATH\\Controllers\\Training.php', 73)
 2 SYSTEMPATH\CodeIgniter.php(927): App\Controllers\Training->view()
 3 SYSTEMPATH\CodeIgniter.php(482): CodeIgniter\CodeIgniter->runController(Object(App\Controllers\Training))
 4 SYSTEMPATH\CodeIgniter.php(351): CodeIgniter\CodeIgniter->handleRequest(null, Object(Config\Cache), false)
 5 FCPATH\index.php(67): CodeIgniter\CodeIgniter->run()
 6 SYSTEMPATH\Commands\Server\rewrite.php(46): require_once('FCPATH\\index.php')
CRITICAL - 2023-01-11 09:30:26 --> Undefined array key "description"
in APPPATH\Controllers\Training.php on line 73.
 1 APPPATH\Controllers\Training.php(73): CodeIgniter\Debug\Exceptions->errorHandler(2, 'Undefined array key "description"', 'APPPATH\\Controllers\\Training.php', 73)
 2 SYSTEMPATH\CodeIgniter.php(927): App\Controllers\Training->view()
 3 SYSTEMPATH\CodeIgniter.php(482): CodeIgniter\CodeIgniter->runController(Object(App\Controllers\Training))
 4 SYSTEMPATH\CodeIgniter.php(351): CodeIgniter\CodeIgniter->handleRequest(null, Object(Config\Cache), false)
 5 FCPATH\index.php(67): CodeIgniter\CodeIgniter->run()
 6 SYSTEMPATH\Commands\Server\rewrite.php(46): require_once('FCPATH\\index.php')
CRITICAL - 2023-01-11 09:30:27 --> Undefined array key "description"
in APPPATH\Controllers\Training.php on line 73.
 1 APPPATH\Controllers\Training.php(73): CodeIgniter\Debug\Exceptions->errorHandler(2, 'Undefined array key "description"', 'APPPATH\\Controllers\\Training.php', 73)
 2 SYSTEMPATH\CodeIgniter.php(927): App\Controllers\Training->view()
 3 SYSTEMPATH\CodeIgniter.php(482): CodeIgniter\CodeIgniter->runController(Object(App\Controllers\Training))
 4 SYSTEMPATH\CodeIgniter.php(351): CodeIgniter\CodeIgniter->handleRequest(null, Object(Config\Cache), false)
 5 FCPATH\index.php(67): CodeIgniter\CodeIgniter->run()
 6 SYSTEMPATH\Commands\Server\rewrite.php(46): require_once('FCPATH\\index.php')
CRITICAL - 2023-01-11 09:30:27 --> Undefined array key "description"
in APPPATH\Controllers\Training.php on line 73.
 1 APPPATH\Controllers\Training.php(73): CodeIgniter\Debug\Exceptions->errorHandler(2, 'Undefined array key "description"', 'APPPATH\\Controllers\\Training.php', 73)
 2 SYSTEMPATH\CodeIgniter.php(927): App\Controllers\Training->view()
 3 SYSTEMPATH\CodeIgniter.php(482): CodeIgniter\CodeIgniter->runController(Object(App\Controllers\Training))
 4 SYSTEMPATH\CodeIgniter.php(351): CodeIgniter\CodeIgniter->handleRequest(null, Object(Config\Cache), false)
 5 FCPATH\index.php(67): CodeIgniter\CodeIgniter->run()
 6 SYSTEMPATH\Commands\Server\rewrite.php(46): require_once('FCPATH\\index.php')
CRITICAL - 2023-01-11 09:30:27 --> Undefined array key "description"
in APPPATH\Controllers\Training.php on line 73.
 1 APPPATH\Controllers\Training.php(73): CodeIgniter\Debug\Exceptions->errorHandler(2, 'Undefined array key "description"', 'APPPATH\\Controllers\\Training.php', 73)
 2 SYSTEMPATH\CodeIgniter.php(927): App\Controllers\Training->view()
 3 SYSTEMPATH\CodeIgniter.php(482): CodeIgniter\CodeIgniter->runController(Object(App\Controllers\Training))
 4 SYSTEMPATH\CodeIgniter.php(351): CodeIgniter\CodeIgniter->handleRequest(null, Object(Config\Cache), false)
 5 FCPATH\index.php(67): CodeIgniter\CodeIgniter->run()
 6 SYSTEMPATH\Commands\Server\rewrite.php(46): require_once('FCPATH\\index.php')
CRITICAL - 2023-01-11 09:30:27 --> Undefined array key "description"
in APPPATH\Controllers\Training.php on line 73.
 1 APPPATH\Controllers\Training.php(73): CodeIgniter\Debug\Exceptions->errorHandler(2, 'Undefined array key "description"', 'APPPATH\\Controllers\\Training.php', 73)
 2 SYSTEMPATH\CodeIgniter.php(927): App\Controllers\Training->view()
 3 SYSTEMPATH\CodeIgniter.php(482): CodeIgniter\CodeIgniter->runController(Object(App\Controllers\Training))
 4 SYSTEMPATH\CodeIgniter.php(351): CodeIgniter\CodeIgniter->handleRequest(null, Object(Config\Cache), false)
 5 FCPATH\index.php(67): CodeIgniter\CodeIgniter->run()
 6 SYSTEMPATH\Commands\Server\rewrite.php(46): require_once('FCPATH\\index.php')
CRITICAL - 2023-01-11 09:30:32 --> Undefined array key "description"
in APPPATH\Controllers\Training.php on line 73.
 1 APPPATH\Controllers\Training.php(73): CodeIgniter\Debug\Exceptions->errorHandler(2, 'Undefined array key "description"', 'APPPATH\\Controllers\\Training.php', 73)
 2 SYSTEMPATH\CodeIgniter.php(927): App\Controllers\Training->view()
 3 SYSTEMPATH\CodeIgniter.php(482): CodeIgniter\CodeIgniter->runController(Object(App\Controllers\Training))
 4 SYSTEMPATH\CodeIgniter.php(351): CodeIgniter\CodeIgniter->handleRequest(null, Object(Config\Cache), false)
 5 FCPATH\index.php(67): CodeIgniter\CodeIgniter->run()
 6 SYSTEMPATH\Commands\Server\rewrite.php(46): require_once('FCPATH\\index.php')
CRITICAL - 2023-01-11 09:30:32 --> Undefined array key "description"
in APPPATH\Controllers\Training.php on line 73.
 1 APPPATH\Controllers\Training.php(73): CodeIgniter\Debug\Exceptions->errorHandler(2, 'Undefined array key "description"', 'APPPATH\\Controllers\\Training.php', 73)
 2 SYSTEMPATH\CodeIgniter.php(927): App\Controllers\Training->view()
 3 SYSTEMPATH\CodeIgniter.php(482): CodeIgniter\CodeIgniter->runController(Object(App\Controllers\Training))
 4 SYSTEMPATH\CodeIgniter.php(351): CodeIgniter\CodeIgniter->handleRequest(null, Object(Config\Cache), false)
 5 FCPATH\index.php(67): CodeIgniter\CodeIgniter->run()
 6 SYSTEMPATH\Commands\Server\rewrite.php(46): require_once('FCPATH\\index.php')
CRITICAL - 2023-01-11 09:30:39 --> Undefined array key "description"
in APPPATH\Controllers\Training.php on line 73.
 1 APPPATH\Controllers\Training.php(73): CodeIgniter\Debug\Exceptions->errorHandler(2, 'Undefined array key "description"', 'APPPATH\\Controllers\\Training.php', 73)
 2 SYSTEMPATH\CodeIgniter.php(927): App\Controllers\Training->view()
 3 SYSTEMPATH\CodeIgniter.php(482): CodeIgniter\CodeIgniter->runController(Object(App\Controllers\Training))
 4 SYSTEMPATH\CodeIgniter.php(351): CodeIgniter\CodeIgniter->handleRequest(null, Object(Config\Cache), false)
 5 FCPATH\index.php(67): CodeIgniter\CodeIgniter->run()
 6 SYSTEMPATH\Commands\Server\rewrite.php(46): require_once('FCPATH\\index.php')
CRITICAL - 2023-01-11 09:31:49 --> Array to string conversion
in APPPATH\Views\Training\training_view.php on line 83.
 1 APPPATH\Views\Training\training_view.php(83): CodeIgniter\Debug\Exceptions->errorHandler(2, 'Array to string conversion', 'APPPATH\\Views\\Training\\training_view.php', 83)
 2 SYSTEMPATH\View\View.php(213): include('APPPATH\\Views\\Training\\training_view.php')
 3 SYSTEMPATH\View\View.php(216): CodeIgniter\View\View->CodeIgniter\View\{closure}()
 4 SYSTEMPATH\Common.php(1134): CodeIgniter\View\View->render('Training/training_view.php', [], true)
 5 APPPATH\Controllers\Training.php(85): view('Training/training_view.php', [...])
 6 SYSTEMPATH\CodeIgniter.php(927): App\Controllers\Training->view()
 7 SYSTEMPATH\CodeIgniter.php(482): CodeIgniter\CodeIgniter->runController(Object(App\Controllers\Training))
 8 SYSTEMPATH\CodeIgniter.php(351): CodeIgniter\CodeIgniter->handleRequest(null, Object(Config\Cache), false)
 9 FCPATH\index.php(67): CodeIgniter\CodeIgniter->run()
10 SYSTEMPATH\Commands\Server\rewrite.php(46): require_once('FCPATH\\index.php')
CRITICAL - 2023-01-11 09:32:24 --> Array to string conversion
in APPPATH\Views\Training\training_view.php on line 83.
 1 APPPATH\Views\Training\training_view.php(83): CodeIgniter\Debug\Exceptions->errorHandler(2, 'Array to string conversion', 'APPPATH\\Views\\Training\\training_view.php', 83)
 2 SYSTEMPATH\View\View.php(213): include('APPPATH\\Views\\Training\\training_view.php')
 3 SYSTEMPATH\View\View.php(216): CodeIgniter\View\View->CodeIgniter\View\{closure}()
 4 SYSTEMPATH\Common.php(1134): CodeIgniter\View\View->render('Training/training_view.php', [], true)
 5 APPPATH\Controllers\Training.php(85): view('Training/training_view.php', [...])
 6 SYSTEMPATH\CodeIgniter.php(927): App\Controllers\Training->view()
 7 SYSTEMPATH\CodeIgniter.php(482): CodeIgniter\CodeIgniter->runController(Object(App\Controllers\Training))
 8 SYSTEMPATH\CodeIgniter.php(351): CodeIgniter\CodeIgniter->handleRequest(null, Object(Config\Cache), false)
 9 FCPATH\index.php(67): CodeIgniter\CodeIgniter->run()
10 SYSTEMPATH\Commands\Server\rewrite.php(46): require_once('FCPATH\\index.php')
CRITICAL - 2023-01-11 09:33:19 --> Array to string conversion
in APPPATH\Controllers\Training.php on line 75.
 1 APPPATH\Controllers\Training.php(75): CodeIgniter\Debug\Exceptions->errorHandler(2, 'Array to string conversion', 'APPPATH\\Controllers\\Training.php', 75)
 2 SYSTEMPATH\CodeIgniter.php(927): App\Controllers\Training->view()
 3 SYSTEMPATH\CodeIgniter.php(482): CodeIgniter\CodeIgniter->runController(Object(App\Controllers\Training))
 4 SYSTEMPATH\CodeIgniter.php(351): CodeIgniter\CodeIgniter->handleRequest(null, Object(Config\Cache), false)
 5 FCPATH\index.php(67): CodeIgniter\CodeIgniter->run()
 6 SYSTEMPATH\Commands\Server\rewrite.php(46): require_once('FCPATH\\index.php')
CRITICAL - 2023-01-11 09:36:29 --> Array to string conversion
in APPPATH\Views\Training\training_view.php on line 84.
 1 APPPATH\Views\Training\training_view.php(84): CodeIgniter\Debug\Exceptions->errorHandler(2, 'Array to string conversion', 'APPPATH\\Views\\Training\\training_view.php', 84)
 2 SYSTEMPATH\View\View.php(213): include('APPPATH\\Views\\Training\\training_view.php')
 3 SYSTEMPATH\View\View.php(216): CodeIgniter\View\View->CodeIgniter\View\{closure}()
 4 SYSTEMPATH\Common.php(1134): CodeIgniter\View\View->render('Training/training_view.php', [], true)
 5 APPPATH\Controllers\Training.php(86): view('Training/training_view.php', [...])
 6 SYSTEMPATH\CodeIgniter.php(927): App\Controllers\Training->view()
 7 SYSTEMPATH\CodeIgniter.php(482): CodeIgniter\CodeIgniter->runController(Object(App\Controllers\Training))
 8 SYSTEMPATH\CodeIgniter.php(351): CodeIgniter\CodeIgniter->handleRequest(null, Object(Config\Cache), false)
 9 FCPATH\index.php(67): CodeIgniter\CodeIgniter->run()
10 SYSTEMPATH\Commands\Server\rewrite.php(46): require_once('FCPATH\\index.php')
CRITICAL - 2023-01-11 11:01:30 --> Undefined array key "image_url"
in APPPATH\Controllers\Training.php on line 75.
 1 APPPATH\Controllers\Training.php(75): CodeIgniter\Debug\Exceptions->errorHandler(2, 'Undefined array key "image_url"', 'APPPATH\\Controllers\\Training.php', 75)
 2 SYSTEMPATH\CodeIgniter.php(927): App\Controllers\Training->view()
 3 SYSTEMPATH\CodeIgniter.php(482): CodeIgniter\CodeIgniter->runController(Object(App\Controllers\Training))
 4 SYSTEMPATH\CodeIgniter.php(351): CodeIgniter\CodeIgniter->handleRequest(null, Object(Config\Cache), false)
 5 FCPATH\index.php(67): CodeIgniter\CodeIgniter->run()
 6 SYSTEMPATH\Commands\Server\rewrite.php(46): require_once('FCPATH\\index.php')
CRITICAL - 2023-01-11 11:20:47 --> Undefined array key "content"
in APPPATH\Views\Training\training_view.php on line 91.
 1 APPPATH\Views\Training\training_view.php(91): CodeIgniter\Debug\Exceptions->errorHandler(2, 'Undefined array key "content"', 'APPPATH\\Views\\Training\\training_view.php', 91)
 2 SYSTEMPATH\View\View.php(213): include('APPPATH\\Views\\Training\\training_view.php')
 3 SYSTEMPATH\View\View.php(216): CodeIgniter\View\View->CodeIgniter\View\{closure}()
 4 SYSTEMPATH\Common.php(1134): CodeIgniter\View\View->render('Training/training_view.php', [], true)
 5 APPPATH\Controllers\Training.php(93): view('Training/training_view.php', [...])
 6 SYSTEMPATH\CodeIgniter.php(927): App\Controllers\Training->view()
 7 SYSTEMPATH\CodeIgniter.php(482): CodeIgniter\CodeIgniter->runController(Object(App\Controllers\Training))
 8 SYSTEMPATH\CodeIgniter.php(351): CodeIgniter\CodeIgniter->handleRequest(null, Object(Config\Cache), false)
 9 FCPATH\index.php(67): CodeIgniter\CodeIgniter->run()
10 SYSTEMPATH\Commands\Server\rewrite.php(46): require_once('FCPATH\\index.php')
CRITICAL - 2023-01-11 13:32:43 --> Undefined array key "date"
in APPPATH\Controllers\Training.php on line 21.
 1 APPPATH\Controllers\Training.php(21): CodeIgniter\Debug\Exceptions->errorHandler(2, 'Undefined array key "date"', 'APPPATH\\Controllers\\Training.php', 21)
 2 SYSTEMPATH\CodeIgniter.php(927): App\Controllers\Training->list()
 3 SYSTEMPATH\CodeIgniter.php(482): CodeIgniter\CodeIgniter->runController(Object(App\Controllers\Training))
 4 SYSTEMPATH\CodeIgniter.php(351): CodeIgniter\CodeIgniter->handleRequest(null, Object(Config\Cache), false)
 5 FCPATH\index.php(67): CodeIgniter\CodeIgniter->run()
 6 SYSTEMPATH\Commands\Server\rewrite.php(46): require_once('FCPATH\\index.php')
CRITICAL - 2023-01-11 13:37:15 --> Undefined array key "date"
in APPPATH\Controllers\Training.php on line 22.
 1 APPPATH\Controllers\Training.php(22): CodeIgniter\Debug\Exceptions->errorHandler(2, 'Undefined array key "date"', 'APPPATH\\Controllers\\Training.php', 22)
 2 SYSTEMPATH\CodeIgniter.php(927): App\Controllers\Training->list()
 3 SYSTEMPATH\CodeIgniter.php(482): CodeIgniter\CodeIgniter->runController(Object(App\Controllers\Training))
 4 SYSTEMPATH\CodeIgniter.php(351): CodeIgniter\CodeIgniter->handleRequest(null, Object(Config\Cache), false)
 5 FCPATH\index.php(67): CodeIgniter\CodeIgniter->run()
 6 SYSTEMPATH\Commands\Server\rewrite.php(46): require_once('FCPATH\\index.php')
CRITICAL - 2023-01-11 14:08:04 --> Undefined variable $user
in APPPATH\Views\layouts\profil.php on line 19.
 1 APPPATH\Views\layouts\profil.php(19): CodeIgniter\Debug\Exceptions->errorHandler(2, 'Undefined variable $user', 'APPPATH\\Views\\layouts\\profil.php', 19)
 2 SYSTEMPATH\View\View.php(213): include('APPPATH\\Views\\layouts\\profil.php')
 3 SYSTEMPATH\View\View.php(216): CodeIgniter\View\View->CodeIgniter\View\{closure}()
 4 SYSTEMPATH\View\View.php(229): CodeIgniter\View\View->render('layouts/profil', [], true)
 5 SYSTEMPATH\Common.php(1134): CodeIgniter\View\View->render('Training/training_list.php', [], true)
 6 APPPATH\Controllers\Training.php(39): view('Training/training_list.php', [...])
 7 SYSTEMPATH\CodeIgniter.php(927): App\Controllers\Training->list()
 8 SYSTEMPATH\CodeIgniter.php(482): CodeIgniter\CodeIgniter->runController(Object(App\Controllers\Training))
 9 SYSTEMPATH\CodeIgniter.php(351): CodeIgniter\CodeIgniter->handleRequest(null, Object(Config\Cache), false)
10 FCPATH\index.php(67): CodeIgniter\CodeIgniter->run()
11 SYSTEMPATH\Commands\Server\rewrite.php(46): require_once('FCPATH\\index.php')
CRITICAL - 2023-01-11 14:08:21 --> Undefined variable $user
in APPPATH\Views\layouts\profil.php on line 19.
 1 APPPATH\Views\layouts\profil.php(19): CodeIgniter\Debug\Exceptions->errorHandler(2, 'Undefined variable $user', 'APPPATH\\Views\\layouts\\profil.php', 19)
 2 SYSTEMPATH\View\View.php(213): include('APPPATH\\Views\\layouts\\profil.php')
 3 SYSTEMPATH\View\View.php(216): CodeIgniter\View\View->CodeIgniter\View\{closure}()
 4 SYSTEMPATH\View\View.php(229): CodeIgniter\View\View->render('layouts/profil', [], true)
 5 SYSTEMPATH\Common.php(1134): CodeIgniter\View\View->render('Training/training_list.php', [], true)
 6 APPPATH\Controllers\Training.php(39): view('Training/training_list.php', [...])
 7 SYSTEMPATH\CodeIgniter.php(927): App\Controllers\Training->list()
 8 SYSTEMPATH\CodeIgniter.php(482): CodeIgniter\CodeIgniter->runController(Object(App\Controllers\Training))
 9 SYSTEMPATH\CodeIgniter.php(351): CodeIgniter\CodeIgniter->handleRequest(null, Object(Config\Cache), false)
10 FCPATH\index.php(67): CodeIgniter\CodeIgniter->run()
11 SYSTEMPATH\Commands\Server\rewrite.php(46): require_once('FCPATH\\index.php')
CRITICAL - 2023-01-11 14:25:31 --> Undefined array key "id_training"
in APPPATH\Views\Training\training_list.php on line 19.
 1 APPPATH\Views\Training\training_list.php(19): CodeIgniter\Debug\Exceptions->errorHandler(2, 'Undefined array key "id_training"', 'APPPATH\\Views\\Training\\training_list.php', 19)
 2 SYSTEMPATH\View\View.php(213): include('APPPATH\\Views\\Training\\training_list.php')
 3 SYSTEMPATH\View\View.php(216): CodeIgniter\View\View->CodeIgniter\View\{closure}()
 4 SYSTEMPATH\Common.php(1134): CodeIgniter\View\View->render('Training/training_list.php', [], true)
 5 APPPATH\Controllers\Training.php(40): view('Training/training_list.php', [...])
 6 SYSTEMPATH\CodeIgniter.php(927): App\Controllers\Training->list()
 7 SYSTEMPATH\CodeIgniter.php(482): CodeIgniter\CodeIgniter->runController(Object(App\Controllers\Training))
 8 SYSTEMPATH\CodeIgniter.php(351): CodeIgniter\CodeIgniter->handleRequest(null, Object(Config\Cache), false)
 9 FCPATH\index.php(67): CodeIgniter\CodeIgniter->run()
10 SYSTEMPATH\Commands\Server\rewrite.php(46): require_once('FCPATH\\index.php')
CRITICAL - 2023-01-11 20:24:13 --> Undefined variable $modal_exit
in APPPATH\Views\Admin\super_profile.php on line 8.
 1 APPPATH\Views\Admin\super_profile.php(8): CodeIgniter\Debug\Exceptions->errorHandler(2, 'Undefined variable $modal_exit', 'APPPATH\\Views\\Admin\\super_profile.php', 8)
 2 SYSTEMPATH\View\View.php(213): include('APPPATH\\Views\\Admin\\super_profile.php')
 3 SYSTEMPATH\View\View.php(216): CodeIgniter\View\View->CodeIgniter\View\{closure}()
 4 SYSTEMPATH\Common.php(1134): CodeIgniter\View\View->render('Admin/super_profile', [], true)
 5 APPPATH\Controllers\User.php(72): view('Admin/super_profile', [...])
 6 SYSTEMPATH\CodeIgniter.php(927): App\Controllers\User->login()
 7 SYSTEMPATH\CodeIgniter.php(482): CodeIgniter\CodeIgniter->runController(Object(App\Controllers\User))
 8 SYSTEMPATH\CodeIgniter.php(351): CodeIgniter\CodeIgniter->handleRequest(null, Object(Config\Cache), false)
 9 FCPATH\index.php(67): CodeIgniter\CodeIgniter->run()
10 SYSTEMPATH\Commands\Server\rewrite.php(46): require_once('FCPATH\\index.php')
