CRITICAL - 2023-01-31 09:49:14 --> Undefined variable $modalDelete
in APPPATH\Views\Admin\dashboard_page.php on line 6.
 1 APPPATH\Views\Admin\dashboard_page.php(6): CodeIgniter\Debug\Exceptions->errorHandler(2, 'Undefined variable $modalDelete', 'APPPATH\\Views\\Admin\\dashboard_page.php', 6)
 2 SYSTEMPATH\View\View.php(213): include('APPPATH\\Views\\Admin\\dashboard_page.php')
 3 SYSTEMPATH\View\View.php(216): CodeIgniter\View\View->CodeIgniter\View\{closure}()
 4 SYSTEMPATH\Common.php(1134): CodeIgniter\View\View->render('Admin/dashboard_page.php', [], true)
 5 APPPATH\Controllers\Training.php(366): view('Admin/dashboard_page.php', [...])
 6 SYSTEMPATH\CodeIgniter.php(927): App\Controllers\Training->delete_page()
 7 SYSTEMPATH\CodeIgniter.php(482): CodeIgniter\CodeIgniter->runController(Object(App\Controllers\Training))
 8 SYSTEMPATH\CodeIgniter.php(351): CodeIgniter\CodeIgniter->handleRequest(null, Object(Config\Cache), false)
 9 FCPATH\index.php(67): CodeIgniter\CodeIgniter->run()
10 SYSTEMPATH\Commands\Server\rewrite.php(46): require_once('FCPATH\\index.php')
CRITICAL - 2023-01-31 12:47:04 --> Undefined variable $id_page
in APPPATH\Views\Training\page_modify.php on line 16.
 1 APPPATH\Views\Training\page_modify.php(16): CodeIgniter\Debug\Exceptions->errorHandler(2, 'Undefined variable $id_page', 'APPPATH\\Views\\Training\\page_modify.php', 16)
 2 SYSTEMPATH\View\View.php(213): include('APPPATH\\Views\\Training\\page_modify.php')
 3 SYSTEMPATH\View\View.php(216): CodeIgniter\View\View->CodeIgniter\View\{closure}()
 4 SYSTEMPATH\Common.php(1134): CodeIgniter\View\View->render('Training/page_modify.php', [], true)
 5 APPPATH\Controllers\Training.php(367): view('Training/page_modify.php', [...])
 6 SYSTEMPATH\CodeIgniter.php(927): App\Controllers\Training->save_page()
 7 SYSTEMPATH\CodeIgniter.php(482): CodeIgniter\CodeIgniter->runController(Object(App\Controllers\Training))
 8 SYSTEMPATH\CodeIgniter.php(351): CodeIgniter\CodeIgniter->handleRequest(null, Object(Config\Cache), false)
 9 FCPATH\index.php(67): CodeIgniter\CodeIgniter->run()
10 SYSTEMPATH\Commands\Server\rewrite.php(46): require_once('FCPATH\\index.php')
CRITICAL - 2023-01-31 12:54:17 --> Undefined variable $id_page
in APPPATH\Views\Training\page_modify.php on line 16.
 1 APPPATH\Views\Training\page_modify.php(16): CodeIgniter\Debug\Exceptions->errorHandler(2, 'Undefined variable $id_page', 'APPPATH\\Views\\Training\\page_modify.php', 16)
 2 SYSTEMPATH\View\View.php(213): include('APPPATH\\Views\\Training\\page_modify.php')
 3 SYSTEMPATH\View\View.php(216): CodeIgniter\View\View->CodeIgniter\View\{closure}()
 4 SYSTEMPATH\Common.php(1134): CodeIgniter\View\View->render('Training/page_modify.php', [], true)
 5 APPPATH\Controllers\Training.php(367): view('Training/page_modify.php', [...])
 6 SYSTEMPATH\CodeIgniter.php(927): App\Controllers\Training->save_page()
 7 SYSTEMPATH\CodeIgniter.php(482): CodeIgniter\CodeIgniter->runController(Object(App\Controllers\Training))
 8 SYSTEMPATH\CodeIgniter.php(351): CodeIgniter\CodeIgniter->handleRequest(null, Object(Config\Cache), false)
 9 FCPATH\index.php(67): CodeIgniter\CodeIgniter->run()
10 SYSTEMPATH\Commands\Server\rewrite.php(46): require_once('FCPATH\\index.php')
CRITICAL - 2023-01-31 12:58:18 --> Invalid file: Training/training_edit.php
in SYSTEMPATH\Exceptions\FrameworkException.php on line 33.
 1 SYSTEMPATH\View\View.php(201): CodeIgniter\Exceptions\FrameworkException::forInvalidFile('Training/training_edit.php')
 2 SYSTEMPATH\Common.php(1134): CodeIgniter\View\View->render('Training/training_edit.php', [], true)
 3 APPPATH\Controllers\Training.php(367): view('Training/training_edit.php', [...])
 4 SYSTEMPATH\CodeIgniter.php(927): App\Controllers\Training->save_page()
 5 SYSTEMPATH\CodeIgniter.php(482): CodeIgniter\CodeIgniter->runController(Object(App\Controllers\Training))
 6 SYSTEMPATH\CodeIgniter.php(351): CodeIgniter\CodeIgniter->handleRequest(null, Object(Config\Cache), false)
 7 FCPATH\index.php(67): CodeIgniter\CodeIgniter->run()
 8 SYSTEMPATH\Commands\Server\rewrite.php(46): require_once('FCPATH\\index.php')
CRITICAL - 2023-01-31 13:03:11 --> strlen(): Passing null to parameter #1 ($string) of type string is deprecated
in APPPATH\Views\Training\page_modify.php on line 34.
 1 APPPATH\Views\Training\page_modify.php(34): CodeIgniter\Debug\Exceptions->errorHandler(8192, 'strlen(): Passing null to parameter #1 ($string) of type string is deprecated', 'APPPATH\\Views\\Training\\page_modify.php', 34)
 2 SYSTEMPATH\View\View.php(213): include('APPPATH\\Views\\Training\\page_modify.php')
 3 SYSTEMPATH\View\View.php(216): CodeIgniter\View\View->CodeIgniter\View\{closure}()
 4 SYSTEMPATH\Common.php(1134): CodeIgniter\View\View->render('Training/page_modify.php', [], true)
 5 APPPATH\Controllers\Training.php(327): view('Training/page_modify.php', [...])
 6 SYSTEMPATH\CodeIgniter.php(927): App\Controllers\Training->modify_page()
 7 SYSTEMPATH\CodeIgniter.php(482): CodeIgniter\CodeIgniter->runController(Object(App\Controllers\Training))
 8 SYSTEMPATH\CodeIgniter.php(351): CodeIgniter\CodeIgniter->handleRequest(null, Object(Config\Cache), false)
 9 FCPATH\index.php(67): CodeIgniter\CodeIgniter->run()
10 SYSTEMPATH\Commands\Server\rewrite.php(46): require_once('FCPATH\\index.php')
CRITICAL - 2023-01-31 13:06:48 --> strlen(): Passing null to parameter #1 ($string) of type string is deprecated
in APPPATH\Views\Training\page_modify.php on line 34.
 1 APPPATH\Views\Training\page_modify.php(34): CodeIgniter\Debug\Exceptions->errorHandler(8192, 'strlen(): Passing null to parameter #1 ($string) of type string is deprecated', 'APPPATH\\Views\\Training\\page_modify.php', 34)
 2 SYSTEMPATH\View\View.php(213): include('APPPATH\\Views\\Training\\page_modify.php')
 3 SYSTEMPATH\View\View.php(216): CodeIgniter\View\View->CodeIgniter\View\{closure}()
 4 SYSTEMPATH\Common.php(1134): CodeIgniter\View\View->render('Training/page_modify.php', [], true)
 5 APPPATH\Controllers\Training.php(328): view('Training/page_modify.php', [...])
 6 SYSTEMPATH\CodeIgniter.php(927): App\Controllers\Training->modify_page()
 7 SYSTEMPATH\CodeIgniter.php(482): CodeIgniter\CodeIgniter->runController(Object(App\Controllers\Training))
 8 SYSTEMPATH\CodeIgniter.php(351): CodeIgniter\CodeIgniter->handleRequest(null, Object(Config\Cache), false)
 9 FCPATH\index.php(67): CodeIgniter\CodeIgniter->run()
10 SYSTEMPATH\Commands\Server\rewrite.php(46): require_once('FCPATH\\index.php')
CRITICAL - 2023-01-31 13:11:42 --> Undefined array key "title_page"
in APPPATH\Views\Admin\dashboard_page.php on line 49.
 1 APPPATH\Views\Admin\dashboard_page.php(49): CodeIgniter\Debug\Exceptions->errorHandler(2, 'Undefined array key "title_page"', 'APPPATH\\Views\\Admin\\dashboard_page.php', 49)
 2 SYSTEMPATH\View\View.php(213): include('APPPATH\\Views\\Admin\\dashboard_page.php')
 3 SYSTEMPATH\View\View.php(216): CodeIgniter\View\View->CodeIgniter\View\{closure}()
 4 SYSTEMPATH\Common.php(1134): CodeIgniter\View\View->render('Admin/dashboard_page.php', [], true)
 5 APPPATH\Controllers\Training.php(372): view('Admin/dashboard_page.php', [...])
 6 SYSTEMPATH\CodeIgniter.php(927): App\Controllers\Training->save_page()
 7 SYSTEMPATH\CodeIgniter.php(482): CodeIgniter\CodeIgniter->runController(Object(App\Controllers\Training))
 8 SYSTEMPATH\CodeIgniter.php(351): CodeIgniter\CodeIgniter->handleRequest(null, Object(Config\Cache), false)
 9 FCPATH\index.php(67): CodeIgniter\CodeIgniter->run()
10 SYSTEMPATH\Commands\Server\rewrite.php(46): require_once('FCPATH\\index.php')
CRITICAL - 2023-01-31 13:27:45 --> Undefined array key "content"
in APPPATH\Controllers\Training.php on line 302.
 1 APPPATH\Controllers\Training.php(302): CodeIgniter\Debug\Exceptions->errorHandler(2, 'Undefined array key "content"', 'APPPATH\\Controllers\\Training.php', 302)
 2 SYSTEMPATH\CodeIgniter.php(927): App\Controllers\Training->modify_page()
 3 SYSTEMPATH\CodeIgniter.php(482): CodeIgniter\CodeIgniter->runController(Object(App\Controllers\Training))
 4 SYSTEMPATH\CodeIgniter.php(351): CodeIgniter\CodeIgniter->handleRequest(null, Object(Config\Cache), false)
 5 FCPATH\index.php(67): CodeIgniter\CodeIgniter->run()
 6 SYSTEMPATH\Commands\Server\rewrite.php(46): require_once('FCPATH\\index.php')
CRITICAL - 2023-01-31 14:14:08 --> Call to undefined method App\Models\BillModel::getFilterBill
in SYSTEMPATH\Model.php on line 774.
 1 APPPATH\Controllers\User.php(522): CodeIgniter\Model->__call('getFilterBill', [])
 2 SYSTEMPATH\CodeIgniter.php(927): App\Controllers\User->bill()
 3 SYSTEMPATH\CodeIgniter.php(482): CodeIgniter\CodeIgniter->runController(Object(App\Controllers\User))
 4 SYSTEMPATH\CodeIgniter.php(351): CodeIgniter\CodeIgniter->handleRequest(null, Object(Config\Cache), false)
 5 FCPATH\index.php(67): CodeIgniter\CodeIgniter->run()
 6 SYSTEMPATH\Commands\Server\rewrite.php(46): require_once('FCPATH\\index.php')
