CRITICAL - 2022-12-08 17:34:52 --> Undefined array key "site"
in APPPATH\Views\Admin\super_profile.php on line 309.
 1 APPPATH\Views\Admin\super_profile.php(309): CodeIgniter\Debug\Exceptions->errorHandler(2, 'Undefined array key "site"', 'APPPATH\\Views\\Admin\\super_profile.php', 309)
 2 SYSTEMPATH\View\View.php(213): include('APPPATH\\Views\\Admin\\super_profile.php')
 3 SYSTEMPATH\View\View.php(216): CodeIgniter\View\View->CodeIgniter\View\{closure}()
 4 SYSTEMPATH\Common.php(1134): CodeIgniter\View\View->render('Admin/super_profile', [], true)
 5 APPPATH\Controllers\User.php(53): view('Admin/super_profile', [...])
 6 SYSTEMPATH\CodeIgniter.php(927): App\Controllers\User->login()
 7 SYSTEMPATH\CodeIgniter.php(482): CodeIgniter\CodeIgniter->runController(Object(App\Controllers\User))
 8 SYSTEMPATH\CodeIgniter.php(351): CodeIgniter\CodeIgniter->handleRequest(null, Object(Config\Cache), false)
 9 FCPATH\index.php(67): CodeIgniter\CodeIgniter->run()
10 SYSTEMPATH\Commands\Server\rewrite.php(46): require_once('FCPATH\\index.php')
CRITICAL - 2022-12-08 17:35:25 --> Undefined array key "site"
in APPPATH\Views\Admin\super_profile.php on line 309.
 1 APPPATH\Views\Admin\super_profile.php(309): CodeIgniter\Debug\Exceptions->errorHandler(2, 'Undefined array key "site"', 'APPPATH\\Views\\Admin\\super_profile.php', 309)
 2 SYSTEMPATH\View\View.php(213): include('APPPATH\\Views\\Admin\\super_profile.php')
 3 SYSTEMPATH\View\View.php(216): CodeIgniter\View\View->CodeIgniter\View\{closure}()
 4 SYSTEMPATH\Common.php(1134): CodeIgniter\View\View->render('Admin/super_profile', [], true)
 5 APPPATH\Controllers\User.php(53): view('Admin/super_profile', [...])
 6 SYSTEMPATH\CodeIgniter.php(927): App\Controllers\User->login()
 7 SYSTEMPATH\CodeIgniter.php(482): CodeIgniter\CodeIgniter->runController(Object(App\Controllers\User))
 8 SYSTEMPATH\CodeIgniter.php(351): CodeIgniter\CodeIgniter->handleRequest(null, Object(Config\Cache), false)
 9 FCPATH\index.php(67): CodeIgniter\CodeIgniter->run()
10 SYSTEMPATH\Commands\Server\rewrite.php(46): require_once('FCPATH\\index.php')
