CRITICAL - 2022-12-09 00:49:36 --> Undefined array key 0
in APPPATH\Controllers\Admin.php on line 92.
 1 APPPATH\Controllers\Admin.php(92): CodeIgniter\Debug\Exceptions->errorHandler(2, 'Undefined array key 0', 'APPPATH\\Controllers\\Admin.php', 92)
 2 SYSTEMPATH\CodeIgniter.php(927): App\Controllers\Admin->superprofile()
 3 SYSTEMPATH\CodeIgniter.php(482): CodeIgniter\CodeIgniter->runController(Object(App\Controllers\Admin))
 4 SYSTEMPATH\CodeIgniter.php(351): CodeIgniter\CodeIgniter->handleRequest(null, Object(Config\Cache), false)
 5 FCPATH\index.php(67): CodeIgniter\CodeIgniter->run()
 6 SYSTEMPATH\Commands\Server\rewrite.php(46): require_once('FCPATH\\index.php')
CRITICAL - 2022-12-09 00:50:23 --> Undefined array key 0
in APPPATH\Controllers\Admin.php on line 92.
 1 APPPATH\Controllers\Admin.php(92): CodeIgniter\Debug\Exceptions->errorHandler(2, 'Undefined array key 0', 'APPPATH\\Controllers\\Admin.php', 92)
 2 SYSTEMPATH\CodeIgniter.php(927): App\Controllers\Admin->superprofile()
 3 SYSTEMPATH\CodeIgniter.php(482): CodeIgniter\CodeIgniter->runController(Object(App\Controllers\Admin))
 4 SYSTEMPATH\CodeIgniter.php(351): CodeIgniter\CodeIgniter->handleRequest(null, Object(Config\Cache), false)
 5 FCPATH\index.php(67): CodeIgniter\CodeIgniter->run()
 6 SYSTEMPATH\Commands\Server\rewrite.php(46): require_once('FCPATH\\index.php')
CRITICAL - 2022-12-09 00:55:17 --> Undefined array key 0
in APPPATH\Controllers\Admin.php on line 91.
 1 APPPATH\Controllers\Admin.php(91): CodeIgniter\Debug\Exceptions->errorHandler(2, 'Undefined array key 0', 'APPPATH\\Controllers\\Admin.php', 91)
 2 SYSTEMPATH\CodeIgniter.php(927): App\Controllers\Admin->superprofile()
 3 SYSTEMPATH\CodeIgniter.php(482): CodeIgniter\CodeIgniter->runController(Object(App\Controllers\Admin))
 4 SYSTEMPATH\CodeIgniter.php(351): CodeIgniter\CodeIgniter->handleRequest(null, Object(Config\Cache), false)
 5 FCPATH\index.php(67): CodeIgniter\CodeIgniter->run()
 6 SYSTEMPATH\Commands\Server\rewrite.php(46): require_once('FCPATH\\index.php')
CRITICAL - 2022-12-09 00:56:44 --> Undefined array key 0
in APPPATH\Controllers\Admin.php on line 91.
 1 APPPATH\Controllers\Admin.php(91): CodeIgniter\Debug\Exceptions->errorHandler(2, 'Undefined array key 0', 'APPPATH\\Controllers\\Admin.php', 91)
 2 SYSTEMPATH\CodeIgniter.php(927): App\Controllers\Admin->superprofile()
 3 SYSTEMPATH\CodeIgniter.php(482): CodeIgniter\CodeIgniter->runController(Object(App\Controllers\Admin))
 4 SYSTEMPATH\CodeIgniter.php(351): CodeIgniter\CodeIgniter->handleRequest(null, Object(Config\Cache), false)
 5 FCPATH\index.php(67): CodeIgniter\CodeIgniter->run()
 6 SYSTEMPATH\Commands\Server\rewrite.php(46): require_once('FCPATH\\index.php')
CRITICAL - 2022-12-09 00:56:58 --> Undefined array key 0
in APPPATH\Controllers\Admin.php on line 91.
 1 APPPATH\Controllers\Admin.php(91): CodeIgniter\Debug\Exceptions->errorHandler(2, 'Undefined array key 0', 'APPPATH\\Controllers\\Admin.php', 91)
 2 SYSTEMPATH\CodeIgniter.php(927): App\Controllers\Admin->superprofile()
 3 SYSTEMPATH\CodeIgniter.php(482): CodeIgniter\CodeIgniter->runController(Object(App\Controllers\Admin))
 4 SYSTEMPATH\CodeIgniter.php(351): CodeIgniter\CodeIgniter->handleRequest(null, Object(Config\Cache), false)
 5 FCPATH\index.php(67): CodeIgniter\CodeIgniter->run()
 6 SYSTEMPATH\Commands\Server\rewrite.php(46): require_once('FCPATH\\index.php')
CRITICAL - 2022-12-09 00:57:20 --> Undefined array key 0
in APPPATH\Controllers\Admin.php on line 91.
 1 APPPATH\Controllers\Admin.php(91): CodeIgniter\Debug\Exceptions->errorHandler(2, 'Undefined array key 0', 'APPPATH\\Controllers\\Admin.php', 91)
 2 SYSTEMPATH\CodeIgniter.php(927): App\Controllers\Admin->superprofile()
 3 SYSTEMPATH\CodeIgniter.php(482): CodeIgniter\CodeIgniter->runController(Object(App\Controllers\Admin))
 4 SYSTEMPATH\CodeIgniter.php(351): CodeIgniter\CodeIgniter->handleRequest(null, Object(Config\Cache), false)
 5 FCPATH\index.php(67): CodeIgniter\CodeIgniter->run()
 6 SYSTEMPATH\Commands\Server\rewrite.php(46): require_once('FCPATH\\index.php')
CRITICAL - 2022-12-09 00:58:08 --> Call to undefined function set_value()
in APPPATH\Views\Admin\super_profile.php on line 54.
 1 SYSTEMPATH\View\View.php(213): include()
 2 SYSTEMPATH\View\View.php(216): CodeIgniter\View\View->CodeIgniter\View\{closure}()
 3 SYSTEMPATH\Common.php(1134): CodeIgniter\View\View->render('Admin/super_profile.php', [], true)
 4 APPPATH\Controllers\Admin.php(124): view('Admin/super_profile.php', [...])
 5 SYSTEMPATH\CodeIgniter.php(927): App\Controllers\Admin->superprofile()
 6 SYSTEMPATH\CodeIgniter.php(482): CodeIgniter\CodeIgniter->runController(Object(App\Controllers\Admin))
 7 SYSTEMPATH\CodeIgniter.php(351): CodeIgniter\CodeIgniter->handleRequest(null, Object(Config\Cache), false)
 8 FCPATH\index.php(67): CodeIgniter\CodeIgniter->run()
 9 SYSTEMPATH\Commands\Server\rewrite.php(46): require_once('FCPATH\\index.php')
CRITICAL - 2022-12-09 01:13:05 --> Undefined variable $listformers
in APPPATH\Views\Admin\list_privileges.php on line 22.
 1 APPPATH\Views\Admin\list_privileges.php(22): CodeIgniter\Debug\Exceptions->errorHandler(2, 'Undefined variable $listformers', 'APPPATH\\Views\\Admin\\list_privileges.php', 22)
 2 SYSTEMPATH\View\View.php(213): include('APPPATH\\Views\\Admin\\list_privileges.php')
 3 SYSTEMPATH\View\View.php(216): CodeIgniter\View\View->CodeIgniter\View\{closure}()
 4 SYSTEMPATH\Common.php(1134): CodeIgniter\View\View->render('Admin/list_privileges.php', [], true)
 5 APPPATH\Controllers\Admin.php(206): view('Admin/list_privileges.php', [...])
 6 SYSTEMPATH\CodeIgniter.php(927): App\Controllers\Admin->add_admin()
 7 SYSTEMPATH\CodeIgniter.php(482): CodeIgniter\CodeIgniter->runController(Object(App\Controllers\Admin))
 8 SYSTEMPATH\CodeIgniter.php(351): CodeIgniter\CodeIgniter->handleRequest(null, Object(Config\Cache), false)
 9 FCPATH\index.php(67): CodeIgniter\CodeIgniter->run()
10 SYSTEMPATH\Commands\Server\rewrite.php(46): require_once('FCPATH\\index.php')
CRITICAL - 2022-12-09 01:21:44 --> Invalid file: /Dashboard/privileges.php
in SYSTEMPATH\Exceptions\FrameworkException.php on line 33.
 1 SYSTEMPATH\View\View.php(201): CodeIgniter\Exceptions\FrameworkException::forInvalidFile('/Dashboard/privileges.php')
 2 SYSTEMPATH\Common.php(1134): CodeIgniter\View\View->render('/Dashboard/privileges', [], true)
 3 APPPATH\Controllers\Admin.php(206): view('/Dashboard/privileges', [...])
 4 SYSTEMPATH\CodeIgniter.php(927): App\Controllers\Admin->add_admin()
 5 SYSTEMPATH\CodeIgniter.php(482): CodeIgniter\CodeIgniter->runController(Object(App\Controllers\Admin))
 6 SYSTEMPATH\CodeIgniter.php(351): CodeIgniter\CodeIgniter->handleRequest(null, Object(Config\Cache), false)
 7 FCPATH\index.php(67): CodeIgniter\CodeIgniter->run()
 8 SYSTEMPATH\Commands\Server\rewrite.php(46): require_once('FCPATH\\index.php')
CRITICAL - 2022-12-09 01:23:15 --> Invalid file: /superadmin/privileges.php
in SYSTEMPATH\Exceptions\FrameworkException.php on line 33.
 1 SYSTEMPATH\View\View.php(201): CodeIgniter\Exceptions\FrameworkException::forInvalidFile('/superadmin/privileges.php')
 2 SYSTEMPATH\Common.php(1134): CodeIgniter\View\View->render('/superadmin/privileges', [], true)
 3 APPPATH\Controllers\Admin.php(206): view('/superadmin/privileges', [...])
 4 SYSTEMPATH\CodeIgniter.php(927): App\Controllers\Admin->add_admin()
 5 SYSTEMPATH\CodeIgniter.php(482): CodeIgniter\CodeIgniter->runController(Object(App\Controllers\Admin))
 6 SYSTEMPATH\CodeIgniter.php(351): CodeIgniter\CodeIgniter->handleRequest(null, Object(Config\Cache), false)
 7 FCPATH\index.php(67): CodeIgniter\CodeIgniter->run()
 8 SYSTEMPATH\Commands\Server\rewrite.php(46): require_once('FCPATH\\index.php')
CRITICAL - 2022-12-09 01:30:31 --> Invalid file: /superadmin/privileges.php
in SYSTEMPATH\Exceptions\FrameworkException.php on line 33.
 1 SYSTEMPATH\View\View.php(201): CodeIgniter\Exceptions\FrameworkException::forInvalidFile('/superadmin/privileges.php')
 2 SYSTEMPATH\Common.php(1134): CodeIgniter\View\View->render('/superadmin/privileges', [], true)
 3 APPPATH\Controllers\Admin.php(206): view('/superadmin/privileges', [...])
 4 SYSTEMPATH\CodeIgniter.php(927): App\Controllers\Admin->add_admin()
 5 SYSTEMPATH\CodeIgniter.php(482): CodeIgniter\CodeIgniter->runController(Object(App\Controllers\Admin))
 6 SYSTEMPATH\CodeIgniter.php(351): CodeIgniter\CodeIgniter->handleRequest(null, Object(Config\Cache), false)
 7 FCPATH\index.php(67): CodeIgniter\CodeIgniter->run()
 8 SYSTEMPATH\Commands\Server\rewrite.php(46): require_once('FCPATH\\index.php')
CRITICAL - 2022-12-09 01:32:13 --> Invalid file: /superadmin/privileges.php
in SYSTEMPATH\Exceptions\FrameworkException.php on line 33.
 1 SYSTEMPATH\View\View.php(201): CodeIgniter\Exceptions\FrameworkException::forInvalidFile('/superadmin/privileges.php')
 2 SYSTEMPATH\Common.php(1134): CodeIgniter\View\View->render('/superadmin/privileges', [], true)
 3 APPPATH\Controllers\Admin.php(206): view('/superadmin/privileges', [...])
 4 SYSTEMPATH\CodeIgniter.php(927): App\Controllers\Admin->add_admin()
 5 SYSTEMPATH\CodeIgniter.php(482): CodeIgniter\CodeIgniter->runController(Object(App\Controllers\Admin))
 6 SYSTEMPATH\CodeIgniter.php(351): CodeIgniter\CodeIgniter->handleRequest(null, Object(Config\Cache), false)
 7 FCPATH\index.php(67): CodeIgniter\CodeIgniter->run()
 8 SYSTEMPATH\Commands\Server\rewrite.php(46): require_once('FCPATH\\index.php')
CRITICAL - 2022-12-09 01:33:49 --> The route for "/superadmin/privileges" cannot be found.
in SYSTEMPATH\HTTP\RedirectResponse.php on line 60.
 1 SYSTEMPATH\HTTP\RedirectResponse.php(60): CodeIgniter\HTTP\Exceptions\HTTPException::forInvalidRedirectRoute('/superadmin/privileges')
 2 SYSTEMPATH\Common.php(860): CodeIgniter\HTTP\RedirectResponse->route(false)
 3 APPPATH\Controllers\Admin.php(206): redirect('/superadmin/privileges', [...])
 4 SYSTEMPATH\CodeIgniter.php(927): App\Controllers\Admin->add_admin()
 5 SYSTEMPATH\CodeIgniter.php(482): CodeIgniter\CodeIgniter->runController(Object(App\Controllers\Admin))
 6 SYSTEMPATH\CodeIgniter.php(351): CodeIgniter\CodeIgniter->handleRequest(null, Object(Config\Cache), false)
 7 FCPATH\index.php(67): CodeIgniter\CodeIgniter->run()
 8 SYSTEMPATH\Commands\Server\rewrite.php(46): require_once('FCPATH\\index.php')
CRITICAL - 2022-12-09 01:38:29 --> Call to undefined function powers()
in APPPATH\Views\Admin\profile_admin.php on line 103.
 1 SYSTEMPATH\View\View.php(213): include()
 2 SYSTEMPATH\View\View.php(216): CodeIgniter\View\View->CodeIgniter\View\{closure}()
 3 SYSTEMPATH\Common.php(1134): CodeIgniter\View\View->render('Admin/profile_admin', [], true)
 4 APPPATH\Controllers\User.php(53): view('Admin/profile_admin', [...])
 5 SYSTEMPATH\CodeIgniter.php(927): App\Controllers\User->login()
 6 SYSTEMPATH\CodeIgniter.php(482): CodeIgniter\CodeIgniter->runController(Object(App\Controllers\User))
 7 SYSTEMPATH\CodeIgniter.php(351): CodeIgniter\CodeIgniter->handleRequest(null, Object(Config\Cache), false)
 8 FCPATH\index.php(67): CodeIgniter\CodeIgniter->run()
 9 SYSTEMPATH\Commands\Server\rewrite.php(46): require_once('FCPATH\\index.php')
