CRITICAL - 2023-01-17 12:35:27 --> Undefined array key 0
in APPPATH\Controllers\DashBoard.php on line 425.
 1 APPPATH\Controllers\DashBoard.php(425): CodeIgniter\Debug\Exceptions->errorHandler(2, 'Undefined array key 0', 'APPPATH\\Controllers\\DashBoard.php', 425)
 2 SYSTEMPATH\CodeIgniter.php(927): App\Controllers\DashBoard->previewarticle()
 3 SYSTEMPATH\CodeIgniter.php(482): CodeIgniter\CodeIgniter->runController(Object(App\Controllers\DashBoard))
 4 SYSTEMPATH\CodeIgniter.php(351): CodeIgniter\CodeIgniter->handleRequest(null, Object(Config\Cache), false)
 5 FCPATH\index.php(67): CodeIgniter\CodeIgniter->run()
 6 SYSTEMPATH\Commands\Server\rewrite.php(46): require_once('FCPATH\\index.php')
CRITICAL - 2023-01-17 12:36:18 --> Undefined array key 0
in APPPATH\Controllers\DashBoard.php on line 425.
 1 APPPATH\Controllers\DashBoard.php(425): CodeIgniter\Debug\Exceptions->errorHandler(2, 'Undefined array key 0', 'APPPATH\\Controllers\\DashBoard.php', 425)
 2 SYSTEMPATH\CodeIgniter.php(927): App\Controllers\DashBoard->previewarticle()
 3 SYSTEMPATH\CodeIgniter.php(482): CodeIgniter\CodeIgniter->runController(Object(App\Controllers\DashBoard))
 4 SYSTEMPATH\CodeIgniter.php(351): CodeIgniter\CodeIgniter->handleRequest(null, Object(Config\Cache), false)
 5 FCPATH\index.php(67): CodeIgniter\CodeIgniter->run()
 6 SYSTEMPATH\Commands\Server\rewrite.php(46): require_once('FCPATH\\index.php')
CRITICAL - 2023-01-17 14:38:16 --> Undefined variable $buttonColor
in APPPATH\Views\Admin\dashboard_publishes_admin.php on line 17.
 1 APPPATH\Views\Admin\dashboard_publishes_admin.php(17): CodeIgniter\Debug\Exceptions->errorHandler(2, 'Undefined variable $buttonColor', 'APPPATH\\Views\\Admin\\dashboard_publishes_admin.php', 17)
 2 SYSTEMPATH\View\View.php(213): include('APPPATH\\Views\\Admin\\dashboard_publishes_admin.php')
 3 SYSTEMPATH\View\View.php(216): CodeIgniter\View\View->CodeIgniter\View\{closure}()
 4 SYSTEMPATH\Common.php(1134): CodeIgniter\View\View->render('Admin/dashboard_publishes_admin.php', [], true)
 5 APPPATH\Controllers\DashBoard.php(777): view('Admin/dashboard_publishes_admin.php', [...])
 6 SYSTEMPATH\CodeIgniter.php(927): App\Controllers\DashBoard->dashboard_publishes()
 7 SYSTEMPATH\CodeIgniter.php(482): CodeIgniter\CodeIgniter->runController(Object(App\Controllers\DashBoard))
 8 SYSTEMPATH\CodeIgniter.php(351): CodeIgniter\CodeIgniter->handleRequest(null, Object(Config\Cache), false)
 9 FCPATH\index.php(67): CodeIgniter\CodeIgniter->run()
10 SYSTEMPATH\Commands\Server\rewrite.php(46): require_once('FCPATH\\index.php')
CRITICAL - 2023-01-17 16:10:51 --> Undefined property: App\Controllers\News::$load
in FCPATH\php\functions\util.php on line 826.
 1 FCPATH\php\functions\util.php(826): CodeIgniter\Debug\Exceptions->errorHandler(2, 'Undefined property: App\\Controllers\\News::$load', 'FCPATH\\php\\functions\\util.php', 826)
 2 APPPATH\Controllers\News.php(464): getLastUrl(Object(App\Controllers\News))
 3 SYSTEMPATH\CodeIgniter.php(927): App\Controllers\News->delete_publish()
 4 SYSTEMPATH\CodeIgniter.php(482): CodeIgniter\CodeIgniter->runController(Object(App\Controllers\News))
 5 SYSTEMPATH\CodeIgniter.php(351): CodeIgniter\CodeIgniter->handleRequest(null, Object(Config\Cache), false)
 6 FCPATH\index.php(67): CodeIgniter\CodeIgniter->run()
 7 SYSTEMPATH\Commands\Server\rewrite.php(46): require_once('FCPATH\\index.php')
CRITICAL - 2023-01-17 16:16:17 --> Undefined property: App\Controllers\News::$load
in FCPATH\php\functions\util.php on line 826.
 1 FCPATH\php\functions\util.php(826): CodeIgniter\Debug\Exceptions->errorHandler(2, 'Undefined property: App\\Controllers\\News::$load', 'FCPATH\\php\\functions\\util.php', 826)
 2 APPPATH\Controllers\News.php(467): getLastUrl(Object(App\Controllers\News))
 3 SYSTEMPATH\CodeIgniter.php(927): App\Controllers\News->delete_publish()
 4 SYSTEMPATH\CodeIgniter.php(482): CodeIgniter\CodeIgniter->runController(Object(App\Controllers\News))
 5 SYSTEMPATH\CodeIgniter.php(351): CodeIgniter\CodeIgniter->handleRequest(null, Object(Config\Cache), false)
 6 FCPATH\index.php(67): CodeIgniter\CodeIgniter->run()
 7 SYSTEMPATH\Commands\Server\rewrite.php(46): require_once('FCPATH\\index.php')
CRITICAL - 2023-01-17 16:17:18 --> Undefined property: App\Controllers\News::$load
in FCPATH\php\functions\util.php on line 826.
 1 FCPATH\php\functions\util.php(826): CodeIgniter\Debug\Exceptions->errorHandler(2, 'Undefined property: App\\Controllers\\News::$load', 'FCPATH\\php\\functions\\util.php', 826)
 2 APPPATH\Controllers\News.php(467): getLastUrl(Object(App\Controllers\News))
 3 SYSTEMPATH\CodeIgniter.php(927): App\Controllers\News->delete_publish()
 4 SYSTEMPATH\CodeIgniter.php(482): CodeIgniter\CodeIgniter->runController(Object(App\Controllers\News))
 5 SYSTEMPATH\CodeIgniter.php(351): CodeIgniter\CodeIgniter->handleRequest(null, Object(Config\Cache), false)
 6 FCPATH\index.php(67): CodeIgniter\CodeIgniter->run()
 7 SYSTEMPATH\Commands\Server\rewrite.php(46): require_once('FCPATH\\index.php')
ERROR - 2023-01-17 16:20:30 --> mysqli_sql_exception: Table 'formation.id_publication' doesn't exist in C:\xampp\htdocs\MaFormation\system\Database\MySQLi\Connection.php:292
Stack trace:
#0 C:\xampp\htdocs\MaFormation\system\Database\MySQLi\Connection.php(292): mysqli->query('DELETE FROM `id...', 0)
#1 C:\xampp\htdocs\MaFormation\system\Database\BaseConnection.php(666): CodeIgniter\Database\MySQLi\Connection->execute('DELETE FROM `id...')
#2 C:\xampp\htdocs\MaFormation\system\Database\BaseConnection.php(593): CodeIgniter\Database\BaseConnection->simpleQuery('DELETE FROM `id...')
#3 C:\xampp\htdocs\MaFormation\system\Database\BaseBuilder.php(2391): CodeIgniter\Database\BaseConnection->query('DELETE FROM `id...', Array, false)
#4 C:\xampp\htdocs\MaFormation\app\Libraries\PublishHelper.php(56): CodeIgniter\Database\BaseBuilder->delete()
#5 C:\xampp\htdocs\MaFormation\app\Controllers\News.php(470): App\Libraries\PublishHelper->deletePublishe(NULL)
#6 C:\xampp\htdocs\MaFormation\system\CodeIgniter.php(927): App\Controllers\News->delete_publish()
#7 C:\xampp\htdocs\MaFormation\system\CodeIgniter.php(482): CodeIgniter\CodeIgniter->runController(Object(App\Controllers\News))
#8 C:\xampp\htdocs\MaFormation\system\CodeIgniter.php(351): CodeIgniter\CodeIgniter->handleRequest(NULL, Object(Config\Cache), false)
#9 C:\xampp\htdocs\MaFormation\public\index.php(67): CodeIgniter\CodeIgniter->run()
#10 C:\xampp\htdocs\MaFormation\system\Commands\Server\rewrite.php(46): require_once('C:\\xampp\\htdocs...')
#11 {main}
CRITICAL - 2023-01-17 16:20:30 --> Table 'formation.id_publication' doesn't exist
in SYSTEMPATH\Database\MySQLi\Connection.php on line 292.
 1 SYSTEMPATH\Database\MySQLi\Connection.php(292): mysqli->query('DELETE FROM `id_publication`
WHERE `id_publication` IS NULL', 0)
 2 SYSTEMPATH\Database\BaseConnection.php(666): CodeIgniter\Database\MySQLi\Connection->execute('DELETE FROM `id_publication`
WHERE `id_publication` IS NULL')
 3 SYSTEMPATH\Database\BaseConnection.php(593): CodeIgniter\Database\BaseConnection->simpleQuery('DELETE FROM `id_publication`
WHERE `id_publication` IS NULL')
 4 SYSTEMPATH\Database\BaseBuilder.php(2391): CodeIgniter\Database\BaseConnection->query('DELETE FROM `id_publication`
WHERE `id_publication` IS NULL', [], false)
 5 APPPATH\Libraries\PublishHelper.php(56): CodeIgniter\Database\BaseBuilder->delete()
 6 APPPATH\Controllers\News.php(470): App\Libraries\PublishHelper->deletePublishe(null)
 7 SYSTEMPATH\CodeIgniter.php(927): App\Controllers\News->delete_publish()
 8 SYSTEMPATH\CodeIgniter.php(482): CodeIgniter\CodeIgniter->runController(Object(App\Controllers\News))
 9 SYSTEMPATH\CodeIgniter.php(351): CodeIgniter\CodeIgniter->handleRequest(null, Object(Config\Cache), false)
10 FCPATH\index.php(67): CodeIgniter\CodeIgniter->run()
11 SYSTEMPATH\Commands\Server\rewrite.php(46): require_once('FCPATH\\index.php')
CRITICAL - 2023-01-17 16:48:26 --> Cannot access offset of type string on string
in APPPATH\Views\Publishes\preview_publish.php on line 12.
 1 SYSTEMPATH\View\View.php(213): include()
 2 SYSTEMPATH\View\View.php(216): CodeIgniter\View\View->CodeIgniter\View\{closure}()
 3 SYSTEMPATH\Common.php(1134): CodeIgniter\View\View->render('Publishes/preview_publish.php', [], true)
 4 APPPATH\Controllers\DashBoard.php(467): view('Publishes/preview_publish.php', [...])
 5 SYSTEMPATH\CodeIgniter.php(927): App\Controllers\DashBoard->previewpublish()
 6 SYSTEMPATH\CodeIgniter.php(482): CodeIgniter\CodeIgniter->runController(Object(App\Controllers\DashBoard))
 7 SYSTEMPATH\CodeIgniter.php(351): CodeIgniter\CodeIgniter->handleRequest(null, Object(Config\Cache), false)
 8 FCPATH\index.php(67): CodeIgniter\CodeIgniter->run()
 9 SYSTEMPATH\Commands\Server\rewrite.php(46): require_once('FCPATH\\index.php')
CRITICAL - 2023-01-17 17:04:59 --> Undefined variable $buttonColor
in APPPATH\Views\Admin\dashboard_article_admin.php on line 16.
 1 APPPATH\Views\Admin\dashboard_article_admin.php(16): CodeIgniter\Debug\Exceptions->errorHandler(2, 'Undefined variable $buttonColor', 'APPPATH\\Views\\Admin\\dashboard_article_admin.php', 16)
 2 SYSTEMPATH\View\View.php(213): include('APPPATH\\Views\\Admin\\dashboard_article_admin.php')
 3 SYSTEMPATH\View\View.php(216): CodeIgniter\View\View->CodeIgniter\View\{closure}()
 4 SYSTEMPATH\Common.php(1134): CodeIgniter\View\View->render('Admin/dashboard_article_admin.php', [], true)
 5 APPPATH\Controllers\DashBoard.php(695): view('Admin/dashboard_article_admin.php', [...])
 6 SYSTEMPATH\CodeIgniter.php(927): App\Controllers\DashBoard->dashboard_article()
 7 SYSTEMPATH\CodeIgniter.php(482): CodeIgniter\CodeIgniter->runController(Object(App\Controllers\DashBoard))
 8 SYSTEMPATH\CodeIgniter.php(351): CodeIgniter\CodeIgniter->handleRequest(null, Object(Config\Cache), false)
 9 FCPATH\index.php(67): CodeIgniter\CodeIgniter->run()
10 SYSTEMPATH\Commands\Server\rewrite.php(46): require_once('FCPATH\\index.php')
CRITICAL - 2023-01-17 17:05:33 --> Undefined variable $buttonColor
in APPPATH\Views\Admin\dashboard_article_admin.php on line 16.
 1 APPPATH\Views\Admin\dashboard_article_admin.php(16): CodeIgniter\Debug\Exceptions->errorHandler(2, 'Undefined variable $buttonColor', 'APPPATH\\Views\\Admin\\dashboard_article_admin.php', 16)
 2 SYSTEMPATH\View\View.php(213): include('APPPATH\\Views\\Admin\\dashboard_article_admin.php')
 3 SYSTEMPATH\View\View.php(216): CodeIgniter\View\View->CodeIgniter\View\{closure}()
 4 SYSTEMPATH\Common.php(1134): CodeIgniter\View\View->render('Admin/dashboard_article_admin.php', [], true)
 5 APPPATH\Controllers\DashBoard.php(696): view('Admin/dashboard_article_admin.php', [...])
 6 SYSTEMPATH\CodeIgniter.php(927): App\Controllers\DashBoard->dashboard_article()
 7 SYSTEMPATH\CodeIgniter.php(482): CodeIgniter\CodeIgniter->runController(Object(App\Controllers\DashBoard))
 8 SYSTEMPATH\CodeIgniter.php(351): CodeIgniter\CodeIgniter->handleRequest(null, Object(Config\Cache), false)
 9 FCPATH\index.php(67): CodeIgniter\CodeIgniter->run()
10 SYSTEMPATH\Commands\Server\rewrite.php(46): require_once('FCPATH\\index.php')
CRITICAL - 2023-01-17 17:05:55 --> Undefined variable $buttonColor
in APPPATH\Views\Admin\dashboard_article_admin.php on line 16.
 1 APPPATH\Views\Admin\dashboard_article_admin.php(16): CodeIgniter\Debug\Exceptions->errorHandler(2, 'Undefined variable $buttonColor', 'APPPATH\\Views\\Admin\\dashboard_article_admin.php', 16)
 2 SYSTEMPATH\View\View.php(213): include('APPPATH\\Views\\Admin\\dashboard_article_admin.php')
 3 SYSTEMPATH\View\View.php(216): CodeIgniter\View\View->CodeIgniter\View\{closure}()
 4 SYSTEMPATH\Common.php(1134): CodeIgniter\View\View->render('Admin/dashboard_article_admin.php', [], true)
 5 APPPATH\Controllers\DashBoard.php(696): view('Admin/dashboard_article_admin.php', [...])
 6 SYSTEMPATH\CodeIgniter.php(927): App\Controllers\DashBoard->dashboard_article()
 7 SYSTEMPATH\CodeIgniter.php(482): CodeIgniter\CodeIgniter->runController(Object(App\Controllers\DashBoard))
 8 SYSTEMPATH\CodeIgniter.php(351): CodeIgniter\CodeIgniter->handleRequest(null, Object(Config\Cache), false)
 9 FCPATH\index.php(67): CodeIgniter\CodeIgniter->run()
10 SYSTEMPATH\Commands\Server\rewrite.php(46): require_once('FCPATH\\index.php')
CRITICAL - 2023-01-17 17:06:18 --> Undefined variable $publishe
in APPPATH\Views\Admin\dashboard_article_admin.php on line 47.
 1 APPPATH\Views\Admin\dashboard_article_admin.php(47): CodeIgniter\Debug\Exceptions->errorHandler(2, 'Undefined variable $publishe', 'APPPATH\\Views\\Admin\\dashboard_article_admin.php', 47)
 2 SYSTEMPATH\View\View.php(213): include('APPPATH\\Views\\Admin\\dashboard_article_admin.php')
 3 SYSTEMPATH\View\View.php(216): CodeIgniter\View\View->CodeIgniter\View\{closure}()
 4 SYSTEMPATH\Common.php(1134): CodeIgniter\View\View->render('Admin/dashboard_article_admin.php', [], true)
 5 APPPATH\Controllers\DashBoard.php(697): view('Admin/dashboard_article_admin.php', [...])
 6 SYSTEMPATH\CodeIgniter.php(927): App\Controllers\DashBoard->dashboard_article()
 7 SYSTEMPATH\CodeIgniter.php(482): CodeIgniter\CodeIgniter->runController(Object(App\Controllers\DashBoard))
 8 SYSTEMPATH\CodeIgniter.php(351): CodeIgniter\CodeIgniter->handleRequest(null, Object(Config\Cache), false)
 9 FCPATH\index.php(67): CodeIgniter\CodeIgniter->run()
10 SYSTEMPATH\Commands\Server\rewrite.php(46): require_once('FCPATH\\index.php')
CRITICAL - 2023-01-17 17:26:22 --> Undefined array key 0
in APPPATH\Controllers\DashBoard.php on line 677.
 1 APPPATH\Controllers\DashBoard.php(677): CodeIgniter\Debug\Exceptions->errorHandler(2, 'Undefined array key 0', 'APPPATH\\Controllers\\DashBoard.php', 677)
 2 SYSTEMPATH\CodeIgniter.php(927): App\Controllers\DashBoard->dashboard_article()
 3 SYSTEMPATH\CodeIgniter.php(482): CodeIgniter\CodeIgniter->runController(Object(App\Controllers\DashBoard))
 4 SYSTEMPATH\CodeIgniter.php(351): CodeIgniter\CodeIgniter->handleRequest(null, Object(Config\Cache), false)
 5 FCPATH\index.php(67): CodeIgniter\CodeIgniter->run()
 6 SYSTEMPATH\Commands\Server\rewrite.php(46): require_once('FCPATH\\index.php')
CRITICAL - 2023-01-17 17:28:38 --> Undefined array key "name"
in APPPATH\Controllers\DashBoard.php on line 690.
 1 APPPATH\Controllers\DashBoard.php(690): CodeIgniter\Debug\Exceptions->errorHandler(2, 'Undefined array key "name"', 'APPPATH\\Controllers\\DashBoard.php', 690)
 2 SYSTEMPATH\CodeIgniter.php(927): App\Controllers\DashBoard->dashboard_article()
 3 SYSTEMPATH\CodeIgniter.php(482): CodeIgniter\CodeIgniter->runController(Object(App\Controllers\DashBoard))
 4 SYSTEMPATH\CodeIgniter.php(351): CodeIgniter\CodeIgniter->handleRequest(null, Object(Config\Cache), false)
 5 FCPATH\index.php(67): CodeIgniter\CodeIgniter->run()
 6 SYSTEMPATH\Commands\Server\rewrite.php(46): require_once('FCPATH\\index.php')
CRITICAL - 2023-01-17 17:29:05 --> Undefined array key "author"
in APPPATH\Views\Admin\dashboard_article_admin.php on line 42.
 1 APPPATH\Views\Admin\dashboard_article_admin.php(42): CodeIgniter\Debug\Exceptions->errorHandler(2, 'Undefined array key "author"', 'APPPATH\\Views\\Admin\\dashboard_article_admin.php', 42)
 2 SYSTEMPATH\View\View.php(213): include('APPPATH\\Views\\Admin\\dashboard_article_admin.php')
 3 SYSTEMPATH\View\View.php(216): CodeIgniter\View\View->CodeIgniter\View\{closure}()
 4 SYSTEMPATH\Common.php(1134): CodeIgniter\View\View->render('Admin/dashboard_article_admin.php', [], true)
 5 APPPATH\Controllers\DashBoard.php(703): view('Admin/dashboard_article_admin.php', [...])
 6 SYSTEMPATH\CodeIgniter.php(927): App\Controllers\DashBoard->dashboard_article()
 7 SYSTEMPATH\CodeIgniter.php(482): CodeIgniter\CodeIgniter->runController(Object(App\Controllers\DashBoard))
 8 SYSTEMPATH\CodeIgniter.php(351): CodeIgniter\CodeIgniter->handleRequest(null, Object(Config\Cache), false)
 9 FCPATH\index.php(67): CodeIgniter\CodeIgniter->run()
10 SYSTEMPATH\Commands\Server\rewrite.php(46): require_once('FCPATH\\index.php')
CRITICAL - 2023-01-17 17:30:10 --> Undefined array key "author"
in APPPATH\Views\Admin\dashboard_article_admin.php on line 42.
 1 APPPATH\Views\Admin\dashboard_article_admin.php(42): CodeIgniter\Debug\Exceptions->errorHandler(2, 'Undefined array key "author"', 'APPPATH\\Views\\Admin\\dashboard_article_admin.php', 42)
 2 SYSTEMPATH\View\View.php(213): include('APPPATH\\Views\\Admin\\dashboard_article_admin.php')
 3 SYSTEMPATH\View\View.php(216): CodeIgniter\View\View->CodeIgniter\View\{closure}()
 4 SYSTEMPATH\Common.php(1134): CodeIgniter\View\View->render('Admin/dashboard_article_admin.php', [], true)
 5 APPPATH\Controllers\DashBoard.php(703): view('Admin/dashboard_article_admin.php', [...])
 6 SYSTEMPATH\CodeIgniter.php(927): App\Controllers\DashBoard->dashboard_article()
 7 SYSTEMPATH\CodeIgniter.php(482): CodeIgniter\CodeIgniter->runController(Object(App\Controllers\DashBoard))
 8 SYSTEMPATH\CodeIgniter.php(351): CodeIgniter\CodeIgniter->handleRequest(null, Object(Config\Cache), false)
 9 FCPATH\index.php(67): CodeIgniter\CodeIgniter->run()
10 SYSTEMPATH\Commands\Server\rewrite.php(46): require_once('FCPATH\\index.php')
