CRITICAL - 2022-12-13 13:28:59 --> Undefined variable $former
in APPPATH\Views\Former\list_former_cv.php on line 9.
 1 APPPATH\Views\Former\list_former_cv.php(9): CodeIgniter\Debug\Exceptions->errorHandler(2, 'Undefined variable $former', 'APPPATH\\Views\\Former\\list_former_cv.php', 9)
 2 SYSTEMPATH\View\View.php(213): include('APPPATH\\Views\\Former\\list_former_cv.php')
 3 SYSTEMPATH\View\View.php(216): CodeIgniter\View\View->CodeIgniter\View\{closure}()
 4 SYSTEMPATH\Common.php(1134): CodeIgniter\View\View->render('Former/list_former_cv.php', [], true)
 5 APPPATH\Controllers\Former.php(147): view('Former/list_former_cv.php', [...])
 6 SYSTEMPATH\CodeIgniter.php(927): App\Controllers\Former->details_former_home()
 7 SYSTEMPATH\CodeIgniter.php(482): CodeIgniter\CodeIgniter->runController(Object(App\Controllers\Former))
 8 SYSTEMPATH\CodeIgniter.php(351): CodeIgniter\CodeIgniter->handleRequest(null, Object(Config\Cache), false)
 9 FCPATH\index.php(67): CodeIgniter\CodeIgniter->run()
10 SYSTEMPATH\Commands\Server\rewrite.php(46): require_once('FCPATH\\index.php')
CRITICAL - 2022-12-13 13:29:45 --> Undefined variable $skills
in APPPATH\Views\Former\list_former_cv.php on line 8.
 1 APPPATH\Views\Former\list_former_cv.php(8): CodeIgniter\Debug\Exceptions->errorHandler(2, 'Undefined variable $skills', 'APPPATH\\Views\\Former\\list_former_cv.php', 8)
 2 SYSTEMPATH\View\View.php(213): include('APPPATH\\Views\\Former\\list_former_cv.php')
 3 SYSTEMPATH\View\View.php(216): CodeIgniter\View\View->CodeIgniter\View\{closure}()
 4 SYSTEMPATH\Common.php(1134): CodeIgniter\View\View->render('Former/list_former_cv.php', [], true)
 5 APPPATH\Controllers\Former.php(147): view('Former/list_former_cv.php', [...])
 6 SYSTEMPATH\CodeIgniter.php(927): App\Controllers\Former->details_former_home()
 7 SYSTEMPATH\CodeIgniter.php(482): CodeIgniter\CodeIgniter->runController(Object(App\Controllers\Former))
 8 SYSTEMPATH\CodeIgniter.php(351): CodeIgniter\CodeIgniter->handleRequest(null, Object(Config\Cache), false)
 9 FCPATH\index.php(67): CodeIgniter\CodeIgniter->run()
10 SYSTEMPATH\Commands\Server\rewrite.php(46): require_once('FCPATH\\index.php')
CRITICAL - 2022-12-13 13:30:11 --> Undefined variable $skill
in APPPATH\Views\Former\list_former_cv.php on line 9.
 1 APPPATH\Views\Former\list_former_cv.php(9): CodeIgniter\Debug\Exceptions->errorHandler(2, 'Undefined variable $skill', 'APPPATH\\Views\\Former\\list_former_cv.php', 9)
 2 SYSTEMPATH\View\View.php(213): include('APPPATH\\Views\\Former\\list_former_cv.php')
 3 SYSTEMPATH\View\View.php(216): CodeIgniter\View\View->CodeIgniter\View\{closure}()
 4 SYSTEMPATH\Common.php(1134): CodeIgniter\View\View->render('Former/list_former_cv.php', [], true)
 5 APPPATH\Controllers\Former.php(147): view('Former/list_former_cv.php', [...])
 6 SYSTEMPATH\CodeIgniter.php(927): App\Controllers\Former->details_former_home()
 7 SYSTEMPATH\CodeIgniter.php(482): CodeIgniter\CodeIgniter->runController(Object(App\Controllers\Former))
 8 SYSTEMPATH\CodeIgniter.php(351): CodeIgniter\CodeIgniter->handleRequest(null, Object(Config\Cache), false)
 9 FCPATH\index.php(67): CodeIgniter\CodeIgniter->run()
10 SYSTEMPATH\Commands\Server\rewrite.php(46): require_once('FCPATH\\index.php')
CRITICAL - 2022-12-13 14:17:49 --> Undefined array key "id_user"
in APPPATH\Controllers\Former.php on line 137.
 1 APPPATH\Controllers\Former.php(137): CodeIgniter\Debug\Exceptions->errorHandler(2, 'Undefined array key "id_user"', 'APPPATH\\Controllers\\Former.php', 137)
 2 SYSTEMPATH\CodeIgniter.php(927): App\Controllers\Former->details_former_home()
 3 SYSTEMPATH\CodeIgniter.php(482): CodeIgniter\CodeIgniter->runController(Object(App\Controllers\Former))
 4 SYSTEMPATH\CodeIgniter.php(351): CodeIgniter\CodeIgniter->handleRequest(null, Object(Config\Cache), false)
 5 FCPATH\index.php(67): CodeIgniter\CodeIgniter->run()
 6 SYSTEMPATH\Commands\Server\rewrite.php(46): require_once('FCPATH\\index.php')
CRITICAL - 2022-12-13 14:18:54 --> Undefined array key "id_user"
in APPPATH\Controllers\Former.php on line 135.
 1 APPPATH\Controllers\Former.php(135): CodeIgniter\Debug\Exceptions->errorHandler(2, 'Undefined array key "id_user"', 'APPPATH\\Controllers\\Former.php', 135)
 2 SYSTEMPATH\CodeIgniter.php(927): App\Controllers\Former->details_former_home()
 3 SYSTEMPATH\CodeIgniter.php(482): CodeIgniter\CodeIgniter->runController(Object(App\Controllers\Former))
 4 SYSTEMPATH\CodeIgniter.php(351): CodeIgniter\CodeIgniter->handleRequest(null, Object(Config\Cache), false)
 5 FCPATH\index.php(67): CodeIgniter\CodeIgniter->run()
 6 SYSTEMPATH\Commands\Server\rewrite.php(46): require_once('FCPATH\\index.php')
CRITICAL - 2022-12-13 14:19:13 --> Undefined array key "id_user"
in APPPATH\Controllers\Former.php on line 139.
 1 APPPATH\Controllers\Former.php(139): CodeIgniter\Debug\Exceptions->errorHandler(2, 'Undefined array key "id_user"', 'APPPATH\\Controllers\\Former.php', 139)
 2 SYSTEMPATH\CodeIgniter.php(927): App\Controllers\Former->details_former_home()
 3 SYSTEMPATH\CodeIgniter.php(482): CodeIgniter\CodeIgniter->runController(Object(App\Controllers\Former))
 4 SYSTEMPATH\CodeIgniter.php(351): CodeIgniter\CodeIgniter->handleRequest(null, Object(Config\Cache), false)
 5 FCPATH\index.php(67): CodeIgniter\CodeIgniter->run()
 6 SYSTEMPATH\Commands\Server\rewrite.php(46): require_once('FCPATH\\index.php')
CRITICAL - 2022-12-13 14:20:45 --> Undefined variable $name
in APPPATH\Views\Former\list_former_cv.php on line 5.
 1 APPPATH\Views\Former\list_former_cv.php(5): CodeIgniter\Debug\Exceptions->errorHandler(2, 'Undefined variable $name', 'APPPATH\\Views\\Former\\list_former_cv.php', 5)
 2 SYSTEMPATH\View\View.php(213): include('APPPATH\\Views\\Former\\list_former_cv.php')
 3 SYSTEMPATH\View\View.php(216): CodeIgniter\View\View->CodeIgniter\View\{closure}()
 4 SYSTEMPATH\Common.php(1134): CodeIgniter\View\View->render('Former/list_former_cv.php', [], true)
 5 APPPATH\Controllers\Former.php(170): view('Former/list_former_cv.php', [...])
 6 SYSTEMPATH\CodeIgniter.php(927): App\Controllers\Former->details_former_home()
 7 SYSTEMPATH\CodeIgniter.php(482): CodeIgniter\CodeIgniter->runController(Object(App\Controllers\Former))
 8 SYSTEMPATH\CodeIgniter.php(351): CodeIgniter\CodeIgniter->handleRequest(null, Object(Config\Cache), false)
 9 FCPATH\index.php(67): CodeIgniter\CodeIgniter->run()
10 SYSTEMPATH\Commands\Server\rewrite.php(46): require_once('FCPATH\\index.php')
CRITICAL - 2022-12-13 14:23:34 --> Undefined array key "id_user"
in APPPATH\Controllers\Former.php on line 135.
 1 APPPATH\Controllers\Former.php(135): CodeIgniter\Debug\Exceptions->errorHandler(2, 'Undefined array key "id_user"', 'APPPATH\\Controllers\\Former.php', 135)
 2 SYSTEMPATH\CodeIgniter.php(927): App\Controllers\Former->details_former_home()
 3 SYSTEMPATH\CodeIgniter.php(482): CodeIgniter\CodeIgniter->runController(Object(App\Controllers\Former))
 4 SYSTEMPATH\CodeIgniter.php(351): CodeIgniter\CodeIgniter->handleRequest(null, Object(Config\Cache), false)
 5 FCPATH\index.php(67): CodeIgniter\CodeIgniter->run()
 6 SYSTEMPATH\Commands\Server\rewrite.php(46): require_once('FCPATH\\index.php')
CRITICAL - 2022-12-13 14:23:42 --> Undefined array key "id_user"
in APPPATH\Controllers\Former.php on line 135.
 1 APPPATH\Controllers\Former.php(135): CodeIgniter\Debug\Exceptions->errorHandler(2, 'Undefined array key "id_user"', 'APPPATH\\Controllers\\Former.php', 135)
 2 SYSTEMPATH\CodeIgniter.php(927): App\Controllers\Former->details_former_home()
 3 SYSTEMPATH\CodeIgniter.php(482): CodeIgniter\CodeIgniter->runController(Object(App\Controllers\Former))
 4 SYSTEMPATH\CodeIgniter.php(351): CodeIgniter\CodeIgniter->handleRequest(null, Object(Config\Cache), false)
 5 FCPATH\index.php(67): CodeIgniter\CodeIgniter->run()
 6 SYSTEMPATH\Commands\Server\rewrite.php(46): require_once('FCPATH\\index.php')
CRITICAL - 2022-12-13 14:25:13 --> Undefined array key 1
in APPPATH\Controllers\Former.php on line 136.
 1 APPPATH\Controllers\Former.php(136): CodeIgniter\Debug\Exceptions->errorHandler(2, 'Undefined array key 1', 'APPPATH\\Controllers\\Former.php', 136)
 2 SYSTEMPATH\CodeIgniter.php(927): App\Controllers\Former->details_former_home()
 3 SYSTEMPATH\CodeIgniter.php(482): CodeIgniter\CodeIgniter->runController(Object(App\Controllers\Former))
 4 SYSTEMPATH\CodeIgniter.php(351): CodeIgniter\CodeIgniter->handleRequest(null, Object(Config\Cache), false)
 5 FCPATH\index.php(67): CodeIgniter\CodeIgniter->run()
 6 SYSTEMPATH\Commands\Server\rewrite.php(46): require_once('FCPATH\\index.php')
CRITICAL - 2022-12-13 14:29:46 --> Undefined variable $name
in APPPATH\Views\Former\list_former_cv.php on line 5.
 1 APPPATH\Views\Former\list_former_cv.php(5): CodeIgniter\Debug\Exceptions->errorHandler(2, 'Undefined variable $name', 'APPPATH\\Views\\Former\\list_former_cv.php', 5)
 2 SYSTEMPATH\View\View.php(213): include('APPPATH\\Views\\Former\\list_former_cv.php')
 3 SYSTEMPATH\View\View.php(216): CodeIgniter\View\View->CodeIgniter\View\{closure}()
 4 SYSTEMPATH\Common.php(1134): CodeIgniter\View\View->render('Former/list_former_cv.php', [], true)
 5 APPPATH\Controllers\Former.php(168): view('Former/list_former_cv.php', [...])
 6 SYSTEMPATH\CodeIgniter.php(927): App\Controllers\Former->details_former_home()
 7 SYSTEMPATH\CodeIgniter.php(482): CodeIgniter\CodeIgniter->runController(Object(App\Controllers\Former))
 8 SYSTEMPATH\CodeIgniter.php(351): CodeIgniter\CodeIgniter->handleRequest(null, Object(Config\Cache), false)
 9 FCPATH\index.php(67): CodeIgniter\CodeIgniter->run()
10 SYSTEMPATH\Commands\Server\rewrite.php(46): require_once('FCPATH\\index.php')
CRITICAL - 2022-12-13 14:33:09 --> Undefined array key "name"
in APPPATH\Views\Former\list_former_cv.php on line 6.
 1 APPPATH\Views\Former\list_former_cv.php(6): CodeIgniter\Debug\Exceptions->errorHandler(2, 'Undefined array key "name"', 'APPPATH\\Views\\Former\\list_former_cv.php', 6)
 2 SYSTEMPATH\View\View.php(213): include('APPPATH\\Views\\Former\\list_former_cv.php')
 3 SYSTEMPATH\View\View.php(216): CodeIgniter\View\View->CodeIgniter\View\{closure}()
 4 SYSTEMPATH\Common.php(1134): CodeIgniter\View\View->render('Former/list_former_cv.php', [], true)
 5 APPPATH\Controllers\Former.php(169): view('Former/list_former_cv.php', [...])
 6 SYSTEMPATH\CodeIgniter.php(927): App\Controllers\Former->details_former_home()
 7 SYSTEMPATH\CodeIgniter.php(482): CodeIgniter\CodeIgniter->runController(Object(App\Controllers\Former))
 8 SYSTEMPATH\CodeIgniter.php(351): CodeIgniter\CodeIgniter->handleRequest(null, Object(Config\Cache), false)
 9 FCPATH\index.php(67): CodeIgniter\CodeIgniter->run()
10 SYSTEMPATH\Commands\Server\rewrite.php(46): require_once('FCPATH\\index.php')
CRITICAL - 2022-12-13 14:33:30 --> Undefined array key "name"
in APPPATH\Views\Former\list_former_cv.php on line 6.
 1 APPPATH\Views\Former\list_former_cv.php(6): CodeIgniter\Debug\Exceptions->errorHandler(2, 'Undefined array key "name"', 'APPPATH\\Views\\Former\\list_former_cv.php', 6)
 2 SYSTEMPATH\View\View.php(213): include('APPPATH\\Views\\Former\\list_former_cv.php')
 3 SYSTEMPATH\View\View.php(216): CodeIgniter\View\View->CodeIgniter\View\{closure}()
 4 SYSTEMPATH\Common.php(1134): CodeIgniter\View\View->render('Former/list_former_cv.php', [], true)
 5 APPPATH\Controllers\Former.php(169): view('Former/list_former_cv.php', [...])
 6 SYSTEMPATH\CodeIgniter.php(927): App\Controllers\Former->details_former_home()
 7 SYSTEMPATH\CodeIgniter.php(482): CodeIgniter\CodeIgniter->runController(Object(App\Controllers\Former))
 8 SYSTEMPATH\CodeIgniter.php(351): CodeIgniter\CodeIgniter->handleRequest(null, Object(Config\Cache), false)
 9 FCPATH\index.php(67): CodeIgniter\CodeIgniter->run()
10 SYSTEMPATH\Commands\Server\rewrite.php(46): require_once('FCPATH\\index.php')
CRITICAL - 2022-12-13 17:30:51 --> Class "App\Controllers\CertificateModel" not found
in APPPATH\Controllers\Home.php on line 22.
 1 SYSTEMPATH\CodeIgniter.php(927): App\Controllers\Home->index()
 2 SYSTEMPATH\CodeIgniter.php(482): CodeIgniter\CodeIgniter->runController(Object(App\Controllers\Home))
 3 SYSTEMPATH\CodeIgniter.php(351): CodeIgniter\CodeIgniter->handleRequest(null, Object(Config\Cache), false)
 4 FCPATH\index.php(67): CodeIgniter\CodeIgniter->run()
 5 SYSTEMPATH\Commands\Server\rewrite.php(46): require_once('FCPATH\\index.php')
CRITICAL - 2022-12-13 17:31:26 --> Class "LettersModel" not found
in APPPATH\Controllers\Home.php on line 22.
 1 SYSTEMPATH\CodeIgniter.php(927): App\Controllers\Home->index()
 2 SYSTEMPATH\CodeIgniter.php(482): CodeIgniter\CodeIgniter->runController(Object(App\Controllers\Home))
 3 SYSTEMPATH\CodeIgniter.php(351): CodeIgniter\CodeIgniter->handleRequest(null, Object(Config\Cache), false)
 4 FCPATH\index.php(67): CodeIgniter\CodeIgniter->run()
 5 SYSTEMPATH\Commands\Server\rewrite.php(46): require_once('FCPATH\\index.php')
ERROR - 2022-12-13 17:32:20 --> mysqli_sql_exception: Column 'mail' cannot be null in D:\xampp\htdocs\Ma_formation\MaFormation\system\Database\MySQLi\Connection.php:292
Stack trace:
#0 D:\xampp\htdocs\Ma_formation\MaFormation\system\Database\MySQLi\Connection.php(292): mysqli->query('INSERT INTO `le...', 0)
#1 D:\xampp\htdocs\Ma_formation\MaFormation\system\Database\BaseConnection.php(666): CodeIgniter\Database\MySQLi\Connection->execute('INSERT INTO `le...')
#2 D:\xampp\htdocs\Ma_formation\MaFormation\system\Database\BaseConnection.php(593): CodeIgniter\Database\BaseConnection->simpleQuery('INSERT INTO `le...')
#3 D:\xampp\htdocs\Ma_formation\MaFormation\system\Database\BaseBuilder.php(1916): CodeIgniter\Database\BaseConnection->query('INSERT INTO `le...', Array, false)
#4 D:\xampp\htdocs\Ma_formation\MaFormation\system\Model.php(279): CodeIgniter\Database\BaseBuilder->insert()
#5 D:\xampp\htdocs\Ma_formation\MaFormation\system\BaseModel.php(749): CodeIgniter\Model->doInsert(Array)
#6 D:\xampp\htdocs\Ma_formation\MaFormation\system\Model.php(667): CodeIgniter\BaseModel->insert(Array, false)
#7 D:\xampp\htdocs\Ma_formation\MaFormation\system\BaseModel.php(659): CodeIgniter\Model->insert(Array, false)
#8 D:\xampp\htdocs\Ma_formation\MaFormation\app\Controllers\Home.php(28): CodeIgniter\BaseModel->save(Array)
#9 D:\xampp\htdocs\Ma_formation\MaFormation\system\CodeIgniter.php(927): App\Controllers\Home->index()
#10 D:\xampp\htdocs\Ma_formation\MaFormation\system\CodeIgniter.php(482): CodeIgniter\CodeIgniter->runController(Object(App\Controllers\Home))
#11 D:\xampp\htdocs\Ma_formation\MaFormation\system\CodeIgniter.php(351): CodeIgniter\CodeIgniter->handleRequest(NULL, Object(Config\Cache), false)
#12 D:\xampp\htdocs\Ma_formation\MaFormation\public\index.php(67): CodeIgniter\CodeIgniter->run()
#13 D:\xampp\htdocs\Ma_formation\MaFormation\system\Commands\Server\rewrite.php(46): require_once('D:\\xampp\\htdocs...')
#14 {main}
CRITICAL - 2022-12-13 17:32:20 --> Column 'mail' cannot be null
in SYSTEMPATH\Database\MySQLi\Connection.php on line 292.
 1 SYSTEMPATH\Database\MySQLi\Connection.php(292): mysqli->query('INSERT INTO `letters` (`mail`) VALUES (NULL)', 0)
 2 SYSTEMPATH\Database\BaseConnection.php(666): CodeIgniter\Database\MySQLi\Connection->execute('INSERT INTO `letters` (`mail`) VALUES (NULL)')
 3 SYSTEMPATH\Database\BaseConnection.php(593): CodeIgniter\Database\BaseConnection->simpleQuery('INSERT INTO `letters` (`mail`) VALUES (NULL)')
 4 SYSTEMPATH\Database\BaseBuilder.php(1916): CodeIgniter\Database\BaseConnection->query('INSERT INTO `letters` (`mail`) VALUES (:mail:)', [...], false)
 5 SYSTEMPATH\Model.php(279): CodeIgniter\Database\BaseBuilder->insert()
 6 SYSTEMPATH\BaseModel.php(749): CodeIgniter\Model->doInsert([...])
 7 SYSTEMPATH\Model.php(667): CodeIgniter\BaseModel->insert([...], false)
 8 SYSTEMPATH\BaseModel.php(659): CodeIgniter\Model->insert([...], false)
 9 APPPATH\Controllers\Home.php(28): CodeIgniter\BaseModel->save([...])
10 SYSTEMPATH\CodeIgniter.php(927): App\Controllers\Home->index()
11 SYSTEMPATH\CodeIgniter.php(482): CodeIgniter\CodeIgniter->runController(Object(App\Controllers\Home))
12 SYSTEMPATH\CodeIgniter.php(351): CodeIgniter\CodeIgniter->handleRequest(null, Object(Config\Cache), false)
13 FCPATH\index.php(67): CodeIgniter\CodeIgniter->run()
14 SYSTEMPATH\Commands\Server\rewrite.php(46): require_once('FCPATH\\index.php')
CRITICAL - 2022-12-13 17:34:18 --> Call to undefined function set_value()
in APPPATH\Views\Home\index.php on line 86.
 1 SYSTEMPATH\View\View.php(213): include()
 2 SYSTEMPATH\View\View.php(216): CodeIgniter\View\View->CodeIgniter\View\{closure}()
 3 SYSTEMPATH\Common.php(1134): CodeIgniter\View\View->render('Home/index.php', [], true)
 4 APPPATH\Controllers\Home.php(38): view('Home/index.php', [...])
 5 SYSTEMPATH\CodeIgniter.php(927): App\Controllers\Home->index()
 6 SYSTEMPATH\CodeIgniter.php(482): CodeIgniter\CodeIgniter->runController(Object(App\Controllers\Home))
 7 SYSTEMPATH\CodeIgniter.php(351): CodeIgniter\CodeIgniter->handleRequest(null, Object(Config\Cache), false)
 8 FCPATH\index.php(67): CodeIgniter\CodeIgniter->run()
 9 SYSTEMPATH\Commands\Server\rewrite.php(46): require_once('FCPATH\\index.php')
CRITICAL - 2022-12-13 17:43:50 --> Call to undefined function set_value()
in APPPATH\Views\Home\index.php on line 86.
 1 SYSTEMPATH\View\View.php(213): include()
 2 SYSTEMPATH\View\View.php(216): CodeIgniter\View\View->CodeIgniter\View\{closure}()
 3 SYSTEMPATH\Common.php(1134): CodeIgniter\View\View->render('Home/index.php', [], true)
 4 APPPATH\Controllers\Home.php(44): view('Home/index.php', [...])
 5 SYSTEMPATH\CodeIgniter.php(927): App\Controllers\Home->index()
 6 SYSTEMPATH\CodeIgniter.php(482): CodeIgniter\CodeIgniter->runController(Object(App\Controllers\Home))
 7 SYSTEMPATH\CodeIgniter.php(351): CodeIgniter\CodeIgniter->handleRequest(null, Object(Config\Cache), false)
 8 FCPATH\index.php(67): CodeIgniter\CodeIgniter->run()
 9 SYSTEMPATH\Commands\Server\rewrite.php(46): require_once('FCPATH\\index.php')
