CRITICAL - 2022-12-12 10:58:56 --> Class "App\Libraries\UserHelper" not found
in APPPATH\Controllers\User.php on line 67.
 1 APPPATH\Controllers\User.php(53): App\Controllers\User->dispatch([...])
 2 SYSTEMPATH\CodeIgniter.php(927): App\Controllers\User->login()
 3 SYSTEMPATH\CodeIgniter.php(482): CodeIgniter\CodeIgniter->runController(Object(App\Controllers\User))
 4 SYSTEMPATH\CodeIgniter.php(351): CodeIgniter\CodeIgniter->handleRequest(null, Object(Config\Cache), false)
 5 FCPATH\index.php(67): CodeIgniter\CodeIgniter->run()
 6 SYSTEMPATH\Commands\Server\rewrite.php(46): require_once('FCPATH\\index.php')
CRITICAL - 2022-12-12 13:48:21 --> Undefined variable $icon
in FCPATH\php\functions\util.php on line 268.
 1 FCPATH\php\functions\util.php(268): CodeIgniter\Debug\Exceptions->errorHandler(2, 'Undefined variable $icon', 'FCPATH\\php\\functions\\util.php', 268)
 2 FCPATH\php\functions\util.php(400): getIcon('Edition')
 3 FCPATH\php\functions\util.php(228): fillMenu('Edition', 'menu3', 'Edition', '3')
 4 APPPATH\Views\layouts\profil.php(98): fillMenuDashBoard('3')
 5 SYSTEMPATH\View\View.php(213): include('APPPATH\\Views\\layouts\\profil.php')
 6 SYSTEMPATH\View\View.php(216): CodeIgniter\View\View->CodeIgniter\View\{closure}()
 7 SYSTEMPATH\View\View.php(229): CodeIgniter\View\View->render('layouts/profil', [], true)
 8 SYSTEMPATH\Common.php(1134): CodeIgniter\View\View->render('Articles/articles_edit.php', [], true)
 9 APPPATH\Controllers\News.php(60): view('Articles/articles_edit.php', [...])
10 SYSTEMPATH\CodeIgniter.php(927): App\Controllers\News->articles_edit()
11 SYSTEMPATH\CodeIgniter.php(482): CodeIgniter\CodeIgniter->runController(Object(App\Controllers\News))
12 SYSTEMPATH\CodeIgniter.php(351): CodeIgniter\CodeIgniter->handleRequest(null, Object(Config\Cache), false)
13 FCPATH\index.php(67): CodeIgniter\CodeIgniter->run()
14 SYSTEMPATH\Commands\Server\rewrite.php(46): require_once('FCPATH\\index.php')
CRITICAL - 2022-12-12 16:40:26 --> Undefined array key "id_former"
in APPPATH\Views\Former\list_former.php on line 15.
 1 APPPATH\Views\Former\list_former.php(15): CodeIgniter\Debug\Exceptions->errorHandler(2, 'Undefined array key "id_former"', 'APPPATH\\Views\\Former\\list_former.php', 15)
 2 SYSTEMPATH\View\View.php(213): include('APPPATH\\Views\\Former\\list_former.php')
 3 SYSTEMPATH\View\View.php(216): CodeIgniter\View\View->CodeIgniter\View\{closure}()
 4 SYSTEMPATH\Common.php(1134): CodeIgniter\View\View->render('Former/list_former.php', [], true)
 5 APPPATH\Controllers\Former.php(117): view('Former/list_former.php', [...])
 6 SYSTEMPATH\CodeIgniter.php(927): App\Controllers\Former->list_formers_home()
 7 SYSTEMPATH\CodeIgniter.php(482): CodeIgniter\CodeIgniter->runController(Object(App\Controllers\Former))
 8 SYSTEMPATH\CodeIgniter.php(351): CodeIgniter\CodeIgniter->handleRequest(null, Object(Config\Cache), false)
 9 FCPATH\index.php(67): CodeIgniter\CodeIgniter->run()
10 SYSTEMPATH\Commands\Server\rewrite.php(46): require_once('FCPATH\\index.php')
CRITICAL - 2022-12-12 16:44:26 --> Undefined array key "id_former"
in APPPATH\Views\Former\list_former.php on line 15.
 1 APPPATH\Views\Former\list_former.php(15): CodeIgniter\Debug\Exceptions->errorHandler(2, 'Undefined array key "id_former"', 'APPPATH\\Views\\Former\\list_former.php', 15)
 2 SYSTEMPATH\View\View.php(213): include('APPPATH\\Views\\Former\\list_former.php')
 3 SYSTEMPATH\View\View.php(216): CodeIgniter\View\View->CodeIgniter\View\{closure}()
 4 SYSTEMPATH\Common.php(1134): CodeIgniter\View\View->render('Former/list_former.php', [], true)
 5 APPPATH\Controllers\Former.php(117): view('Former/list_former.php', [...])
 6 SYSTEMPATH\CodeIgniter.php(927): App\Controllers\Former->list_formers_home()
 7 SYSTEMPATH\CodeIgniter.php(482): CodeIgniter\CodeIgniter->runController(Object(App\Controllers\Former))
 8 SYSTEMPATH\CodeIgniter.php(351): CodeIgniter\CodeIgniter->handleRequest(null, Object(Config\Cache), false)
 9 FCPATH\index.php(67): CodeIgniter\CodeIgniter->run()
10 SYSTEMPATH\Commands\Server\rewrite.php(46): require_once('FCPATH\\index.php')
CRITICAL - 2022-12-12 16:44:28 --> Undefined array key "id_former"
in APPPATH\Views\Former\list_former.php on line 15.
 1 APPPATH\Views\Former\list_former.php(15): CodeIgniter\Debug\Exceptions->errorHandler(2, 'Undefined array key "id_former"', 'APPPATH\\Views\\Former\\list_former.php', 15)
 2 SYSTEMPATH\View\View.php(213): include('APPPATH\\Views\\Former\\list_former.php')
 3 SYSTEMPATH\View\View.php(216): CodeIgniter\View\View->CodeIgniter\View\{closure}()
 4 SYSTEMPATH\Common.php(1134): CodeIgniter\View\View->render('Former/list_former.php', [], true)
 5 APPPATH\Controllers\Former.php(117): view('Former/list_former.php', [...])
 6 SYSTEMPATH\CodeIgniter.php(927): App\Controllers\Former->list_formers_home()
 7 SYSTEMPATH\CodeIgniter.php(482): CodeIgniter\CodeIgniter->runController(Object(App\Controllers\Former))
 8 SYSTEMPATH\CodeIgniter.php(351): CodeIgniter\CodeIgniter->handleRequest(null, Object(Config\Cache), false)
 9 FCPATH\index.php(67): CodeIgniter\CodeIgniter->run()
10 SYSTEMPATH\Commands\Server\rewrite.php(46): require_once('FCPATH\\index.php')
CRITICAL - 2022-12-12 16:44:28 --> Undefined array key "id_former"
in APPPATH\Views\Former\list_former.php on line 15.
 1 APPPATH\Views\Former\list_former.php(15): CodeIgniter\Debug\Exceptions->errorHandler(2, 'Undefined array key "id_former"', 'APPPATH\\Views\\Former\\list_former.php', 15)
 2 SYSTEMPATH\View\View.php(213): include('APPPATH\\Views\\Former\\list_former.php')
 3 SYSTEMPATH\View\View.php(216): CodeIgniter\View\View->CodeIgniter\View\{closure}()
 4 SYSTEMPATH\Common.php(1134): CodeIgniter\View\View->render('Former/list_former.php', [], true)
 5 APPPATH\Controllers\Former.php(117): view('Former/list_former.php', [...])
 6 SYSTEMPATH\CodeIgniter.php(927): App\Controllers\Former->list_formers_home()
 7 SYSTEMPATH\CodeIgniter.php(482): CodeIgniter\CodeIgniter->runController(Object(App\Controllers\Former))
 8 SYSTEMPATH\CodeIgniter.php(351): CodeIgniter\CodeIgniter->handleRequest(null, Object(Config\Cache), false)
 9 FCPATH\index.php(67): CodeIgniter\CodeIgniter->run()
10 SYSTEMPATH\Commands\Server\rewrite.php(46): require_once('FCPATH\\index.php')
CRITICAL - 2022-12-12 16:44:29 --> Undefined array key "id_former"
in APPPATH\Views\Former\list_former.php on line 15.
 1 APPPATH\Views\Former\list_former.php(15): CodeIgniter\Debug\Exceptions->errorHandler(2, 'Undefined array key "id_former"', 'APPPATH\\Views\\Former\\list_former.php', 15)
 2 SYSTEMPATH\View\View.php(213): include('APPPATH\\Views\\Former\\list_former.php')
 3 SYSTEMPATH\View\View.php(216): CodeIgniter\View\View->CodeIgniter\View\{closure}()
 4 SYSTEMPATH\Common.php(1134): CodeIgniter\View\View->render('Former/list_former.php', [], true)
 5 APPPATH\Controllers\Former.php(117): view('Former/list_former.php', [...])
 6 SYSTEMPATH\CodeIgniter.php(927): App\Controllers\Former->list_formers_home()
 7 SYSTEMPATH\CodeIgniter.php(482): CodeIgniter\CodeIgniter->runController(Object(App\Controllers\Former))
 8 SYSTEMPATH\CodeIgniter.php(351): CodeIgniter\CodeIgniter->handleRequest(null, Object(Config\Cache), false)
 9 FCPATH\index.php(67): CodeIgniter\CodeIgniter->run()
10 SYSTEMPATH\Commands\Server\rewrite.php(46): require_once('FCPATH\\index.php')
CRITICAL - 2022-12-12 16:46:54 --> Undefined array key 0
in APPPATH\Controllers\Former.php on line 136.
 1 APPPATH\Controllers\Former.php(136): CodeIgniter\Debug\Exceptions->errorHandler(2, 'Undefined array key 0', 'APPPATH\\Controllers\\Former.php', 136)
 2 SYSTEMPATH\CodeIgniter.php(927): App\Controllers\Former->details_former_home()
 3 SYSTEMPATH\CodeIgniter.php(482): CodeIgniter\CodeIgniter->runController(Object(App\Controllers\Former))
 4 SYSTEMPATH\CodeIgniter.php(351): CodeIgniter\CodeIgniter->handleRequest(null, Object(Config\Cache), false)
 5 FCPATH\index.php(67): CodeIgniter\CodeIgniter->run()
 6 SYSTEMPATH\Commands\Server\rewrite.php(46): require_once('FCPATH\\index.php')
CRITICAL - 2022-12-12 16:57:39 --> Undefined array key 0
in APPPATH\Controllers\Former.php on line 137.
 1 APPPATH\Controllers\Former.php(137): CodeIgniter\Debug\Exceptions->errorHandler(2, 'Undefined array key 0', 'APPPATH\\Controllers\\Former.php', 137)
 2 SYSTEMPATH\CodeIgniter.php(927): App\Controllers\Former->details_former_home()
 3 SYSTEMPATH\CodeIgniter.php(482): CodeIgniter\CodeIgniter->runController(Object(App\Controllers\Former))
 4 SYSTEMPATH\CodeIgniter.php(351): CodeIgniter\CodeIgniter->handleRequest(null, Object(Config\Cache), false)
 5 FCPATH\index.php(67): CodeIgniter\CodeIgniter->run()
 6 SYSTEMPATH\Commands\Server\rewrite.php(46): require_once('FCPATH\\index.php')
CRITICAL - 2022-12-12 17:01:19 --> Undefined variable $former
in APPPATH\Views\Former\list_former_cv.php on line 5.
 1 APPPATH\Views\Former\list_former_cv.php(5): CodeIgniter\Debug\Exceptions->errorHandler(2, 'Undefined variable $former', 'APPPATH\\Views\\Former\\list_former_cv.php', 5)
 2 SYSTEMPATH\View\View.php(213): include('APPPATH\\Views\\Former\\list_former_cv.php')
 3 SYSTEMPATH\View\View.php(216): CodeIgniter\View\View->CodeIgniter\View\{closure}()
 4 SYSTEMPATH\Common.php(1134): CodeIgniter\View\View->render('Former/list_former_cv.php', [], true)
 5 APPPATH\Controllers\Former.php(150): view('Former/list_former_cv.php', [...])
 6 SYSTEMPATH\CodeIgniter.php(927): App\Controllers\Former->details_former_home()
 7 SYSTEMPATH\CodeIgniter.php(482): CodeIgniter\CodeIgniter->runController(Object(App\Controllers\Former))
 8 SYSTEMPATH\CodeIgniter.php(351): CodeIgniter\CodeIgniter->handleRequest(null, Object(Config\Cache), false)
 9 FCPATH\index.php(67): CodeIgniter\CodeIgniter->run()
10 SYSTEMPATH\Commands\Server\rewrite.php(46): require_once('FCPATH\\index.php')
CRITICAL - 2022-12-12 17:01:48 --> Undefined variable $name
in APPPATH\Views\Former\list_former_cv.php on line 5.
 1 APPPATH\Views\Former\list_former_cv.php(5): CodeIgniter\Debug\Exceptions->errorHandler(2, 'Undefined variable $name', 'APPPATH\\Views\\Former\\list_former_cv.php', 5)
 2 SYSTEMPATH\View\View.php(213): include('APPPATH\\Views\\Former\\list_former_cv.php')
 3 SYSTEMPATH\View\View.php(216): CodeIgniter\View\View->CodeIgniter\View\{closure}()
 4 SYSTEMPATH\Common.php(1134): CodeIgniter\View\View->render('Former/list_former_cv.php', [], true)
 5 APPPATH\Controllers\Former.php(150): view('Former/list_former_cv.php', [...])
 6 SYSTEMPATH\CodeIgniter.php(927): App\Controllers\Former->details_former_home()
 7 SYSTEMPATH\CodeIgniter.php(482): CodeIgniter\CodeIgniter->runController(Object(App\Controllers\Former))
 8 SYSTEMPATH\CodeIgniter.php(351): CodeIgniter\CodeIgniter->handleRequest(null, Object(Config\Cache), false)
 9 FCPATH\index.php(67): CodeIgniter\CodeIgniter->run()
10 SYSTEMPATH\Commands\Server\rewrite.php(46): require_once('FCPATH\\index.php')
CRITICAL - 2022-12-12 17:03:47 --> Undefined array key 0
in APPPATH\Controllers\Former.php on line 148.
 1 APPPATH\Controllers\Former.php(148): CodeIgniter\Debug\Exceptions->errorHandler(2, 'Undefined array key 0', 'APPPATH\\Controllers\\Former.php', 148)
 2 SYSTEMPATH\CodeIgniter.php(927): App\Controllers\Former->details_former_home()
 3 SYSTEMPATH\CodeIgniter.php(482): CodeIgniter\CodeIgniter->runController(Object(App\Controllers\Former))
 4 SYSTEMPATH\CodeIgniter.php(351): CodeIgniter\CodeIgniter->handleRequest(null, Object(Config\Cache), false)
 5 FCPATH\index.php(67): CodeIgniter\CodeIgniter->run()
 6 SYSTEMPATH\Commands\Server\rewrite.php(46): require_once('FCPATH\\index.php')
