CRITICAL - 2023-01-12 09:28:05 --> Undefined variable $user
in APPPATH\Views\layouts\profil.php on line 37.
 1 APPPATH\Views\layouts\profil.php(37): CodeIgniter\Debug\Exceptions->errorHandler(2, 'Undefined variable $user', 'APPPATH\\Views\\layouts\\profil.php', 37)
 2 SYSTEMPATH\View\View.php(213): include('APPPATH\\Views\\layouts\\profil.php')
 3 SYSTEMPATH\View\View.php(216): CodeIgniter\View\View->CodeIgniter\View\{closure}()
 4 SYSTEMPATH\View\View.php(229): CodeIgniter\View\View->render('layouts/profil', [], true)
 5 SYSTEMPATH\Common.php(1134): CodeIgniter\View\View->render('Admin/list_publishes_admin.php', [], true)
 6 APPPATH\Controllers\DashBoard.php(397): view('Admin/list_publishes_admin.php', [...])
 7 SYSTEMPATH\CodeIgniter.php(927): App\Controllers\DashBoard->listpublishes()
 8 SYSTEMPATH\CodeIgniter.php(482): CodeIgniter\CodeIgniter->runController(Object(App\Controllers\DashBoard))
 9 SYSTEMPATH\CodeIgniter.php(351): CodeIgniter\CodeIgniter->handleRequest(null, Object(Config\Cache), false)
10 FCPATH\index.php(67): CodeIgniter\CodeIgniter->run()
11 SYSTEMPATH\Commands\Server\rewrite.php(46): require_once('FCPATH\\index.php')
CRITICAL - 2023-01-12 09:34:56 --> Undefined array key "type"
in APPPATH\Views\layouts\profil.php on line 37.
 1 APPPATH\Views\layouts\profil.php(37): CodeIgniter\Debug\Exceptions->errorHandler(2, 'Undefined array key "type"', 'APPPATH\\Views\\layouts\\profil.php', 37)
 2 SYSTEMPATH\View\View.php(213): include('APPPATH\\Views\\layouts\\profil.php')
 3 SYSTEMPATH\View\View.php(216): CodeIgniter\View\View->CodeIgniter\View\{closure}()
 4 SYSTEMPATH\View\View.php(229): CodeIgniter\View\View->render('layouts/profil', [], true)
 5 SYSTEMPATH\Common.php(1134): CodeIgniter\View\View->render('Admin/list_publishes_admin.php', [], true)
 6 APPPATH\Controllers\DashBoard.php(404): view('Admin/list_publishes_admin.php', [...])
 7 SYSTEMPATH\CodeIgniter.php(927): App\Controllers\DashBoard->listpublishes()
 8 SYSTEMPATH\CodeIgniter.php(482): CodeIgniter\CodeIgniter->runController(Object(App\Controllers\DashBoard))
 9 SYSTEMPATH\CodeIgniter.php(351): CodeIgniter\CodeIgniter->handleRequest(null, Object(Config\Cache), false)
10 FCPATH\index.php(67): CodeIgniter\CodeIgniter->run()
11 SYSTEMPATH\Commands\Server\rewrite.php(46): require_once('FCPATH\\index.php')
CRITICAL - 2023-01-12 09:34:58 --> Undefined array key "type"
in APPPATH\Views\layouts\profil.php on line 37.
 1 APPPATH\Views\layouts\profil.php(37): CodeIgniter\Debug\Exceptions->errorHandler(2, 'Undefined array key "type"', 'APPPATH\\Views\\layouts\\profil.php', 37)
 2 SYSTEMPATH\View\View.php(213): include('APPPATH\\Views\\layouts\\profil.php')
 3 SYSTEMPATH\View\View.php(216): CodeIgniter\View\View->CodeIgniter\View\{closure}()
 4 SYSTEMPATH\View\View.php(229): CodeIgniter\View\View->render('layouts/profil', [], true)
 5 SYSTEMPATH\Common.php(1134): CodeIgniter\View\View->render('Admin/list_publishes_admin.php', [], true)
 6 APPPATH\Controllers\DashBoard.php(404): view('Admin/list_publishes_admin.php', [...])
 7 SYSTEMPATH\CodeIgniter.php(927): App\Controllers\DashBoard->listpublishes()
 8 SYSTEMPATH\CodeIgniter.php(482): CodeIgniter\CodeIgniter->runController(Object(App\Controllers\DashBoard))
 9 SYSTEMPATH\CodeIgniter.php(351): CodeIgniter\CodeIgniter->handleRequest(null, Object(Config\Cache), false)
10 FCPATH\index.php(67): CodeIgniter\CodeIgniter->run()
11 SYSTEMPATH\Commands\Server\rewrite.php(46): require_once('FCPATH\\index.php')
CRITICAL - 2023-01-12 09:37:44 --> Undefined array key "type"
in APPPATH\Views\layouts\profil.php on line 37.
 1 APPPATH\Views\layouts\profil.php(37): CodeIgniter\Debug\Exceptions->errorHandler(2, 'Undefined array key "type"', 'APPPATH\\Views\\layouts\\profil.php', 37)
 2 SYSTEMPATH\View\View.php(213): include('APPPATH\\Views\\layouts\\profil.php')
 3 SYSTEMPATH\View\View.php(216): CodeIgniter\View\View->CodeIgniter\View\{closure}()
 4 SYSTEMPATH\View\View.php(229): CodeIgniter\View\View->render('layouts/profil', [], true)
 5 SYSTEMPATH\Common.php(1134): CodeIgniter\View\View->render('Admin/list_publishes_admin.php', [], true)
 6 APPPATH\Controllers\DashBoard.php(400): view('Admin/list_publishes_admin.php', [...])
 7 SYSTEMPATH\CodeIgniter.php(927): App\Controllers\DashBoard->listpublishes()
 8 SYSTEMPATH\CodeIgniter.php(482): CodeIgniter\CodeIgniter->runController(Object(App\Controllers\DashBoard))
 9 SYSTEMPATH\CodeIgniter.php(351): CodeIgniter\CodeIgniter->handleRequest(null, Object(Config\Cache), false)
10 FCPATH\index.php(67): CodeIgniter\CodeIgniter->run()
11 SYSTEMPATH\Commands\Server\rewrite.php(46): require_once('FCPATH\\index.php')
CRITICAL - 2023-01-12 09:56:05 --> Undefined variable $buttonColor
in APPPATH\Views\User\profile_user.php on line 25.
 1 APPPATH\Views\User\profile_user.php(25): CodeIgniter\Debug\Exceptions->errorHandler(2, 'Undefined variable $buttonColor', 'APPPATH\\Views\\User\\profile_user.php', 25)
 2 SYSTEMPATH\View\View.php(213): include('APPPATH\\Views\\User\\profile_user.php')
 3 SYSTEMPATH\View\View.php(216): CodeIgniter\View\View->CodeIgniter\View\{closure}()
 4 SYSTEMPATH\Common.php(1134): CodeIgniter\View\View->render('User/profile_user', [], true)
 5 APPPATH\Controllers\User.php(72): view('User/profile_user', [...])
 6 SYSTEMPATH\CodeIgniter.php(927): App\Controllers\User->login()
 7 SYSTEMPATH\CodeIgniter.php(482): CodeIgniter\CodeIgniter->runController(Object(App\Controllers\User))
 8 SYSTEMPATH\CodeIgniter.php(351): CodeIgniter\CodeIgniter->handleRequest(null, Object(Config\Cache), false)
 9 FCPATH\index.php(67): CodeIgniter\CodeIgniter->run()
10 SYSTEMPATH\Commands\Server\rewrite.php(46): require_once('FCPATH\\index.php')
CRITICAL - 2023-01-12 10:56:06 --> Undefined variable $headerColor
in APPPATH\Views\Training\training_list.php on line 11.
 1 APPPATH\Views\Training\training_list.php(11): CodeIgniter\Debug\Exceptions->errorHandler(2, 'Undefined variable $headerColor', 'APPPATH\\Views\\Training\\training_list.php', 11)
 2 SYSTEMPATH\View\View.php(213): include('APPPATH\\Views\\Training\\training_list.php')
 3 SYSTEMPATH\View\View.php(216): CodeIgniter\View\View->CodeIgniter\View\{closure}()
 4 SYSTEMPATH\Common.php(1134): CodeIgniter\View\View->render('Training/training_list.php', [], true)
 5 APPPATH\Controllers\Training.php(43): view('Training/training_list.php', [...])
 6 SYSTEMPATH\CodeIgniter.php(927): App\Controllers\Training->list()
 7 SYSTEMPATH\CodeIgniter.php(482): CodeIgniter\CodeIgniter->runController(Object(App\Controllers\Training))
 8 SYSTEMPATH\CodeIgniter.php(351): CodeIgniter\CodeIgniter->handleRequest(null, Object(Config\Cache), false)
 9 FCPATH\index.php(67): CodeIgniter\CodeIgniter->run()
10 SYSTEMPATH\Commands\Server\rewrite.php(46): require_once('FCPATH\\index.php')
