CRITICAL - 2023-01-15 09:19:38 --> Undefined variable $user
in APPPATH\Views\layouts\default.php on line 80.
 1 APPPATH\Views\layouts\default.php(80): CodeIgniter\Debug\Exceptions->errorHandler(2, 'Undefined variable $user', 'APPPATH\\Views\\layouts\\default.php', 80)
 2 SYSTEMPATH\View\View.php(213): include('APPPATH\\Views\\layouts\\default.php')
 3 SYSTEMPATH\View\View.php(216): CodeIgniter\View\View->CodeIgniter\View\{closure}()
 4 SYSTEMPATH\View\View.php(229): CodeIgniter\View\View->render('layouts/default', [], true)
 5 SYSTEMPATH\Common.php(1134): CodeIgniter\View\View->render('Former/list_former.php', [], true)
 6 APPPATH\Controllers\Former.php(93): view('Former/list_former.php', [...])
 7 SYSTEMPATH\CodeIgniter.php(927): App\Controllers\Former->list_former_home()
 8 SYSTEMPATH\CodeIgniter.php(482): CodeIgniter\CodeIgniter->runController(Object(App\Controllers\Former))
 9 SYSTEMPATH\CodeIgniter.php(351): CodeIgniter\CodeIgniter->handleRequest(null, Object(Config\Cache), false)
10 FCPATH\index.php(67): CodeIgniter\CodeIgniter->run()
11 SYSTEMPATH\Commands\Server\rewrite.php(46): require_once('FCPATH\\index.php')
CRITICAL - 2023-01-15 11:17:59 --> Too few arguments to function App\Controllers\User::add_skill(), 0 passed in C:\xampp\htdocs\MaFormation\system\CodeIgniter.php on line 927 and exactly 1 expected
in APPPATH\Controllers\User.php on line 643.
 1 SYSTEMPATH\CodeIgniter.php(927): App\Controllers\User->add_skill()
 2 SYSTEMPATH\CodeIgniter.php(482): CodeIgniter\CodeIgniter->runController(Object(App\Controllers\User))
 3 SYSTEMPATH\CodeIgniter.php(351): CodeIgniter\CodeIgniter->handleRequest(null, Object(Config\Cache), false)
 4 FCPATH\index.php(67): CodeIgniter\CodeIgniter->run()
 5 SYSTEMPATH\Commands\Server\rewrite.php(46): require_once('FCPATH\\index.php')
CRITICAL - 2023-01-15 16:55:33 --> Undefined array key 1
in FCPATH\php\functions\util.php on line 790.
 1 FCPATH\php\functions\util.php(790): CodeIgniter\Debug\Exceptions->errorHandler(2, 'Undefined array key 1', 'FCPATH\\php\\functions\\util.php', 790)
 2 APPPATH\Controllers\User.php(712): base64_to_jpeg('ROOTPATH\\public', 'FCPATH\\image001.jpeg')
 3 SYSTEMPATH\CodeIgniter.php(927): App\Controllers\User->save_photo()
 4 SYSTEMPATH\CodeIgniter.php(482): CodeIgniter\CodeIgniter->runController(Object(App\Controllers\User))
 5 SYSTEMPATH\CodeIgniter.php(351): CodeIgniter\CodeIgniter->handleRequest(null, Object(Config\Cache), false)
 6 FCPATH\index.php(67): CodeIgniter\CodeIgniter->run()
 7 SYSTEMPATH\Commands\Server\rewrite.php(46): require_once('FCPATH\\index.php')
CRITICAL - 2023-01-15 16:55:51 --> Undefined array key 1
in FCPATH\php\functions\util.php on line 790.
 1 FCPATH\php\functions\util.php(790): CodeIgniter\Debug\Exceptions->errorHandler(2, 'Undefined array key 1', 'FCPATH\\php\\functions\\util.php', 790)
 2 APPPATH\Controllers\User.php(712): base64_to_jpeg('ROOTPATH\\public', 'FCPATH\\image001.jpeg')
 3 SYSTEMPATH\CodeIgniter.php(927): App\Controllers\User->save_photo()
 4 SYSTEMPATH\CodeIgniter.php(482): CodeIgniter\CodeIgniter->runController(Object(App\Controllers\User))
 5 SYSTEMPATH\CodeIgniter.php(351): CodeIgniter\CodeIgniter->handleRequest(null, Object(Config\Cache), false)
 6 FCPATH\index.php(67): CodeIgniter\CodeIgniter->run()
 7 SYSTEMPATH\Commands\Server\rewrite.php(46): require_once('FCPATH\\index.php')
CRITICAL - 2023-01-15 16:58:02 --> Call to undefined function set_value()
in APPPATH\Views\User\profile_user.php on line 12.
 1 SYSTEMPATH\View\View.php(213): include()
 2 SYSTEMPATH\View\View.php(216): CodeIgniter\View\View->CodeIgniter\View\{closure}()
 3 SYSTEMPATH\Common.php(1134): CodeIgniter\View\View->render('User/profile_user.php', [], true)
 4 APPPATH\Controllers\User.php(734): view('User/profile_user.php', [...])
 5 SYSTEMPATH\CodeIgniter.php(927): App\Controllers\User->save_photo()
 6 SYSTEMPATH\CodeIgniter.php(482): CodeIgniter\CodeIgniter->runController(Object(App\Controllers\User))
 7 SYSTEMPATH\CodeIgniter.php(351): CodeIgniter\CodeIgniter->handleRequest(null, Object(Config\Cache), false)
 8 FCPATH\index.php(67): CodeIgniter\CodeIgniter->run()
 9 SYSTEMPATH\Commands\Server\rewrite.php(46): require_once('FCPATH\\index.php')
CRITICAL - 2023-01-15 16:58:55 --> Undefined variable $birthday
in APPPATH\Views\User\profile_user.php on line 190.
 1 APPPATH\Views\User\profile_user.php(190): CodeIgniter\Debug\Exceptions->errorHandler(2, 'Undefined variable $birthday', 'APPPATH\\Views\\User\\profile_user.php', 190)
 2 SYSTEMPATH\View\View.php(213): include('APPPATH\\Views\\User\\profile_user.php')
 3 SYSTEMPATH\View\View.php(216): CodeIgniter\View\View->CodeIgniter\View\{closure}()
 4 SYSTEMPATH\Common.php(1134): CodeIgniter\View\View->render('User/profile_user.php', [], true)
 5 APPPATH\Controllers\User.php(735): view('User/profile_user.php', [...])
 6 SYSTEMPATH\CodeIgniter.php(927): App\Controllers\User->save_photo()
 7 SYSTEMPATH\CodeIgniter.php(482): CodeIgniter\CodeIgniter->runController(Object(App\Controllers\User))
 8 SYSTEMPATH\CodeIgniter.php(351): CodeIgniter\CodeIgniter->handleRequest(null, Object(Config\Cache), false)
 9 FCPATH\index.php(67): CodeIgniter\CodeIgniter->run()
10 SYSTEMPATH\Commands\Server\rewrite.php(46): require_once('FCPATH\\index.php')
CRITICAL - 2023-01-15 17:11:45 --> Unsupported operand types: string + string
in APPPATH\Controllers\User.php on line 713.
 1 SYSTEMPATH\CodeIgniter.php(927): App\Controllers\User->save_photo()
 2 SYSTEMPATH\CodeIgniter.php(482): CodeIgniter\CodeIgniter->runController(Object(App\Controllers\User))
 3 SYSTEMPATH\CodeIgniter.php(351): CodeIgniter\CodeIgniter->handleRequest(null, Object(Config\Cache), false)
 4 FCPATH\index.php(67): CodeIgniter\CodeIgniter->run()
 5 SYSTEMPATH\Commands\Server\rewrite.php(46): require_once('FCPATH\\index.php')
CRITICAL - 2023-01-15 17:50:51 --> Undefined array key 1
in FCPATH\php\functions\util.php on line 791.
 1 FCPATH\php\functions\util.php(791): CodeIgniter\Debug\Exceptions->errorHandler(2, 'Undefined array key 1', 'FCPATH\\php\\functions\\util.php', 791)
 2 APPPATH\Controllers\User.php(716): base64_to_jpeg('http://localhost:8080/assets/photos/photo_038.jpeg', 'FCPATH\\assets\\photos\\photo_038.jpeg')
 3 SYSTEMPATH\CodeIgniter.php(927): App\Controllers\User->save_photo()
 4 SYSTEMPATH\CodeIgniter.php(482): CodeIgniter\CodeIgniter->runController(Object(App\Controllers\User))
 5 SYSTEMPATH\CodeIgniter.php(351): CodeIgniter\CodeIgniter->handleRequest(null, Object(Config\Cache), false)
 6 FCPATH\index.php(67): CodeIgniter\CodeIgniter->run()
 7 SYSTEMPATH\Commands\Server\rewrite.php(46): require_once('FCPATH\\index.php')
CRITICAL - 2023-01-15 18:25:44 --> Array to string conversion
in APPPATH\Controllers\User.php on line 233.
 1 APPPATH\Controllers\User.php(233): CodeIgniter\Debug\Exceptions->errorHandler(2, 'Array to string conversion', 'APPPATH\\Controllers\\User.php', 233)
 2 SYSTEMPATH\CodeIgniter.php(927): App\Controllers\User->profileuser()
 3 SYSTEMPATH\CodeIgniter.php(482): CodeIgniter\CodeIgniter->runController(Object(App\Controllers\User))
 4 SYSTEMPATH\CodeIgniter.php(351): CodeIgniter\CodeIgniter->handleRequest(null, Object(Config\Cache), false)
 5 FCPATH\index.php(67): CodeIgniter\CodeIgniter->run()
 6 SYSTEMPATH\Commands\Server\rewrite.php(46): require_once('FCPATH\\index.php')
CRITICAL - 2023-01-15 18:46:46 --> Undefined array key "site"
in APPPATH\Libraries\UserHelper.php on line 65.
 1 APPPATH\Libraries\UserHelper.php(65): CodeIgniter\Debug\Exceptions->errorHandler(2, 'Undefined array key "site"', 'APPPATH\\Libraries\\UserHelper.php', 65)
 2 APPPATH\Controllers\User.php(91): App\Libraries\UserHelper->setUserSession([...])
 3 APPPATH\Controllers\User.php(75): App\Controllers\User->dispatch([...])
 4 SYSTEMPATH\CodeIgniter.php(927): App\Controllers\User->login()
 5 SYSTEMPATH\CodeIgniter.php(482): CodeIgniter\CodeIgniter->runController(Object(App\Controllers\User))
 6 SYSTEMPATH\CodeIgniter.php(351): CodeIgniter\CodeIgniter->handleRequest(null, Object(Config\Cache), false)
 7 FCPATH\index.php(67): CodeIgniter\CodeIgniter->run()
 8 SYSTEMPATH\Commands\Server\rewrite.php(46): require_once('FCPATH\\index.php')
CRITICAL - 2023-01-15 20:23:31 --> Undefined array key "type"
in APPPATH\Libraries\UserHelper.php on line 51.
 1 APPPATH\Libraries\UserHelper.php(51): CodeIgniter\Debug\Exceptions->errorHandler(2, 'Undefined array key "type"', 'APPPATH\\Libraries\\UserHelper.php', 51)
 2 APPPATH\Controllers\User.php(234): App\Libraries\UserHelper->setUserSession([...])
 3 SYSTEMPATH\CodeIgniter.php(927): App\Controllers\User->profileuser()
 4 SYSTEMPATH\CodeIgniter.php(482): CodeIgniter\CodeIgniter->runController(Object(App\Controllers\User))
 5 SYSTEMPATH\CodeIgniter.php(351): CodeIgniter\CodeIgniter->handleRequest(null, Object(Config\Cache), false)
 6 FCPATH\index.php(67): CodeIgniter\CodeIgniter->run()
 7 SYSTEMPATH\Commands\Server\rewrite.php(46): require_once('FCPATH\\index.php')
CRITICAL - 2023-01-15 20:26:42 --> Undefined array key "type"
in APPPATH\Libraries\UserHelper.php on line 51.
 1 APPPATH\Libraries\UserHelper.php(51): CodeIgniter\Debug\Exceptions->errorHandler(2, 'Undefined array key "type"', 'APPPATH\\Libraries\\UserHelper.php', 51)
 2 APPPATH\Controllers\User.php(234): App\Libraries\UserHelper->setUserSession([...])
 3 SYSTEMPATH\CodeIgniter.php(927): App\Controllers\User->profileuser()
 4 SYSTEMPATH\CodeIgniter.php(482): CodeIgniter\CodeIgniter->runController(Object(App\Controllers\User))
 5 SYSTEMPATH\CodeIgniter.php(351): CodeIgniter\CodeIgniter->handleRequest(null, Object(Config\Cache), false)
 6 FCPATH\index.php(67): CodeIgniter\CodeIgniter->run()
 7 SYSTEMPATH\Commands\Server\rewrite.php(46): require_once('FCPATH\\index.php')
CRITICAL - 2023-01-15 20:26:43 --> Undefined array key "type"
in APPPATH\Libraries\UserHelper.php on line 51.
 1 APPPATH\Libraries\UserHelper.php(51): CodeIgniter\Debug\Exceptions->errorHandler(2, 'Undefined array key "type"', 'APPPATH\\Libraries\\UserHelper.php', 51)
 2 APPPATH\Controllers\User.php(234): App\Libraries\UserHelper->setUserSession([...])
 3 SYSTEMPATH\CodeIgniter.php(927): App\Controllers\User->profileuser()
 4 SYSTEMPATH\CodeIgniter.php(482): CodeIgniter\CodeIgniter->runController(Object(App\Controllers\User))
 5 SYSTEMPATH\CodeIgniter.php(351): CodeIgniter\CodeIgniter->handleRequest(null, Object(Config\Cache), false)
 6 FCPATH\index.php(67): CodeIgniter\CodeIgniter->run()
 7 SYSTEMPATH\Commands\Server\rewrite.php(46): require_once('FCPATH\\index.php')
CRITICAL - 2023-01-15 20:26:43 --> Undefined array key "type"
in APPPATH\Libraries\UserHelper.php on line 51.
 1 APPPATH\Libraries\UserHelper.php(51): CodeIgniter\Debug\Exceptions->errorHandler(2, 'Undefined array key "type"', 'APPPATH\\Libraries\\UserHelper.php', 51)
 2 APPPATH\Controllers\User.php(234): App\Libraries\UserHelper->setUserSession([...])
 3 SYSTEMPATH\CodeIgniter.php(927): App\Controllers\User->profileuser()
 4 SYSTEMPATH\CodeIgniter.php(482): CodeIgniter\CodeIgniter->runController(Object(App\Controllers\User))
 5 SYSTEMPATH\CodeIgniter.php(351): CodeIgniter\CodeIgniter->handleRequest(null, Object(Config\Cache), false)
 6 FCPATH\index.php(67): CodeIgniter\CodeIgniter->run()
 7 SYSTEMPATH\Commands\Server\rewrite.php(46): require_once('FCPATH\\index.php')
CRITICAL - 2023-01-15 20:26:43 --> Undefined array key "type"
in APPPATH\Libraries\UserHelper.php on line 51.
 1 APPPATH\Libraries\UserHelper.php(51): CodeIgniter\Debug\Exceptions->errorHandler(2, 'Undefined array key "type"', 'APPPATH\\Libraries\\UserHelper.php', 51)
 2 APPPATH\Controllers\User.php(234): App\Libraries\UserHelper->setUserSession([...])
 3 SYSTEMPATH\CodeIgniter.php(927): App\Controllers\User->profileuser()
 4 SYSTEMPATH\CodeIgniter.php(482): CodeIgniter\CodeIgniter->runController(Object(App\Controllers\User))
 5 SYSTEMPATH\CodeIgniter.php(351): CodeIgniter\CodeIgniter->handleRequest(null, Object(Config\Cache), false)
 6 FCPATH\index.php(67): CodeIgniter\CodeIgniter->run()
 7 SYSTEMPATH\Commands\Server\rewrite.php(46): require_once('FCPATH\\index.php')
CRITICAL - 2023-01-15 20:26:43 --> Undefined array key "type"
in APPPATH\Libraries\UserHelper.php on line 51.
 1 APPPATH\Libraries\UserHelper.php(51): CodeIgniter\Debug\Exceptions->errorHandler(2, 'Undefined array key "type"', 'APPPATH\\Libraries\\UserHelper.php', 51)
 2 APPPATH\Controllers\User.php(234): App\Libraries\UserHelper->setUserSession([...])
 3 SYSTEMPATH\CodeIgniter.php(927): App\Controllers\User->profileuser()
 4 SYSTEMPATH\CodeIgniter.php(482): CodeIgniter\CodeIgniter->runController(Object(App\Controllers\User))
 5 SYSTEMPATH\CodeIgniter.php(351): CodeIgniter\CodeIgniter->handleRequest(null, Object(Config\Cache), false)
 6 FCPATH\index.php(67): CodeIgniter\CodeIgniter->run()
 7 SYSTEMPATH\Commands\Server\rewrite.php(46): require_once('FCPATH\\index.php')
CRITICAL - 2023-01-15 20:27:25 --> Undefined array key "type"
in APPPATH\Libraries\UserHelper.php on line 53.
 1 APPPATH\Libraries\UserHelper.php(53): CodeIgniter\Debug\Exceptions->errorHandler(2, 'Undefined array key "type"', 'APPPATH\\Libraries\\UserHelper.php', 53)
 2 APPPATH\Controllers\User.php(234): App\Libraries\UserHelper->setUserSession([...])
 3 SYSTEMPATH\CodeIgniter.php(927): App\Controllers\User->profileuser()
 4 SYSTEMPATH\CodeIgniter.php(482): CodeIgniter\CodeIgniter->runController(Object(App\Controllers\User))
 5 SYSTEMPATH\CodeIgniter.php(351): CodeIgniter\CodeIgniter->handleRequest(null, Object(Config\Cache), false)
 6 FCPATH\index.php(67): CodeIgniter\CodeIgniter->run()
 7 SYSTEMPATH\Commands\Server\rewrite.php(46): require_once('FCPATH\\index.php')
CRITICAL - 2023-01-15 20:27:32 --> Undefined array key "type"
in APPPATH\Libraries\UserHelper.php on line 53.
 1 APPPATH\Libraries\UserHelper.php(53): CodeIgniter\Debug\Exceptions->errorHandler(2, 'Undefined array key "type"', 'APPPATH\\Libraries\\UserHelper.php', 53)
 2 APPPATH\Controllers\User.php(234): App\Libraries\UserHelper->setUserSession([...])
 3 SYSTEMPATH\CodeIgniter.php(927): App\Controllers\User->profileuser()
 4 SYSTEMPATH\CodeIgniter.php(482): CodeIgniter\CodeIgniter->runController(Object(App\Controllers\User))
 5 SYSTEMPATH\CodeIgniter.php(351): CodeIgniter\CodeIgniter->handleRequest(null, Object(Config\Cache), false)
 6 FCPATH\index.php(67): CodeIgniter\CodeIgniter->run()
 7 SYSTEMPATH\Commands\Server\rewrite.php(46): require_once('FCPATH\\index.php')
CRITICAL - 2023-01-15 20:28:21 --> Undefined array key 0
in APPPATH\Controllers\User.php on line 234.
 1 APPPATH\Controllers\User.php(234): CodeIgniter\Debug\Exceptions->errorHandler(2, 'Undefined array key 0', 'APPPATH\\Controllers\\User.php', 234)
 2 SYSTEMPATH\CodeIgniter.php(927): App\Controllers\User->profileuser()
 3 SYSTEMPATH\CodeIgniter.php(482): CodeIgniter\CodeIgniter->runController(Object(App\Controllers\User))
 4 SYSTEMPATH\CodeIgniter.php(351): CodeIgniter\CodeIgniter->handleRequest(null, Object(Config\Cache), false)
 5 FCPATH\index.php(67): CodeIgniter\CodeIgniter->run()
 6 SYSTEMPATH\Commands\Server\rewrite.php(46): require_once('FCPATH\\index.php')
CRITICAL - 2023-01-15 20:50:37 --> Undefined array key "ratings"
in APPPATH\Libraries\UserHelper.php on line 66.
 1 APPPATH\Libraries\UserHelper.php(66): CodeIgniter\Debug\Exceptions->errorHandler(2, 'Undefined array key "ratings"', 'APPPATH\\Libraries\\UserHelper.php', 66)
 2 APPPATH\Controllers\User.php(257): App\Libraries\UserHelper->setUserSession([...])
 3 SYSTEMPATH\CodeIgniter.php(927): App\Controllers\User->profileuser()
 4 SYSTEMPATH\CodeIgniter.php(482): CodeIgniter\CodeIgniter->runController(Object(App\Controllers\User))
 5 SYSTEMPATH\CodeIgniter.php(351): CodeIgniter\CodeIgniter->handleRequest(null, Object(Config\Cache), false)
 6 FCPATH\index.php(67): CodeIgniter\CodeIgniter->run()
 7 SYSTEMPATH\Commands\Server\rewrite.php(46): require_once('FCPATH\\index.php')
CRITICAL - 2023-01-15 20:51:57 --> Undefined array key "ratings"
in APPPATH\Libraries\UserHelper.php on line 66.
 1 APPPATH\Libraries\UserHelper.php(66): CodeIgniter\Debug\Exceptions->errorHandler(2, 'Undefined array key "ratings"', 'APPPATH\\Libraries\\UserHelper.php', 66)
 2 APPPATH\Controllers\User.php(257): App\Libraries\UserHelper->setUserSession([...])
 3 SYSTEMPATH\CodeIgniter.php(927): App\Controllers\User->profileuser()
 4 SYSTEMPATH\CodeIgniter.php(482): CodeIgniter\CodeIgniter->runController(Object(App\Controllers\User))
 5 SYSTEMPATH\CodeIgniter.php(351): CodeIgniter\CodeIgniter->handleRequest(null, Object(Config\Cache), false)
 6 FCPATH\index.php(67): CodeIgniter\CodeIgniter->run()
 7 SYSTEMPATH\Commands\Server\rewrite.php(46): require_once('FCPATH\\index.php')
CRITICAL - 2023-01-15 20:54:02 --> Undefined array key "ratings"
in APPPATH\Libraries\UserHelper.php on line 65.
 1 APPPATH\Libraries\UserHelper.php(65): CodeIgniter\Debug\Exceptions->errorHandler(2, 'Undefined array key "ratings"', 'APPPATH\\Libraries\\UserHelper.php', 65)
 2 APPPATH\Controllers\User.php(257): App\Libraries\UserHelper->setUserSession([...])
 3 SYSTEMPATH\CodeIgniter.php(927): App\Controllers\User->profileuser()
 4 SYSTEMPATH\CodeIgniter.php(482): CodeIgniter\CodeIgniter->runController(Object(App\Controllers\User))
 5 SYSTEMPATH\CodeIgniter.php(351): CodeIgniter\CodeIgniter->handleRequest(null, Object(Config\Cache), false)
 6 FCPATH\index.php(67): CodeIgniter\CodeIgniter->run()
 7 SYSTEMPATH\Commands\Server\rewrite.php(46): require_once('FCPATH\\index.php')
CRITICAL - 2023-01-15 20:55:50 --> Undefined array key "ratings"
in APPPATH\Libraries\UserHelper.php on line 65.
 1 APPPATH\Libraries\UserHelper.php(65): CodeIgniter\Debug\Exceptions->errorHandler(2, 'Undefined array key "ratings"', 'APPPATH\\Libraries\\UserHelper.php', 65)
 2 APPPATH\Controllers\User.php(257): App\Libraries\UserHelper->setUserSession([...])
 3 SYSTEMPATH\CodeIgniter.php(927): App\Controllers\User->profileuser()
 4 SYSTEMPATH\CodeIgniter.php(482): CodeIgniter\CodeIgniter->runController(Object(App\Controllers\User))
 5 SYSTEMPATH\CodeIgniter.php(351): CodeIgniter\CodeIgniter->handleRequest(null, Object(Config\Cache), false)
 6 FCPATH\index.php(67): CodeIgniter\CodeIgniter->run()
 7 SYSTEMPATH\Commands\Server\rewrite.php(46): require_once('FCPATH\\index.php')
CRITICAL - 2023-01-15 20:55:56 --> Undefined array key "ratings"
in APPPATH\Libraries\UserHelper.php on line 65.
 1 APPPATH\Libraries\UserHelper.php(65): CodeIgniter\Debug\Exceptions->errorHandler(2, 'Undefined array key "ratings"', 'APPPATH\\Libraries\\UserHelper.php', 65)
 2 APPPATH\Controllers\User.php(257): App\Libraries\UserHelper->setUserSession([...])
 3 SYSTEMPATH\CodeIgniter.php(927): App\Controllers\User->profileuser()
 4 SYSTEMPATH\CodeIgniter.php(482): CodeIgniter\CodeIgniter->runController(Object(App\Controllers\User))
 5 SYSTEMPATH\CodeIgniter.php(351): CodeIgniter\CodeIgniter->handleRequest(null, Object(Config\Cache), false)
 6 FCPATH\index.php(67): CodeIgniter\CodeIgniter->run()
 7 SYSTEMPATH\Commands\Server\rewrite.php(46): require_once('FCPATH\\index.php')
CRITICAL - 2023-01-15 20:56:18 --> Undefined array key "ratings"
in APPPATH\Libraries\UserHelper.php on line 65.
 1 APPPATH\Libraries\UserHelper.php(65): CodeIgniter\Debug\Exceptions->errorHandler(2, 'Undefined array key "ratings"', 'APPPATH\\Libraries\\UserHelper.php', 65)
 2 APPPATH\Controllers\User.php(257): App\Libraries\UserHelper->setUserSession([...])
 3 SYSTEMPATH\CodeIgniter.php(927): App\Controllers\User->profileuser()
 4 SYSTEMPATH\CodeIgniter.php(482): CodeIgniter\CodeIgniter->runController(Object(App\Controllers\User))
 5 SYSTEMPATH\CodeIgniter.php(351): CodeIgniter\CodeIgniter->handleRequest(null, Object(Config\Cache), false)
 6 FCPATH\index.php(67): CodeIgniter\CodeIgniter->run()
 7 SYSTEMPATH\Commands\Server\rewrite.php(46): require_once('FCPATH\\index.php')
ERROR - 2023-01-15 21:03:23 --> mysqli_sql_exception: Column 'type' cannot be null in C:\xampp\htdocs\MaFormation\system\Database\MySQLi\Connection.php:292
Stack trace:
#0 C:\xampp\htdocs\MaFormation\system\Database\MySQLi\Connection.php(292): mysqli->query('INSERT INTO `us...', 0)
#1 C:\xampp\htdocs\MaFormation\system\Database\BaseConnection.php(666): CodeIgniter\Database\MySQLi\Connection->execute('INSERT INTO `us...')
#2 C:\xampp\htdocs\MaFormation\system\Database\BaseConnection.php(593): CodeIgniter\Database\BaseConnection->simpleQuery('INSERT INTO `us...')
#3 C:\xampp\htdocs\MaFormation\system\Database\BaseBuilder.php(1916): CodeIgniter\Database\BaseConnection->query('INSERT INTO `us...', Array, false)
#4 C:\xampp\htdocs\MaFormation\system\Model.php(279): CodeIgniter\Database\BaseBuilder->insert()
#5 C:\xampp\htdocs\MaFormation\system\BaseModel.php(749): CodeIgniter\Model->doInsert(Array)
#6 C:\xampp\htdocs\MaFormation\system\Model.php(667): CodeIgniter\BaseModel->insert(Array, false)
#7 C:\xampp\htdocs\MaFormation\system\BaseModel.php(659): CodeIgniter\Model->insert(Array, false)
#8 C:\xampp\htdocs\MaFormation\app\Controllers\User.php(255): CodeIgniter\BaseModel->save(Array)
#9 C:\xampp\htdocs\MaFormation\system\CodeIgniter.php(927): App\Controllers\User->profileuser()
#10 C:\xampp\htdocs\MaFormation\system\CodeIgniter.php(482): CodeIgniter\CodeIgniter->runController(Object(App\Controllers\User))
#11 C:\xampp\htdocs\MaFormation\system\CodeIgniter.php(351): CodeIgniter\CodeIgniter->handleRequest(NULL, Object(Config\Cache), false)
#12 C:\xampp\htdocs\MaFormation\public\index.php(67): CodeIgniter\CodeIgniter->run()
#13 C:\xampp\htdocs\MaFormation\system\Commands\Server\rewrite.php(46): require_once('C:\\xampp\\htdocs...')
#14 {main}
CRITICAL - 2023-01-15 21:03:23 --> Column 'type' cannot be null
in SYSTEMPATH\Database\MySQLi\Connection.php on line 292.
 1 SYSTEMPATH\Database\MySQLi\Connection.php(292): mysqli->query('INSERT INTO `user` (`type`, `name`, `firstname`, `mail`, `password`, `image_url`, `address`, `cp`, `city`, `country`, `phone`, `gender`, `birthday`) VALUES (NULL, \'Garcin\', \'Michael\', NULL, NULL, NULL, NULL, NULL, NULL, NULL, NULL, NULL, NULL)', 0)
 2 SYSTEMPATH\Database\BaseConnection.php(666): CodeIgniter\Database\MySQLi\Connection->execute('INSERT INTO `user` (`type`, `name`, `firstname`, `mail`, `password`, `image_url`, `address`, `cp`, `city`, `country`, `phone`, `gender`, `birthday`) VALUES (NULL, \'Garcin\', \'Michael\', NULL, NULL, NULL, NULL, NULL, NULL, NULL, NULL, NULL, NULL)')
 3 SYSTEMPATH\Database\BaseConnection.php(593): CodeIgniter\Database\BaseConnection->simpleQuery('INSERT INTO `user` (`type`, `name`, `firstname`, `mail`, `password`, `image_url`, `address`, `cp`, `city`, `country`, `phone`, `gender`, `birthday`) VALUES (NULL, \'Garcin\', \'Michael\', NULL, NULL, NULL, NULL, NULL, NULL, NULL, NULL, NULL, NULL)')
 4 SYSTEMPATH\Database\BaseBuilder.php(1916): CodeIgniter\Database\BaseConnection->query('INSERT INTO `user` (`type`, `name`, `firstname`, `mail`, `password`, `image_url`, `address`, `cp`, `city`, `country`, `phone`, `gender`, `birthday`) VALUES (:type:, :name:, :firstname:, :mail:, :password:, :image_url:, :address:, :cp:, :city:, :country:, :phone:, :gender:, :birthday:)', [...], false)
 5 SYSTEMPATH\Model.php(279): CodeIgniter\Database\BaseBuilder->insert()
 6 SYSTEMPATH\BaseModel.php(749): CodeIgniter\Model->doInsert([...])
 7 SYSTEMPATH\Model.php(667): CodeIgniter\BaseModel->insert([...], false)
 8 SYSTEMPATH\BaseModel.php(659): CodeIgniter\Model->insert([...], false)
 9 APPPATH\Controllers\User.php(255): CodeIgniter\BaseModel->save([...])
10 SYSTEMPATH\CodeIgniter.php(927): App\Controllers\User->profileuser()
11 SYSTEMPATH\CodeIgniter.php(482): CodeIgniter\CodeIgniter->runController(Object(App\Controllers\User))
12 SYSTEMPATH\CodeIgniter.php(351): CodeIgniter\CodeIgniter->handleRequest(null, Object(Config\Cache), false)
13 FCPATH\index.php(67): CodeIgniter\CodeIgniter->run()
14 SYSTEMPATH\Commands\Server\rewrite.php(46): require_once('FCPATH\\index.php')
CRITICAL - 2023-01-15 21:03:43 --> Undefined array key "ratings"
in APPPATH\Libraries\UserHelper.php on line 65.
 1 APPPATH\Libraries\UserHelper.php(65): CodeIgniter\Debug\Exceptions->errorHandler(2, 'Undefined array key "ratings"', 'APPPATH\\Libraries\\UserHelper.php', 65)
 2 APPPATH\Controllers\User.php(257): App\Libraries\UserHelper->setUserSession([...])
 3 SYSTEMPATH\CodeIgniter.php(927): App\Controllers\User->profileuser()
 4 SYSTEMPATH\CodeIgniter.php(482): CodeIgniter\CodeIgniter->runController(Object(App\Controllers\User))
 5 SYSTEMPATH\CodeIgniter.php(351): CodeIgniter\CodeIgniter->handleRequest(null, Object(Config\Cache), false)
 6 FCPATH\index.php(67): CodeIgniter\CodeIgniter->run()
 7 SYSTEMPATH\Commands\Server\rewrite.php(46): require_once('FCPATH\\index.php')
CRITICAL - 2023-01-15 21:05:31 --> Undefined array key "status"
in APPPATH\Libraries\UserHelper.php on line 67.
 1 APPPATH\Libraries\UserHelper.php(67): CodeIgniter\Debug\Exceptions->errorHandler(2, 'Undefined array key "status"', 'APPPATH\\Libraries\\UserHelper.php', 67)
 2 APPPATH\Controllers\User.php(258): App\Libraries\UserHelper->setUserSession([...])
 3 SYSTEMPATH\CodeIgniter.php(927): App\Controllers\User->profileuser()
 4 SYSTEMPATH\CodeIgniter.php(482): CodeIgniter\CodeIgniter->runController(Object(App\Controllers\User))
 5 SYSTEMPATH\CodeIgniter.php(351): CodeIgniter\CodeIgniter->handleRequest(null, Object(Config\Cache), false)
 6 FCPATH\index.php(67): CodeIgniter\CodeIgniter->run()
 7 SYSTEMPATH\Commands\Server\rewrite.php(46): require_once('FCPATH\\index.php')
CRITICAL - 2023-01-15 21:05:54 --> Undefined array key "current_job"
in APPPATH\Libraries\UserHelper.php on line 68.
 1 APPPATH\Libraries\UserHelper.php(68): CodeIgniter\Debug\Exceptions->errorHandler(2, 'Undefined array key "current_job"', 'APPPATH\\Libraries\\UserHelper.php', 68)
 2 APPPATH\Controllers\User.php(259): App\Libraries\UserHelper->setUserSession([...])
 3 SYSTEMPATH\CodeIgniter.php(927): App\Controllers\User->profileuser()
 4 SYSTEMPATH\CodeIgniter.php(482): CodeIgniter\CodeIgniter->runController(Object(App\Controllers\User))
 5 SYSTEMPATH\CodeIgniter.php(351): CodeIgniter\CodeIgniter->handleRequest(null, Object(Config\Cache), false)
 6 FCPATH\index.php(67): CodeIgniter\CodeIgniter->run()
 7 SYSTEMPATH\Commands\Server\rewrite.php(46): require_once('FCPATH\\index.php')
ERROR - 2023-01-15 21:12:39 --> mysqli_sql_exception: Column 'mail' cannot be null in C:\xampp\htdocs\MaFormation\system\Database\MySQLi\Connection.php:292
Stack trace:
#0 C:\xampp\htdocs\MaFormation\system\Database\MySQLi\Connection.php(292): mysqli->query('INSERT INTO `us...', 0)
#1 C:\xampp\htdocs\MaFormation\system\Database\BaseConnection.php(666): CodeIgniter\Database\MySQLi\Connection->execute('INSERT INTO `us...')
#2 C:\xampp\htdocs\MaFormation\system\Database\BaseConnection.php(593): CodeIgniter\Database\BaseConnection->simpleQuery('INSERT INTO `us...')
#3 C:\xampp\htdocs\MaFormation\system\Database\BaseBuilder.php(1916): CodeIgniter\Database\BaseConnection->query('INSERT INTO `us...', Array, false)
#4 C:\xampp\htdocs\MaFormation\system\Model.php(279): CodeIgniter\Database\BaseBuilder->insert()
#5 C:\xampp\htdocs\MaFormation\system\BaseModel.php(749): CodeIgniter\Model->doInsert(Array)
#6 C:\xampp\htdocs\MaFormation\system\Model.php(667): CodeIgniter\BaseModel->insert(Array, false)
#7 C:\xampp\htdocs\MaFormation\system\BaseModel.php(659): CodeIgniter\Model->insert(Array, false)
#8 C:\xampp\htdocs\MaFormation\app\Controllers\User.php(254): CodeIgniter\BaseModel->save(Array)
#9 C:\xampp\htdocs\MaFormation\system\CodeIgniter.php(927): App\Controllers\User->profileuser()
#10 C:\xampp\htdocs\MaFormation\system\CodeIgniter.php(482): CodeIgniter\CodeIgniter->runController(Object(App\Controllers\User))
#11 C:\xampp\htdocs\MaFormation\system\CodeIgniter.php(351): CodeIgniter\CodeIgniter->handleRequest(NULL, Object(Config\Cache), false)
#12 C:\xampp\htdocs\MaFormation\public\index.php(67): CodeIgniter\CodeIgniter->run()
#13 C:\xampp\htdocs\MaFormation\system\Commands\Server\rewrite.php(46): require_once('C:\\xampp\\htdocs...')
#14 {main}
CRITICAL - 2023-01-15 21:12:39 --> Column 'mail' cannot be null
in SYSTEMPATH\Database\MySQLi\Connection.php on line 292.
 1 SYSTEMPATH\Database\MySQLi\Connection.php(292): mysqli->query('INSERT INTO `user` (`mail`, `password`, `image_url`, `address`, `cp`, `city`, `country`, `phone`, `gender`, `birthday`) VALUES (NULL, NULL, NULL, NULL, NULL, NULL, NULL, NULL, NULL, NULL)', 0)
 2 SYSTEMPATH\Database\BaseConnection.php(666): CodeIgniter\Database\MySQLi\Connection->execute('INSERT INTO `user` (`mail`, `password`, `image_url`, `address`, `cp`, `city`, `country`, `phone`, `gender`, `birthday`) VALUES (NULL, NULL, NULL, NULL, NULL, NULL, NULL, NULL, NULL, NULL)')
 3 SYSTEMPATH\Database\BaseConnection.php(593): CodeIgniter\Database\BaseConnection->simpleQuery('INSERT INTO `user` (`mail`, `password`, `image_url`, `address`, `cp`, `city`, `country`, `phone`, `gender`, `birthday`) VALUES (NULL, NULL, NULL, NULL, NULL, NULL, NULL, NULL, NULL, NULL)')
 4 SYSTEMPATH\Database\BaseBuilder.php(1916): CodeIgniter\Database\BaseConnection->query('INSERT INTO `user` (`mail`, `password`, `image_url`, `address`, `cp`, `city`, `country`, `phone`, `gender`, `birthday`) VALUES (:mail:, :password:, :image_url:, :address:, :cp:, :city:, :country:, :phone:, :gender:, :birthday:)', [...], false)
 5 SYSTEMPATH\Model.php(279): CodeIgniter\Database\BaseBuilder->insert()
 6 SYSTEMPATH\BaseModel.php(749): CodeIgniter\Model->doInsert([...])
 7 SYSTEMPATH\Model.php(667): CodeIgniter\BaseModel->insert([...], false)
 8 SYSTEMPATH\BaseModel.php(659): CodeIgniter\Model->insert([...], false)
 9 APPPATH\Controllers\User.php(254): CodeIgniter\BaseModel->save([...])
10 SYSTEMPATH\CodeIgniter.php(927): App\Controllers\User->profileuser()
11 SYSTEMPATH\CodeIgniter.php(482): CodeIgniter\CodeIgniter->runController(Object(App\Controllers\User))
12 SYSTEMPATH\CodeIgniter.php(351): CodeIgniter\CodeIgniter->handleRequest(null, Object(Config\Cache), false)
13 FCPATH\index.php(67): CodeIgniter\CodeIgniter->run()
14 SYSTEMPATH\Commands\Server\rewrite.php(46): require_once('FCPATH\\index.php')
CRITICAL - 2023-01-15 21:25:19 --> Undefined array key "type"
in APPPATH\Libraries\UserHelper.php on line 51.
 1 APPPATH\Libraries\UserHelper.php(51): CodeIgniter\Debug\Exceptions->errorHandler(2, 'Undefined array key "type"', 'APPPATH\\Libraries\\UserHelper.php', 51)
 2 APPPATH\Controllers\User.php(260): App\Libraries\UserHelper->setUserSession([...])
 3 SYSTEMPATH\CodeIgniter.php(927): App\Controllers\User->profileuser()
 4 SYSTEMPATH\CodeIgniter.php(482): CodeIgniter\CodeIgniter->runController(Object(App\Controllers\User))
 5 SYSTEMPATH\CodeIgniter.php(351): CodeIgniter\CodeIgniter->handleRequest(null, Object(Config\Cache), false)
 6 FCPATH\index.php(67): CodeIgniter\CodeIgniter->run()
 7 SYSTEMPATH\Commands\Server\rewrite.php(46): require_once('FCPATH\\index.php')
CRITICAL - 2023-01-15 21:27:38 --> Undefined array key "name"
in APPPATH\Libraries\UserHelper.php on line 53.
 1 APPPATH\Libraries\UserHelper.php(53): CodeIgniter\Debug\Exceptions->errorHandler(2, 'Undefined array key "name"', 'APPPATH\\Libraries\\UserHelper.php', 53)
 2 APPPATH\Controllers\User.php(261): App\Libraries\UserHelper->setUserSession([...])
 3 SYSTEMPATH\CodeIgniter.php(927): App\Controllers\User->profileuser()
 4 SYSTEMPATH\CodeIgniter.php(482): CodeIgniter\CodeIgniter->runController(Object(App\Controllers\User))
 5 SYSTEMPATH\CodeIgniter.php(351): CodeIgniter\CodeIgniter->handleRequest(null, Object(Config\Cache), false)
 6 FCPATH\index.php(67): CodeIgniter\CodeIgniter->run()
 7 SYSTEMPATH\Commands\Server\rewrite.php(46): require_once('FCPATH\\index.php')
