CRITICAL - 2022-12-16 15:11:09 --> Undefined array key "address"
in APPPATH\Controllers\DashBoard.php on line 116.
 1 APPPATH\Controllers\DashBoard.php(116): CodeIgniter\Debug\Exceptions->errorHandler(2, 'Undefined array key "address"', 'APPPATH\\Controllers\\DashBoard.php', 116)
 2 SYSTEMPATH\CodeIgniter.php(927): App\Controllers\DashBoard->listarticles()
 3 SYSTEMPATH\CodeIgniter.php(482): CodeIgniter\CodeIgniter->runController(Object(App\Controllers\DashBoard))
 4 SYSTEMPATH\CodeIgniter.php(351): CodeIgniter\CodeIgniter->handleRequest(null, Object(Config\Cache), false)
 5 FCPATH\index.php(67): CodeIgniter\CodeIgniter->run()
 6 SYSTEMPATH\Commands\Server\rewrite.php(46): require_once('FCPATH\\index.php')
CRITICAL - 2022-12-16 15:46:30 --> Undefined variable $name
in APPPATH\Views\Former\list_former_cv.php on line 5.
 1 APPPATH\Views\Former\list_former_cv.php(5): CodeIgniter\Debug\Exceptions->errorHandler(2, 'Undefined variable $name', 'APPPATH\\Views\\Former\\list_former_cv.php', 5)
 2 SYSTEMPATH\View\View.php(213): include('APPPATH\\Views\\Former\\list_former_cv.php')
 3 SYSTEMPATH\View\View.php(216): CodeIgniter\View\View->CodeIgniter\View\{closure}()
 4 SYSTEMPATH\Common.php(1134): CodeIgniter\View\View->render('Former/list_former_cv.php', [], true)
 5 APPPATH\Controllers\Former.php(139): view('Former/list_former_cv.php', [...])
 6 SYSTEMPATH\CodeIgniter.php(927): App\Controllers\Former->details_former_home()
 7 SYSTEMPATH\CodeIgniter.php(482): CodeIgniter\CodeIgniter->runController(Object(App\Controllers\Former))
 8 SYSTEMPATH\CodeIgniter.php(351): CodeIgniter\CodeIgniter->handleRequest(null, Object(Config\Cache), false)
 9 FCPATH\index.php(67): CodeIgniter\CodeIgniter->run()
10 SYSTEMPATH\Commands\Server\rewrite.php(46): require_once('FCPATH\\index.php')
CRITICAL - 2022-12-16 17:56:31 --> Undefined variable $listformers
in APPPATH\Views\Former\list_former.php on line 7.
 1 APPPATH\Views\Former\list_former.php(7): CodeIgniter\Debug\Exceptions->errorHandler(2, 'Undefined variable $listformers', 'APPPATH\\Views\\Former\\list_former.php', 7)
 2 SYSTEMPATH\View\View.php(213): include('APPPATH\\Views\\Former\\list_former.php')
 3 SYSTEMPATH\View\View.php(216): CodeIgniter\View\View->CodeIgniter\View\{closure}()
 4 SYSTEMPATH\Common.php(1134): CodeIgniter\View\View->render('Former/list_former.php', [], true)
 5 APPPATH\Controllers\News.php(137): view('Former/list_former.php', [...])
 6 SYSTEMPATH\CodeIgniter.php(927): App\Controllers\News->list_articles_home()
 7 SYSTEMPATH\CodeIgniter.php(482): CodeIgniter\CodeIgniter->runController(Object(App\Controllers\News))
 8 SYSTEMPATH\CodeIgniter.php(351): CodeIgniter\CodeIgniter->handleRequest(null, Object(Config\Cache), false)
 9 FCPATH\index.php(67): CodeIgniter\CodeIgniter->run()
10 SYSTEMPATH\Commands\Server\rewrite.php(46): require_once('FCPATH\\index.php')
CRITICAL - 2022-12-16 18:01:18 --> Invalid file: Former/list_article.php
in SYSTEMPATH\Exceptions\FrameworkException.php on line 33.
 1 SYSTEMPATH\View\View.php(201): CodeIgniter\Exceptions\FrameworkException::forInvalidFile('Former/list_article.php')
 2 SYSTEMPATH\Common.php(1134): CodeIgniter\View\View->render('Former/list_article.php', [], true)
 3 APPPATH\Controllers\News.php(137): view('Former/list_article.php', [...])
 4 SYSTEMPATH\CodeIgniter.php(927): App\Controllers\News->list_articles_home()
 5 SYSTEMPATH\CodeIgniter.php(482): CodeIgniter\CodeIgniter->runController(Object(App\Controllers\News))
 6 SYSTEMPATH\CodeIgniter.php(351): CodeIgniter\CodeIgniter->handleRequest(null, Object(Config\Cache), false)
 7 FCPATH\index.php(67): CodeIgniter\CodeIgniter->run()
 8 SYSTEMPATH\Commands\Server\rewrite.php(46): require_once('FCPATH\\index.php')
