CRITICAL - 2023-02-15 15:32:53 --> Undefined variable $modalDelete
in APPPATH\Views\Admin\dashboard_page.php on line 6.
 1 APPPATH\Views\Admin\dashboard_page.php(6): CodeIgniter\Debug\Exceptions->errorHandler(2, 'Undefined variable $modalDelete', 'APPPATH\\Views\\Admin\\dashboard_page.php', 6)
 2 SYSTEMPATH\View\View.php(213): include('APPPATH\\Views\\Admin\\dashboard_page.php')
 3 SYSTEMPATH\View\View.php(216): CodeIgniter\View\View->CodeIgniter\View\{closure}()
 4 SYSTEMPATH\Common.php(1134): CodeIgniter\View\View->render('Admin/dashboard_page.php', [], true)
 5 APPPATH\Controllers\DashBoard.php(473): view('Admin/dashboard_page.php', [...])
 6 SYSTEMPATH\CodeIgniter.php(927): App\Controllers\DashBoard->preview_training()
 7 SYSTEMPATH\CodeIgniter.php(482): CodeIgniter\CodeIgniter->runController(Object(App\Controllers\DashBoard))
 8 SYSTEMPATH\CodeIgniter.php(351): CodeIgniter\CodeIgniter->handleRequest(null, Object(Config\Cache), false)
 9 FCPATH\index.php(67): CodeIgniter\CodeIgniter->run()
10 SYSTEMPATH\Commands\Server\rewrite.php(46): require_once('FCPATH\\index.php')
CRITICAL - 2023-02-15 15:33:11 --> Undefined variable $modalDelete
in APPPATH\Views\Admin\dashboard_page.php on line 6.
 1 APPPATH\Views\Admin\dashboard_page.php(6): CodeIgniter\Debug\Exceptions->errorHandler(2, 'Undefined variable $modalDelete', 'APPPATH\\Views\\Admin\\dashboard_page.php', 6)
 2 SYSTEMPATH\View\View.php(213): include('APPPATH\\Views\\Admin\\dashboard_page.php')
 3 SYSTEMPATH\View\View.php(216): CodeIgniter\View\View->CodeIgniter\View\{closure}()
 4 SYSTEMPATH\Common.php(1134): CodeIgniter\View\View->render('Admin/dashboard_page.php', [], true)
 5 APPPATH\Controllers\DashBoard.php(473): view('Admin/dashboard_page.php', [...])
 6 SYSTEMPATH\CodeIgniter.php(927): App\Controllers\DashBoard->preview_training()
 7 SYSTEMPATH\CodeIgniter.php(482): CodeIgniter\CodeIgniter->runController(Object(App\Controllers\DashBoard))
 8 SYSTEMPATH\CodeIgniter.php(351): CodeIgniter\CodeIgniter->handleRequest(null, Object(Config\Cache), false)
 9 FCPATH\index.php(67): CodeIgniter\CodeIgniter->run()
10 SYSTEMPATH\Commands\Server\rewrite.php(46): require_once('FCPATH\\index.php')
CRITICAL - 2023-02-15 15:33:17 --> Undefined variable $modalDelete
in APPPATH\Views\Admin\dashboard_page.php on line 6.
 1 APPPATH\Views\Admin\dashboard_page.php(6): CodeIgniter\Debug\Exceptions->errorHandler(2, 'Undefined variable $modalDelete', 'APPPATH\\Views\\Admin\\dashboard_page.php', 6)
 2 SYSTEMPATH\View\View.php(213): include('APPPATH\\Views\\Admin\\dashboard_page.php')
 3 SYSTEMPATH\View\View.php(216): CodeIgniter\View\View->CodeIgniter\View\{closure}()
 4 SYSTEMPATH\Common.php(1134): CodeIgniter\View\View->render('Admin/dashboard_page.php', [], true)
 5 APPPATH\Controllers\DashBoard.php(473): view('Admin/dashboard_page.php', [...])
 6 SYSTEMPATH\CodeIgniter.php(927): App\Controllers\DashBoard->preview_training()
 7 SYSTEMPATH\CodeIgniter.php(482): CodeIgniter\CodeIgniter->runController(Object(App\Controllers\DashBoard))
 8 SYSTEMPATH\CodeIgniter.php(351): CodeIgniter\CodeIgniter->handleRequest(null, Object(Config\Cache), false)
 9 FCPATH\index.php(67): CodeIgniter\CodeIgniter->run()
10 SYSTEMPATH\Commands\Server\rewrite.php(46): require_once('FCPATH\\index.php')
CRITICAL - 2023-02-15 17:48:37 --> Invalid file: Training/list_page.php
in SYSTEMPATH\Exceptions\FrameworkException.php on line 33.
 1 SYSTEMPATH\View\View.php(201): CodeIgniter\Exceptions\FrameworkException::forInvalidFile('Training/list_page.php')
 2 SYSTEMPATH\Common.php(1134): CodeIgniter\View\View->render('Training/list_page.php', [], true)
 3 APPPATH\Controllers\DashBoard.php(476): view('Training/list_page.php', [...])
 4 SYSTEMPATH\CodeIgniter.php(927): App\Controllers\DashBoard->preview_training()
 5 SYSTEMPATH\CodeIgniter.php(482): CodeIgniter\CodeIgniter->runController(Object(App\Controllers\DashBoard))
 6 SYSTEMPATH\CodeIgniter.php(351): CodeIgniter\CodeIgniter->handleRequest(null, Object(Config\Cache), false)
 7 FCPATH\index.php(67): CodeIgniter\CodeIgniter->run()
 8 SYSTEMPATH\Commands\Server\rewrite.php(46): require_once('FCPATH\\index.php')
CRITICAL - 2023-02-15 17:52:39 --> Invalid file: Training/list_page.php
in SYSTEMPATH\Exceptions\FrameworkException.php on line 33.
 1 SYSTEMPATH\View\View.php(201): CodeIgniter\Exceptions\FrameworkException::forInvalidFile('Training/list_page.php')
 2 SYSTEMPATH\Common.php(1134): CodeIgniter\View\View->render('Training/list_page.php', [], true)
 3 APPPATH\Controllers\DashBoard.php(476): view('Training/list_page.php', [...])
 4 SYSTEMPATH\CodeIgniter.php(927): App\Controllers\DashBoard->preview_training()
 5 SYSTEMPATH\CodeIgniter.php(482): CodeIgniter\CodeIgniter->runController(Object(App\Controllers\DashBoard))
 6 SYSTEMPATH\CodeIgniter.php(351): CodeIgniter\CodeIgniter->handleRequest(null, Object(Config\Cache), false)
 7 FCPATH\index.php(67): CodeIgniter\CodeIgniter->run()
 8 SYSTEMPATH\Commands\Server\rewrite.php(46): require_once('FCPATH\\index.php')
CRITICAL - 2023-02-15 17:57:23 --> Invalid file: Training/list_page.php
in SYSTEMPATH\Exceptions\FrameworkException.php on line 33.
 1 SYSTEMPATH\View\View.php(201): CodeIgniter\Exceptions\FrameworkException::forInvalidFile('Training/list_page.php')
 2 SYSTEMPATH\Common.php(1134): CodeIgniter\View\View->render('Training/list_page.php', [], true)
 3 APPPATH\Controllers\DashBoard.php(478): view('Training/list_page.php', [...])
 4 SYSTEMPATH\CodeIgniter.php(927): App\Controllers\DashBoard->preview_training()
 5 SYSTEMPATH\CodeIgniter.php(482): CodeIgniter\CodeIgniter->runController(Object(App\Controllers\DashBoard))
 6 SYSTEMPATH\CodeIgniter.php(351): CodeIgniter\CodeIgniter->handleRequest(null, Object(Config\Cache), false)
 7 FCPATH\index.php(67): CodeIgniter\CodeIgniter->run()
 8 SYSTEMPATH\Commands\Server\rewrite.php(46): require_once('FCPATH\\index.php')
CRITICAL - 2023-02-15 20:50:59 --> Undefined array key 0
in APPPATH\Controllers\DashBoard.php on line 509.
 1 APPPATH\Controllers\DashBoard.php(509): CodeIgniter\Debug\Exceptions->errorHandler(2, 'Undefined array key 0', 'APPPATH\\Controllers\\DashBoard.php', 509)
 2 SYSTEMPATH\CodeIgniter.php(927): App\Controllers\DashBoard->preview_page()
 3 SYSTEMPATH\CodeIgniter.php(482): CodeIgniter\CodeIgniter->runController(Object(App\Controllers\DashBoard))
 4 SYSTEMPATH\CodeIgniter.php(351): CodeIgniter\CodeIgniter->handleRequest(null, Object(Config\Cache), false)
 5 FCPATH\index.php(67): CodeIgniter\CodeIgniter->run()
 6 SYSTEMPATH\Commands\Server\rewrite.php(46): require_once('FCPATH\\index.php')
CRITICAL - 2023-02-15 20:53:21 --> Undefined variable $modalDelete
in APPPATH\Views\Admin\dashboard_page.php on line 6.
 1 APPPATH\Views\Admin\dashboard_page.php(6): CodeIgniter\Debug\Exceptions->errorHandler(2, 'Undefined variable $modalDelete', 'APPPATH\\Views\\Admin\\dashboard_page.php', 6)
 2 SYSTEMPATH\View\View.php(213): include('APPPATH\\Views\\Admin\\dashboard_page.php')
 3 SYSTEMPATH\View\View.php(216): CodeIgniter\View\View->CodeIgniter\View\{closure}()
 4 SYSTEMPATH\Common.php(1134): CodeIgniter\View\View->render('Admin/dashboard_page.php', [], true)
 5 APPPATH\Controllers\DashBoard.php(521): view('Admin/dashboard_page.php', [...])
 6 SYSTEMPATH\CodeIgniter.php(927): App\Controllers\DashBoard->preview_page()
 7 SYSTEMPATH\CodeIgniter.php(482): CodeIgniter\CodeIgniter->runController(Object(App\Controllers\DashBoard))
 8 SYSTEMPATH\CodeIgniter.php(351): CodeIgniter\CodeIgniter->handleRequest(null, Object(Config\Cache), false)
 9 FCPATH\index.php(67): CodeIgniter\CodeIgniter->run()
10 SYSTEMPATH\Commands\Server\rewrite.php(46): require_once('FCPATH\\index.php')
CRITICAL - 2023-02-15 20:56:39 --> Undefined variable $pages
in APPPATH\Views\Admin\dashboard_page.php on line 39.
 1 APPPATH\Views\Admin\dashboard_page.php(39): CodeIgniter\Debug\Exceptions->errorHandler(2, 'Undefined variable $pages', 'APPPATH\\Views\\Admin\\dashboard_page.php', 39)
 2 SYSTEMPATH\View\View.php(213): include('APPPATH\\Views\\Admin\\dashboard_page.php')
 3 SYSTEMPATH\View\View.php(216): CodeIgniter\View\View->CodeIgniter\View\{closure}()
 4 SYSTEMPATH\Common.php(1134): CodeIgniter\View\View->render('Admin/dashboard_page.php', [], true)
 5 APPPATH\Controllers\DashBoard.php(522): view('Admin/dashboard_page.php', [...])
 6 SYSTEMPATH\CodeIgniter.php(927): App\Controllers\DashBoard->preview_page()
 7 SYSTEMPATH\CodeIgniter.php(482): CodeIgniter\CodeIgniter->runController(Object(App\Controllers\DashBoard))
 8 SYSTEMPATH\CodeIgniter.php(351): CodeIgniter\CodeIgniter->handleRequest(null, Object(Config\Cache), false)
 9 FCPATH\index.php(67): CodeIgniter\CodeIgniter->run()
10 SYSTEMPATH\Commands\Server\rewrite.php(46): require_once('FCPATH\\index.php')
CRITICAL - 2023-02-15 20:58:24 --> Undefined variable $id_training
in APPPATH\Views\Training\page_view.php on line 20.
 1 APPPATH\Views\Training\page_view.php(20): CodeIgniter\Debug\Exceptions->errorHandler(2, 'Undefined variable $id_training', 'APPPATH\\Views\\Training\\page_view.php', 20)
 2 SYSTEMPATH\View\View.php(213): include('APPPATH\\Views\\Training\\page_view.php')
 3 SYSTEMPATH\View\View.php(216): CodeIgniter\View\View->CodeIgniter\View\{closure}()
 4 SYSTEMPATH\Common.php(1134): CodeIgniter\View\View->render('Training/page_view.php', [], true)
 5 APPPATH\Controllers\DashBoard.php(518): view('Training/page_view.php', [...])
 6 SYSTEMPATH\CodeIgniter.php(927): App\Controllers\DashBoard->preview_page()
 7 SYSTEMPATH\CodeIgniter.php(482): CodeIgniter\CodeIgniter->runController(Object(App\Controllers\DashBoard))
 8 SYSTEMPATH\CodeIgniter.php(351): CodeIgniter\CodeIgniter->handleRequest(null, Object(Config\Cache), false)
 9 FCPATH\index.php(67): CodeIgniter\CodeIgniter->run()
10 SYSTEMPATH\Commands\Server\rewrite.php(46): require_once('FCPATH\\index.php')
CRITICAL - 2023-02-15 21:00:49 --> Undefined variable $options
in APPPATH\Views\Training\page_view.php on line 26.
 1 APPPATH\Views\Training\page_view.php(26): CodeIgniter\Debug\Exceptions->errorHandler(2, 'Undefined variable $options', 'APPPATH\\Views\\Training\\page_view.php', 26)
 2 SYSTEMPATH\View\View.php(213): include('APPPATH\\Views\\Training\\page_view.php')
 3 SYSTEMPATH\View\View.php(216): CodeIgniter\View\View->CodeIgniter\View\{closure}()
 4 SYSTEMPATH\Common.php(1134): CodeIgniter\View\View->render('Training/page_view.php', [], true)
 5 APPPATH\Controllers\DashBoard.php(520): view('Training/page_view.php', [...])
 6 SYSTEMPATH\CodeIgniter.php(927): App\Controllers\DashBoard->preview_page()
 7 SYSTEMPATH\CodeIgniter.php(482): CodeIgniter\CodeIgniter->runController(Object(App\Controllers\DashBoard))
 8 SYSTEMPATH\CodeIgniter.php(351): CodeIgniter\CodeIgniter->handleRequest(null, Object(Config\Cache), false)
 9 FCPATH\index.php(67): CodeIgniter\CodeIgniter->run()
10 SYSTEMPATH\Commands\Server\rewrite.php(46): require_once('FCPATH\\index.php')
