ERROR - 2023-01-18 12:58:34 --> Error connecting to the database: mysqli_sql_exception: Aucune connexion n’a pu être établie car l’ordinateur cible l’a expressément refusée in C:\xampp\htdocs\MaFormation\system\Database\MySQLi\Connection.php:171
Stack trace:
#0 C:\xampp\htdocs\MaFormation\system\Database\MySQLi\Connection.php(171): mysqli->real_connect('localhost', 'root', '', 'formation', 3306, '', 0)
#1 C:\xampp\htdocs\MaFormation\system\Database\BaseConnection.php(382): CodeIgniter\Database\MySQLi\Connection->connect(false)
#2 C:\xampp\htdocs\MaFormation\system\Database\BaseConnection.php(561): CodeIgniter\Database\BaseConnection->initialize()
#3 C:\xampp\htdocs\MaFormation\system\Database\BaseBuilder.php(1585): CodeIgniter\Database\BaseConnection->query('SELECT *\nFROM `...', Array, false)
#4 C:\xampp\htdocs\MaFormation\app\Controllers\Home.php(27): CodeIgniter\Database\BaseBuilder->get()
#5 C:\xampp\htdocs\MaFormation\system\CodeIgniter.php(927): App\Controllers\Home->index()
#6 C:\xampp\htdocs\MaFormation\system\CodeIgniter.php(482): CodeIgniter\CodeIgniter->runController(Object(App\Controllers\Home))
#7 C:\xampp\htdocs\MaFormation\system\CodeIgniter.php(351): CodeIgniter\CodeIgniter->handleRequest(NULL, Object(Config\Cache), false)
#8 C:\xampp\htdocs\MaFormation\public\index.php(67): CodeIgniter\CodeIgniter->run()
#9 C:\xampp\htdocs\MaFormation\system\Commands\Server\rewrite.php(46): require_once('C:\\xampp\\htdocs...')
#10 {main}

Next CodeIgniter\Database\Exceptions\DatabaseException: Aucune connexion n’a pu être établie car l’ordinateur cible l’a expressément refusée in C:\xampp\htdocs\MaFormation\system\Database\MySQLi\Connection.php:215
Stack trace:
#0 C:\xampp\htdocs\MaFormation\system\Database\BaseConnection.php(382): CodeIgniter\Database\MySQLi\Connection->connect(false)
#1 C:\xampp\htdocs\MaFormation\system\Database\BaseConnection.php(561): CodeIgniter\Database\BaseConnection->initialize()
#2 C:\xampp\htdocs\MaFormation\system\Database\BaseBuilder.php(1585): CodeIgniter\Database\BaseConnection->query('SELECT *\nFROM `...', Array, false)
#3 C:\xampp\htdocs\MaFormation\app\Controllers\Home.php(27): CodeIgniter\Database\BaseBuilder->get()
#4 C:\xampp\htdocs\MaFormation\system\CodeIgniter.php(927): App\Controllers\Home->index()
#5 C:\xampp\htdocs\MaFormation\system\CodeIgniter.php(482): CodeIgniter\CodeIgniter->runController(Object(App\Controllers\Home))
#6 C:\xampp\htdocs\MaFormation\system\CodeIgniter.php(351): CodeIgniter\CodeIgniter->handleRequest(NULL, Object(Config\Cache), false)
#7 C:\xampp\htdocs\MaFormation\public\index.php(67): CodeIgniter\CodeIgniter->run()
#8 C:\xampp\htdocs\MaFormation\system\Commands\Server\rewrite.php(46): require_once('C:\\xampp\\htdocs...')
#9 {main}
CRITICAL - 2023-01-18 12:58:34 --> Unable to connect to the database.
Main connection [MySQLi]: Aucune connexion n’a pu être établie car l’ordinateur cible l’a expressément refusée
in SYSTEMPATH\Database\BaseConnection.php on line 418.
 1 SYSTEMPATH\Database\BaseConnection.php(561): CodeIgniter\Database\BaseConnection->initialize()
 2 SYSTEMPATH\Database\BaseBuilder.php(1585): CodeIgniter\Database\BaseConnection->query('SELECT *
FROM `article`
WHERE `status` = :status:
ORDER BY `datetime` DESC
 LIMIT 6', [...], false)
 3 APPPATH\Controllers\Home.php(27): CodeIgniter\Database\BaseBuilder->get()
 4 SYSTEMPATH\CodeIgniter.php(927): App\Controllers\Home->index()
 5 SYSTEMPATH\CodeIgniter.php(482): CodeIgniter\CodeIgniter->runController(Object(App\Controllers\Home))
 6 SYSTEMPATH\CodeIgniter.php(351): CodeIgniter\CodeIgniter->handleRequest(null, Object(Config\Cache), false)
 7 FCPATH\index.php(67): CodeIgniter\CodeIgniter->run()
 8 SYSTEMPATH\Commands\Server\rewrite.php(46): require_once('FCPATH\\index.php')
ERROR - 2023-01-18 13:02:59 --> Error connecting to the database: mysqli_sql_exception: Aucune connexion n’a pu être établie car l’ordinateur cible l’a expressément refusée in C:\xampp\htdocs\MaFormation\system\Database\MySQLi\Connection.php:171
Stack trace:
#0 C:\xampp\htdocs\MaFormation\system\Database\MySQLi\Connection.php(171): mysqli->real_connect('localhost', 'root', '', 'formation', 3306, '', 0)
#1 C:\xampp\htdocs\MaFormation\system\Database\BaseConnection.php(382): CodeIgniter\Database\MySQLi\Connection->connect(false)
#2 C:\xampp\htdocs\MaFormation\system\Database\BaseConnection.php(561): CodeIgniter\Database\BaseConnection->initialize()
#3 C:\xampp\htdocs\MaFormation\system\Database\BaseBuilder.php(1585): CodeIgniter\Database\BaseConnection->query('SELECT *\nFROM `...', Array, false)
#4 C:\xampp\htdocs\MaFormation\app\Controllers\Home.php(29): CodeIgniter\Database\BaseBuilder->get()
#5 C:\xampp\htdocs\MaFormation\system\CodeIgniter.php(927): App\Controllers\Home->index()
#6 C:\xampp\htdocs\MaFormation\system\CodeIgniter.php(482): CodeIgniter\CodeIgniter->runController(Object(App\Controllers\Home))
#7 C:\xampp\htdocs\MaFormation\system\CodeIgniter.php(351): CodeIgniter\CodeIgniter->handleRequest(NULL, Object(Config\Cache), false)
#8 C:\xampp\htdocs\MaFormation\public\index.php(67): CodeIgniter\CodeIgniter->run()
#9 C:\xampp\htdocs\MaFormation\system\Commands\Server\rewrite.php(46): require_once('C:\\xampp\\htdocs...')
#10 {main}

Next CodeIgniter\Database\Exceptions\DatabaseException: Aucune connexion n’a pu être établie car l’ordinateur cible l’a expressément refusée in C:\xampp\htdocs\MaFormation\system\Database\MySQLi\Connection.php:215
Stack trace:
#0 C:\xampp\htdocs\MaFormation\system\Database\BaseConnection.php(382): CodeIgniter\Database\MySQLi\Connection->connect(false)
#1 C:\xampp\htdocs\MaFormation\system\Database\BaseConnection.php(561): CodeIgniter\Database\BaseConnection->initialize()
#2 C:\xampp\htdocs\MaFormation\system\Database\BaseBuilder.php(1585): CodeIgniter\Database\BaseConnection->query('SELECT *\nFROM `...', Array, false)
#3 C:\xampp\htdocs\MaFormation\app\Controllers\Home.php(29): CodeIgniter\Database\BaseBuilder->get()
#4 C:\xampp\htdocs\MaFormation\system\CodeIgniter.php(927): App\Controllers\Home->index()
#5 C:\xampp\htdocs\MaFormation\system\CodeIgniter.php(482): CodeIgniter\CodeIgniter->runController(Object(App\Controllers\Home))
#6 C:\xampp\htdocs\MaFormation\system\CodeIgniter.php(351): CodeIgniter\CodeIgniter->handleRequest(NULL, Object(Config\Cache), false)
#7 C:\xampp\htdocs\MaFormation\public\index.php(67): CodeIgniter\CodeIgniter->run()
#8 C:\xampp\htdocs\MaFormation\system\Commands\Server\rewrite.php(46): require_once('C:\\xampp\\htdocs...')
#9 {main}
CRITICAL - 2023-01-18 13:02:59 --> Undefined variable $articles
in APPPATH\Controllers\Home.php on line 37.
 1 APPPATH\Controllers\Home.php(37): CodeIgniter\Debug\Exceptions->errorHandler(2, 'Undefined variable $articles', 'APPPATH\\Controllers\\Home.php', 37)
 2 SYSTEMPATH\CodeIgniter.php(927): App\Controllers\Home->index()
 3 SYSTEMPATH\CodeIgniter.php(482): CodeIgniter\CodeIgniter->runController(Object(App\Controllers\Home))
 4 SYSTEMPATH\CodeIgniter.php(351): CodeIgniter\CodeIgniter->handleRequest(null, Object(Config\Cache), false)
 5 FCPATH\index.php(67): CodeIgniter\CodeIgniter->run()
 6 SYSTEMPATH\Commands\Server\rewrite.php(46): require_once('FCPATH\\index.php')
ERROR - 2023-01-18 13:11:31 --> Error connecting to the database: mysqli_sql_exception: Aucune connexion n’a pu être établie car l’ordinateur cible l’a expressément refusée in C:\xampp\htdocs\MaFormation\system\Database\MySQLi\Connection.php:171
Stack trace:
#0 C:\xampp\htdocs\MaFormation\system\Database\MySQLi\Connection.php(171): mysqli->real_connect('localhost', 'root', '', 'formation', 3306, '', 0)
#1 C:\xampp\htdocs\MaFormation\system\Database\BaseConnection.php(382): CodeIgniter\Database\MySQLi\Connection->connect(false)
#2 C:\xampp\htdocs\MaFormation\system\Database\BaseConnection.php(561): CodeIgniter\Database\BaseConnection->initialize()
#3 C:\xampp\htdocs\MaFormation\system\Database\BaseBuilder.php(1585): CodeIgniter\Database\BaseConnection->query('SELECT *\nFROM `...', Array, false)
#4 C:\xampp\htdocs\MaFormation\app\Controllers\Home.php(27): CodeIgniter\Database\BaseBuilder->get()
#5 C:\xampp\htdocs\MaFormation\system\CodeIgniter.php(927): App\Controllers\Home->index()
#6 C:\xampp\htdocs\MaFormation\system\CodeIgniter.php(482): CodeIgniter\CodeIgniter->runController(Object(App\Controllers\Home))
#7 C:\xampp\htdocs\MaFormation\system\CodeIgniter.php(351): CodeIgniter\CodeIgniter->handleRequest(NULL, Object(Config\Cache), false)
#8 C:\xampp\htdocs\MaFormation\public\index.php(67): CodeIgniter\CodeIgniter->run()
#9 C:\xampp\htdocs\MaFormation\system\Commands\Server\rewrite.php(46): require_once('C:\\xampp\\htdocs...')
#10 {main}

Next CodeIgniter\Database\Exceptions\DatabaseException: Aucune connexion n’a pu être établie car l’ordinateur cible l’a expressément refusée in C:\xampp\htdocs\MaFormation\system\Database\MySQLi\Connection.php:215
Stack trace:
#0 C:\xampp\htdocs\MaFormation\system\Database\BaseConnection.php(382): CodeIgniter\Database\MySQLi\Connection->connect(false)
#1 C:\xampp\htdocs\MaFormation\system\Database\BaseConnection.php(561): CodeIgniter\Database\BaseConnection->initialize()
#2 C:\xampp\htdocs\MaFormation\system\Database\BaseBuilder.php(1585): CodeIgniter\Database\BaseConnection->query('SELECT *\nFROM `...', Array, false)
#3 C:\xampp\htdocs\MaFormation\app\Controllers\Home.php(27): CodeIgniter\Database\BaseBuilder->get()
#4 C:\xampp\htdocs\MaFormation\system\CodeIgniter.php(927): App\Controllers\Home->index()
#5 C:\xampp\htdocs\MaFormation\system\CodeIgniter.php(482): CodeIgniter\CodeIgniter->runController(Object(App\Controllers\Home))
#6 C:\xampp\htdocs\MaFormation\system\CodeIgniter.php(351): CodeIgniter\CodeIgniter->handleRequest(NULL, Object(Config\Cache), false)
#7 C:\xampp\htdocs\MaFormation\public\index.php(67): CodeIgniter\CodeIgniter->run()
#8 C:\xampp\htdocs\MaFormation\system\Commands\Server\rewrite.php(46): require_once('C:\\xampp\\htdocs...')
#9 {main}
ERROR - 2023-01-18 13:12:26 --> Error connecting to the database: mysqli_sql_exception: Aucune connexion n’a pu être établie car l’ordinateur cible l’a expressément refusée in C:\xampp\htdocs\MaFormation\system\Database\MySQLi\Connection.php:171
Stack trace:
#0 C:\xampp\htdocs\MaFormation\system\Database\MySQLi\Connection.php(171): mysqli->real_connect('localhost', 'root', '', 'formation', 3306, '', 0)
#1 C:\xampp\htdocs\MaFormation\system\Database\BaseConnection.php(382): CodeIgniter\Database\MySQLi\Connection->connect(false)
#2 C:\xampp\htdocs\MaFormation\system\Database\BaseConnection.php(561): CodeIgniter\Database\BaseConnection->initialize()
#3 C:\xampp\htdocs\MaFormation\system\Database\BaseBuilder.php(1585): CodeIgniter\Database\BaseConnection->query('SELECT *\nFROM `...', Array, false)
#4 C:\xampp\htdocs\MaFormation\app\Controllers\Home.php(27): CodeIgniter\Database\BaseBuilder->get()
#5 C:\xampp\htdocs\MaFormation\system\CodeIgniter.php(927): App\Controllers\Home->index()
#6 C:\xampp\htdocs\MaFormation\system\CodeIgniter.php(482): CodeIgniter\CodeIgniter->runController(Object(App\Controllers\Home))
#7 C:\xampp\htdocs\MaFormation\system\CodeIgniter.php(351): CodeIgniter\CodeIgniter->handleRequest(NULL, Object(Config\Cache), false)
#8 C:\xampp\htdocs\MaFormation\public\index.php(67): CodeIgniter\CodeIgniter->run()
#9 C:\xampp\htdocs\MaFormation\system\Commands\Server\rewrite.php(46): require_once('C:\\xampp\\htdocs...')
#10 {main}

Next CodeIgniter\Database\Exceptions\DatabaseException: Aucune connexion n’a pu être établie car l’ordinateur cible l’a expressément refusée in C:\xampp\htdocs\MaFormation\system\Database\MySQLi\Connection.php:215
Stack trace:
#0 C:\xampp\htdocs\MaFormation\system\Database\BaseConnection.php(382): CodeIgniter\Database\MySQLi\Connection->connect(false)
#1 C:\xampp\htdocs\MaFormation\system\Database\BaseConnection.php(561): CodeIgniter\Database\BaseConnection->initialize()
#2 C:\xampp\htdocs\MaFormation\system\Database\BaseBuilder.php(1585): CodeIgniter\Database\BaseConnection->query('SELECT *\nFROM `...', Array, false)
#3 C:\xampp\htdocs\MaFormation\app\Controllers\Home.php(27): CodeIgniter\Database\BaseBuilder->get()
#4 C:\xampp\htdocs\MaFormation\system\CodeIgniter.php(927): App\Controllers\Home->index()
#5 C:\xampp\htdocs\MaFormation\system\CodeIgniter.php(482): CodeIgniter\CodeIgniter->runController(Object(App\Controllers\Home))
#6 C:\xampp\htdocs\MaFormation\system\CodeIgniter.php(351): CodeIgniter\CodeIgniter->handleRequest(NULL, Object(Config\Cache), false)
#7 C:\xampp\htdocs\MaFormation\public\index.php(67): CodeIgniter\CodeIgniter->run()
#8 C:\xampp\htdocs\MaFormation\system\Commands\Server\rewrite.php(46): require_once('C:\\xampp\\htdocs...')
#9 {main}
ERROR - 2023-01-18 13:13:48 --> Error connecting to the database: mysqli_sql_exception: Aucune connexion n’a pu être établie car l’ordinateur cible l’a expressément refusée in C:\xampp\htdocs\MaFormation\system\Database\MySQLi\Connection.php:171
Stack trace:
#0 C:\xampp\htdocs\MaFormation\system\Database\MySQLi\Connection.php(171): mysqli->real_connect('localhost', 'root', '', 'formation', 3306, '', 0)
#1 C:\xampp\htdocs\MaFormation\system\Database\BaseConnection.php(382): CodeIgniter\Database\MySQLi\Connection->connect(false)
#2 C:\xampp\htdocs\MaFormation\system\Database\BaseConnection.php(561): CodeIgniter\Database\BaseConnection->initialize()
#3 C:\xampp\htdocs\MaFormation\system\Database\BaseBuilder.php(1585): CodeIgniter\Database\BaseConnection->query('SELECT *\nFROM `...', Array, false)
#4 C:\xampp\htdocs\MaFormation\app\Controllers\Home.php(27): CodeIgniter\Database\BaseBuilder->get()
#5 C:\xampp\htdocs\MaFormation\system\CodeIgniter.php(927): App\Controllers\Home->index()
#6 C:\xampp\htdocs\MaFormation\system\CodeIgniter.php(482): CodeIgniter\CodeIgniter->runController(Object(App\Controllers\Home))
#7 C:\xampp\htdocs\MaFormation\system\CodeIgniter.php(351): CodeIgniter\CodeIgniter->handleRequest(NULL, Object(Config\Cache), false)
#8 C:\xampp\htdocs\MaFormation\public\index.php(67): CodeIgniter\CodeIgniter->run()
#9 C:\xampp\htdocs\MaFormation\system\Commands\Server\rewrite.php(46): require_once('C:\\xampp\\htdocs...')
#10 {main}

Next CodeIgniter\Database\Exceptions\DatabaseException: Aucune connexion n’a pu être établie car l’ordinateur cible l’a expressément refusée in C:\xampp\htdocs\MaFormation\system\Database\MySQLi\Connection.php:215
Stack trace:
#0 C:\xampp\htdocs\MaFormation\system\Database\BaseConnection.php(382): CodeIgniter\Database\MySQLi\Connection->connect(false)
#1 C:\xampp\htdocs\MaFormation\system\Database\BaseConnection.php(561): CodeIgniter\Database\BaseConnection->initialize()
#2 C:\xampp\htdocs\MaFormation\system\Database\BaseBuilder.php(1585): CodeIgniter\Database\BaseConnection->query('SELECT *\nFROM `...', Array, false)
#3 C:\xampp\htdocs\MaFormation\app\Controllers\Home.php(27): CodeIgniter\Database\BaseBuilder->get()
#4 C:\xampp\htdocs\MaFormation\system\CodeIgniter.php(927): App\Controllers\Home->index()
#5 C:\xampp\htdocs\MaFormation\system\CodeIgniter.php(482): CodeIgniter\CodeIgniter->runController(Object(App\Controllers\Home))
#6 C:\xampp\htdocs\MaFormation\system\CodeIgniter.php(351): CodeIgniter\CodeIgniter->handleRequest(NULL, Object(Config\Cache), false)
#7 C:\xampp\htdocs\MaFormation\public\index.php(67): CodeIgniter\CodeIgniter->run()
#8 C:\xampp\htdocs\MaFormation\system\Commands\Server\rewrite.php(46): require_once('C:\\xampp\\htdocs...')
#9 {main}
ERROR - 2023-01-18 13:13:57 --> Error connecting to the database: mysqli_sql_exception: Aucune connexion n’a pu être établie car l’ordinateur cible l’a expressément refusée in C:\xampp\htdocs\MaFormation\system\Database\MySQLi\Connection.php:171
Stack trace:
#0 C:\xampp\htdocs\MaFormation\system\Database\MySQLi\Connection.php(171): mysqli->real_connect('localhost', 'root', '', 'formation', 3306, '', 0)
#1 C:\xampp\htdocs\MaFormation\system\Database\BaseConnection.php(382): CodeIgniter\Database\MySQLi\Connection->connect(false)
#2 C:\xampp\htdocs\MaFormation\system\Database\BaseConnection.php(561): CodeIgniter\Database\BaseConnection->initialize()
#3 C:\xampp\htdocs\MaFormation\system\Database\BaseBuilder.php(1585): CodeIgniter\Database\BaseConnection->query('SELECT *\nFROM `...', Array, false)
#4 C:\xampp\htdocs\MaFormation\app\Controllers\Home.php(27): CodeIgniter\Database\BaseBuilder->get()
#5 C:\xampp\htdocs\MaFormation\system\CodeIgniter.php(927): App\Controllers\Home->index()
#6 C:\xampp\htdocs\MaFormation\system\CodeIgniter.php(482): CodeIgniter\CodeIgniter->runController(Object(App\Controllers\Home))
#7 C:\xampp\htdocs\MaFormation\system\CodeIgniter.php(351): CodeIgniter\CodeIgniter->handleRequest(NULL, Object(Config\Cache), false)
#8 C:\xampp\htdocs\MaFormation\public\index.php(67): CodeIgniter\CodeIgniter->run()
#9 C:\xampp\htdocs\MaFormation\system\Commands\Server\rewrite.php(46): require_once('C:\\xampp\\htdocs...')
#10 {main}

Next CodeIgniter\Database\Exceptions\DatabaseException: Aucune connexion n’a pu être établie car l’ordinateur cible l’a expressément refusée in C:\xampp\htdocs\MaFormation\system\Database\MySQLi\Connection.php:215
Stack trace:
#0 C:\xampp\htdocs\MaFormation\system\Database\BaseConnection.php(382): CodeIgniter\Database\MySQLi\Connection->connect(false)
#1 C:\xampp\htdocs\MaFormation\system\Database\BaseConnection.php(561): CodeIgniter\Database\BaseConnection->initialize()
#2 C:\xampp\htdocs\MaFormation\system\Database\BaseBuilder.php(1585): CodeIgniter\Database\BaseConnection->query('SELECT *\nFROM `...', Array, false)
#3 C:\xampp\htdocs\MaFormation\app\Controllers\Home.php(27): CodeIgniter\Database\BaseBuilder->get()
#4 C:\xampp\htdocs\MaFormation\system\CodeIgniter.php(927): App\Controllers\Home->index()
#5 C:\xampp\htdocs\MaFormation\system\CodeIgniter.php(482): CodeIgniter\CodeIgniter->runController(Object(App\Controllers\Home))
#6 C:\xampp\htdocs\MaFormation\system\CodeIgniter.php(351): CodeIgniter\CodeIgniter->handleRequest(NULL, Object(Config\Cache), false)
#7 C:\xampp\htdocs\MaFormation\public\index.php(67): CodeIgniter\CodeIgniter->run()
#8 C:\xampp\htdocs\MaFormation\system\Commands\Server\rewrite.php(46): require_once('C:\\xampp\\htdocs...')
#9 {main}
ERROR - 2023-01-18 13:14:37 --> Error connecting to the database: mysqli_sql_exception: Aucune connexion n’a pu être établie car l’ordinateur cible l’a expressément refusée in C:\xampp\htdocs\MaFormation\system\Database\MySQLi\Connection.php:171
Stack trace:
#0 C:\xampp\htdocs\MaFormation\system\Database\MySQLi\Connection.php(171): mysqli->real_connect('localhost', 'root', '', 'formation', 3306, '', 0)
#1 C:\xampp\htdocs\MaFormation\system\Database\BaseConnection.php(382): CodeIgniter\Database\MySQLi\Connection->connect(false)
#2 C:\xampp\htdocs\MaFormation\system\Database\BaseConnection.php(561): CodeIgniter\Database\BaseConnection->initialize()
#3 C:\xampp\htdocs\MaFormation\system\Database\BaseBuilder.php(1585): CodeIgniter\Database\BaseConnection->query('SELECT *\nFROM `...', Array, false)
#4 C:\xampp\htdocs\MaFormation\app\Controllers\Home.php(27): CodeIgniter\Database\BaseBuilder->get()
#5 C:\xampp\htdocs\MaFormation\system\CodeIgniter.php(927): App\Controllers\Home->index()
#6 C:\xampp\htdocs\MaFormation\system\CodeIgniter.php(482): CodeIgniter\CodeIgniter->runController(Object(App\Controllers\Home))
#7 C:\xampp\htdocs\MaFormation\system\CodeIgniter.php(351): CodeIgniter\CodeIgniter->handleRequest(NULL, Object(Config\Cache), false)
#8 C:\xampp\htdocs\MaFormation\public\index.php(67): CodeIgniter\CodeIgniter->run()
#9 C:\xampp\htdocs\MaFormation\system\Commands\Server\rewrite.php(46): require_once('C:\\xampp\\htdocs...')
#10 {main}

Next CodeIgniter\Database\Exceptions\DatabaseException: Aucune connexion n’a pu être établie car l’ordinateur cible l’a expressément refusée in C:\xampp\htdocs\MaFormation\system\Database\MySQLi\Connection.php:215
Stack trace:
#0 C:\xampp\htdocs\MaFormation\system\Database\BaseConnection.php(382): CodeIgniter\Database\MySQLi\Connection->connect(false)
#1 C:\xampp\htdocs\MaFormation\system\Database\BaseConnection.php(561): CodeIgniter\Database\BaseConnection->initialize()
#2 C:\xampp\htdocs\MaFormation\system\Database\BaseBuilder.php(1585): CodeIgniter\Database\BaseConnection->query('SELECT *\nFROM `...', Array, false)
#3 C:\xampp\htdocs\MaFormation\app\Controllers\Home.php(27): CodeIgniter\Database\BaseBuilder->get()
#4 C:\xampp\htdocs\MaFormation\system\CodeIgniter.php(927): App\Controllers\Home->index()
#5 C:\xampp\htdocs\MaFormation\system\CodeIgniter.php(482): CodeIgniter\CodeIgniter->runController(Object(App\Controllers\Home))
#6 C:\xampp\htdocs\MaFormation\system\CodeIgniter.php(351): CodeIgniter\CodeIgniter->handleRequest(NULL, Object(Config\Cache), false)
#7 C:\xampp\htdocs\MaFormation\public\index.php(67): CodeIgniter\CodeIgniter->run()
#8 C:\xampp\htdocs\MaFormation\system\Commands\Server\rewrite.php(46): require_once('C:\\xampp\\htdocs...')
#9 {main}
ERROR - 2023-01-18 13:15:07 --> Error connecting to the database: mysqli_sql_exception: Aucune connexion n’a pu être établie car l’ordinateur cible l’a expressément refusée in C:\xampp\htdocs\MaFormation\system\Database\MySQLi\Connection.php:171
Stack trace:
#0 C:\xampp\htdocs\MaFormation\system\Database\MySQLi\Connection.php(171): mysqli->real_connect('localhost', 'root', '', 'formation', 3306, '', 0)
#1 C:\xampp\htdocs\MaFormation\system\Database\BaseConnection.php(382): CodeIgniter\Database\MySQLi\Connection->connect(false)
#2 C:\xampp\htdocs\MaFormation\system\Database\BaseConnection.php(561): CodeIgniter\Database\BaseConnection->initialize()
#3 C:\xampp\htdocs\MaFormation\system\Database\BaseBuilder.php(1585): CodeIgniter\Database\BaseConnection->query('SELECT *\nFROM `...', Array, false)
#4 C:\xampp\htdocs\MaFormation\app\Controllers\Home.php(27): CodeIgniter\Database\BaseBuilder->get()
#5 C:\xampp\htdocs\MaFormation\system\CodeIgniter.php(927): App\Controllers\Home->index()
#6 C:\xampp\htdocs\MaFormation\system\CodeIgniter.php(482): CodeIgniter\CodeIgniter->runController(Object(App\Controllers\Home))
#7 C:\xampp\htdocs\MaFormation\system\CodeIgniter.php(351): CodeIgniter\CodeIgniter->handleRequest(NULL, Object(Config\Cache), false)
#8 C:\xampp\htdocs\MaFormation\public\index.php(67): CodeIgniter\CodeIgniter->run()
#9 C:\xampp\htdocs\MaFormation\system\Commands\Server\rewrite.php(46): require_once('C:\\xampp\\htdocs...')
#10 {main}

Next CodeIgniter\Database\Exceptions\DatabaseException: Aucune connexion n’a pu être établie car l’ordinateur cible l’a expressément refusée in C:\xampp\htdocs\MaFormation\system\Database\MySQLi\Connection.php:215
Stack trace:
#0 C:\xampp\htdocs\MaFormation\system\Database\BaseConnection.php(382): CodeIgniter\Database\MySQLi\Connection->connect(false)
#1 C:\xampp\htdocs\MaFormation\system\Database\BaseConnection.php(561): CodeIgniter\Database\BaseConnection->initialize()
#2 C:\xampp\htdocs\MaFormation\system\Database\BaseBuilder.php(1585): CodeIgniter\Database\BaseConnection->query('SELECT *\nFROM `...', Array, false)
#3 C:\xampp\htdocs\MaFormation\app\Controllers\Home.php(27): CodeIgniter\Database\BaseBuilder->get()
#4 C:\xampp\htdocs\MaFormation\system\CodeIgniter.php(927): App\Controllers\Home->index()
#5 C:\xampp\htdocs\MaFormation\system\CodeIgniter.php(482): CodeIgniter\CodeIgniter->runController(Object(App\Controllers\Home))
#6 C:\xampp\htdocs\MaFormation\system\CodeIgniter.php(351): CodeIgniter\CodeIgniter->handleRequest(NULL, Object(Config\Cache), false)
#7 C:\xampp\htdocs\MaFormation\public\index.php(67): CodeIgniter\CodeIgniter->run()
#8 C:\xampp\htdocs\MaFormation\system\Commands\Server\rewrite.php(46): require_once('C:\\xampp\\htdocs...')
#9 {main}
ERROR - 2023-01-18 13:16:46 --> Error connecting to the database: mysqli_sql_exception: Aucune connexion n’a pu être établie car l’ordinateur cible l’a expressément refusée in C:\xampp\htdocs\MaFormation\system\Database\MySQLi\Connection.php:171
Stack trace:
#0 C:\xampp\htdocs\MaFormation\system\Database\MySQLi\Connection.php(171): mysqli->real_connect('localhost', 'root', '', 'formation', 3306, '', 0)
#1 C:\xampp\htdocs\MaFormation\system\Database\BaseConnection.php(382): CodeIgniter\Database\MySQLi\Connection->connect(false)
#2 C:\xampp\htdocs\MaFormation\system\Database\BaseConnection.php(561): CodeIgniter\Database\BaseConnection->initialize()
#3 C:\xampp\htdocs\MaFormation\system\Database\BaseBuilder.php(1585): CodeIgniter\Database\BaseConnection->query('SELECT *\nFROM `...', Array, false)
#4 C:\xampp\htdocs\MaFormation\app\Controllers\Home.php(27): CodeIgniter\Database\BaseBuilder->get()
#5 C:\xampp\htdocs\MaFormation\system\CodeIgniter.php(927): App\Controllers\Home->index()
#6 C:\xampp\htdocs\MaFormation\system\CodeIgniter.php(482): CodeIgniter\CodeIgniter->runController(Object(App\Controllers\Home))
#7 C:\xampp\htdocs\MaFormation\system\CodeIgniter.php(351): CodeIgniter\CodeIgniter->handleRequest(NULL, Object(Config\Cache), false)
#8 C:\xampp\htdocs\MaFormation\public\index.php(67): CodeIgniter\CodeIgniter->run()
#9 C:\xampp\htdocs\MaFormation\system\Commands\Server\rewrite.php(46): require_once('C:\\xampp\\htdocs...')
#10 {main}

Next CodeIgniter\Database\Exceptions\DatabaseException: Aucune connexion n’a pu être établie car l’ordinateur cible l’a expressément refusée in C:\xampp\htdocs\MaFormation\system\Database\MySQLi\Connection.php:215
Stack trace:
#0 C:\xampp\htdocs\MaFormation\system\Database\BaseConnection.php(382): CodeIgniter\Database\MySQLi\Connection->connect(false)
#1 C:\xampp\htdocs\MaFormation\system\Database\BaseConnection.php(561): CodeIgniter\Database\BaseConnection->initialize()
#2 C:\xampp\htdocs\MaFormation\system\Database\BaseBuilder.php(1585): CodeIgniter\Database\BaseConnection->query('SELECT *\nFROM `...', Array, false)
#3 C:\xampp\htdocs\MaFormation\app\Controllers\Home.php(27): CodeIgniter\Database\BaseBuilder->get()
#4 C:\xampp\htdocs\MaFormation\system\CodeIgniter.php(927): App\Controllers\Home->index()
#5 C:\xampp\htdocs\MaFormation\system\CodeIgniter.php(482): CodeIgniter\CodeIgniter->runController(Object(App\Controllers\Home))
#6 C:\xampp\htdocs\MaFormation\system\CodeIgniter.php(351): CodeIgniter\CodeIgniter->handleRequest(NULL, Object(Config\Cache), false)
#7 C:\xampp\htdocs\MaFormation\public\index.php(67): CodeIgniter\CodeIgniter->run()
#8 C:\xampp\htdocs\MaFormation\system\Commands\Server\rewrite.php(46): require_once('C:\\xampp\\htdocs...')
#9 {main}
ERROR - 2023-01-18 13:49:13 --> Error connecting to the database: mysqli_sql_exception: Aucune connexion n’a pu être établie car l’ordinateur cible l’a expressément refusée in C:\xampp\htdocs\MaFormation\system\Database\MySQLi\Connection.php:171
Stack trace:
#0 C:\xampp\htdocs\MaFormation\system\Database\MySQLi\Connection.php(171): mysqli->real_connect('localhost', 'root', '', 'formation', 3306, '', 0)
#1 C:\xampp\htdocs\MaFormation\system\Database\BaseConnection.php(382): CodeIgniter\Database\MySQLi\Connection->connect(false)
#2 C:\xampp\htdocs\MaFormation\system\Database\BaseConnection.php(561): CodeIgniter\Database\BaseConnection->initialize()
#3 C:\xampp\htdocs\MaFormation\system\Database\BaseBuilder.php(1585): CodeIgniter\Database\BaseConnection->query('SELECT *\nFROM `...', Array, false)
#4 C:\xampp\htdocs\MaFormation\app\Controllers\Home.php(27): CodeIgniter\Database\BaseBuilder->get()
#5 C:\xampp\htdocs\MaFormation\system\CodeIgniter.php(927): App\Controllers\Home->index()
#6 C:\xampp\htdocs\MaFormation\system\CodeIgniter.php(482): CodeIgniter\CodeIgniter->runController(Object(App\Controllers\Home))
#7 C:\xampp\htdocs\MaFormation\system\CodeIgniter.php(351): CodeIgniter\CodeIgniter->handleRequest(NULL, Object(Config\Cache), false)
#8 C:\xampp\htdocs\MaFormation\public\index.php(67): CodeIgniter\CodeIgniter->run()
#9 C:\xampp\htdocs\MaFormation\system\Commands\Server\rewrite.php(46): require_once('C:\\xampp\\htdocs...')
#10 {main}

Next CodeIgniter\Database\Exceptions\DatabaseException: Aucune connexion n’a pu être établie car l’ordinateur cible l’a expressément refusée in C:\xampp\htdocs\MaFormation\system\Database\MySQLi\Connection.php:215
Stack trace:
#0 C:\xampp\htdocs\MaFormation\system\Database\BaseConnection.php(382): CodeIgniter\Database\MySQLi\Connection->connect(false)
#1 C:\xampp\htdocs\MaFormation\system\Database\BaseConnection.php(561): CodeIgniter\Database\BaseConnection->initialize()
#2 C:\xampp\htdocs\MaFormation\system\Database\BaseBuilder.php(1585): CodeIgniter\Database\BaseConnection->query('SELECT *\nFROM `...', Array, false)
#3 C:\xampp\htdocs\MaFormation\app\Controllers\Home.php(27): CodeIgniter\Database\BaseBuilder->get()
#4 C:\xampp\htdocs\MaFormation\system\CodeIgniter.php(927): App\Controllers\Home->index()
#5 C:\xampp\htdocs\MaFormation\system\CodeIgniter.php(482): CodeIgniter\CodeIgniter->runController(Object(App\Controllers\Home))
#6 C:\xampp\htdocs\MaFormation\system\CodeIgniter.php(351): CodeIgniter\CodeIgniter->handleRequest(NULL, Object(Config\Cache), false)
#7 C:\xampp\htdocs\MaFormation\public\index.php(67): CodeIgniter\CodeIgniter->run()
#8 C:\xampp\htdocs\MaFormation\system\Commands\Server\rewrite.php(46): require_once('C:\\xampp\\htdocs...')
#9 {main}
