CRITICAL - 2022-12-06 09:42:23 --> Undefined array key "$type"
in APPPATH\Views\layouts\profil.php on line 27.
 1 APPPATH\Views\layouts\profil.php(27): CodeIgniter\Debug\Exceptions->errorHandler(2, 'Undefined array key "$type"', 'APPPATH\\Views\\layouts\\profil.php', 27)
 2 SYSTEMPATH\View\View.php(213): include('APPPATH\\Views\\layouts\\profil.php')
 3 SYSTEMPATH\View\View.php(216): CodeIgniter\View\View->CodeIgniter\View\{closure}()
 4 SYSTEMPATH\View\View.php(229): CodeIgniter\View\View->render('layouts/profil', [], true)
 5 SYSTEMPATH\Common.php(1134): CodeIgniter\View\View->render('User/profile_company', [], true)
 6 APPPATH\Controllers\User.php(53): view('User/profile_company', [...])
 7 SYSTEMPATH\CodeIgniter.php(927): App\Controllers\User->login()
 8 SYSTEMPATH\CodeIgniter.php(482): CodeIgniter\CodeIgniter->runController(Object(App\Controllers\User))
 9 SYSTEMPATH\CodeIgniter.php(351): CodeIgniter\CodeIgniter->handleRequest(null, Object(Config\Cache), false)
10 FCPATH\index.php(67): CodeIgniter\CodeIgniter->run()
11 SYSTEMPATH\Commands\Server\rewrite.php(46): require_once('FCPATH\\index.php')
CRITICAL - 2022-12-06 09:42:54 --> Undefined array key "$type"
in APPPATH\Views\layouts\profil.php on line 27.
 1 APPPATH\Views\layouts\profil.php(27): CodeIgniter\Debug\Exceptions->errorHandler(2, 'Undefined array key "$type"', 'APPPATH\\Views\\layouts\\profil.php', 27)
 2 SYSTEMPATH\View\View.php(213): include('APPPATH\\Views\\layouts\\profil.php')
 3 SYSTEMPATH\View\View.php(216): CodeIgniter\View\View->CodeIgniter\View\{closure}()
 4 SYSTEMPATH\View\View.php(229): CodeIgniter\View\View->render('layouts/profil', [], true)
 5 SYSTEMPATH\Common.php(1134): CodeIgniter\View\View->render('User/profile_company', [], true)
 6 APPPATH\Controllers\User.php(53): view('User/profile_company', [...])
 7 SYSTEMPATH\CodeIgniter.php(927): App\Controllers\User->login()
 8 SYSTEMPATH\CodeIgniter.php(482): CodeIgniter\CodeIgniter->runController(Object(App\Controllers\User))
 9 SYSTEMPATH\CodeIgniter.php(351): CodeIgniter\CodeIgniter->handleRequest(null, Object(Config\Cache), false)
10 FCPATH\index.php(67): CodeIgniter\CodeIgniter->run()
11 SYSTEMPATH\Commands\Server\rewrite.php(46): require_once('FCPATH\\index.php')
CRITICAL - 2022-12-06 09:45:05 --> Undefined array key "$type"
in APPPATH\Views\layouts\profil.php on line 27.
 1 APPPATH\Views\layouts\profil.php(27): CodeIgniter\Debug\Exceptions->errorHandler(2, 'Undefined array key "$type"', 'APPPATH\\Views\\layouts\\profil.php', 27)
 2 SYSTEMPATH\View\View.php(213): include('APPPATH\\Views\\layouts\\profil.php')
 3 SYSTEMPATH\View\View.php(216): CodeIgniter\View\View->CodeIgniter\View\{closure}()
 4 SYSTEMPATH\View\View.php(229): CodeIgniter\View\View->render('layouts/profil', [], true)
 5 SYSTEMPATH\Common.php(1134): CodeIgniter\View\View->render('User/profile_company', [], true)
 6 APPPATH\Controllers\User.php(53): view('User/profile_company', [...])
 7 SYSTEMPATH\CodeIgniter.php(927): App\Controllers\User->login()
 8 SYSTEMPATH\CodeIgniter.php(482): CodeIgniter\CodeIgniter->runController(Object(App\Controllers\User))
 9 SYSTEMPATH\CodeIgniter.php(351): CodeIgniter\CodeIgniter->handleRequest(null, Object(Config\Cache), false)
10 FCPATH\index.php(67): CodeIgniter\CodeIgniter->run()
11 SYSTEMPATH\Commands\Server\rewrite.php(46): require_once('FCPATH\\index.php')
CRITICAL - 2022-12-06 14:30:20 --> Call to undefined function listCarousel()
in APPPATH\Views\Home\index.php on line 10.
 1 SYSTEMPATH\View\View.php(213): include()
 2 SYSTEMPATH\View\View.php(216): CodeIgniter\View\View->CodeIgniter\View\{closure}()
 3 SYSTEMPATH\Common.php(1134): CodeIgniter\View\View->render('Home/index.php', [], true)
 4 APPPATH\Controllers\Home.php(12): view('Home/index.php', [...])
 5 SYSTEMPATH\CodeIgniter.php(927): App\Controllers\Home->index()
 6 SYSTEMPATH\CodeIgniter.php(482): CodeIgniter\CodeIgniter->runController(Object(App\Controllers\Home))
 7 SYSTEMPATH\CodeIgniter.php(351): CodeIgniter\CodeIgniter->handleRequest(null, Object(Config\Cache), false)
 8 FCPATH\index.php(67): CodeIgniter\CodeIgniter->run()
 9 SYSTEMPATH\Commands\Server\rewrite.php(46): require_once('FCPATH\\index.php')
CRITICAL - 2022-12-06 15:15:10 --> Undefined constant "CodeIgniter\Debug\VENDORPATH"
in SYSTEMPATH\Debug\Exceptions.php on line 177.
 1 SYSTEMPATH\Debug\Exceptions.php(157): CodeIgniter\Debug\Exceptions->isFakerDeprecationError(8192, 'Optional parameter $index declared before required parameter $count is implicitly treated as a required parameter', 'FCPATH\\php\\functions\\util.php', 11)
 2 APPPATH\Views\Home\index.php(1): CodeIgniter\Debug\Exceptions->errorHandler(8192, 'Optional parameter $index declared before required parameter $count is implicitly treated as a required parameter', 'FCPATH\\php\\functions\\util.php', 11)
 3 APPPATH\Views\Home\index.php(1): require_once('SYSTEMPATH\\Debug\\Exceptions.php')
 4 SYSTEMPATH\View\View.php(213): include('APPPATH\\Views\\Home\\index.php')
 5 SYSTEMPATH\View\View.php(216): CodeIgniter\View\View->CodeIgniter\View\{closure}()
 6 SYSTEMPATH\Common.php(1134): CodeIgniter\View\View->render('Home/index.php', [], true)
 7 APPPATH\Controllers\Home.php(12): view('Home/index.php', [...])
 8 SYSTEMPATH\CodeIgniter.php(927): App\Controllers\Home->index()
 9 SYSTEMPATH\CodeIgniter.php(482): CodeIgniter\CodeIgniter->runController(Object(App\Controllers\Home))
10 SYSTEMPATH\CodeIgniter.php(351): CodeIgniter\CodeIgniter->handleRequest(null, Object(Config\Cache), false)
11 FCPATH\index.php(67): CodeIgniter\CodeIgniter->run()
12 SYSTEMPATH\Commands\Server\rewrite.php(46): require_once('FCPATH\\index.php')
CRITICAL - 2022-12-06 16:51:02 --> Invalid file: Admin/add_admin.php
in SYSTEMPATH\Exceptions\FrameworkException.php on line 33.
 1 SYSTEMPATH\View\View.php(201): CodeIgniter\Exceptions\FrameworkException::forInvalidFile('Admin/add_admin.php')
 2 SYSTEMPATH\Common.php(1134): CodeIgniter\View\View->render('Admin/add_admin.php', [], true)
 3 APPPATH\Controllers\Admin.php(170): view('Admin/add_admin.php', [...])
 4 SYSTEMPATH\CodeIgniter.php(927): App\Controllers\Admin->add_admin()
 5 SYSTEMPATH\CodeIgniter.php(482): CodeIgniter\CodeIgniter->runController(Object(App\Controllers\Admin))
 6 SYSTEMPATH\CodeIgniter.php(351): CodeIgniter\CodeIgniter->handleRequest(null, Object(Config\Cache), false)
 7 FCPATH\index.php(67): CodeIgniter\CodeIgniter->run()
 8 SYSTEMPATH\Commands\Server\rewrite.php(46): require_once('FCPATH\\index.php')
CRITICAL - 2022-12-06 16:53:52 --> Undefined variable $user
in APPPATH\Views\layouts\profil.php on line 19.
 1 APPPATH\Views\layouts\profil.php(19): CodeIgniter\Debug\Exceptions->errorHandler(2, 'Undefined variable $user', 'APPPATH\\Views\\layouts\\profil.php', 19)
 2 SYSTEMPATH\View\View.php(213): include('APPPATH\\Views\\layouts\\profil.php')
 3 SYSTEMPATH\View\View.php(216): CodeIgniter\View\View->CodeIgniter\View\{closure}()
 4 SYSTEMPATH\View\View.php(229): CodeIgniter\View\View->render('layouts/profil', [], true)
 5 SYSTEMPATH\Common.php(1134): CodeIgniter\View\View->render('Admin/add_admin.php', [], true)
 6 APPPATH\Controllers\Admin.php(170): view('Admin/add_admin.php', [...])
 7 SYSTEMPATH\CodeIgniter.php(927): App\Controllers\Admin->add_admin()
 8 SYSTEMPATH\CodeIgniter.php(482): CodeIgniter\CodeIgniter->runController(Object(App\Controllers\Admin))
 9 SYSTEMPATH\CodeIgniter.php(351): CodeIgniter\CodeIgniter->handleRequest(null, Object(Config\Cache), false)
10 FCPATH\index.php(67): CodeIgniter\CodeIgniter->run()
11 SYSTEMPATH\Commands\Server\rewrite.php(46): require_once('FCPATH\\index.php')
CRITICAL - 2022-12-06 17:08:35 --> Undefined array key 0
in APPPATH\Controllers\Admin.php on line 120.
 1 APPPATH\Controllers\Admin.php(120): CodeIgniter\Debug\Exceptions->errorHandler(2, 'Undefined array key 0', 'APPPATH\\Controllers\\Admin.php', 120)
 2 SYSTEMPATH\CodeIgniter.php(927): App\Controllers\Admin->add_admin()
 3 SYSTEMPATH\CodeIgniter.php(482): CodeIgniter\CodeIgniter->runController(Object(App\Controllers\Admin))
 4 SYSTEMPATH\CodeIgniter.php(351): CodeIgniter\CodeIgniter->handleRequest(null, Object(Config\Cache), false)
 5 FCPATH\index.php(67): CodeIgniter\CodeIgniter->run()
 6 SYSTEMPATH\Commands\Server\rewrite.php(46): require_once('FCPATH\\index.php')
CRITICAL - 2022-12-06 17:09:02 --> Undefined array key 0
in APPPATH\Controllers\Admin.php on line 120.
 1 APPPATH\Controllers\Admin.php(120): CodeIgniter\Debug\Exceptions->errorHandler(2, 'Undefined array key 0', 'APPPATH\\Controllers\\Admin.php', 120)
 2 SYSTEMPATH\CodeIgniter.php(927): App\Controllers\Admin->add_admin()
 3 SYSTEMPATH\CodeIgniter.php(482): CodeIgniter\CodeIgniter->runController(Object(App\Controllers\Admin))
 4 SYSTEMPATH\CodeIgniter.php(351): CodeIgniter\CodeIgniter->handleRequest(null, Object(Config\Cache), false)
 5 FCPATH\index.php(67): CodeIgniter\CodeIgniter->run()
 6 SYSTEMPATH\Commands\Server\rewrite.php(46): require_once('FCPATH\\index.php')
CRITICAL - 2022-12-06 17:09:28 --> Undefined array key "type"
in APPPATH\Views\layouts\profil.php on line 19.
 1 APPPATH\Views\layouts\profil.php(19): CodeIgniter\Debug\Exceptions->errorHandler(2, 'Undefined array key "type"', 'APPPATH\\Views\\layouts\\profil.php', 19)
 2 SYSTEMPATH\View\View.php(213): include('APPPATH\\Views\\layouts\\profil.php')
 3 SYSTEMPATH\View\View.php(216): CodeIgniter\View\View->CodeIgniter\View\{closure}()
 4 SYSTEMPATH\View\View.php(229): CodeIgniter\View\View->render('layouts/profil', [], true)
 5 SYSTEMPATH\Common.php(1134): CodeIgniter\View\View->render('Admin/add_admin.php', [], true)
 6 APPPATH\Controllers\Admin.php(181): view('Admin/add_admin.php', [...])
 7 SYSTEMPATH\CodeIgniter.php(927): App\Controllers\Admin->add_admin()
 8 SYSTEMPATH\CodeIgniter.php(482): CodeIgniter\CodeIgniter->runController(Object(App\Controllers\Admin))
 9 SYSTEMPATH\CodeIgniter.php(351): CodeIgniter\CodeIgniter->handleRequest(null, Object(Config\Cache), false)
10 FCPATH\index.php(67): CodeIgniter\CodeIgniter->run()
11 SYSTEMPATH\Commands\Server\rewrite.php(46): require_once('FCPATH\\index.php')
CRITICAL - 2022-12-06 17:11:05 --> Undefined array key "type"
in APPPATH\Views\layouts\profil.php on line 19.
 1 APPPATH\Views\layouts\profil.php(19): CodeIgniter\Debug\Exceptions->errorHandler(2, 'Undefined array key "type"', 'APPPATH\\Views\\layouts\\profil.php', 19)
 2 SYSTEMPATH\View\View.php(213): include('APPPATH\\Views\\layouts\\profil.php')
 3 SYSTEMPATH\View\View.php(216): CodeIgniter\View\View->CodeIgniter\View\{closure}()
 4 SYSTEMPATH\View\View.php(229): CodeIgniter\View\View->render('layouts/profil', [], true)
 5 SYSTEMPATH\Common.php(1134): CodeIgniter\View\View->render('Admin/add_admin.php', [], true)
 6 APPPATH\Controllers\Admin.php(182): view('Admin/add_admin.php', [...])
 7 SYSTEMPATH\CodeIgniter.php(927): App\Controllers\Admin->add_admin()
 8 SYSTEMPATH\CodeIgniter.php(482): CodeIgniter\CodeIgniter->runController(Object(App\Controllers\Admin))
 9 SYSTEMPATH\CodeIgniter.php(351): CodeIgniter\CodeIgniter->handleRequest(null, Object(Config\Cache), false)
10 FCPATH\index.php(67): CodeIgniter\CodeIgniter->run()
11 SYSTEMPATH\Commands\Server\rewrite.php(46): require_once('FCPATH\\index.php')
CRITICAL - 2022-12-06 17:12:09 --> Undefined array key "type"
in APPPATH\Views\layouts\profil.php on line 19.
 1 APPPATH\Views\layouts\profil.php(19): CodeIgniter\Debug\Exceptions->errorHandler(2, 'Undefined array key "type"', 'APPPATH\\Views\\layouts\\profil.php', 19)
 2 SYSTEMPATH\View\View.php(213): include('APPPATH\\Views\\layouts\\profil.php')
 3 SYSTEMPATH\View\View.php(216): CodeIgniter\View\View->CodeIgniter\View\{closure}()
 4 SYSTEMPATH\View\View.php(229): CodeIgniter\View\View->render('layouts/profil', [], true)
 5 SYSTEMPATH\Common.php(1134): CodeIgniter\View\View->render('Admin/add_admin.php', [], true)
 6 APPPATH\Controllers\Admin.php(182): view('Admin/add_admin.php', [...])
 7 SYSTEMPATH\CodeIgniter.php(927): App\Controllers\Admin->add_admin()
 8 SYSTEMPATH\CodeIgniter.php(482): CodeIgniter\CodeIgniter->runController(Object(App\Controllers\Admin))
 9 SYSTEMPATH\CodeIgniter.php(351): CodeIgniter\CodeIgniter->handleRequest(null, Object(Config\Cache), false)
10 FCPATH\index.php(67): CodeIgniter\CodeIgniter->run()
11 SYSTEMPATH\Commands\Server\rewrite.php(46): require_once('FCPATH\\index.php')
CRITICAL - 2022-12-06 17:22:24 --> Undefined array key "type"
in APPPATH\Views\layouts\profil.php on line 19.
 1 APPPATH\Views\layouts\profil.php(19): CodeIgniter\Debug\Exceptions->errorHandler(2, 'Undefined array key "type"', 'APPPATH\\Views\\layouts\\profil.php', 19)
 2 SYSTEMPATH\View\View.php(213): include('APPPATH\\Views\\layouts\\profil.php')
 3 SYSTEMPATH\View\View.php(216): CodeIgniter\View\View->CodeIgniter\View\{closure}()
 4 SYSTEMPATH\View\View.php(229): CodeIgniter\View\View->render('layouts/profil', [], true)
 5 SYSTEMPATH\Common.php(1134): CodeIgniter\View\View->render('Admin/add_admin.php', [], true)
 6 APPPATH\Controllers\Admin.php(199): view('Admin/add_admin.php', [...])
 7 SYSTEMPATH\CodeIgniter.php(927): App\Controllers\Admin->add_admin()
 8 SYSTEMPATH\CodeIgniter.php(482): CodeIgniter\CodeIgniter->runController(Object(App\Controllers\Admin))
 9 SYSTEMPATH\CodeIgniter.php(351): CodeIgniter\CodeIgniter->handleRequest(null, Object(Config\Cache), false)
10 FCPATH\index.php(67): CodeIgniter\CodeIgniter->run()
11 SYSTEMPATH\Commands\Server\rewrite.php(46): require_once('FCPATH\\index.php')
CRITICAL - 2022-12-06 17:48:34 --> Undefined array key 0
in APPPATH\Controllers\Admin.php on line 137.
 1 APPPATH\Controllers\Admin.php(137): CodeIgniter\Debug\Exceptions->errorHandler(2, 'Undefined array key 0', 'APPPATH\\Controllers\\Admin.php', 137)
 2 SYSTEMPATH\CodeIgniter.php(927): App\Controllers\Admin->add_admin()
 3 SYSTEMPATH\CodeIgniter.php(482): CodeIgniter\CodeIgniter->runController(Object(App\Controllers\Admin))
 4 SYSTEMPATH\CodeIgniter.php(351): CodeIgniter\CodeIgniter->handleRequest(null, Object(Config\Cache), false)
 5 FCPATH\index.php(67): CodeIgniter\CodeIgniter->run()
 6 SYSTEMPATH\Commands\Server\rewrite.php(46): require_once('FCPATH\\index.php')
CRITICAL - 2022-12-06 19:49:46 --> Invalid file: layouts/profile.php
in SYSTEMPATH\Exceptions\FrameworkException.php on line 33.
 1 SYSTEMPATH\View\View.php(201): CodeIgniter\Exceptions\FrameworkException::forInvalidFile('layouts/profile.php')
 2 SYSTEMPATH\View\View.php(229): CodeIgniter\View\View->render('layouts/profile', [], true)
 3 SYSTEMPATH\Common.php(1134): CodeIgniter\View\View->render('Admin/add_admin.php', [], true)
 4 APPPATH\Controllers\Admin.php(190): view('Admin/add_admin.php', [...])
 5 SYSTEMPATH\CodeIgniter.php(927): App\Controllers\Admin->add_admin()
 6 SYSTEMPATH\CodeIgniter.php(482): CodeIgniter\CodeIgniter->runController(Object(App\Controllers\Admin))
 7 SYSTEMPATH\CodeIgniter.php(351): CodeIgniter\CodeIgniter->handleRequest(null, Object(Config\Cache), false)
 8 FCPATH\index.php(67): CodeIgniter\CodeIgniter->run()
 9 SYSTEMPATH\Commands\Server\rewrite.php(46): require_once('FCPATH\\index.php')
CRITICAL - 2022-12-06 19:50:01 --> Undefined constant "TYPE_USER"
in FCPATH\php\functions\util.php on line 480.
 1 APPPATH\Views\layouts\profil.php(19): changeMainTheme('3')
 2 SYSTEMPATH\View\View.php(213): include('APPPATH\\Views\\layouts\\profil.php')
 3 SYSTEMPATH\View\View.php(216): CodeIgniter\View\View->CodeIgniter\View\{closure}()
 4 SYSTEMPATH\View\View.php(229): CodeIgniter\View\View->render('layouts/profil', [], true)
 5 SYSTEMPATH\Common.php(1134): CodeIgniter\View\View->render('Admin/add_admin.php', [], true)
 6 APPPATH\Controllers\Admin.php(190): view('Admin/add_admin.php', [...])
 7 SYSTEMPATH\CodeIgniter.php(927): App\Controllers\Admin->add_admin()
 8 SYSTEMPATH\CodeIgniter.php(482): CodeIgniter\CodeIgniter->runController(Object(App\Controllers\Admin))
 9 SYSTEMPATH\CodeIgniter.php(351): CodeIgniter\CodeIgniter->handleRequest(null, Object(Config\Cache), false)
10 FCPATH\index.php(67): CodeIgniter\CodeIgniter->run()
11 SYSTEMPATH\Commands\Server\rewrite.php(46): require_once('FCPATH\\index.php')
CRITICAL - 2022-12-06 19:51:55 --> Undefined array key "image_url"
in APPPATH\Views\layouts\profil.php on line 64.
 1 APPPATH\Views\layouts\profil.php(64): CodeIgniter\Debug\Exceptions->errorHandler(2, 'Undefined array key "image_url"', 'APPPATH\\Views\\layouts\\profil.php', 64)
 2 SYSTEMPATH\View\View.php(213): include('APPPATH\\Views\\layouts\\profil.php')
 3 SYSTEMPATH\View\View.php(216): CodeIgniter\View\View->CodeIgniter\View\{closure}()
 4 SYSTEMPATH\View\View.php(229): CodeIgniter\View\View->render('layouts/profil', [], true)
 5 SYSTEMPATH\Common.php(1134): CodeIgniter\View\View->render('Admin/add_admin.php', [], true)
 6 APPPATH\Controllers\Admin.php(190): view('Admin/add_admin.php', [...])
 7 SYSTEMPATH\CodeIgniter.php(927): App\Controllers\Admin->add_admin()
 8 SYSTEMPATH\CodeIgniter.php(482): CodeIgniter\CodeIgniter->runController(Object(App\Controllers\Admin))
 9 SYSTEMPATH\CodeIgniter.php(351): CodeIgniter\CodeIgniter->handleRequest(null, Object(Config\Cache), false)
10 FCPATH\index.php(67): CodeIgniter\CodeIgniter->run()
11 SYSTEMPATH\Commands\Server\rewrite.php(46): require_once('FCPATH\\index.php')
