CRITICAL - 2023-01-19 12:31:27 --> Undefined variable $headerColor
in APPPATH\Views\Training\training_edit.php on line 101.
 1 APPPATH\Views\Training\training_edit.php(101): CodeIgniter\Debug\Exceptions->errorHandler(2, 'Undefined variable $headerColor', 'APPPATH\\Views\\Training\\training_edit.php', 101)
 2 SYSTEMPATH\View\View.php(213): include('APPPATH\\Views\\Training\\training_edit.php')
 3 SYSTEMPATH\View\View.php(216): CodeIgniter\View\View->CodeIgniter\View\{closure}()
 4 SYSTEMPATH\Common.php(1134): CodeIgniter\View\View->render('Training/training_edit.php', [], true)
 5 APPPATH\Controllers\Former.php(308): view('Training/training_edit.php', [...])
 6 SYSTEMPATH\CodeIgniter.php(927): App\Controllers\Former->training_edit()
 7 SYSTEMPATH\CodeIgniter.php(482): CodeIgniter\CodeIgniter->runController(Object(App\Controllers\Former))
 8 SYSTEMPATH\CodeIgniter.php(351): CodeIgniter\CodeIgniter->handleRequest(null, Object(Config\Cache), false)
 9 FCPATH\index.php(67): CodeIgniter\CodeIgniter->run()
10 SYSTEMPATH\Commands\Server\rewrite.php(46): require_once('FCPATH\\index.php')
CRITICAL - 2023-01-19 17:09:22 --> Cannot redeclare indicatorCarousel() (previously declared in C:\xampp\htdocs\MaFormation\public\php\functions\util.php:13)
in APPPATH\Helpers\util_helper.php on line 13.
 1 [internal function]: CodeIgniter\Debug\Exceptions->shutdownHandler()
CRITICAL - 2023-01-19 17:11:32 --> require_once(C:\xampp\htdocs\MaFormation\public/php/functions/util.php): Failed to open stream: No such file or directory
in APPPATH\Controllers\User.php on line 5.
 1 APPPATH\Controllers\User.php(5): CodeIgniter\Debug\Exceptions->errorHandler(2, 'require_once(C:\\xampp\\htdocs\\MaFormation\\public/php/functions/util.php): Failed to open stream: No such file or directory', 'APPPATH\\Controllers\\User.php', 5)
 2 APPPATH\Controllers\User.php(5): require_once()
 3 SYSTEMPATH\Autoloader\Autoloader.php(282): include_once('APPPATH\\Controllers\\User.php')
 4 SYSTEMPATH\Autoloader\Autoloader.php(259): CodeIgniter\Autoloader\Autoloader->includeFile('APPPATH\\Controllers\\User.php')
 5 SYSTEMPATH\Autoloader\Autoloader.php(237): CodeIgniter\Autoloader\Autoloader->loadInNamespace('App\\Controllers\\User')
 6 [internal function]: CodeIgniter\Autoloader\Autoloader->loadClass('App\\Controllers\\User')
 7 SYSTEMPATH\CodeIgniter.php(877): class_exists('\\App\\Controllers\\User', true)
 8 SYSTEMPATH\CodeIgniter.php(469): CodeIgniter\CodeIgniter->startController()
 9 SYSTEMPATH\CodeIgniter.php(351): CodeIgniter\CodeIgniter->handleRequest(null, Object(Config\Cache), false)
10 FCPATH\index.php(67): CodeIgniter\CodeIgniter->run()
11 SYSTEMPATH\Commands\Server\rewrite.php(46): require_once('FCPATH\\index.php')
CRITICAL - 2023-01-19 17:12:50 --> Class "App\Models\CategoryModel" not found
in APPPATH\Controllers\BaseController.php on line 80.
 1 SYSTEMPATH\CodeIgniter.php(890): App\Controllers\BaseController->initController(Object(CodeIgniter\HTTP\IncomingRequest), Object(CodeIgniter\HTTP\Response), Object(CodeIgniter\Log\Logger))
 2 SYSTEMPATH\CodeIgniter.php(473): CodeIgniter\CodeIgniter->createController()
 3 SYSTEMPATH\CodeIgniter.php(351): CodeIgniter\CodeIgniter->handleRequest(null, Object(Config\Cache), false)
 4 FCPATH\index.php(67): CodeIgniter\CodeIgniter->run()
 5 SYSTEMPATH\Commands\Server\rewrite.php(46): require_once('FCPATH\\index.php')
CRITICAL - 2023-01-19 17:13:26 --> Class "App\Models\UserHasTrainingModel" not found
in APPPATH\Controllers\BaseController.php on line 99.
 1 SYSTEMPATH\CodeIgniter.php(890): App\Controllers\BaseController->initController(Object(CodeIgniter\HTTP\IncomingRequest), Object(CodeIgniter\HTTP\Response), Object(CodeIgniter\Log\Logger))
 2 SYSTEMPATH\CodeIgniter.php(473): CodeIgniter\CodeIgniter->createController()
 3 SYSTEMPATH\CodeIgniter.php(351): CodeIgniter\CodeIgniter->handleRequest(null, Object(Config\Cache), false)
 4 FCPATH\index.php(67): CodeIgniter\CodeIgniter->run()
 5 SYSTEMPATH\Commands\Server\rewrite.php(46): require_once('FCPATH\\index.php')
CRITICAL - 2023-01-19 17:13:47 --> require_once(C:\xampp\htdocs\MaFormation\public/php/functions/util.php): Failed to open stream: No such file or directory
in APPPATH\Views\Home\index.php on line 1.
 1 APPPATH\Views\Home\index.php(1): CodeIgniter\Debug\Exceptions->errorHandler(2, 'require_once(C:\\xampp\\htdocs\\MaFormation\\public/php/functions/util.php): Failed to open stream: No such file or directory', 'APPPATH\\Views\\Home\\index.php', 1)
 2 APPPATH\Views\Home\index.php(1): require_once()
 3 SYSTEMPATH\View\View.php(213): include('APPPATH\\Views\\Home\\index.php')
 4 SYSTEMPATH\View\View.php(216): CodeIgniter\View\View->CodeIgniter\View\{closure}()
 5 SYSTEMPATH\Common.php(1134): CodeIgniter\View\View->render('Home/index.php', [], true)
 6 APPPATH\Controllers\Home.php(101): view('Home/index.php', [...])
 7 SYSTEMPATH\CodeIgniter.php(927): App\Controllers\Home->index()
 8 SYSTEMPATH\CodeIgniter.php(482): CodeIgniter\CodeIgniter->runController(Object(App\Controllers\Home))
 9 SYSTEMPATH\CodeIgniter.php(351): CodeIgniter\CodeIgniter->handleRequest(null, Object(Config\Cache), false)
10 FCPATH\index.php(67): CodeIgniter\CodeIgniter->run()
11 SYSTEMPATH\Commands\Server\rewrite.php(46): require_once('FCPATH\\index.php')
CRITICAL - 2023-01-19 17:15:08 --> require_once(C:\xampp\htdocs\MaFormation\public/php/functions/util.php): Failed to open stream: No such file or directory
in APPPATH\Views\layouts\profil.php on line 1.
 1 APPPATH\Views\layouts\profil.php(1): CodeIgniter\Debug\Exceptions->errorHandler(2, 'require_once(C:\\xampp\\htdocs\\MaFormation\\public/php/functions/util.php): Failed to open stream: No such file or directory', 'APPPATH\\Views\\layouts\\profil.php', 1)
 2 APPPATH\Views\layouts\profil.php(1): require_once()
 3 SYSTEMPATH\View\View.php(213): include('APPPATH\\Views\\layouts\\profil.php')
 4 SYSTEMPATH\View\View.php(216): CodeIgniter\View\View->CodeIgniter\View\{closure}()
 5 SYSTEMPATH\View\View.php(229): CodeIgniter\View\View->render('layouts/profil', [], true)
 6 SYSTEMPATH\Common.php(1134): CodeIgniter\View\View->render('User/profile_user', [], true)
 7 APPPATH\Controllers\User.php(77): view('User/profile_user', [...])
 8 SYSTEMPATH\CodeIgniter.php(927): App\Controllers\User->login()
 9 SYSTEMPATH\CodeIgniter.php(482): CodeIgniter\CodeIgniter->runController(Object(App\Controllers\User))
10 SYSTEMPATH\CodeIgniter.php(351): CodeIgniter\CodeIgniter->handleRequest(null, Object(Config\Cache), false)
11 FCPATH\index.php(67): CodeIgniter\CodeIgniter->run()
12 SYSTEMPATH\Commands\Server\rewrite.php(46): require_once('FCPATH\\index.php')
CRITICAL - 2023-01-19 17:53:40 --> require_once(C:\xampp\htdocs\MaFormation\public/php/functions/util.php): Failed to open stream: No such file or directory
in APPPATH\Controllers\DashBoard.php on line 10.
 1 APPPATH\Controllers\DashBoard.php(10): CodeIgniter\Debug\Exceptions->errorHandler(2, 'require_once(C:\\xampp\\htdocs\\MaFormation\\public/php/functions/util.php): Failed to open stream: No such file or directory', 'APPPATH\\Controllers\\DashBoard.php', 10)
 2 APPPATH\Controllers\DashBoard.php(10): require_once()
 3 SYSTEMPATH\Autoloader\Autoloader.php(282): include_once('APPPATH\\Controllers\\DashBoard.php')
 4 SYSTEMPATH\Autoloader\Autoloader.php(259): CodeIgniter\Autoloader\Autoloader->includeFile('APPPATH\\Controllers\\DashBoard.php')
 5 SYSTEMPATH\Autoloader\Autoloader.php(237): CodeIgniter\Autoloader\Autoloader->loadInNamespace('App\\Controllers\\Dashboard')
 6 [internal function]: CodeIgniter\Autoloader\Autoloader->loadClass('App\\Controllers\\Dashboard')
 7 SYSTEMPATH\CodeIgniter.php(877): class_exists('\\App\\Controllers\\Dashboard', true)
 8 SYSTEMPATH\CodeIgniter.php(469): CodeIgniter\CodeIgniter->startController()
 9 SYSTEMPATH\CodeIgniter.php(351): CodeIgniter\CodeIgniter->handleRequest(null, Object(Config\Cache), false)
10 FCPATH\index.php(67): CodeIgniter\CodeIgniter->run()
11 SYSTEMPATH\Commands\Server\rewrite.php(46): require_once('FCPATH\\index.php')
CRITICAL - 2023-01-19 17:54:16 --> require_once(C:\xampp\htdocs\MaFormation\public/php/functions/util.php): Failed to open stream: No such file or directory
in APPPATH\Controllers\News.php on line 15.
 1 APPPATH\Controllers\News.php(15): CodeIgniter\Debug\Exceptions->errorHandler(2, 'require_once(C:\\xampp\\htdocs\\MaFormation\\public/php/functions/util.php): Failed to open stream: No such file or directory', 'APPPATH\\Controllers\\News.php', 15)
 2 APPPATH\Controllers\News.php(15): require_once()
 3 SYSTEMPATH\Autoloader\Autoloader.php(282): include_once('APPPATH\\Controllers\\News.php')
 4 SYSTEMPATH\Autoloader\Autoloader.php(259): CodeIgniter\Autoloader\Autoloader->includeFile('APPPATH\\Controllers\\News.php')
 5 SYSTEMPATH\Autoloader\Autoloader.php(237): CodeIgniter\Autoloader\Autoloader->loadInNamespace('App\\Controllers\\News')
 6 [internal function]: CodeIgniter\Autoloader\Autoloader->loadClass('App\\Controllers\\News')
 7 SYSTEMPATH\CodeIgniter.php(877): class_exists('\\App\\Controllers\\News', true)
 8 SYSTEMPATH\CodeIgniter.php(469): CodeIgniter\CodeIgniter->startController()
 9 SYSTEMPATH\CodeIgniter.php(351): CodeIgniter\CodeIgniter->handleRequest(null, Object(Config\Cache), false)
10 FCPATH\index.php(67): CodeIgniter\CodeIgniter->run()
11 SYSTEMPATH\Commands\Server\rewrite.php(46): require_once('FCPATH\\index.php')
CRITICAL - 2023-01-19 17:58:25 --> require_once(C:\xampp\htdocs\MaFormation\public/php/functions/util.php): Failed to open stream: No such file or directory
in APPPATH\Views\Articles\articles_edit.php on line 1.
 1 APPPATH\Views\Articles\articles_edit.php(1): CodeIgniter\Debug\Exceptions->errorHandler(2, 'require_once(C:\\xampp\\htdocs\\MaFormation\\public/php/functions/util.php): Failed to open stream: No such file or directory', 'APPPATH\\Views\\Articles\\articles_edit.php', 1)
 2 APPPATH\Views\Articles\articles_edit.php(1): require_once()
 3 SYSTEMPATH\View\View.php(213): include('APPPATH\\Views\\Articles\\articles_edit.php')
 4 SYSTEMPATH\View\View.php(216): CodeIgniter\View\View->CodeIgniter\View\{closure}()
 5 SYSTEMPATH\Common.php(1134): CodeIgniter\View\View->render('Articles/articles_edit.php', [], true)
 6 APPPATH\Controllers\News.php(116): view('Articles/articles_edit.php', [...])
 7 SYSTEMPATH\CodeIgniter.php(927): App\Controllers\News->articles_edit()
 8 SYSTEMPATH\CodeIgniter.php(482): CodeIgniter\CodeIgniter->runController(Object(App\Controllers\News))
 9 SYSTEMPATH\CodeIgniter.php(351): CodeIgniter\CodeIgniter->handleRequest(null, Object(Config\Cache), false)
10 FCPATH\index.php(67): CodeIgniter\CodeIgniter->run()
11 SYSTEMPATH\Commands\Server\rewrite.php(46): require_once('FCPATH\\index.php')
CRITICAL - 2023-01-19 18:01:44 --> Call to undefined method App\Models\ArticleModel::getFilterArticles
in SYSTEMPATH\Model.php on line 774.
 1 APPPATH\Controllers\Home.php(88): CodeIgniter\Model->__call('getFilterArticles', [...])
 2 SYSTEMPATH\CodeIgniter.php(927): App\Controllers\Home->index()
 3 SYSTEMPATH\CodeIgniter.php(482): CodeIgniter\CodeIgniter->runController(Object(App\Controllers\Home))
 4 SYSTEMPATH\CodeIgniter.php(351): CodeIgniter\CodeIgniter->handleRequest(null, Object(Config\Cache), false)
 5 FCPATH\index.php(67): CodeIgniter\CodeIgniter->run()
 6 SYSTEMPATH\Commands\Server\rewrite.php(46): require_once('FCPATH\\index.php')
CRITICAL - 2023-01-19 18:03:35 --> require_once(C:\xampp\htdocs\MaFormation\public/php/functions/util.php): Failed to open stream: No such file or directory
in APPPATH\Views\Media\medias_edit.php on line 1.
 1 APPPATH\Views\Media\medias_edit.php(1): CodeIgniter\Debug\Exceptions->errorHandler(2, 'require_once(C:\\xampp\\htdocs\\MaFormation\\public/php/functions/util.php): Failed to open stream: No such file or directory', 'APPPATH\\Views\\Media\\medias_edit.php', 1)
 2 APPPATH\Views\Media\medias_edit.php(1): require_once()
 3 SYSTEMPATH\View\View.php(213): include('APPPATH\\Views\\Media\\medias_edit.php')
 4 SYSTEMPATH\View\View.php(216): CodeIgniter\View\View->CodeIgniter\View\{closure}()
 5 SYSTEMPATH\Common.php(1134): CodeIgniter\View\View->render('Media/medias_edit.php', [], true)
 6 APPPATH\Controllers\Media.php(131): view('Media/medias_edit.php', [...])
 7 SYSTEMPATH\CodeIgniter.php(927): App\Controllers\Media->medias_edit('1')
 8 SYSTEMPATH\CodeIgniter.php(482): CodeIgniter\CodeIgniter->runController(Object(App\Controllers\Media))
 9 SYSTEMPATH\CodeIgniter.php(351): CodeIgniter\CodeIgniter->handleRequest(null, Object(Config\Cache), false)
10 FCPATH\index.php(67): CodeIgniter\CodeIgniter->run()
11 SYSTEMPATH\Commands\Server\rewrite.php(46): require_once('FCPATH\\index.php')
